[2023-11-10T18:49:37.424+0000] {processor.py:157} INFO - Started process (PID=297) to work on /home/airflow/.local/lib/python3.8/site-packages/airflow/example_dags/example_setup_teardown_taskflow.py
[2023-11-10T18:49:37.427+0000] {processor.py:829} INFO - Processing file /home/airflow/.local/lib/python3.8/site-packages/airflow/example_dags/example_setup_teardown_taskflow.py for tasks to queue
[2023-11-10T18:49:37.432+0000] {logging_mixin.py:154} INFO - [2023-11-10T18:49:37.432+0000] {dagbag.py:536} INFO - Filling up the DagBag from /home/airflow/.local/lib/python3.8/site-packages/airflow/example_dags/example_setup_teardown_taskflow.py
[2023-11-10T18:49:37.438+0000] {processor.py:839} INFO - DAG(s) dict_keys(['example_setup_teardown_taskflow']) retrieved from /home/airflow/.local/lib/python3.8/site-packages/airflow/example_dags/example_setup_teardown_taskflow.py
[2023-11-10T18:49:37.444+0000] {logging_mixin.py:154} INFO - [2023-11-10T18:49:37.444+0000] {dag.py:2941} INFO - Sync 1 DAGs
[2023-11-10T18:49:37.458+0000] {logging_mixin.py:154} INFO - [2023-11-10T18:49:37.457+0000] {dag.py:3722} INFO - Setting next_dagrun for example_setup_teardown_taskflow to 2023-11-09T18:49:37.457755+00:00, run_after=2023-11-10T18:49:37.457755+00:00
[2023-11-10T18:49:37.471+0000] {processor.py:179} INFO - Processing /home/airflow/.local/lib/python3.8/site-packages/airflow/example_dags/example_setup_teardown_taskflow.py took 0.051 seconds
[2023-11-10T18:50:07.772+0000] {processor.py:157} INFO - Started process (PID=533) to work on /home/airflow/.local/lib/python3.8/site-packages/airflow/example_dags/example_setup_teardown_taskflow.py
[2023-11-10T18:50:07.772+0000] {processor.py:829} INFO - Processing file /home/airflow/.local/lib/python3.8/site-packages/airflow/example_dags/example_setup_teardown_taskflow.py for tasks to queue
[2023-11-10T18:50:07.773+0000] {logging_mixin.py:154} INFO - [2023-11-10T18:50:07.773+0000] {dagbag.py:536} INFO - Filling up the DagBag from /home/airflow/.local/lib/python3.8/site-packages/airflow/example_dags/example_setup_teardown_taskflow.py
[2023-11-10T18:50:07.778+0000] {processor.py:839} INFO - DAG(s) dict_keys(['example_setup_teardown_taskflow']) retrieved from /home/airflow/.local/lib/python3.8/site-packages/airflow/example_dags/example_setup_teardown_taskflow.py
[2023-11-10T18:50:07.788+0000] {logging_mixin.py:154} INFO - [2023-11-10T18:50:07.788+0000] {dag.py:2941} INFO - Sync 1 DAGs
[2023-11-10T18:50:07.798+0000] {logging_mixin.py:154} INFO - [2023-11-10T18:50:07.798+0000] {dag.py:3722} INFO - Setting next_dagrun for example_setup_teardown_taskflow to 2023-11-09T18:50:07.798018+00:00, run_after=2023-11-10T18:50:07.798018+00:00
[2023-11-10T18:50:07.805+0000] {processor.py:179} INFO - Processing /home/airflow/.local/lib/python3.8/site-packages/airflow/example_dags/example_setup_teardown_taskflow.py took 0.034 seconds
[2023-11-10T18:50:38.266+0000] {processor.py:157} INFO - Started process (PID=773) to work on /home/airflow/.local/lib/python3.8/site-packages/airflow/example_dags/example_setup_teardown_taskflow.py
[2023-11-10T18:50:38.267+0000] {processor.py:829} INFO - Processing file /home/airflow/.local/lib/python3.8/site-packages/airflow/example_dags/example_setup_teardown_taskflow.py for tasks to queue
[2023-11-10T18:50:38.267+0000] {logging_mixin.py:154} INFO - [2023-11-10T18:50:38.267+0000] {dagbag.py:536} INFO - Filling up the DagBag from /home/airflow/.local/lib/python3.8/site-packages/airflow/example_dags/example_setup_teardown_taskflow.py
[2023-11-10T18:50:38.272+0000] {processor.py:839} INFO - DAG(s) dict_keys(['example_setup_teardown_taskflow']) retrieved from /home/airflow/.local/lib/python3.8/site-packages/airflow/example_dags/example_setup_teardown_taskflow.py
[2023-11-10T18:50:38.282+0000] {logging_mixin.py:154} INFO - [2023-11-10T18:50:38.282+0000] {dag.py:2941} INFO - Sync 1 DAGs
[2023-11-10T18:50:38.291+0000] {logging_mixin.py:154} INFO - [2023-11-10T18:50:38.291+0000] {dag.py:3722} INFO - Setting next_dagrun for example_setup_teardown_taskflow to 2023-11-09T18:50:38.291051+00:00, run_after=2023-11-10T18:50:38.291051+00:00
[2023-11-10T18:50:38.298+0000] {processor.py:179} INFO - Processing /home/airflow/.local/lib/python3.8/site-packages/airflow/example_dags/example_setup_teardown_taskflow.py took 0.034 seconds
[2023-11-10T18:51:08.821+0000] {processor.py:157} INFO - Started process (PID=1009) to work on /home/airflow/.local/lib/python3.8/site-packages/airflow/example_dags/example_setup_teardown_taskflow.py
[2023-11-10T18:51:08.822+0000] {processor.py:829} INFO - Processing file /home/airflow/.local/lib/python3.8/site-packages/airflow/example_dags/example_setup_teardown_taskflow.py for tasks to queue
[2023-11-10T18:51:08.822+0000] {logging_mixin.py:154} INFO - [2023-11-10T18:51:08.822+0000] {dagbag.py:536} INFO - Filling up the DagBag from /home/airflow/.local/lib/python3.8/site-packages/airflow/example_dags/example_setup_teardown_taskflow.py
[2023-11-10T18:51:08.828+0000] {processor.py:839} INFO - DAG(s) dict_keys(['example_setup_teardown_taskflow']) retrieved from /home/airflow/.local/lib/python3.8/site-packages/airflow/example_dags/example_setup_teardown_taskflow.py
[2023-11-10T18:51:08.838+0000] {logging_mixin.py:154} INFO - [2023-11-10T18:51:08.838+0000] {dag.py:2941} INFO - Sync 1 DAGs
[2023-11-10T18:51:08.849+0000] {logging_mixin.py:154} INFO - [2023-11-10T18:51:08.849+0000] {dag.py:3722} INFO - Setting next_dagrun for example_setup_teardown_taskflow to 2023-11-09T18:51:08.849426+00:00, run_after=2023-11-10T18:51:08.849426+00:00
[2023-11-10T18:51:08.857+0000] {processor.py:179} INFO - Processing /home/airflow/.local/lib/python3.8/site-packages/airflow/example_dags/example_setup_teardown_taskflow.py took 0.038 seconds
[2023-11-10T18:51:39.291+0000] {processor.py:157} INFO - Started process (PID=1247) to work on /home/airflow/.local/lib/python3.8/site-packages/airflow/example_dags/example_setup_teardown_taskflow.py
[2023-11-10T18:51:39.291+0000] {processor.py:829} INFO - Processing file /home/airflow/.local/lib/python3.8/site-packages/airflow/example_dags/example_setup_teardown_taskflow.py for tasks to queue
[2023-11-10T18:51:39.292+0000] {logging_mixin.py:154} INFO - [2023-11-10T18:51:39.291+0000] {dagbag.py:536} INFO - Filling up the DagBag from /home/airflow/.local/lib/python3.8/site-packages/airflow/example_dags/example_setup_teardown_taskflow.py
[2023-11-10T18:51:39.297+0000] {processor.py:839} INFO - DAG(s) dict_keys(['example_setup_teardown_taskflow']) retrieved from /home/airflow/.local/lib/python3.8/site-packages/airflow/example_dags/example_setup_teardown_taskflow.py
[2023-11-10T18:51:39.307+0000] {logging_mixin.py:154} INFO - [2023-11-10T18:51:39.306+0000] {dag.py:2941} INFO - Sync 1 DAGs
[2023-11-10T18:51:39.317+0000] {logging_mixin.py:154} INFO - [2023-11-10T18:51:39.316+0000] {dag.py:3722} INFO - Setting next_dagrun for example_setup_teardown_taskflow to 2023-11-09T18:51:39.316856+00:00, run_after=2023-11-10T18:51:39.316856+00:00
[2023-11-10T18:51:39.324+0000] {processor.py:179} INFO - Processing /home/airflow/.local/lib/python3.8/site-packages/airflow/example_dags/example_setup_teardown_taskflow.py took 0.035 seconds
[2023-11-10T18:52:09.793+0000] {processor.py:157} INFO - Started process (PID=1487) to work on /home/airflow/.local/lib/python3.8/site-packages/airflow/example_dags/example_setup_teardown_taskflow.py
[2023-11-10T18:52:09.794+0000] {processor.py:829} INFO - Processing file /home/airflow/.local/lib/python3.8/site-packages/airflow/example_dags/example_setup_teardown_taskflow.py for tasks to queue
[2023-11-10T18:52:09.794+0000] {logging_mixin.py:154} INFO - [2023-11-10T18:52:09.794+0000] {dagbag.py:536} INFO - Filling up the DagBag from /home/airflow/.local/lib/python3.8/site-packages/airflow/example_dags/example_setup_teardown_taskflow.py
[2023-11-10T18:52:09.800+0000] {processor.py:839} INFO - DAG(s) dict_keys(['example_setup_teardown_taskflow']) retrieved from /home/airflow/.local/lib/python3.8/site-packages/airflow/example_dags/example_setup_teardown_taskflow.py
[2023-11-10T18:52:09.810+0000] {logging_mixin.py:154} INFO - [2023-11-10T18:52:09.810+0000] {dag.py:2941} INFO - Sync 1 DAGs
[2023-11-10T18:52:09.820+0000] {logging_mixin.py:154} INFO - [2023-11-10T18:52:09.820+0000] {dag.py:3722} INFO - Setting next_dagrun for example_setup_teardown_taskflow to 2023-11-09T18:52:09.820204+00:00, run_after=2023-11-10T18:52:09.820204+00:00
[2023-11-10T18:52:09.827+0000] {processor.py:179} INFO - Processing /home/airflow/.local/lib/python3.8/site-packages/airflow/example_dags/example_setup_teardown_taskflow.py took 0.036 seconds
[2023-11-10T18:52:40.289+0000] {processor.py:157} INFO - Started process (PID=1723) to work on /home/airflow/.local/lib/python3.8/site-packages/airflow/example_dags/example_setup_teardown_taskflow.py
[2023-11-10T18:52:40.289+0000] {processor.py:829} INFO - Processing file /home/airflow/.local/lib/python3.8/site-packages/airflow/example_dags/example_setup_teardown_taskflow.py for tasks to queue
[2023-11-10T18:52:40.290+0000] {logging_mixin.py:154} INFO - [2023-11-10T18:52:40.290+0000] {dagbag.py:536} INFO - Filling up the DagBag from /home/airflow/.local/lib/python3.8/site-packages/airflow/example_dags/example_setup_teardown_taskflow.py
[2023-11-10T18:52:40.295+0000] {processor.py:839} INFO - DAG(s) dict_keys(['example_setup_teardown_taskflow']) retrieved from /home/airflow/.local/lib/python3.8/site-packages/airflow/example_dags/example_setup_teardown_taskflow.py
[2023-11-10T18:52:40.305+0000] {logging_mixin.py:154} INFO - [2023-11-10T18:52:40.305+0000] {dag.py:2941} INFO - Sync 1 DAGs
[2023-11-10T18:52:40.315+0000] {logging_mixin.py:154} INFO - [2023-11-10T18:52:40.315+0000] {dag.py:3722} INFO - Setting next_dagrun for example_setup_teardown_taskflow to 2023-11-09T18:52:40.315002+00:00, run_after=2023-11-10T18:52:40.315002+00:00
[2023-11-10T18:52:40.322+0000] {processor.py:179} INFO - Processing /home/airflow/.local/lib/python3.8/site-packages/airflow/example_dags/example_setup_teardown_taskflow.py took 0.035 seconds
[2023-11-10T18:53:10.773+0000] {processor.py:157} INFO - Started process (PID=1963) to work on /home/airflow/.local/lib/python3.8/site-packages/airflow/example_dags/example_setup_teardown_taskflow.py
[2023-11-10T18:53:10.774+0000] {processor.py:829} INFO - Processing file /home/airflow/.local/lib/python3.8/site-packages/airflow/example_dags/example_setup_teardown_taskflow.py for tasks to queue
[2023-11-10T18:53:10.774+0000] {logging_mixin.py:154} INFO - [2023-11-10T18:53:10.774+0000] {dagbag.py:536} INFO - Filling up the DagBag from /home/airflow/.local/lib/python3.8/site-packages/airflow/example_dags/example_setup_teardown_taskflow.py
[2023-11-10T18:53:10.779+0000] {processor.py:839} INFO - DAG(s) dict_keys(['example_setup_teardown_taskflow']) retrieved from /home/airflow/.local/lib/python3.8/site-packages/airflow/example_dags/example_setup_teardown_taskflow.py
[2023-11-10T18:53:10.789+0000] {logging_mixin.py:154} INFO - [2023-11-10T18:53:10.789+0000] {dag.py:2941} INFO - Sync 1 DAGs
[2023-11-10T18:53:10.798+0000] {logging_mixin.py:154} INFO - [2023-11-10T18:53:10.798+0000] {dag.py:3722} INFO - Setting next_dagrun for example_setup_teardown_taskflow to 2023-11-09T18:53:10.798393+00:00, run_after=2023-11-10T18:53:10.798393+00:00
[2023-11-10T18:53:10.805+0000] {processor.py:179} INFO - Processing /home/airflow/.local/lib/python3.8/site-packages/airflow/example_dags/example_setup_teardown_taskflow.py took 0.034 seconds
[2023-11-10T18:53:41.295+0000] {processor.py:157} INFO - Started process (PID=2201) to work on /home/airflow/.local/lib/python3.8/site-packages/airflow/example_dags/example_setup_teardown_taskflow.py
[2023-11-10T18:53:41.295+0000] {processor.py:829} INFO - Processing file /home/airflow/.local/lib/python3.8/site-packages/airflow/example_dags/example_setup_teardown_taskflow.py for tasks to queue
[2023-11-10T18:53:41.296+0000] {logging_mixin.py:154} INFO - [2023-11-10T18:53:41.296+0000] {dagbag.py:536} INFO - Filling up the DagBag from /home/airflow/.local/lib/python3.8/site-packages/airflow/example_dags/example_setup_teardown_taskflow.py
[2023-11-10T18:53:41.301+0000] {processor.py:839} INFO - DAG(s) dict_keys(['example_setup_teardown_taskflow']) retrieved from /home/airflow/.local/lib/python3.8/site-packages/airflow/example_dags/example_setup_teardown_taskflow.py
[2023-11-10T18:53:41.311+0000] {logging_mixin.py:154} INFO - [2023-11-10T18:53:41.311+0000] {dag.py:2941} INFO - Sync 1 DAGs
[2023-11-10T18:53:41.319+0000] {logging_mixin.py:154} INFO - [2023-11-10T18:53:41.319+0000] {dag.py:3722} INFO - Setting next_dagrun for example_setup_teardown_taskflow to 2023-11-09T18:53:41.319741+00:00, run_after=2023-11-10T18:53:41.319741+00:00
[2023-11-10T18:53:41.326+0000] {processor.py:179} INFO - Processing /home/airflow/.local/lib/python3.8/site-packages/airflow/example_dags/example_setup_teardown_taskflow.py took 0.032 seconds
[2023-11-10T18:54:11.786+0000] {processor.py:157} INFO - Started process (PID=2439) to work on /home/airflow/.local/lib/python3.8/site-packages/airflow/example_dags/example_setup_teardown_taskflow.py
[2023-11-10T18:54:11.787+0000] {processor.py:829} INFO - Processing file /home/airflow/.local/lib/python3.8/site-packages/airflow/example_dags/example_setup_teardown_taskflow.py for tasks to queue
[2023-11-10T18:54:11.787+0000] {logging_mixin.py:154} INFO - [2023-11-10T18:54:11.787+0000] {dagbag.py:536} INFO - Filling up the DagBag from /home/airflow/.local/lib/python3.8/site-packages/airflow/example_dags/example_setup_teardown_taskflow.py
[2023-11-10T18:54:11.793+0000] {processor.py:839} INFO - DAG(s) dict_keys(['example_setup_teardown_taskflow']) retrieved from /home/airflow/.local/lib/python3.8/site-packages/airflow/example_dags/example_setup_teardown_taskflow.py
[2023-11-10T18:54:11.803+0000] {logging_mixin.py:154} INFO - [2023-11-10T18:54:11.803+0000] {dag.py:2941} INFO - Sync 1 DAGs
[2023-11-10T18:54:11.813+0000] {logging_mixin.py:154} INFO - [2023-11-10T18:54:11.813+0000] {dag.py:3722} INFO - Setting next_dagrun for example_setup_teardown_taskflow to 2023-11-09T18:54:11.813189+00:00, run_after=2023-11-10T18:54:11.813189+00:00
[2023-11-10T18:54:11.820+0000] {processor.py:179} INFO - Processing /home/airflow/.local/lib/python3.8/site-packages/airflow/example_dags/example_setup_teardown_taskflow.py took 0.035 seconds
[2023-11-10T18:54:42.264+0000] {processor.py:157} INFO - Started process (PID=2677) to work on /home/airflow/.local/lib/python3.8/site-packages/airflow/example_dags/example_setup_teardown_taskflow.py
[2023-11-10T18:54:42.265+0000] {processor.py:829} INFO - Processing file /home/airflow/.local/lib/python3.8/site-packages/airflow/example_dags/example_setup_teardown_taskflow.py for tasks to queue
[2023-11-10T18:54:42.265+0000] {logging_mixin.py:154} INFO - [2023-11-10T18:54:42.265+0000] {dagbag.py:536} INFO - Filling up the DagBag from /home/airflow/.local/lib/python3.8/site-packages/airflow/example_dags/example_setup_teardown_taskflow.py
[2023-11-10T18:54:42.270+0000] {processor.py:839} INFO - DAG(s) dict_keys(['example_setup_teardown_taskflow']) retrieved from /home/airflow/.local/lib/python3.8/site-packages/airflow/example_dags/example_setup_teardown_taskflow.py
[2023-11-10T18:54:42.280+0000] {logging_mixin.py:154} INFO - [2023-11-10T18:54:42.280+0000] {dag.py:2941} INFO - Sync 1 DAGs
[2023-11-10T18:54:42.289+0000] {logging_mixin.py:154} INFO - [2023-11-10T18:54:42.289+0000] {dag.py:3722} INFO - Setting next_dagrun for example_setup_teardown_taskflow to 2023-11-09T18:54:42.289342+00:00, run_after=2023-11-10T18:54:42.289342+00:00
[2023-11-10T18:54:42.295+0000] {processor.py:179} INFO - Processing /home/airflow/.local/lib/python3.8/site-packages/airflow/example_dags/example_setup_teardown_taskflow.py took 0.033 seconds
[2023-11-10T18:55:12.756+0000] {processor.py:157} INFO - Started process (PID=2915) to work on /home/airflow/.local/lib/python3.8/site-packages/airflow/example_dags/example_setup_teardown_taskflow.py
[2023-11-10T18:55:12.757+0000] {processor.py:829} INFO - Processing file /home/airflow/.local/lib/python3.8/site-packages/airflow/example_dags/example_setup_teardown_taskflow.py for tasks to queue
[2023-11-10T18:55:12.757+0000] {logging_mixin.py:154} INFO - [2023-11-10T18:55:12.757+0000] {dagbag.py:536} INFO - Filling up the DagBag from /home/airflow/.local/lib/python3.8/site-packages/airflow/example_dags/example_setup_teardown_taskflow.py
[2023-11-10T18:55:12.762+0000] {processor.py:839} INFO - DAG(s) dict_keys(['example_setup_teardown_taskflow']) retrieved from /home/airflow/.local/lib/python3.8/site-packages/airflow/example_dags/example_setup_teardown_taskflow.py
[2023-11-10T18:55:12.772+0000] {logging_mixin.py:154} INFO - [2023-11-10T18:55:12.772+0000] {dag.py:2941} INFO - Sync 1 DAGs
[2023-11-10T18:55:12.782+0000] {logging_mixin.py:154} INFO - [2023-11-10T18:55:12.782+0000] {dag.py:3722} INFO - Setting next_dagrun for example_setup_teardown_taskflow to 2023-11-09T18:55:12.782019+00:00, run_after=2023-11-10T18:55:12.782019+00:00
[2023-11-10T18:55:12.788+0000] {processor.py:179} INFO - Processing /home/airflow/.local/lib/python3.8/site-packages/airflow/example_dags/example_setup_teardown_taskflow.py took 0.034 seconds
[2023-11-10T18:55:43.328+0000] {processor.py:157} INFO - Started process (PID=3153) to work on /home/airflow/.local/lib/python3.8/site-packages/airflow/example_dags/example_setup_teardown_taskflow.py
[2023-11-10T18:55:43.328+0000] {processor.py:829} INFO - Processing file /home/airflow/.local/lib/python3.8/site-packages/airflow/example_dags/example_setup_teardown_taskflow.py for tasks to queue
[2023-11-10T18:55:43.329+0000] {logging_mixin.py:154} INFO - [2023-11-10T18:55:43.328+0000] {dagbag.py:536} INFO - Filling up the DagBag from /home/airflow/.local/lib/python3.8/site-packages/airflow/example_dags/example_setup_teardown_taskflow.py
[2023-11-10T18:55:43.334+0000] {processor.py:839} INFO - DAG(s) dict_keys(['example_setup_teardown_taskflow']) retrieved from /home/airflow/.local/lib/python3.8/site-packages/airflow/example_dags/example_setup_teardown_taskflow.py
[2023-11-10T18:55:43.343+0000] {logging_mixin.py:154} INFO - [2023-11-10T18:55:43.343+0000] {dag.py:2941} INFO - Sync 1 DAGs
[2023-11-10T18:55:43.353+0000] {logging_mixin.py:154} INFO - [2023-11-10T18:55:43.353+0000] {dag.py:3722} INFO - Setting next_dagrun for example_setup_teardown_taskflow to 2023-11-09T18:55:43.352919+00:00, run_after=2023-11-10T18:55:43.352919+00:00
[2023-11-10T18:55:43.360+0000] {processor.py:179} INFO - Processing /home/airflow/.local/lib/python3.8/site-packages/airflow/example_dags/example_setup_teardown_taskflow.py took 0.034 seconds
[2023-11-10T18:56:13.890+0000] {processor.py:157} INFO - Started process (PID=3391) to work on /home/airflow/.local/lib/python3.8/site-packages/airflow/example_dags/example_setup_teardown_taskflow.py
[2023-11-10T18:56:13.891+0000] {processor.py:829} INFO - Processing file /home/airflow/.local/lib/python3.8/site-packages/airflow/example_dags/example_setup_teardown_taskflow.py for tasks to queue
[2023-11-10T18:56:13.891+0000] {logging_mixin.py:154} INFO - [2023-11-10T18:56:13.891+0000] {dagbag.py:536} INFO - Filling up the DagBag from /home/airflow/.local/lib/python3.8/site-packages/airflow/example_dags/example_setup_teardown_taskflow.py
[2023-11-10T18:56:13.896+0000] {processor.py:839} INFO - DAG(s) dict_keys(['example_setup_teardown_taskflow']) retrieved from /home/airflow/.local/lib/python3.8/site-packages/airflow/example_dags/example_setup_teardown_taskflow.py
[2023-11-10T18:56:13.906+0000] {logging_mixin.py:154} INFO - [2023-11-10T18:56:13.906+0000] {dag.py:2941} INFO - Sync 1 DAGs
[2023-11-10T18:56:13.916+0000] {logging_mixin.py:154} INFO - [2023-11-10T18:56:13.916+0000] {dag.py:3722} INFO - Setting next_dagrun for example_setup_teardown_taskflow to 2023-11-09T18:56:13.915964+00:00, run_after=2023-11-10T18:56:13.915964+00:00
[2023-11-10T18:56:13.923+0000] {processor.py:179} INFO - Processing /home/airflow/.local/lib/python3.8/site-packages/airflow/example_dags/example_setup_teardown_taskflow.py took 0.035 seconds
[2023-11-10T18:56:44.416+0000] {processor.py:157} INFO - Started process (PID=3627) to work on /home/airflow/.local/lib/python3.8/site-packages/airflow/example_dags/example_setup_teardown_taskflow.py
[2023-11-10T18:56:44.416+0000] {processor.py:829} INFO - Processing file /home/airflow/.local/lib/python3.8/site-packages/airflow/example_dags/example_setup_teardown_taskflow.py for tasks to queue
[2023-11-10T18:56:44.417+0000] {logging_mixin.py:154} INFO - [2023-11-10T18:56:44.417+0000] {dagbag.py:536} INFO - Filling up the DagBag from /home/airflow/.local/lib/python3.8/site-packages/airflow/example_dags/example_setup_teardown_taskflow.py
[2023-11-10T18:56:44.422+0000] {processor.py:839} INFO - DAG(s) dict_keys(['example_setup_teardown_taskflow']) retrieved from /home/airflow/.local/lib/python3.8/site-packages/airflow/example_dags/example_setup_teardown_taskflow.py
[2023-11-10T18:56:44.432+0000] {logging_mixin.py:154} INFO - [2023-11-10T18:56:44.431+0000] {dag.py:2941} INFO - Sync 1 DAGs
[2023-11-10T18:56:44.441+0000] {logging_mixin.py:154} INFO - [2023-11-10T18:56:44.441+0000] {dag.py:3722} INFO - Setting next_dagrun for example_setup_teardown_taskflow to 2023-11-09T18:56:44.441693+00:00, run_after=2023-11-10T18:56:44.441693+00:00
[2023-11-10T18:56:44.448+0000] {processor.py:179} INFO - Processing /home/airflow/.local/lib/python3.8/site-packages/airflow/example_dags/example_setup_teardown_taskflow.py took 0.034 seconds
[2023-11-10T18:57:14.832+0000] {processor.py:157} INFO - Started process (PID=3865) to work on /home/airflow/.local/lib/python3.8/site-packages/airflow/example_dags/example_setup_teardown_taskflow.py
[2023-11-10T18:57:14.833+0000] {processor.py:829} INFO - Processing file /home/airflow/.local/lib/python3.8/site-packages/airflow/example_dags/example_setup_teardown_taskflow.py for tasks to queue
[2023-11-10T18:57:14.833+0000] {logging_mixin.py:154} INFO - [2023-11-10T18:57:14.833+0000] {dagbag.py:536} INFO - Filling up the DagBag from /home/airflow/.local/lib/python3.8/site-packages/airflow/example_dags/example_setup_teardown_taskflow.py
[2023-11-10T18:57:14.838+0000] {processor.py:839} INFO - DAG(s) dict_keys(['example_setup_teardown_taskflow']) retrieved from /home/airflow/.local/lib/python3.8/site-packages/airflow/example_dags/example_setup_teardown_taskflow.py
[2023-11-10T18:57:14.848+0000] {logging_mixin.py:154} INFO - [2023-11-10T18:57:14.848+0000] {dag.py:2941} INFO - Sync 1 DAGs
[2023-11-10T18:57:14.857+0000] {logging_mixin.py:154} INFO - [2023-11-10T18:57:14.857+0000] {dag.py:3722} INFO - Setting next_dagrun for example_setup_teardown_taskflow to 2023-11-09T18:57:14.857458+00:00, run_after=2023-11-10T18:57:14.857458+00:00
[2023-11-10T18:57:14.864+0000] {processor.py:179} INFO - Processing /home/airflow/.local/lib/python3.8/site-packages/airflow/example_dags/example_setup_teardown_taskflow.py took 0.034 seconds
[2023-11-10T18:57:45.284+0000] {processor.py:157} INFO - Started process (PID=4103) to work on /home/airflow/.local/lib/python3.8/site-packages/airflow/example_dags/example_setup_teardown_taskflow.py
[2023-11-10T18:57:45.284+0000] {processor.py:829} INFO - Processing file /home/airflow/.local/lib/python3.8/site-packages/airflow/example_dags/example_setup_teardown_taskflow.py for tasks to queue
[2023-11-10T18:57:45.285+0000] {logging_mixin.py:154} INFO - [2023-11-10T18:57:45.285+0000] {dagbag.py:536} INFO - Filling up the DagBag from /home/airflow/.local/lib/python3.8/site-packages/airflow/example_dags/example_setup_teardown_taskflow.py
[2023-11-10T18:57:45.290+0000] {processor.py:839} INFO - DAG(s) dict_keys(['example_setup_teardown_taskflow']) retrieved from /home/airflow/.local/lib/python3.8/site-packages/airflow/example_dags/example_setup_teardown_taskflow.py
[2023-11-10T18:57:45.300+0000] {logging_mixin.py:154} INFO - [2023-11-10T18:57:45.300+0000] {dag.py:2941} INFO - Sync 1 DAGs
[2023-11-10T18:57:45.310+0000] {logging_mixin.py:154} INFO - [2023-11-10T18:57:45.310+0000] {dag.py:3722} INFO - Setting next_dagrun for example_setup_teardown_taskflow to 2023-11-09T18:57:45.309938+00:00, run_after=2023-11-10T18:57:45.309938+00:00
[2023-11-10T18:57:45.317+0000] {processor.py:179} INFO - Processing /home/airflow/.local/lib/python3.8/site-packages/airflow/example_dags/example_setup_teardown_taskflow.py took 0.035 seconds
[2023-11-10T18:58:15.766+0000] {processor.py:157} INFO - Started process (PID=4341) to work on /home/airflow/.local/lib/python3.8/site-packages/airflow/example_dags/example_setup_teardown_taskflow.py
[2023-11-10T18:58:15.766+0000] {processor.py:829} INFO - Processing file /home/airflow/.local/lib/python3.8/site-packages/airflow/example_dags/example_setup_teardown_taskflow.py for tasks to queue
[2023-11-10T18:58:15.766+0000] {logging_mixin.py:154} INFO - [2023-11-10T18:58:15.766+0000] {dagbag.py:536} INFO - Filling up the DagBag from /home/airflow/.local/lib/python3.8/site-packages/airflow/example_dags/example_setup_teardown_taskflow.py
[2023-11-10T18:58:15.771+0000] {processor.py:839} INFO - DAG(s) dict_keys(['example_setup_teardown_taskflow']) retrieved from /home/airflow/.local/lib/python3.8/site-packages/airflow/example_dags/example_setup_teardown_taskflow.py
[2023-11-10T18:58:15.781+0000] {logging_mixin.py:154} INFO - [2023-11-10T18:58:15.781+0000] {dag.py:2941} INFO - Sync 1 DAGs
[2023-11-10T18:58:15.790+0000] {logging_mixin.py:154} INFO - [2023-11-10T18:58:15.790+0000] {dag.py:3722} INFO - Setting next_dagrun for example_setup_teardown_taskflow to 2023-11-09T18:58:15.790095+00:00, run_after=2023-11-10T18:58:15.790095+00:00
[2023-11-10T18:58:15.797+0000] {processor.py:179} INFO - Processing /home/airflow/.local/lib/python3.8/site-packages/airflow/example_dags/example_setup_teardown_taskflow.py took 0.033 seconds
[2023-11-10T18:58:46.362+0000] {processor.py:157} INFO - Started process (PID=4581) to work on /home/airflow/.local/lib/python3.8/site-packages/airflow/example_dags/example_setup_teardown_taskflow.py
[2023-11-10T18:58:46.362+0000] {processor.py:829} INFO - Processing file /home/airflow/.local/lib/python3.8/site-packages/airflow/example_dags/example_setup_teardown_taskflow.py for tasks to queue
[2023-11-10T18:58:46.363+0000] {logging_mixin.py:154} INFO - [2023-11-10T18:58:46.363+0000] {dagbag.py:536} INFO - Filling up the DagBag from /home/airflow/.local/lib/python3.8/site-packages/airflow/example_dags/example_setup_teardown_taskflow.py
[2023-11-10T18:58:46.368+0000] {processor.py:839} INFO - DAG(s) dict_keys(['example_setup_teardown_taskflow']) retrieved from /home/airflow/.local/lib/python3.8/site-packages/airflow/example_dags/example_setup_teardown_taskflow.py
[2023-11-10T18:58:46.378+0000] {logging_mixin.py:154} INFO - [2023-11-10T18:58:46.378+0000] {dag.py:2941} INFO - Sync 1 DAGs
[2023-11-10T18:58:46.387+0000] {logging_mixin.py:154} INFO - [2023-11-10T18:58:46.387+0000] {dag.py:3722} INFO - Setting next_dagrun for example_setup_teardown_taskflow to 2023-11-09T18:58:46.387678+00:00, run_after=2023-11-10T18:58:46.387678+00:00
[2023-11-10T18:58:46.394+0000] {processor.py:179} INFO - Processing /home/airflow/.local/lib/python3.8/site-packages/airflow/example_dags/example_setup_teardown_taskflow.py took 0.034 seconds
[2023-11-10T18:59:16.908+0000] {processor.py:157} INFO - Started process (PID=4819) to work on /home/airflow/.local/lib/python3.8/site-packages/airflow/example_dags/example_setup_teardown_taskflow.py
[2023-11-10T18:59:16.908+0000] {processor.py:829} INFO - Processing file /home/airflow/.local/lib/python3.8/site-packages/airflow/example_dags/example_setup_teardown_taskflow.py for tasks to queue
[2023-11-10T18:59:16.909+0000] {logging_mixin.py:154} INFO - [2023-11-10T18:59:16.908+0000] {dagbag.py:536} INFO - Filling up the DagBag from /home/airflow/.local/lib/python3.8/site-packages/airflow/example_dags/example_setup_teardown_taskflow.py
[2023-11-10T18:59:16.914+0000] {processor.py:839} INFO - DAG(s) dict_keys(['example_setup_teardown_taskflow']) retrieved from /home/airflow/.local/lib/python3.8/site-packages/airflow/example_dags/example_setup_teardown_taskflow.py
[2023-11-10T18:59:16.923+0000] {logging_mixin.py:154} INFO - [2023-11-10T18:59:16.923+0000] {dag.py:2941} INFO - Sync 1 DAGs
[2023-11-10T18:59:16.933+0000] {logging_mixin.py:154} INFO - [2023-11-10T18:59:16.933+0000] {dag.py:3722} INFO - Setting next_dagrun for example_setup_teardown_taskflow to 2023-11-09T18:59:16.933270+00:00, run_after=2023-11-10T18:59:16.933270+00:00
[2023-11-10T18:59:16.940+0000] {processor.py:179} INFO - Processing /home/airflow/.local/lib/python3.8/site-packages/airflow/example_dags/example_setup_teardown_taskflow.py took 0.034 seconds
[2023-11-10T18:59:47.423+0000] {processor.py:157} INFO - Started process (PID=5055) to work on /home/airflow/.local/lib/python3.8/site-packages/airflow/example_dags/example_setup_teardown_taskflow.py
[2023-11-10T18:59:47.424+0000] {processor.py:829} INFO - Processing file /home/airflow/.local/lib/python3.8/site-packages/airflow/example_dags/example_setup_teardown_taskflow.py for tasks to queue
[2023-11-10T18:59:47.424+0000] {logging_mixin.py:154} INFO - [2023-11-10T18:59:47.424+0000] {dagbag.py:536} INFO - Filling up the DagBag from /home/airflow/.local/lib/python3.8/site-packages/airflow/example_dags/example_setup_teardown_taskflow.py
[2023-11-10T18:59:47.430+0000] {processor.py:839} INFO - DAG(s) dict_keys(['example_setup_teardown_taskflow']) retrieved from /home/airflow/.local/lib/python3.8/site-packages/airflow/example_dags/example_setup_teardown_taskflow.py
[2023-11-10T18:59:47.439+0000] {logging_mixin.py:154} INFO - [2023-11-10T18:59:47.439+0000] {dag.py:2941} INFO - Sync 1 DAGs
[2023-11-10T18:59:47.449+0000] {logging_mixin.py:154} INFO - [2023-11-10T18:59:47.449+0000] {dag.py:3722} INFO - Setting next_dagrun for example_setup_teardown_taskflow to 2023-11-09T18:59:47.449051+00:00, run_after=2023-11-10T18:59:47.449051+00:00
[2023-11-10T18:59:47.456+0000] {processor.py:179} INFO - Processing /home/airflow/.local/lib/python3.8/site-packages/airflow/example_dags/example_setup_teardown_taskflow.py took 0.035 seconds
[2023-11-10T19:00:17.959+0000] {processor.py:157} INFO - Started process (PID=5295) to work on /home/airflow/.local/lib/python3.8/site-packages/airflow/example_dags/example_setup_teardown_taskflow.py
[2023-11-10T19:00:17.960+0000] {processor.py:829} INFO - Processing file /home/airflow/.local/lib/python3.8/site-packages/airflow/example_dags/example_setup_teardown_taskflow.py for tasks to queue
[2023-11-10T19:00:17.960+0000] {logging_mixin.py:154} INFO - [2023-11-10T19:00:17.960+0000] {dagbag.py:536} INFO - Filling up the DagBag from /home/airflow/.local/lib/python3.8/site-packages/airflow/example_dags/example_setup_teardown_taskflow.py
[2023-11-10T19:00:17.966+0000] {processor.py:839} INFO - DAG(s) dict_keys(['example_setup_teardown_taskflow']) retrieved from /home/airflow/.local/lib/python3.8/site-packages/airflow/example_dags/example_setup_teardown_taskflow.py
[2023-11-10T19:00:17.976+0000] {logging_mixin.py:154} INFO - [2023-11-10T19:00:17.976+0000] {dag.py:2941} INFO - Sync 1 DAGs
[2023-11-10T19:00:17.985+0000] {logging_mixin.py:154} INFO - [2023-11-10T19:00:17.985+0000] {dag.py:3722} INFO - Setting next_dagrun for example_setup_teardown_taskflow to 2023-11-09T19:00:17.985700+00:00, run_after=2023-11-10T19:00:17.985700+00:00
[2023-11-10T19:00:17.993+0000] {processor.py:179} INFO - Processing /home/airflow/.local/lib/python3.8/site-packages/airflow/example_dags/example_setup_teardown_taskflow.py took 0.035 seconds
[2023-11-10T19:00:48.473+0000] {processor.py:157} INFO - Started process (PID=5531) to work on /home/airflow/.local/lib/python3.8/site-packages/airflow/example_dags/example_setup_teardown_taskflow.py
[2023-11-10T19:00:48.473+0000] {processor.py:829} INFO - Processing file /home/airflow/.local/lib/python3.8/site-packages/airflow/example_dags/example_setup_teardown_taskflow.py for tasks to queue
[2023-11-10T19:00:48.474+0000] {logging_mixin.py:154} INFO - [2023-11-10T19:00:48.474+0000] {dagbag.py:536} INFO - Filling up the DagBag from /home/airflow/.local/lib/python3.8/site-packages/airflow/example_dags/example_setup_teardown_taskflow.py
[2023-11-10T19:00:48.479+0000] {processor.py:839} INFO - DAG(s) dict_keys(['example_setup_teardown_taskflow']) retrieved from /home/airflow/.local/lib/python3.8/site-packages/airflow/example_dags/example_setup_teardown_taskflow.py
[2023-11-10T19:00:48.489+0000] {logging_mixin.py:154} INFO - [2023-11-10T19:00:48.489+0000] {dag.py:2941} INFO - Sync 1 DAGs
[2023-11-10T19:00:48.497+0000] {logging_mixin.py:154} INFO - [2023-11-10T19:00:48.497+0000] {dag.py:3722} INFO - Setting next_dagrun for example_setup_teardown_taskflow to 2023-11-09T19:00:48.497803+00:00, run_after=2023-11-10T19:00:48.497803+00:00
[2023-11-10T19:00:48.505+0000] {processor.py:179} INFO - Processing /home/airflow/.local/lib/python3.8/site-packages/airflow/example_dags/example_setup_teardown_taskflow.py took 0.034 seconds
[2023-11-10T19:01:18.926+0000] {processor.py:157} INFO - Started process (PID=5769) to work on /home/airflow/.local/lib/python3.8/site-packages/airflow/example_dags/example_setup_teardown_taskflow.py
[2023-11-10T19:01:18.927+0000] {processor.py:829} INFO - Processing file /home/airflow/.local/lib/python3.8/site-packages/airflow/example_dags/example_setup_teardown_taskflow.py for tasks to queue
[2023-11-10T19:01:18.927+0000] {logging_mixin.py:154} INFO - [2023-11-10T19:01:18.927+0000] {dagbag.py:536} INFO - Filling up the DagBag from /home/airflow/.local/lib/python3.8/site-packages/airflow/example_dags/example_setup_teardown_taskflow.py
[2023-11-10T19:01:18.932+0000] {processor.py:839} INFO - DAG(s) dict_keys(['example_setup_teardown_taskflow']) retrieved from /home/airflow/.local/lib/python3.8/site-packages/airflow/example_dags/example_setup_teardown_taskflow.py
[2023-11-10T19:01:18.942+0000] {logging_mixin.py:154} INFO - [2023-11-10T19:01:18.942+0000] {dag.py:2941} INFO - Sync 1 DAGs
[2023-11-10T19:01:18.952+0000] {logging_mixin.py:154} INFO - [2023-11-10T19:01:18.952+0000] {dag.py:3722} INFO - Setting next_dagrun for example_setup_teardown_taskflow to 2023-11-09T19:01:18.952102+00:00, run_after=2023-11-10T19:01:18.952102+00:00
[2023-11-10T19:01:18.959+0000] {processor.py:179} INFO - Processing /home/airflow/.local/lib/python3.8/site-packages/airflow/example_dags/example_setup_teardown_taskflow.py took 0.035 seconds
[2023-11-10T19:01:49.345+0000] {processor.py:157} INFO - Started process (PID=6007) to work on /home/airflow/.local/lib/python3.8/site-packages/airflow/example_dags/example_setup_teardown_taskflow.py
[2023-11-10T19:01:49.346+0000] {processor.py:829} INFO - Processing file /home/airflow/.local/lib/python3.8/site-packages/airflow/example_dags/example_setup_teardown_taskflow.py for tasks to queue
[2023-11-10T19:01:49.346+0000] {logging_mixin.py:154} INFO - [2023-11-10T19:01:49.346+0000] {dagbag.py:536} INFO - Filling up the DagBag from /home/airflow/.local/lib/python3.8/site-packages/airflow/example_dags/example_setup_teardown_taskflow.py
[2023-11-10T19:01:49.351+0000] {processor.py:839} INFO - DAG(s) dict_keys(['example_setup_teardown_taskflow']) retrieved from /home/airflow/.local/lib/python3.8/site-packages/airflow/example_dags/example_setup_teardown_taskflow.py
[2023-11-10T19:01:49.361+0000] {logging_mixin.py:154} INFO - [2023-11-10T19:01:49.361+0000] {dag.py:2941} INFO - Sync 1 DAGs
[2023-11-10T19:01:49.370+0000] {logging_mixin.py:154} INFO - [2023-11-10T19:01:49.370+0000] {dag.py:3722} INFO - Setting next_dagrun for example_setup_teardown_taskflow to 2023-11-09T19:01:49.370787+00:00, run_after=2023-11-10T19:01:49.370787+00:00
[2023-11-10T19:01:49.377+0000] {processor.py:179} INFO - Processing /home/airflow/.local/lib/python3.8/site-packages/airflow/example_dags/example_setup_teardown_taskflow.py took 0.034 seconds
[2023-11-10T19:02:19.788+0000] {processor.py:157} INFO - Started process (PID=6245) to work on /home/airflow/.local/lib/python3.8/site-packages/airflow/example_dags/example_setup_teardown_taskflow.py
[2023-11-10T19:02:19.789+0000] {processor.py:829} INFO - Processing file /home/airflow/.local/lib/python3.8/site-packages/airflow/example_dags/example_setup_teardown_taskflow.py for tasks to queue
[2023-11-10T19:02:19.790+0000] {logging_mixin.py:154} INFO - [2023-11-10T19:02:19.789+0000] {dagbag.py:536} INFO - Filling up the DagBag from /home/airflow/.local/lib/python3.8/site-packages/airflow/example_dags/example_setup_teardown_taskflow.py
[2023-11-10T19:02:19.795+0000] {processor.py:839} INFO - DAG(s) dict_keys(['example_setup_teardown_taskflow']) retrieved from /home/airflow/.local/lib/python3.8/site-packages/airflow/example_dags/example_setup_teardown_taskflow.py
[2023-11-10T19:02:19.805+0000] {logging_mixin.py:154} INFO - [2023-11-10T19:02:19.805+0000] {dag.py:2941} INFO - Sync 1 DAGs
[2023-11-10T19:02:19.815+0000] {logging_mixin.py:154} INFO - [2023-11-10T19:02:19.815+0000] {dag.py:3722} INFO - Setting next_dagrun for example_setup_teardown_taskflow to 2023-11-09T19:02:19.815719+00:00, run_after=2023-11-10T19:02:19.815719+00:00
[2023-11-10T19:02:19.825+0000] {processor.py:179} INFO - Processing /home/airflow/.local/lib/python3.8/site-packages/airflow/example_dags/example_setup_teardown_taskflow.py took 0.039 seconds
[2023-11-10T19:02:50.303+0000] {processor.py:157} INFO - Started process (PID=6483) to work on /home/airflow/.local/lib/python3.8/site-packages/airflow/example_dags/example_setup_teardown_taskflow.py
[2023-11-10T19:02:50.303+0000] {processor.py:829} INFO - Processing file /home/airflow/.local/lib/python3.8/site-packages/airflow/example_dags/example_setup_teardown_taskflow.py for tasks to queue
[2023-11-10T19:02:50.304+0000] {logging_mixin.py:154} INFO - [2023-11-10T19:02:50.304+0000] {dagbag.py:536} INFO - Filling up the DagBag from /home/airflow/.local/lib/python3.8/site-packages/airflow/example_dags/example_setup_teardown_taskflow.py
[2023-11-10T19:02:50.309+0000] {processor.py:839} INFO - DAG(s) dict_keys(['example_setup_teardown_taskflow']) retrieved from /home/airflow/.local/lib/python3.8/site-packages/airflow/example_dags/example_setup_teardown_taskflow.py
[2023-11-10T19:02:50.319+0000] {logging_mixin.py:154} INFO - [2023-11-10T19:02:50.319+0000] {dag.py:2941} INFO - Sync 1 DAGs
[2023-11-10T19:02:50.328+0000] {logging_mixin.py:154} INFO - [2023-11-10T19:02:50.328+0000] {dag.py:3722} INFO - Setting next_dagrun for example_setup_teardown_taskflow to 2023-11-09T19:02:50.327978+00:00, run_after=2023-11-10T19:02:50.327978+00:00
[2023-11-10T19:02:50.335+0000] {processor.py:179} INFO - Processing /home/airflow/.local/lib/python3.8/site-packages/airflow/example_dags/example_setup_teardown_taskflow.py took 0.033 seconds
[2023-11-10T19:03:20.973+0000] {processor.py:157} INFO - Started process (PID=6761) to work on /home/airflow/.local/lib/python3.8/site-packages/airflow/example_dags/example_setup_teardown_taskflow.py
[2023-11-10T19:03:20.974+0000] {processor.py:829} INFO - Processing file /home/airflow/.local/lib/python3.8/site-packages/airflow/example_dags/example_setup_teardown_taskflow.py for tasks to queue
[2023-11-10T19:03:20.975+0000] {logging_mixin.py:154} INFO - [2023-11-10T19:03:20.975+0000] {dagbag.py:536} INFO - Filling up the DagBag from /home/airflow/.local/lib/python3.8/site-packages/airflow/example_dags/example_setup_teardown_taskflow.py
[2023-11-10T19:03:20.983+0000] {processor.py:839} INFO - DAG(s) dict_keys(['example_setup_teardown_taskflow']) retrieved from /home/airflow/.local/lib/python3.8/site-packages/airflow/example_dags/example_setup_teardown_taskflow.py
[2023-11-10T19:03:20.997+0000] {logging_mixin.py:154} INFO - [2023-11-10T19:03:20.997+0000] {dag.py:2941} INFO - Sync 1 DAGs
[2023-11-10T19:03:21.009+0000] {logging_mixin.py:154} INFO - [2023-11-10T19:03:21.009+0000] {dag.py:3722} INFO - Setting next_dagrun for example_setup_teardown_taskflow to 2023-11-09T19:03:21.009221+00:00, run_after=2023-11-10T19:03:21.009221+00:00
[2023-11-10T19:03:21.018+0000] {processor.py:179} INFO - Processing /home/airflow/.local/lib/python3.8/site-packages/airflow/example_dags/example_setup_teardown_taskflow.py took 0.049 seconds
