[2023-11-10T18:49:36.928+0000] {processor.py:157} INFO - Started process (PID=215) to work on /home/airflow/.local/lib/python3.8/site-packages/airflow/example_dags/example_branch_operator_decorator.py
[2023-11-10T18:49:36.928+0000] {processor.py:829} INFO - Processing file /home/airflow/.local/lib/python3.8/site-packages/airflow/example_dags/example_branch_operator_decorator.py for tasks to queue
[2023-11-10T18:49:36.929+0000] {logging_mixin.py:154} INFO - [2023-11-10T18:49:36.928+0000] {dagbag.py:536} INFO - Filling up the DagBag from /home/airflow/.local/lib/python3.8/site-packages/airflow/example_dags/example_branch_operator_decorator.py
[2023-11-10T18:49:36.935+0000] {processor.py:839} INFO - DAG(s) dict_keys(['example_branch_python_operator_decorator']) retrieved from /home/airflow/.local/lib/python3.8/site-packages/airflow/example_dags/example_branch_operator_decorator.py
[2023-11-10T18:49:36.940+0000] {logging_mixin.py:154} INFO - [2023-11-10T18:49:36.940+0000] {dag.py:2941} INFO - Sync 1 DAGs
[2023-11-10T18:49:36.952+0000] {logging_mixin.py:154} INFO - [2023-11-10T18:49:36.952+0000] {dag.py:3722} INFO - Setting next_dagrun for example_branch_python_operator_decorator to 2023-11-09T00:00:00+00:00, run_after=2023-11-10T00:00:00+00:00
[2023-11-10T18:49:36.959+0000] {processor.py:179} INFO - Processing /home/airflow/.local/lib/python3.8/site-packages/airflow/example_dags/example_branch_operator_decorator.py took 0.033 seconds
[2023-11-10T18:50:07.357+0000] {processor.py:157} INFO - Started process (PID=453) to work on /home/airflow/.local/lib/python3.8/site-packages/airflow/example_dags/example_branch_operator_decorator.py
[2023-11-10T18:50:07.357+0000] {processor.py:829} INFO - Processing file /home/airflow/.local/lib/python3.8/site-packages/airflow/example_dags/example_branch_operator_decorator.py for tasks to queue
[2023-11-10T18:50:07.358+0000] {logging_mixin.py:154} INFO - [2023-11-10T18:50:07.358+0000] {dagbag.py:536} INFO - Filling up the DagBag from /home/airflow/.local/lib/python3.8/site-packages/airflow/example_dags/example_branch_operator_decorator.py
[2023-11-10T18:50:07.363+0000] {processor.py:839} INFO - DAG(s) dict_keys(['example_branch_python_operator_decorator']) retrieved from /home/airflow/.local/lib/python3.8/site-packages/airflow/example_dags/example_branch_operator_decorator.py
[2023-11-10T18:50:07.374+0000] {logging_mixin.py:154} INFO - [2023-11-10T18:50:07.374+0000] {dag.py:2941} INFO - Sync 1 DAGs
[2023-11-10T18:50:07.384+0000] {logging_mixin.py:154} INFO - [2023-11-10T18:50:07.384+0000] {dag.py:3722} INFO - Setting next_dagrun for example_branch_python_operator_decorator to 2023-11-09T00:00:00+00:00, run_after=2023-11-10T00:00:00+00:00
[2023-11-10T18:50:07.391+0000] {processor.py:179} INFO - Processing /home/airflow/.local/lib/python3.8/site-packages/airflow/example_dags/example_branch_operator_decorator.py took 0.035 seconds
[2023-11-10T18:50:37.823+0000] {processor.py:157} INFO - Started process (PID=691) to work on /home/airflow/.local/lib/python3.8/site-packages/airflow/example_dags/example_branch_operator_decorator.py
[2023-11-10T18:50:37.824+0000] {processor.py:829} INFO - Processing file /home/airflow/.local/lib/python3.8/site-packages/airflow/example_dags/example_branch_operator_decorator.py for tasks to queue
[2023-11-10T18:50:37.824+0000] {logging_mixin.py:154} INFO - [2023-11-10T18:50:37.824+0000] {dagbag.py:536} INFO - Filling up the DagBag from /home/airflow/.local/lib/python3.8/site-packages/airflow/example_dags/example_branch_operator_decorator.py
[2023-11-10T18:50:37.830+0000] {processor.py:839} INFO - DAG(s) dict_keys(['example_branch_python_operator_decorator']) retrieved from /home/airflow/.local/lib/python3.8/site-packages/airflow/example_dags/example_branch_operator_decorator.py
[2023-11-10T18:50:37.840+0000] {logging_mixin.py:154} INFO - [2023-11-10T18:50:37.840+0000] {dag.py:2941} INFO - Sync 1 DAGs
[2023-11-10T18:50:37.850+0000] {logging_mixin.py:154} INFO - [2023-11-10T18:50:37.850+0000] {dag.py:3722} INFO - Setting next_dagrun for example_branch_python_operator_decorator to 2023-11-09T00:00:00+00:00, run_after=2023-11-10T00:00:00+00:00
[2023-11-10T18:50:37.858+0000] {processor.py:179} INFO - Processing /home/airflow/.local/lib/python3.8/site-packages/airflow/example_dags/example_branch_operator_decorator.py took 0.036 seconds
[2023-11-10T18:51:08.361+0000] {processor.py:157} INFO - Started process (PID=929) to work on /home/airflow/.local/lib/python3.8/site-packages/airflow/example_dags/example_branch_operator_decorator.py
[2023-11-10T18:51:08.361+0000] {processor.py:829} INFO - Processing file /home/airflow/.local/lib/python3.8/site-packages/airflow/example_dags/example_branch_operator_decorator.py for tasks to queue
[2023-11-10T18:51:08.362+0000] {logging_mixin.py:154} INFO - [2023-11-10T18:51:08.362+0000] {dagbag.py:536} INFO - Filling up the DagBag from /home/airflow/.local/lib/python3.8/site-packages/airflow/example_dags/example_branch_operator_decorator.py
[2023-11-10T18:51:08.368+0000] {processor.py:839} INFO - DAG(s) dict_keys(['example_branch_python_operator_decorator']) retrieved from /home/airflow/.local/lib/python3.8/site-packages/airflow/example_dags/example_branch_operator_decorator.py
[2023-11-10T18:51:08.379+0000] {logging_mixin.py:154} INFO - [2023-11-10T18:51:08.379+0000] {dag.py:2941} INFO - Sync 1 DAGs
[2023-11-10T18:51:08.391+0000] {logging_mixin.py:154} INFO - [2023-11-10T18:51:08.391+0000] {dag.py:3722} INFO - Setting next_dagrun for example_branch_python_operator_decorator to 2023-11-09T00:00:00+00:00, run_after=2023-11-10T00:00:00+00:00
[2023-11-10T18:51:08.400+0000] {processor.py:179} INFO - Processing /home/airflow/.local/lib/python3.8/site-packages/airflow/example_dags/example_branch_operator_decorator.py took 0.041 seconds
[2023-11-10T18:51:38.878+0000] {processor.py:157} INFO - Started process (PID=1167) to work on /home/airflow/.local/lib/python3.8/site-packages/airflow/example_dags/example_branch_operator_decorator.py
[2023-11-10T18:51:38.878+0000] {processor.py:829} INFO - Processing file /home/airflow/.local/lib/python3.8/site-packages/airflow/example_dags/example_branch_operator_decorator.py for tasks to queue
[2023-11-10T18:51:38.879+0000] {logging_mixin.py:154} INFO - [2023-11-10T18:51:38.879+0000] {dagbag.py:536} INFO - Filling up the DagBag from /home/airflow/.local/lib/python3.8/site-packages/airflow/example_dags/example_branch_operator_decorator.py
[2023-11-10T18:51:38.884+0000] {processor.py:839} INFO - DAG(s) dict_keys(['example_branch_python_operator_decorator']) retrieved from /home/airflow/.local/lib/python3.8/site-packages/airflow/example_dags/example_branch_operator_decorator.py
[2023-11-10T18:51:38.895+0000] {logging_mixin.py:154} INFO - [2023-11-10T18:51:38.895+0000] {dag.py:2941} INFO - Sync 1 DAGs
[2023-11-10T18:51:38.905+0000] {logging_mixin.py:154} INFO - [2023-11-10T18:51:38.905+0000] {dag.py:3722} INFO - Setting next_dagrun for example_branch_python_operator_decorator to 2023-11-09T00:00:00+00:00, run_after=2023-11-10T00:00:00+00:00
[2023-11-10T18:51:38.912+0000] {processor.py:179} INFO - Processing /home/airflow/.local/lib/python3.8/site-packages/airflow/example_dags/example_branch_operator_decorator.py took 0.036 seconds
[2023-11-10T18:52:09.291+0000] {processor.py:157} INFO - Started process (PID=1405) to work on /home/airflow/.local/lib/python3.8/site-packages/airflow/example_dags/example_branch_operator_decorator.py
[2023-11-10T18:52:09.291+0000] {processor.py:829} INFO - Processing file /home/airflow/.local/lib/python3.8/site-packages/airflow/example_dags/example_branch_operator_decorator.py for tasks to queue
[2023-11-10T18:52:09.292+0000] {logging_mixin.py:154} INFO - [2023-11-10T18:52:09.291+0000] {dagbag.py:536} INFO - Filling up the DagBag from /home/airflow/.local/lib/python3.8/site-packages/airflow/example_dags/example_branch_operator_decorator.py
[2023-11-10T18:52:09.297+0000] {processor.py:839} INFO - DAG(s) dict_keys(['example_branch_python_operator_decorator']) retrieved from /home/airflow/.local/lib/python3.8/site-packages/airflow/example_dags/example_branch_operator_decorator.py
[2023-11-10T18:52:09.308+0000] {logging_mixin.py:154} INFO - [2023-11-10T18:52:09.308+0000] {dag.py:2941} INFO - Sync 1 DAGs
[2023-11-10T18:52:09.318+0000] {logging_mixin.py:154} INFO - [2023-11-10T18:52:09.318+0000] {dag.py:3722} INFO - Setting next_dagrun for example_branch_python_operator_decorator to 2023-11-09T00:00:00+00:00, run_after=2023-11-10T00:00:00+00:00
[2023-11-10T18:52:09.325+0000] {processor.py:179} INFO - Processing /home/airflow/.local/lib/python3.8/site-packages/airflow/example_dags/example_branch_operator_decorator.py took 0.036 seconds
[2023-11-10T18:52:39.852+0000] {processor.py:157} INFO - Started process (PID=1643) to work on /home/airflow/.local/lib/python3.8/site-packages/airflow/example_dags/example_branch_operator_decorator.py
[2023-11-10T18:52:39.852+0000] {processor.py:829} INFO - Processing file /home/airflow/.local/lib/python3.8/site-packages/airflow/example_dags/example_branch_operator_decorator.py for tasks to queue
[2023-11-10T18:52:39.853+0000] {logging_mixin.py:154} INFO - [2023-11-10T18:52:39.852+0000] {dagbag.py:536} INFO - Filling up the DagBag from /home/airflow/.local/lib/python3.8/site-packages/airflow/example_dags/example_branch_operator_decorator.py
[2023-11-10T18:52:39.858+0000] {processor.py:839} INFO - DAG(s) dict_keys(['example_branch_python_operator_decorator']) retrieved from /home/airflow/.local/lib/python3.8/site-packages/airflow/example_dags/example_branch_operator_decorator.py
[2023-11-10T18:52:39.869+0000] {logging_mixin.py:154} INFO - [2023-11-10T18:52:39.869+0000] {dag.py:2941} INFO - Sync 1 DAGs
[2023-11-10T18:52:39.879+0000] {logging_mixin.py:154} INFO - [2023-11-10T18:52:39.879+0000] {dag.py:3722} INFO - Setting next_dagrun for example_branch_python_operator_decorator to 2023-11-09T00:00:00+00:00, run_after=2023-11-10T00:00:00+00:00
[2023-11-10T18:52:39.886+0000] {processor.py:179} INFO - Processing /home/airflow/.local/lib/python3.8/site-packages/airflow/example_dags/example_branch_operator_decorator.py took 0.036 seconds
