[2023-11-10T18:49:37.612+0000] {processor.py:157} INFO - Started process (PID=335) to work on /home/airflow/.local/lib/python3.8/site-packages/airflow/example_dags/example_dynamic_task_mapping_with_no_taskflow_operators.py
[2023-11-10T18:49:37.613+0000] {processor.py:829} INFO - Processing file /home/airflow/.local/lib/python3.8/site-packages/airflow/example_dags/example_dynamic_task_mapping_with_no_taskflow_operators.py for tasks to queue
[2023-11-10T18:49:37.613+0000] {logging_mixin.py:154} INFO - [2023-11-10T18:49:37.613+0000] {dagbag.py:536} INFO - Filling up the DagBag from /home/airflow/.local/lib/python3.8/site-packages/airflow/example_dags/example_dynamic_task_mapping_with_no_taskflow_operators.py
[2023-11-10T18:49:37.618+0000] {processor.py:839} INFO - DAG(s) dict_keys(['example_dynamic_task_mapping_with_no_taskflow_operators']) retrieved from /home/airflow/.local/lib/python3.8/site-packages/airflow/example_dags/example_dynamic_task_mapping_with_no_taskflow_operators.py
[2023-11-10T18:49:37.624+0000] {logging_mixin.py:154} INFO - [2023-11-10T18:49:37.623+0000] {dag.py:2941} INFO - Sync 1 DAGs
[2023-11-10T18:49:37.634+0000] {logging_mixin.py:154} INFO - [2023-11-10T18:49:37.634+0000] {dag.py:3722} INFO - Setting next_dagrun for example_dynamic_task_mapping_with_no_taskflow_operators to 2023-11-09T18:49:37.634078+00:00, run_after=2023-11-10T18:49:37.634078+00:00
[2023-11-10T18:49:37.641+0000] {processor.py:179} INFO - Processing /home/airflow/.local/lib/python3.8/site-packages/airflow/example_dags/example_dynamic_task_mapping_with_no_taskflow_operators.py took 0.030 seconds
[2023-11-10T18:50:07.944+0000] {processor.py:157} INFO - Started process (PID=573) to work on /home/airflow/.local/lib/python3.8/site-packages/airflow/example_dags/example_dynamic_task_mapping_with_no_taskflow_operators.py
[2023-11-10T18:50:07.945+0000] {processor.py:829} INFO - Processing file /home/airflow/.local/lib/python3.8/site-packages/airflow/example_dags/example_dynamic_task_mapping_with_no_taskflow_operators.py for tasks to queue
[2023-11-10T18:50:07.945+0000] {logging_mixin.py:154} INFO - [2023-11-10T18:50:07.945+0000] {dagbag.py:536} INFO - Filling up the DagBag from /home/airflow/.local/lib/python3.8/site-packages/airflow/example_dags/example_dynamic_task_mapping_with_no_taskflow_operators.py
[2023-11-10T18:50:07.949+0000] {processor.py:839} INFO - DAG(s) dict_keys(['example_dynamic_task_mapping_with_no_taskflow_operators']) retrieved from /home/airflow/.local/lib/python3.8/site-packages/airflow/example_dags/example_dynamic_task_mapping_with_no_taskflow_operators.py
[2023-11-10T18:50:07.958+0000] {logging_mixin.py:154} INFO - [2023-11-10T18:50:07.957+0000] {dag.py:2941} INFO - Sync 1 DAGs
[2023-11-10T18:50:07.966+0000] {logging_mixin.py:154} INFO - [2023-11-10T18:50:07.966+0000] {dag.py:3722} INFO - Setting next_dagrun for example_dynamic_task_mapping_with_no_taskflow_operators to 2023-11-09T18:50:07.966799+00:00, run_after=2023-11-10T18:50:07.966799+00:00
[2023-11-10T18:50:07.973+0000] {processor.py:179} INFO - Processing /home/airflow/.local/lib/python3.8/site-packages/airflow/example_dags/example_dynamic_task_mapping_with_no_taskflow_operators.py took 0.031 seconds
[2023-11-10T18:50:38.467+0000] {processor.py:157} INFO - Started process (PID=813) to work on /home/airflow/.local/lib/python3.8/site-packages/airflow/example_dags/example_dynamic_task_mapping_with_no_taskflow_operators.py
[2023-11-10T18:50:38.468+0000] {processor.py:829} INFO - Processing file /home/airflow/.local/lib/python3.8/site-packages/airflow/example_dags/example_dynamic_task_mapping_with_no_taskflow_operators.py for tasks to queue
[2023-11-10T18:50:38.468+0000] {logging_mixin.py:154} INFO - [2023-11-10T18:50:38.468+0000] {dagbag.py:536} INFO - Filling up the DagBag from /home/airflow/.local/lib/python3.8/site-packages/airflow/example_dags/example_dynamic_task_mapping_with_no_taskflow_operators.py
[2023-11-10T18:50:38.472+0000] {processor.py:839} INFO - DAG(s) dict_keys(['example_dynamic_task_mapping_with_no_taskflow_operators']) retrieved from /home/airflow/.local/lib/python3.8/site-packages/airflow/example_dags/example_dynamic_task_mapping_with_no_taskflow_operators.py
[2023-11-10T18:50:38.481+0000] {logging_mixin.py:154} INFO - [2023-11-10T18:50:38.481+0000] {dag.py:2941} INFO - Sync 1 DAGs
[2023-11-10T18:50:38.490+0000] {logging_mixin.py:154} INFO - [2023-11-10T18:50:38.490+0000] {dag.py:3722} INFO - Setting next_dagrun for example_dynamic_task_mapping_with_no_taskflow_operators to 2023-11-09T18:50:38.490394+00:00, run_after=2023-11-10T18:50:38.490394+00:00
[2023-11-10T18:50:38.497+0000] {processor.py:179} INFO - Processing /home/airflow/.local/lib/python3.8/site-packages/airflow/example_dags/example_dynamic_task_mapping_with_no_taskflow_operators.py took 0.031 seconds
[2023-11-10T18:51:09.011+0000] {processor.py:157} INFO - Started process (PID=1051) to work on /home/airflow/.local/lib/python3.8/site-packages/airflow/example_dags/example_dynamic_task_mapping_with_no_taskflow_operators.py
[2023-11-10T18:51:09.012+0000] {processor.py:829} INFO - Processing file /home/airflow/.local/lib/python3.8/site-packages/airflow/example_dags/example_dynamic_task_mapping_with_no_taskflow_operators.py for tasks to queue
[2023-11-10T18:51:09.012+0000] {logging_mixin.py:154} INFO - [2023-11-10T18:51:09.012+0000] {dagbag.py:536} INFO - Filling up the DagBag from /home/airflow/.local/lib/python3.8/site-packages/airflow/example_dags/example_dynamic_task_mapping_with_no_taskflow_operators.py
[2023-11-10T18:51:09.016+0000] {processor.py:839} INFO - DAG(s) dict_keys(['example_dynamic_task_mapping_with_no_taskflow_operators']) retrieved from /home/airflow/.local/lib/python3.8/site-packages/airflow/example_dags/example_dynamic_task_mapping_with_no_taskflow_operators.py
[2023-11-10T18:51:09.027+0000] {logging_mixin.py:154} INFO - [2023-11-10T18:51:09.027+0000] {dag.py:2941} INFO - Sync 1 DAGs
[2023-11-10T18:51:09.036+0000] {logging_mixin.py:154} INFO - [2023-11-10T18:51:09.036+0000] {dag.py:3722} INFO - Setting next_dagrun for example_dynamic_task_mapping_with_no_taskflow_operators to 2023-11-09T18:51:09.036573+00:00, run_after=2023-11-10T18:51:09.036573+00:00
[2023-11-10T18:51:09.043+0000] {processor.py:179} INFO - Processing /home/airflow/.local/lib/python3.8/site-packages/airflow/example_dags/example_dynamic_task_mapping_with_no_taskflow_operators.py took 0.034 seconds
[2023-11-10T18:51:39.500+0000] {processor.py:157} INFO - Started process (PID=1289) to work on /home/airflow/.local/lib/python3.8/site-packages/airflow/example_dags/example_dynamic_task_mapping_with_no_taskflow_operators.py
[2023-11-10T18:51:39.500+0000] {processor.py:829} INFO - Processing file /home/airflow/.local/lib/python3.8/site-packages/airflow/example_dags/example_dynamic_task_mapping_with_no_taskflow_operators.py for tasks to queue
[2023-11-10T18:51:39.500+0000] {logging_mixin.py:154} INFO - [2023-11-10T18:51:39.500+0000] {dagbag.py:536} INFO - Filling up the DagBag from /home/airflow/.local/lib/python3.8/site-packages/airflow/example_dags/example_dynamic_task_mapping_with_no_taskflow_operators.py
[2023-11-10T18:51:39.504+0000] {processor.py:839} INFO - DAG(s) dict_keys(['example_dynamic_task_mapping_with_no_taskflow_operators']) retrieved from /home/airflow/.local/lib/python3.8/site-packages/airflow/example_dags/example_dynamic_task_mapping_with_no_taskflow_operators.py
[2023-11-10T18:51:39.514+0000] {logging_mixin.py:154} INFO - [2023-11-10T18:51:39.513+0000] {dag.py:2941} INFO - Sync 1 DAGs
[2023-11-10T18:51:39.523+0000] {logging_mixin.py:154} INFO - [2023-11-10T18:51:39.523+0000] {dag.py:3722} INFO - Setting next_dagrun for example_dynamic_task_mapping_with_no_taskflow_operators to 2023-11-09T18:51:39.523716+00:00, run_after=2023-11-10T18:51:39.523716+00:00
[2023-11-10T18:51:39.531+0000] {processor.py:179} INFO - Processing /home/airflow/.local/lib/python3.8/site-packages/airflow/example_dags/example_dynamic_task_mapping_with_no_taskflow_operators.py took 0.033 seconds
[2023-11-10T18:52:10.017+0000] {processor.py:157} INFO - Started process (PID=1527) to work on /home/airflow/.local/lib/python3.8/site-packages/airflow/example_dags/example_dynamic_task_mapping_with_no_taskflow_operators.py
[2023-11-10T18:52:10.017+0000] {processor.py:829} INFO - Processing file /home/airflow/.local/lib/python3.8/site-packages/airflow/example_dags/example_dynamic_task_mapping_with_no_taskflow_operators.py for tasks to queue
[2023-11-10T18:52:10.018+0000] {logging_mixin.py:154} INFO - [2023-11-10T18:52:10.017+0000] {dagbag.py:536} INFO - Filling up the DagBag from /home/airflow/.local/lib/python3.8/site-packages/airflow/example_dags/example_dynamic_task_mapping_with_no_taskflow_operators.py
[2023-11-10T18:52:10.022+0000] {processor.py:839} INFO - DAG(s) dict_keys(['example_dynamic_task_mapping_with_no_taskflow_operators']) retrieved from /home/airflow/.local/lib/python3.8/site-packages/airflow/example_dags/example_dynamic_task_mapping_with_no_taskflow_operators.py
[2023-11-10T18:52:10.031+0000] {logging_mixin.py:154} INFO - [2023-11-10T18:52:10.031+0000] {dag.py:2941} INFO - Sync 1 DAGs
[2023-11-10T18:52:10.041+0000] {logging_mixin.py:154} INFO - [2023-11-10T18:52:10.041+0000] {dag.py:3722} INFO - Setting next_dagrun for example_dynamic_task_mapping_with_no_taskflow_operators to 2023-11-09T18:52:10.041516+00:00, run_after=2023-11-10T18:52:10.041516+00:00
[2023-11-10T18:52:10.048+0000] {processor.py:179} INFO - Processing /home/airflow/.local/lib/python3.8/site-packages/airflow/example_dags/example_dynamic_task_mapping_with_no_taskflow_operators.py took 0.033 seconds
[2023-11-10T18:52:40.467+0000] {processor.py:157} INFO - Started process (PID=1763) to work on /home/airflow/.local/lib/python3.8/site-packages/airflow/example_dags/example_dynamic_task_mapping_with_no_taskflow_operators.py
[2023-11-10T18:52:40.467+0000] {processor.py:829} INFO - Processing file /home/airflow/.local/lib/python3.8/site-packages/airflow/example_dags/example_dynamic_task_mapping_with_no_taskflow_operators.py for tasks to queue
[2023-11-10T18:52:40.468+0000] {logging_mixin.py:154} INFO - [2023-11-10T18:52:40.467+0000] {dagbag.py:536} INFO - Filling up the DagBag from /home/airflow/.local/lib/python3.8/site-packages/airflow/example_dags/example_dynamic_task_mapping_with_no_taskflow_operators.py
[2023-11-10T18:52:40.471+0000] {processor.py:839} INFO - DAG(s) dict_keys(['example_dynamic_task_mapping_with_no_taskflow_operators']) retrieved from /home/airflow/.local/lib/python3.8/site-packages/airflow/example_dags/example_dynamic_task_mapping_with_no_taskflow_operators.py
[2023-11-10T18:52:40.481+0000] {logging_mixin.py:154} INFO - [2023-11-10T18:52:40.481+0000] {dag.py:2941} INFO - Sync 1 DAGs
[2023-11-10T18:52:40.490+0000] {logging_mixin.py:154} INFO - [2023-11-10T18:52:40.490+0000] {dag.py:3722} INFO - Setting next_dagrun for example_dynamic_task_mapping_with_no_taskflow_operators to 2023-11-09T18:52:40.490492+00:00, run_after=2023-11-10T18:52:40.490492+00:00
[2023-11-10T18:52:40.497+0000] {processor.py:179} INFO - Processing /home/airflow/.local/lib/python3.8/site-packages/airflow/example_dags/example_dynamic_task_mapping_with_no_taskflow_operators.py took 0.032 seconds
[2023-11-10T18:53:10.978+0000] {processor.py:157} INFO - Started process (PID=2003) to work on /home/airflow/.local/lib/python3.8/site-packages/airflow/example_dags/example_dynamic_task_mapping_with_no_taskflow_operators.py
[2023-11-10T18:53:10.978+0000] {processor.py:829} INFO - Processing file /home/airflow/.local/lib/python3.8/site-packages/airflow/example_dags/example_dynamic_task_mapping_with_no_taskflow_operators.py for tasks to queue
[2023-11-10T18:53:10.979+0000] {logging_mixin.py:154} INFO - [2023-11-10T18:53:10.978+0000] {dagbag.py:536} INFO - Filling up the DagBag from /home/airflow/.local/lib/python3.8/site-packages/airflow/example_dags/example_dynamic_task_mapping_with_no_taskflow_operators.py
[2023-11-10T18:53:10.982+0000] {processor.py:839} INFO - DAG(s) dict_keys(['example_dynamic_task_mapping_with_no_taskflow_operators']) retrieved from /home/airflow/.local/lib/python3.8/site-packages/airflow/example_dags/example_dynamic_task_mapping_with_no_taskflow_operators.py
[2023-11-10T18:53:10.992+0000] {logging_mixin.py:154} INFO - [2023-11-10T18:53:10.992+0000] {dag.py:2941} INFO - Sync 1 DAGs
[2023-11-10T18:53:11.002+0000] {logging_mixin.py:154} INFO - [2023-11-10T18:53:11.002+0000] {dag.py:3722} INFO - Setting next_dagrun for example_dynamic_task_mapping_with_no_taskflow_operators to 2023-11-09T18:53:11.001980+00:00, run_after=2023-11-10T18:53:11.001980+00:00
[2023-11-10T18:53:11.009+0000] {processor.py:179} INFO - Processing /home/airflow/.local/lib/python3.8/site-packages/airflow/example_dags/example_dynamic_task_mapping_with_no_taskflow_operators.py took 0.034 seconds
[2023-11-10T18:53:41.511+0000] {processor.py:157} INFO - Started process (PID=2241) to work on /home/airflow/.local/lib/python3.8/site-packages/airflow/example_dags/example_dynamic_task_mapping_with_no_taskflow_operators.py
[2023-11-10T18:53:41.512+0000] {processor.py:829} INFO - Processing file /home/airflow/.local/lib/python3.8/site-packages/airflow/example_dags/example_dynamic_task_mapping_with_no_taskflow_operators.py for tasks to queue
[2023-11-10T18:53:41.512+0000] {logging_mixin.py:154} INFO - [2023-11-10T18:53:41.512+0000] {dagbag.py:536} INFO - Filling up the DagBag from /home/airflow/.local/lib/python3.8/site-packages/airflow/example_dags/example_dynamic_task_mapping_with_no_taskflow_operators.py
[2023-11-10T18:53:41.518+0000] {processor.py:839} INFO - DAG(s) dict_keys(['example_dynamic_task_mapping_with_no_taskflow_operators']) retrieved from /home/airflow/.local/lib/python3.8/site-packages/airflow/example_dags/example_dynamic_task_mapping_with_no_taskflow_operators.py
[2023-11-10T18:53:41.528+0000] {logging_mixin.py:154} INFO - [2023-11-10T18:53:41.528+0000] {dag.py:2941} INFO - Sync 1 DAGs
[2023-11-10T18:53:41.538+0000] {logging_mixin.py:154} INFO - [2023-11-10T18:53:41.537+0000] {dag.py:3722} INFO - Setting next_dagrun for example_dynamic_task_mapping_with_no_taskflow_operators to 2023-11-09T18:53:41.537874+00:00, run_after=2023-11-10T18:53:41.537874+00:00
[2023-11-10T18:53:41.545+0000] {processor.py:179} INFO - Processing /home/airflow/.local/lib/python3.8/site-packages/airflow/example_dags/example_dynamic_task_mapping_with_no_taskflow_operators.py took 0.035 seconds
[2023-11-10T18:54:11.998+0000] {processor.py:157} INFO - Started process (PID=2479) to work on /home/airflow/.local/lib/python3.8/site-packages/airflow/example_dags/example_dynamic_task_mapping_with_no_taskflow_operators.py
[2023-11-10T18:54:11.998+0000] {processor.py:829} INFO - Processing file /home/airflow/.local/lib/python3.8/site-packages/airflow/example_dags/example_dynamic_task_mapping_with_no_taskflow_operators.py for tasks to queue
[2023-11-10T18:54:11.999+0000] {logging_mixin.py:154} INFO - [2023-11-10T18:54:11.999+0000] {dagbag.py:536} INFO - Filling up the DagBag from /home/airflow/.local/lib/python3.8/site-packages/airflow/example_dags/example_dynamic_task_mapping_with_no_taskflow_operators.py
[2023-11-10T18:54:12.003+0000] {processor.py:839} INFO - DAG(s) dict_keys(['example_dynamic_task_mapping_with_no_taskflow_operators']) retrieved from /home/airflow/.local/lib/python3.8/site-packages/airflow/example_dags/example_dynamic_task_mapping_with_no_taskflow_operators.py
[2023-11-10T18:54:12.013+0000] {logging_mixin.py:154} INFO - [2023-11-10T18:54:12.013+0000] {dag.py:2941} INFO - Sync 1 DAGs
[2023-11-10T18:54:12.023+0000] {logging_mixin.py:154} INFO - [2023-11-10T18:54:12.023+0000] {dag.py:3722} INFO - Setting next_dagrun for example_dynamic_task_mapping_with_no_taskflow_operators to 2023-11-09T18:54:12.023028+00:00, run_after=2023-11-10T18:54:12.023028+00:00
[2023-11-10T18:54:12.030+0000] {processor.py:179} INFO - Processing /home/airflow/.local/lib/python3.8/site-packages/airflow/example_dags/example_dynamic_task_mapping_with_no_taskflow_operators.py took 0.034 seconds
[2023-11-10T18:54:42.470+0000] {processor.py:157} INFO - Started process (PID=2717) to work on /home/airflow/.local/lib/python3.8/site-packages/airflow/example_dags/example_dynamic_task_mapping_with_no_taskflow_operators.py
[2023-11-10T18:54:42.470+0000] {processor.py:829} INFO - Processing file /home/airflow/.local/lib/python3.8/site-packages/airflow/example_dags/example_dynamic_task_mapping_with_no_taskflow_operators.py for tasks to queue
[2023-11-10T18:54:42.471+0000] {logging_mixin.py:154} INFO - [2023-11-10T18:54:42.471+0000] {dagbag.py:536} INFO - Filling up the DagBag from /home/airflow/.local/lib/python3.8/site-packages/airflow/example_dags/example_dynamic_task_mapping_with_no_taskflow_operators.py
[2023-11-10T18:54:42.475+0000] {processor.py:839} INFO - DAG(s) dict_keys(['example_dynamic_task_mapping_with_no_taskflow_operators']) retrieved from /home/airflow/.local/lib/python3.8/site-packages/airflow/example_dags/example_dynamic_task_mapping_with_no_taskflow_operators.py
[2023-11-10T18:54:42.485+0000] {logging_mixin.py:154} INFO - [2023-11-10T18:54:42.485+0000] {dag.py:2941} INFO - Sync 1 DAGs
[2023-11-10T18:54:42.494+0000] {logging_mixin.py:154} INFO - [2023-11-10T18:54:42.494+0000] {dag.py:3722} INFO - Setting next_dagrun for example_dynamic_task_mapping_with_no_taskflow_operators to 2023-11-09T18:54:42.494285+00:00, run_after=2023-11-10T18:54:42.494285+00:00
[2023-11-10T18:54:42.501+0000] {processor.py:179} INFO - Processing /home/airflow/.local/lib/python3.8/site-packages/airflow/example_dags/example_dynamic_task_mapping_with_no_taskflow_operators.py took 0.033 seconds
[2023-11-10T18:55:12.960+0000] {processor.py:157} INFO - Started process (PID=2955) to work on /home/airflow/.local/lib/python3.8/site-packages/airflow/example_dags/example_dynamic_task_mapping_with_no_taskflow_operators.py
[2023-11-10T18:55:12.961+0000] {processor.py:829} INFO - Processing file /home/airflow/.local/lib/python3.8/site-packages/airflow/example_dags/example_dynamic_task_mapping_with_no_taskflow_operators.py for tasks to queue
[2023-11-10T18:55:12.961+0000] {logging_mixin.py:154} INFO - [2023-11-10T18:55:12.961+0000] {dagbag.py:536} INFO - Filling up the DagBag from /home/airflow/.local/lib/python3.8/site-packages/airflow/example_dags/example_dynamic_task_mapping_with_no_taskflow_operators.py
[2023-11-10T18:55:12.965+0000] {processor.py:839} INFO - DAG(s) dict_keys(['example_dynamic_task_mapping_with_no_taskflow_operators']) retrieved from /home/airflow/.local/lib/python3.8/site-packages/airflow/example_dags/example_dynamic_task_mapping_with_no_taskflow_operators.py
[2023-11-10T18:55:12.975+0000] {logging_mixin.py:154} INFO - [2023-11-10T18:55:12.975+0000] {dag.py:2941} INFO - Sync 1 DAGs
[2023-11-10T18:55:12.984+0000] {logging_mixin.py:154} INFO - [2023-11-10T18:55:12.984+0000] {dag.py:3722} INFO - Setting next_dagrun for example_dynamic_task_mapping_with_no_taskflow_operators to 2023-11-09T18:55:12.984621+00:00, run_after=2023-11-10T18:55:12.984621+00:00
[2023-11-10T18:55:12.991+0000] {processor.py:179} INFO - Processing /home/airflow/.local/lib/python3.8/site-packages/airflow/example_dags/example_dynamic_task_mapping_with_no_taskflow_operators.py took 0.033 seconds
[2023-11-10T18:55:43.535+0000] {processor.py:157} INFO - Started process (PID=3193) to work on /home/airflow/.local/lib/python3.8/site-packages/airflow/example_dags/example_dynamic_task_mapping_with_no_taskflow_operators.py
[2023-11-10T18:55:43.536+0000] {processor.py:829} INFO - Processing file /home/airflow/.local/lib/python3.8/site-packages/airflow/example_dags/example_dynamic_task_mapping_with_no_taskflow_operators.py for tasks to queue
[2023-11-10T18:55:43.536+0000] {logging_mixin.py:154} INFO - [2023-11-10T18:55:43.536+0000] {dagbag.py:536} INFO - Filling up the DagBag from /home/airflow/.local/lib/python3.8/site-packages/airflow/example_dags/example_dynamic_task_mapping_with_no_taskflow_operators.py
[2023-11-10T18:55:43.540+0000] {processor.py:839} INFO - DAG(s) dict_keys(['example_dynamic_task_mapping_with_no_taskflow_operators']) retrieved from /home/airflow/.local/lib/python3.8/site-packages/airflow/example_dags/example_dynamic_task_mapping_with_no_taskflow_operators.py
[2023-11-10T18:55:43.550+0000] {logging_mixin.py:154} INFO - [2023-11-10T18:55:43.549+0000] {dag.py:2941} INFO - Sync 1 DAGs
[2023-11-10T18:55:43.558+0000] {logging_mixin.py:154} INFO - [2023-11-10T18:55:43.558+0000] {dag.py:3722} INFO - Setting next_dagrun for example_dynamic_task_mapping_with_no_taskflow_operators to 2023-11-09T18:55:43.558756+00:00, run_after=2023-11-10T18:55:43.558756+00:00
[2023-11-10T18:55:43.565+0000] {processor.py:179} INFO - Processing /home/airflow/.local/lib/python3.8/site-packages/airflow/example_dags/example_dynamic_task_mapping_with_no_taskflow_operators.py took 0.032 seconds
[2023-11-10T18:56:14.097+0000] {processor.py:157} INFO - Started process (PID=3431) to work on /home/airflow/.local/lib/python3.8/site-packages/airflow/example_dags/example_dynamic_task_mapping_with_no_taskflow_operators.py
[2023-11-10T18:56:14.098+0000] {processor.py:829} INFO - Processing file /home/airflow/.local/lib/python3.8/site-packages/airflow/example_dags/example_dynamic_task_mapping_with_no_taskflow_operators.py for tasks to queue
[2023-11-10T18:56:14.098+0000] {logging_mixin.py:154} INFO - [2023-11-10T18:56:14.098+0000] {dagbag.py:536} INFO - Filling up the DagBag from /home/airflow/.local/lib/python3.8/site-packages/airflow/example_dags/example_dynamic_task_mapping_with_no_taskflow_operators.py
[2023-11-10T18:56:14.102+0000] {processor.py:839} INFO - DAG(s) dict_keys(['example_dynamic_task_mapping_with_no_taskflow_operators']) retrieved from /home/airflow/.local/lib/python3.8/site-packages/airflow/example_dags/example_dynamic_task_mapping_with_no_taskflow_operators.py
[2023-11-10T18:56:14.111+0000] {logging_mixin.py:154} INFO - [2023-11-10T18:56:14.111+0000] {dag.py:2941} INFO - Sync 1 DAGs
[2023-11-10T18:56:14.120+0000] {logging_mixin.py:154} INFO - [2023-11-10T18:56:14.120+0000] {dag.py:3722} INFO - Setting next_dagrun for example_dynamic_task_mapping_with_no_taskflow_operators to 2023-11-09T18:56:14.120247+00:00, run_after=2023-11-10T18:56:14.120247+00:00
[2023-11-10T18:56:14.127+0000] {processor.py:179} INFO - Processing /home/airflow/.local/lib/python3.8/site-packages/airflow/example_dags/example_dynamic_task_mapping_with_no_taskflow_operators.py took 0.031 seconds
[2023-11-10T18:56:44.594+0000] {processor.py:157} INFO - Started process (PID=3667) to work on /home/airflow/.local/lib/python3.8/site-packages/airflow/example_dags/example_dynamic_task_mapping_with_no_taskflow_operators.py
[2023-11-10T18:56:44.594+0000] {processor.py:829} INFO - Processing file /home/airflow/.local/lib/python3.8/site-packages/airflow/example_dags/example_dynamic_task_mapping_with_no_taskflow_operators.py for tasks to queue
[2023-11-10T18:56:44.594+0000] {logging_mixin.py:154} INFO - [2023-11-10T18:56:44.594+0000] {dagbag.py:536} INFO - Filling up the DagBag from /home/airflow/.local/lib/python3.8/site-packages/airflow/example_dags/example_dynamic_task_mapping_with_no_taskflow_operators.py
[2023-11-10T18:56:44.598+0000] {processor.py:839} INFO - DAG(s) dict_keys(['example_dynamic_task_mapping_with_no_taskflow_operators']) retrieved from /home/airflow/.local/lib/python3.8/site-packages/airflow/example_dags/example_dynamic_task_mapping_with_no_taskflow_operators.py
[2023-11-10T18:56:44.608+0000] {logging_mixin.py:154} INFO - [2023-11-10T18:56:44.607+0000] {dag.py:2941} INFO - Sync 1 DAGs
[2023-11-10T18:56:44.617+0000] {logging_mixin.py:154} INFO - [2023-11-10T18:56:44.617+0000] {dag.py:3722} INFO - Setting next_dagrun for example_dynamic_task_mapping_with_no_taskflow_operators to 2023-11-09T18:56:44.617488+00:00, run_after=2023-11-10T18:56:44.617488+00:00
[2023-11-10T18:56:44.624+0000] {processor.py:179} INFO - Processing /home/airflow/.local/lib/python3.8/site-packages/airflow/example_dags/example_dynamic_task_mapping_with_no_taskflow_operators.py took 0.032 seconds
[2023-11-10T18:57:15.010+0000] {processor.py:157} INFO - Started process (PID=3907) to work on /home/airflow/.local/lib/python3.8/site-packages/airflow/example_dags/example_dynamic_task_mapping_with_no_taskflow_operators.py
[2023-11-10T18:57:15.010+0000] {processor.py:829} INFO - Processing file /home/airflow/.local/lib/python3.8/site-packages/airflow/example_dags/example_dynamic_task_mapping_with_no_taskflow_operators.py for tasks to queue
[2023-11-10T18:57:15.011+0000] {logging_mixin.py:154} INFO - [2023-11-10T18:57:15.010+0000] {dagbag.py:536} INFO - Filling up the DagBag from /home/airflow/.local/lib/python3.8/site-packages/airflow/example_dags/example_dynamic_task_mapping_with_no_taskflow_operators.py
[2023-11-10T18:57:15.014+0000] {processor.py:839} INFO - DAG(s) dict_keys(['example_dynamic_task_mapping_with_no_taskflow_operators']) retrieved from /home/airflow/.local/lib/python3.8/site-packages/airflow/example_dags/example_dynamic_task_mapping_with_no_taskflow_operators.py
[2023-11-10T18:57:15.024+0000] {logging_mixin.py:154} INFO - [2023-11-10T18:57:15.024+0000] {dag.py:2941} INFO - Sync 1 DAGs
[2023-11-10T18:57:15.032+0000] {logging_mixin.py:154} INFO - [2023-11-10T18:57:15.032+0000] {dag.py:3722} INFO - Setting next_dagrun for example_dynamic_task_mapping_with_no_taskflow_operators to 2023-11-09T18:57:15.032718+00:00, run_after=2023-11-10T18:57:15.032718+00:00
[2023-11-10T18:57:15.039+0000] {processor.py:179} INFO - Processing /home/airflow/.local/lib/python3.8/site-packages/airflow/example_dags/example_dynamic_task_mapping_with_no_taskflow_operators.py took 0.031 seconds
[2023-11-10T18:57:45.463+0000] {processor.py:157} INFO - Started process (PID=4145) to work on /home/airflow/.local/lib/python3.8/site-packages/airflow/example_dags/example_dynamic_task_mapping_with_no_taskflow_operators.py
[2023-11-10T18:57:45.463+0000] {processor.py:829} INFO - Processing file /home/airflow/.local/lib/python3.8/site-packages/airflow/example_dags/example_dynamic_task_mapping_with_no_taskflow_operators.py for tasks to queue
[2023-11-10T18:57:45.464+0000] {logging_mixin.py:154} INFO - [2023-11-10T18:57:45.464+0000] {dagbag.py:536} INFO - Filling up the DagBag from /home/airflow/.local/lib/python3.8/site-packages/airflow/example_dags/example_dynamic_task_mapping_with_no_taskflow_operators.py
[2023-11-10T18:57:45.468+0000] {processor.py:839} INFO - DAG(s) dict_keys(['example_dynamic_task_mapping_with_no_taskflow_operators']) retrieved from /home/airflow/.local/lib/python3.8/site-packages/airflow/example_dags/example_dynamic_task_mapping_with_no_taskflow_operators.py
[2023-11-10T18:57:45.477+0000] {logging_mixin.py:154} INFO - [2023-11-10T18:57:45.477+0000] {dag.py:2941} INFO - Sync 1 DAGs
[2023-11-10T18:57:45.486+0000] {logging_mixin.py:154} INFO - [2023-11-10T18:57:45.486+0000] {dag.py:3722} INFO - Setting next_dagrun for example_dynamic_task_mapping_with_no_taskflow_operators to 2023-11-09T18:57:45.486596+00:00, run_after=2023-11-10T18:57:45.486596+00:00
[2023-11-10T18:57:45.493+0000] {processor.py:179} INFO - Processing /home/airflow/.local/lib/python3.8/site-packages/airflow/example_dags/example_dynamic_task_mapping_with_no_taskflow_operators.py took 0.032 seconds
[2023-11-10T18:58:15.969+0000] {processor.py:157} INFO - Started process (PID=4383) to work on /home/airflow/.local/lib/python3.8/site-packages/airflow/example_dags/example_dynamic_task_mapping_with_no_taskflow_operators.py
[2023-11-10T18:58:15.970+0000] {processor.py:829} INFO - Processing file /home/airflow/.local/lib/python3.8/site-packages/airflow/example_dags/example_dynamic_task_mapping_with_no_taskflow_operators.py for tasks to queue
[2023-11-10T18:58:15.970+0000] {logging_mixin.py:154} INFO - [2023-11-10T18:58:15.970+0000] {dagbag.py:536} INFO - Filling up the DagBag from /home/airflow/.local/lib/python3.8/site-packages/airflow/example_dags/example_dynamic_task_mapping_with_no_taskflow_operators.py
[2023-11-10T18:58:15.974+0000] {processor.py:839} INFO - DAG(s) dict_keys(['example_dynamic_task_mapping_with_no_taskflow_operators']) retrieved from /home/airflow/.local/lib/python3.8/site-packages/airflow/example_dags/example_dynamic_task_mapping_with_no_taskflow_operators.py
[2023-11-10T18:58:15.983+0000] {logging_mixin.py:154} INFO - [2023-11-10T18:58:15.983+0000] {dag.py:2941} INFO - Sync 1 DAGs
[2023-11-10T18:58:15.992+0000] {logging_mixin.py:154} INFO - [2023-11-10T18:58:15.992+0000] {dag.py:3722} INFO - Setting next_dagrun for example_dynamic_task_mapping_with_no_taskflow_operators to 2023-11-09T18:58:15.992352+00:00, run_after=2023-11-10T18:58:15.992352+00:00
[2023-11-10T18:58:15.999+0000] {processor.py:179} INFO - Processing /home/airflow/.local/lib/python3.8/site-packages/airflow/example_dags/example_dynamic_task_mapping_with_no_taskflow_operators.py took 0.031 seconds
[2023-11-10T18:58:46.569+0000] {processor.py:157} INFO - Started process (PID=4621) to work on /home/airflow/.local/lib/python3.8/site-packages/airflow/example_dags/example_dynamic_task_mapping_with_no_taskflow_operators.py
[2023-11-10T18:58:46.569+0000] {processor.py:829} INFO - Processing file /home/airflow/.local/lib/python3.8/site-packages/airflow/example_dags/example_dynamic_task_mapping_with_no_taskflow_operators.py for tasks to queue
[2023-11-10T18:58:46.570+0000] {logging_mixin.py:154} INFO - [2023-11-10T18:58:46.570+0000] {dagbag.py:536} INFO - Filling up the DagBag from /home/airflow/.local/lib/python3.8/site-packages/airflow/example_dags/example_dynamic_task_mapping_with_no_taskflow_operators.py
[2023-11-10T18:58:46.574+0000] {processor.py:839} INFO - DAG(s) dict_keys(['example_dynamic_task_mapping_with_no_taskflow_operators']) retrieved from /home/airflow/.local/lib/python3.8/site-packages/airflow/example_dags/example_dynamic_task_mapping_with_no_taskflow_operators.py
[2023-11-10T18:58:46.584+0000] {logging_mixin.py:154} INFO - [2023-11-10T18:58:46.584+0000] {dag.py:2941} INFO - Sync 1 DAGs
[2023-11-10T18:58:46.593+0000] {logging_mixin.py:154} INFO - [2023-11-10T18:58:46.593+0000] {dag.py:3722} INFO - Setting next_dagrun for example_dynamic_task_mapping_with_no_taskflow_operators to 2023-11-09T18:58:46.593173+00:00, run_after=2023-11-10T18:58:46.593173+00:00
[2023-11-10T18:58:46.600+0000] {processor.py:179} INFO - Processing /home/airflow/.local/lib/python3.8/site-packages/airflow/example_dags/example_dynamic_task_mapping_with_no_taskflow_operators.py took 0.033 seconds
[2023-11-10T18:59:17.114+0000] {processor.py:157} INFO - Started process (PID=4859) to work on /home/airflow/.local/lib/python3.8/site-packages/airflow/example_dags/example_dynamic_task_mapping_with_no_taskflow_operators.py
[2023-11-10T18:59:17.114+0000] {processor.py:829} INFO - Processing file /home/airflow/.local/lib/python3.8/site-packages/airflow/example_dags/example_dynamic_task_mapping_with_no_taskflow_operators.py for tasks to queue
[2023-11-10T18:59:17.115+0000] {logging_mixin.py:154} INFO - [2023-11-10T18:59:17.115+0000] {dagbag.py:536} INFO - Filling up the DagBag from /home/airflow/.local/lib/python3.8/site-packages/airflow/example_dags/example_dynamic_task_mapping_with_no_taskflow_operators.py
[2023-11-10T18:59:17.119+0000] {processor.py:839} INFO - DAG(s) dict_keys(['example_dynamic_task_mapping_with_no_taskflow_operators']) retrieved from /home/airflow/.local/lib/python3.8/site-packages/airflow/example_dags/example_dynamic_task_mapping_with_no_taskflow_operators.py
[2023-11-10T18:59:17.128+0000] {logging_mixin.py:154} INFO - [2023-11-10T18:59:17.128+0000] {dag.py:2941} INFO - Sync 1 DAGs
[2023-11-10T18:59:17.137+0000] {logging_mixin.py:154} INFO - [2023-11-10T18:59:17.137+0000] {dag.py:3722} INFO - Setting next_dagrun for example_dynamic_task_mapping_with_no_taskflow_operators to 2023-11-09T18:59:17.137502+00:00, run_after=2023-11-10T18:59:17.137502+00:00
[2023-11-10T18:59:17.144+0000] {processor.py:179} INFO - Processing /home/airflow/.local/lib/python3.8/site-packages/airflow/example_dags/example_dynamic_task_mapping_with_no_taskflow_operators.py took 0.032 seconds
[2023-11-10T18:59:47.641+0000] {processor.py:157} INFO - Started process (PID=5097) to work on /home/airflow/.local/lib/python3.8/site-packages/airflow/example_dags/example_dynamic_task_mapping_with_no_taskflow_operators.py
[2023-11-10T18:59:47.642+0000] {processor.py:829} INFO - Processing file /home/airflow/.local/lib/python3.8/site-packages/airflow/example_dags/example_dynamic_task_mapping_with_no_taskflow_operators.py for tasks to queue
[2023-11-10T18:59:47.642+0000] {logging_mixin.py:154} INFO - [2023-11-10T18:59:47.642+0000] {dagbag.py:536} INFO - Filling up the DagBag from /home/airflow/.local/lib/python3.8/site-packages/airflow/example_dags/example_dynamic_task_mapping_with_no_taskflow_operators.py
[2023-11-10T18:59:47.646+0000] {processor.py:839} INFO - DAG(s) dict_keys(['example_dynamic_task_mapping_with_no_taskflow_operators']) retrieved from /home/airflow/.local/lib/python3.8/site-packages/airflow/example_dags/example_dynamic_task_mapping_with_no_taskflow_operators.py
[2023-11-10T18:59:47.656+0000] {logging_mixin.py:154} INFO - [2023-11-10T18:59:47.656+0000] {dag.py:2941} INFO - Sync 1 DAGs
[2023-11-10T18:59:47.666+0000] {logging_mixin.py:154} INFO - [2023-11-10T18:59:47.666+0000] {dag.py:3722} INFO - Setting next_dagrun for example_dynamic_task_mapping_with_no_taskflow_operators to 2023-11-09T18:59:47.665962+00:00, run_after=2023-11-10T18:59:47.665962+00:00
[2023-11-10T18:59:47.673+0000] {processor.py:179} INFO - Processing /home/airflow/.local/lib/python3.8/site-packages/airflow/example_dags/example_dynamic_task_mapping_with_no_taskflow_operators.py took 0.033 seconds
[2023-11-10T19:00:18.176+0000] {processor.py:157} INFO - Started process (PID=5335) to work on /home/airflow/.local/lib/python3.8/site-packages/airflow/example_dags/example_dynamic_task_mapping_with_no_taskflow_operators.py
[2023-11-10T19:00:18.177+0000] {processor.py:829} INFO - Processing file /home/airflow/.local/lib/python3.8/site-packages/airflow/example_dags/example_dynamic_task_mapping_with_no_taskflow_operators.py for tasks to queue
[2023-11-10T19:00:18.177+0000] {logging_mixin.py:154} INFO - [2023-11-10T19:00:18.177+0000] {dagbag.py:536} INFO - Filling up the DagBag from /home/airflow/.local/lib/python3.8/site-packages/airflow/example_dags/example_dynamic_task_mapping_with_no_taskflow_operators.py
[2023-11-10T19:00:18.181+0000] {processor.py:839} INFO - DAG(s) dict_keys(['example_dynamic_task_mapping_with_no_taskflow_operators']) retrieved from /home/airflow/.local/lib/python3.8/site-packages/airflow/example_dags/example_dynamic_task_mapping_with_no_taskflow_operators.py
[2023-11-10T19:00:18.192+0000] {logging_mixin.py:154} INFO - [2023-11-10T19:00:18.192+0000] {dag.py:2941} INFO - Sync 1 DAGs
[2023-11-10T19:00:18.202+0000] {logging_mixin.py:154} INFO - [2023-11-10T19:00:18.202+0000] {dag.py:3722} INFO - Setting next_dagrun for example_dynamic_task_mapping_with_no_taskflow_operators to 2023-11-09T19:00:18.201894+00:00, run_after=2023-11-10T19:00:18.201894+00:00
[2023-11-10T19:00:18.209+0000] {processor.py:179} INFO - Processing /home/airflow/.local/lib/python3.8/site-packages/airflow/example_dags/example_dynamic_task_mapping_with_no_taskflow_operators.py took 0.034 seconds
[2023-11-10T19:00:48.653+0000] {processor.py:157} INFO - Started process (PID=5571) to work on /home/airflow/.local/lib/python3.8/site-packages/airflow/example_dags/example_dynamic_task_mapping_with_no_taskflow_operators.py
[2023-11-10T19:00:48.653+0000] {processor.py:829} INFO - Processing file /home/airflow/.local/lib/python3.8/site-packages/airflow/example_dags/example_dynamic_task_mapping_with_no_taskflow_operators.py for tasks to queue
[2023-11-10T19:00:48.654+0000] {logging_mixin.py:154} INFO - [2023-11-10T19:00:48.654+0000] {dagbag.py:536} INFO - Filling up the DagBag from /home/airflow/.local/lib/python3.8/site-packages/airflow/example_dags/example_dynamic_task_mapping_with_no_taskflow_operators.py
[2023-11-10T19:00:48.658+0000] {processor.py:839} INFO - DAG(s) dict_keys(['example_dynamic_task_mapping_with_no_taskflow_operators']) retrieved from /home/airflow/.local/lib/python3.8/site-packages/airflow/example_dags/example_dynamic_task_mapping_with_no_taskflow_operators.py
[2023-11-10T19:00:48.667+0000] {logging_mixin.py:154} INFO - [2023-11-10T19:00:48.667+0000] {dag.py:2941} INFO - Sync 1 DAGs
[2023-11-10T19:00:48.677+0000] {logging_mixin.py:154} INFO - [2023-11-10T19:00:48.677+0000] {dag.py:3722} INFO - Setting next_dagrun for example_dynamic_task_mapping_with_no_taskflow_operators to 2023-11-09T19:00:48.677055+00:00, run_after=2023-11-10T19:00:48.677055+00:00
[2023-11-10T19:00:48.685+0000] {processor.py:179} INFO - Processing /home/airflow/.local/lib/python3.8/site-packages/airflow/example_dags/example_dynamic_task_mapping_with_no_taskflow_operators.py took 0.034 seconds
[2023-11-10T19:01:19.106+0000] {processor.py:157} INFO - Started process (PID=5809) to work on /home/airflow/.local/lib/python3.8/site-packages/airflow/example_dags/example_dynamic_task_mapping_with_no_taskflow_operators.py
[2023-11-10T19:01:19.107+0000] {processor.py:829} INFO - Processing file /home/airflow/.local/lib/python3.8/site-packages/airflow/example_dags/example_dynamic_task_mapping_with_no_taskflow_operators.py for tasks to queue
[2023-11-10T19:01:19.107+0000] {logging_mixin.py:154} INFO - [2023-11-10T19:01:19.107+0000] {dagbag.py:536} INFO - Filling up the DagBag from /home/airflow/.local/lib/python3.8/site-packages/airflow/example_dags/example_dynamic_task_mapping_with_no_taskflow_operators.py
[2023-11-10T19:01:19.111+0000] {processor.py:839} INFO - DAG(s) dict_keys(['example_dynamic_task_mapping_with_no_taskflow_operators']) retrieved from /home/airflow/.local/lib/python3.8/site-packages/airflow/example_dags/example_dynamic_task_mapping_with_no_taskflow_operators.py
[2023-11-10T19:01:19.121+0000] {logging_mixin.py:154} INFO - [2023-11-10T19:01:19.121+0000] {dag.py:2941} INFO - Sync 1 DAGs
[2023-11-10T19:01:19.131+0000] {logging_mixin.py:154} INFO - [2023-11-10T19:01:19.131+0000] {dag.py:3722} INFO - Setting next_dagrun for example_dynamic_task_mapping_with_no_taskflow_operators to 2023-11-09T19:01:19.130885+00:00, run_after=2023-11-10T19:01:19.130885+00:00
[2023-11-10T19:01:19.138+0000] {processor.py:179} INFO - Processing /home/airflow/.local/lib/python3.8/site-packages/airflow/example_dags/example_dynamic_task_mapping_with_no_taskflow_operators.py took 0.033 seconds
[2023-11-10T19:01:49.530+0000] {processor.py:157} INFO - Started process (PID=6047) to work on /home/airflow/.local/lib/python3.8/site-packages/airflow/example_dags/example_dynamic_task_mapping_with_no_taskflow_operators.py
[2023-11-10T19:01:49.531+0000] {processor.py:829} INFO - Processing file /home/airflow/.local/lib/python3.8/site-packages/airflow/example_dags/example_dynamic_task_mapping_with_no_taskflow_operators.py for tasks to queue
[2023-11-10T19:01:49.531+0000] {logging_mixin.py:154} INFO - [2023-11-10T19:01:49.531+0000] {dagbag.py:536} INFO - Filling up the DagBag from /home/airflow/.local/lib/python3.8/site-packages/airflow/example_dags/example_dynamic_task_mapping_with_no_taskflow_operators.py
[2023-11-10T19:01:49.535+0000] {processor.py:839} INFO - DAG(s) dict_keys(['example_dynamic_task_mapping_with_no_taskflow_operators']) retrieved from /home/airflow/.local/lib/python3.8/site-packages/airflow/example_dags/example_dynamic_task_mapping_with_no_taskflow_operators.py
[2023-11-10T19:01:49.544+0000] {logging_mixin.py:154} INFO - [2023-11-10T19:01:49.544+0000] {dag.py:2941} INFO - Sync 1 DAGs
[2023-11-10T19:01:49.554+0000] {logging_mixin.py:154} INFO - [2023-11-10T19:01:49.554+0000] {dag.py:3722} INFO - Setting next_dagrun for example_dynamic_task_mapping_with_no_taskflow_operators to 2023-11-09T19:01:49.554203+00:00, run_after=2023-11-10T19:01:49.554203+00:00
[2023-11-10T19:01:49.561+0000] {processor.py:179} INFO - Processing /home/airflow/.local/lib/python3.8/site-packages/airflow/example_dags/example_dynamic_task_mapping_with_no_taskflow_operators.py took 0.033 seconds
[2023-11-10T19:02:19.988+0000] {processor.py:157} INFO - Started process (PID=6285) to work on /home/airflow/.local/lib/python3.8/site-packages/airflow/example_dags/example_dynamic_task_mapping_with_no_taskflow_operators.py
[2023-11-10T19:02:19.989+0000] {processor.py:829} INFO - Processing file /home/airflow/.local/lib/python3.8/site-packages/airflow/example_dags/example_dynamic_task_mapping_with_no_taskflow_operators.py for tasks to queue
[2023-11-10T19:02:19.989+0000] {logging_mixin.py:154} INFO - [2023-11-10T19:02:19.989+0000] {dagbag.py:536} INFO - Filling up the DagBag from /home/airflow/.local/lib/python3.8/site-packages/airflow/example_dags/example_dynamic_task_mapping_with_no_taskflow_operators.py
[2023-11-10T19:02:19.994+0000] {processor.py:839} INFO - DAG(s) dict_keys(['example_dynamic_task_mapping_with_no_taskflow_operators']) retrieved from /home/airflow/.local/lib/python3.8/site-packages/airflow/example_dags/example_dynamic_task_mapping_with_no_taskflow_operators.py
[2023-11-10T19:02:20.004+0000] {logging_mixin.py:154} INFO - [2023-11-10T19:02:20.004+0000] {dag.py:2941} INFO - Sync 1 DAGs
[2023-11-10T19:02:20.014+0000] {logging_mixin.py:154} INFO - [2023-11-10T19:02:20.014+0000] {dag.py:3722} INFO - Setting next_dagrun for example_dynamic_task_mapping_with_no_taskflow_operators to 2023-11-09T19:02:20.014336+00:00, run_after=2023-11-10T19:02:20.014336+00:00
[2023-11-10T19:02:20.023+0000] {processor.py:179} INFO - Processing /home/airflow/.local/lib/python3.8/site-packages/airflow/example_dags/example_dynamic_task_mapping_with_no_taskflow_operators.py took 0.037 seconds
[2023-11-10T19:02:50.516+0000] {processor.py:157} INFO - Started process (PID=6523) to work on /home/airflow/.local/lib/python3.8/site-packages/airflow/example_dags/example_dynamic_task_mapping_with_no_taskflow_operators.py
[2023-11-10T19:02:50.517+0000] {processor.py:829} INFO - Processing file /home/airflow/.local/lib/python3.8/site-packages/airflow/example_dags/example_dynamic_task_mapping_with_no_taskflow_operators.py for tasks to queue
[2023-11-10T19:02:50.517+0000] {logging_mixin.py:154} INFO - [2023-11-10T19:02:50.517+0000] {dagbag.py:536} INFO - Filling up the DagBag from /home/airflow/.local/lib/python3.8/site-packages/airflow/example_dags/example_dynamic_task_mapping_with_no_taskflow_operators.py
[2023-11-10T19:02:50.521+0000] {processor.py:839} INFO - DAG(s) dict_keys(['example_dynamic_task_mapping_with_no_taskflow_operators']) retrieved from /home/airflow/.local/lib/python3.8/site-packages/airflow/example_dags/example_dynamic_task_mapping_with_no_taskflow_operators.py
[2023-11-10T19:02:50.530+0000] {logging_mixin.py:154} INFO - [2023-11-10T19:02:50.530+0000] {dag.py:2941} INFO - Sync 1 DAGs
[2023-11-10T19:02:50.539+0000] {logging_mixin.py:154} INFO - [2023-11-10T19:02:50.539+0000] {dag.py:3722} INFO - Setting next_dagrun for example_dynamic_task_mapping_with_no_taskflow_operators to 2023-11-09T19:02:50.539673+00:00, run_after=2023-11-10T19:02:50.539673+00:00
[2023-11-10T19:02:50.546+0000] {processor.py:179} INFO - Processing /home/airflow/.local/lib/python3.8/site-packages/airflow/example_dags/example_dynamic_task_mapping_with_no_taskflow_operators.py took 0.032 seconds
[2023-11-10T19:03:21.206+0000] {processor.py:157} INFO - Started process (PID=6769) to work on /home/airflow/.local/lib/python3.8/site-packages/airflow/example_dags/example_dynamic_task_mapping_with_no_taskflow_operators.py
[2023-11-10T19:03:21.207+0000] {processor.py:829} INFO - Processing file /home/airflow/.local/lib/python3.8/site-packages/airflow/example_dags/example_dynamic_task_mapping_with_no_taskflow_operators.py for tasks to queue
[2023-11-10T19:03:21.207+0000] {logging_mixin.py:154} INFO - [2023-11-10T19:03:21.207+0000] {dagbag.py:536} INFO - Filling up the DagBag from /home/airflow/.local/lib/python3.8/site-packages/airflow/example_dags/example_dynamic_task_mapping_with_no_taskflow_operators.py
[2023-11-10T19:03:21.212+0000] {processor.py:839} INFO - DAG(s) dict_keys(['example_dynamic_task_mapping_with_no_taskflow_operators']) retrieved from /home/airflow/.local/lib/python3.8/site-packages/airflow/example_dags/example_dynamic_task_mapping_with_no_taskflow_operators.py
[2023-11-10T19:03:21.222+0000] {logging_mixin.py:154} INFO - [2023-11-10T19:03:21.222+0000] {dag.py:2941} INFO - Sync 1 DAGs
[2023-11-10T19:03:21.232+0000] {logging_mixin.py:154} INFO - [2023-11-10T19:03:21.232+0000] {dag.py:3722} INFO - Setting next_dagrun for example_dynamic_task_mapping_with_no_taskflow_operators to 2023-11-09T19:03:21.232413+00:00, run_after=2023-11-10T19:03:21.232413+00:00
[2023-11-10T19:03:21.240+0000] {processor.py:179} INFO - Processing /home/airflow/.local/lib/python3.8/site-packages/airflow/example_dags/example_dynamic_task_mapping_with_no_taskflow_operators.py took 0.035 seconds
