[2023-11-10T18:49:37.001+0000] {processor.py:157} INFO - Started process (PID=230) to work on /home/airflow/.local/lib/python3.8/site-packages/airflow/example_dags/example_dag_decorator.py
[2023-11-10T18:49:37.002+0000] {processor.py:829} INFO - Processing file /home/airflow/.local/lib/python3.8/site-packages/airflow/example_dags/example_dag_decorator.py for tasks to queue
[2023-11-10T18:49:37.002+0000] {logging_mixin.py:154} INFO - [2023-11-10T18:49:37.002+0000] {dagbag.py:536} INFO - Filling up the DagBag from /home/airflow/.local/lib/python3.8/site-packages/airflow/example_dags/example_dag_decorator.py
[2023-11-10T18:49:37.072+0000] {processor.py:839} INFO - DAG(s) dict_keys(['example_dag_decorator']) retrieved from /home/airflow/.local/lib/python3.8/site-packages/airflow/example_dags/example_dag_decorator.py
[2023-11-10T18:49:37.078+0000] {logging_mixin.py:154} INFO - [2023-11-10T18:49:37.078+0000] {dag.py:2941} INFO - Sync 1 DAGs
[2023-11-10T18:49:37.085+0000] {logging_mixin.py:154} INFO - [2023-11-10T18:49:37.085+0000] {dag.py:3722} INFO - Setting next_dagrun for example_dag_decorator to None, run_after=None
[2023-11-10T18:49:37.092+0000] {processor.py:179} INFO - Processing /home/airflow/.local/lib/python3.8/site-packages/airflow/example_dags/example_dag_decorator.py took 0.092 seconds
[2023-11-10T18:50:07.421+0000] {processor.py:157} INFO - Started process (PID=468) to work on /home/airflow/.local/lib/python3.8/site-packages/airflow/example_dags/example_dag_decorator.py
[2023-11-10T18:50:07.422+0000] {processor.py:829} INFO - Processing file /home/airflow/.local/lib/python3.8/site-packages/airflow/example_dags/example_dag_decorator.py for tasks to queue
[2023-11-10T18:50:07.422+0000] {logging_mixin.py:154} INFO - [2023-11-10T18:50:07.422+0000] {dagbag.py:536} INFO - Filling up the DagBag from /home/airflow/.local/lib/python3.8/site-packages/airflow/example_dags/example_dag_decorator.py
[2023-11-10T18:50:07.453+0000] {processor.py:839} INFO - DAG(s) dict_keys(['example_dag_decorator']) retrieved from /home/airflow/.local/lib/python3.8/site-packages/airflow/example_dags/example_dag_decorator.py
[2023-11-10T18:50:07.538+0000] {logging_mixin.py:154} INFO - [2023-11-10T18:50:07.538+0000] {dag.py:2941} INFO - Sync 1 DAGs
[2023-11-10T18:50:07.544+0000] {logging_mixin.py:154} INFO - [2023-11-10T18:50:07.544+0000] {dag.py:3722} INFO - Setting next_dagrun for example_dag_decorator to None, run_after=None
[2023-11-10T18:50:07.551+0000] {processor.py:179} INFO - Processing /home/airflow/.local/lib/python3.8/site-packages/airflow/example_dags/example_dag_decorator.py took 0.132 seconds
[2023-11-10T18:50:37.889+0000] {processor.py:157} INFO - Started process (PID=706) to work on /home/airflow/.local/lib/python3.8/site-packages/airflow/example_dags/example_dag_decorator.py
[2023-11-10T18:50:37.890+0000] {processor.py:829} INFO - Processing file /home/airflow/.local/lib/python3.8/site-packages/airflow/example_dags/example_dag_decorator.py for tasks to queue
[2023-11-10T18:50:37.890+0000] {logging_mixin.py:154} INFO - [2023-11-10T18:50:37.890+0000] {dagbag.py:536} INFO - Filling up the DagBag from /home/airflow/.local/lib/python3.8/site-packages/airflow/example_dags/example_dag_decorator.py
[2023-11-10T18:50:37.922+0000] {processor.py:839} INFO - DAG(s) dict_keys(['example_dag_decorator']) retrieved from /home/airflow/.local/lib/python3.8/site-packages/airflow/example_dags/example_dag_decorator.py
[2023-11-10T18:50:37.965+0000] {logging_mixin.py:154} INFO - [2023-11-10T18:50:37.965+0000] {dag.py:2941} INFO - Sync 1 DAGs
[2023-11-10T18:50:37.970+0000] {logging_mixin.py:154} INFO - [2023-11-10T18:50:37.969+0000] {dag.py:3722} INFO - Setting next_dagrun for example_dag_decorator to None, run_after=None
[2023-11-10T18:50:37.977+0000] {processor.py:179} INFO - Processing /home/airflow/.local/lib/python3.8/site-packages/airflow/example_dags/example_dag_decorator.py took 0.090 seconds
[2023-11-10T18:51:08.427+0000] {processor.py:157} INFO - Started process (PID=944) to work on /home/airflow/.local/lib/python3.8/site-packages/airflow/example_dags/example_dag_decorator.py
[2023-11-10T18:51:08.427+0000] {processor.py:829} INFO - Processing file /home/airflow/.local/lib/python3.8/site-packages/airflow/example_dags/example_dag_decorator.py for tasks to queue
[2023-11-10T18:51:08.428+0000] {logging_mixin.py:154} INFO - [2023-11-10T18:51:08.427+0000] {dagbag.py:536} INFO - Filling up the DagBag from /home/airflow/.local/lib/python3.8/site-packages/airflow/example_dags/example_dag_decorator.py
[2023-11-10T18:51:08.460+0000] {processor.py:839} INFO - DAG(s) dict_keys(['example_dag_decorator']) retrieved from /home/airflow/.local/lib/python3.8/site-packages/airflow/example_dags/example_dag_decorator.py
[2023-11-10T18:51:08.511+0000] {logging_mixin.py:154} INFO - [2023-11-10T18:51:08.511+0000] {dag.py:2941} INFO - Sync 1 DAGs
[2023-11-10T18:51:08.516+0000] {logging_mixin.py:154} INFO - [2023-11-10T18:51:08.516+0000] {dag.py:3722} INFO - Setting next_dagrun for example_dag_decorator to None, run_after=None
[2023-11-10T18:51:08.525+0000] {processor.py:179} INFO - Processing /home/airflow/.local/lib/python3.8/site-packages/airflow/example_dags/example_dag_decorator.py took 0.100 seconds
[2023-11-10T18:51:38.933+0000] {processor.py:157} INFO - Started process (PID=1182) to work on /home/airflow/.local/lib/python3.8/site-packages/airflow/example_dags/example_dag_decorator.py
[2023-11-10T18:51:38.934+0000] {processor.py:829} INFO - Processing file /home/airflow/.local/lib/python3.8/site-packages/airflow/example_dags/example_dag_decorator.py for tasks to queue
[2023-11-10T18:51:38.934+0000] {logging_mixin.py:154} INFO - [2023-11-10T18:51:38.934+0000] {dagbag.py:536} INFO - Filling up the DagBag from /home/airflow/.local/lib/python3.8/site-packages/airflow/example_dags/example_dag_decorator.py
[2023-11-10T18:51:38.965+0000] {processor.py:839} INFO - DAG(s) dict_keys(['example_dag_decorator']) retrieved from /home/airflow/.local/lib/python3.8/site-packages/airflow/example_dags/example_dag_decorator.py
[2023-11-10T18:51:39.010+0000] {logging_mixin.py:154} INFO - [2023-11-10T18:51:39.009+0000] {dag.py:2941} INFO - Sync 1 DAGs
[2023-11-10T18:51:39.014+0000] {logging_mixin.py:154} INFO - [2023-11-10T18:51:39.014+0000] {dag.py:3722} INFO - Setting next_dagrun for example_dag_decorator to None, run_after=None
[2023-11-10T18:51:39.022+0000] {processor.py:179} INFO - Processing /home/airflow/.local/lib/python3.8/site-packages/airflow/example_dags/example_dag_decorator.py took 0.091 seconds
[2023-11-10T18:52:09.362+0000] {processor.py:157} INFO - Started process (PID=1420) to work on /home/airflow/.local/lib/python3.8/site-packages/airflow/example_dags/example_dag_decorator.py
[2023-11-10T18:52:09.363+0000] {processor.py:829} INFO - Processing file /home/airflow/.local/lib/python3.8/site-packages/airflow/example_dags/example_dag_decorator.py for tasks to queue
[2023-11-10T18:52:09.363+0000] {logging_mixin.py:154} INFO - [2023-11-10T18:52:09.363+0000] {dagbag.py:536} INFO - Filling up the DagBag from /home/airflow/.local/lib/python3.8/site-packages/airflow/example_dags/example_dag_decorator.py
[2023-11-10T18:52:09.395+0000] {processor.py:839} INFO - DAG(s) dict_keys(['example_dag_decorator']) retrieved from /home/airflow/.local/lib/python3.8/site-packages/airflow/example_dags/example_dag_decorator.py
[2023-11-10T18:52:09.406+0000] {logging_mixin.py:154} INFO - [2023-11-10T18:52:09.406+0000] {dag.py:2941} INFO - Sync 1 DAGs
[2023-11-10T18:52:09.411+0000] {logging_mixin.py:154} INFO - [2023-11-10T18:52:09.411+0000] {dag.py:3722} INFO - Setting next_dagrun for example_dag_decorator to None, run_after=None
[2023-11-10T18:52:09.418+0000] {processor.py:179} INFO - Processing /home/airflow/.local/lib/python3.8/site-packages/airflow/example_dags/example_dag_decorator.py took 0.057 seconds
[2023-11-10T18:52:39.906+0000] {processor.py:157} INFO - Started process (PID=1658) to work on /home/airflow/.local/lib/python3.8/site-packages/airflow/example_dags/example_dag_decorator.py
[2023-11-10T18:52:39.906+0000] {processor.py:829} INFO - Processing file /home/airflow/.local/lib/python3.8/site-packages/airflow/example_dags/example_dag_decorator.py for tasks to queue
[2023-11-10T18:52:39.907+0000] {logging_mixin.py:154} INFO - [2023-11-10T18:52:39.907+0000] {dagbag.py:536} INFO - Filling up the DagBag from /home/airflow/.local/lib/python3.8/site-packages/airflow/example_dags/example_dag_decorator.py
[2023-11-10T18:52:39.937+0000] {processor.py:839} INFO - DAG(s) dict_keys(['example_dag_decorator']) retrieved from /home/airflow/.local/lib/python3.8/site-packages/airflow/example_dags/example_dag_decorator.py
[2023-11-10T18:52:39.981+0000] {logging_mixin.py:154} INFO - [2023-11-10T18:52:39.981+0000] {dag.py:2941} INFO - Sync 1 DAGs
[2023-11-10T18:52:39.986+0000] {logging_mixin.py:154} INFO - [2023-11-10T18:52:39.986+0000] {dag.py:3722} INFO - Setting next_dagrun for example_dag_decorator to None, run_after=None
[2023-11-10T18:52:39.994+0000] {processor.py:179} INFO - Processing /home/airflow/.local/lib/python3.8/site-packages/airflow/example_dags/example_dag_decorator.py took 0.090 seconds
[2023-11-10T18:53:10.379+0000] {processor.py:157} INFO - Started process (PID=1896) to work on /home/airflow/.local/lib/python3.8/site-packages/airflow/example_dags/example_dag_decorator.py
[2023-11-10T18:53:10.379+0000] {processor.py:829} INFO - Processing file /home/airflow/.local/lib/python3.8/site-packages/airflow/example_dags/example_dag_decorator.py for tasks to queue
[2023-11-10T18:53:10.379+0000] {logging_mixin.py:154} INFO - [2023-11-10T18:53:10.379+0000] {dagbag.py:536} INFO - Filling up the DagBag from /home/airflow/.local/lib/python3.8/site-packages/airflow/example_dags/example_dag_decorator.py
[2023-11-10T18:53:10.412+0000] {processor.py:839} INFO - DAG(s) dict_keys(['example_dag_decorator']) retrieved from /home/airflow/.local/lib/python3.8/site-packages/airflow/example_dags/example_dag_decorator.py
[2023-11-10T18:53:10.456+0000] {logging_mixin.py:154} INFO - [2023-11-10T18:53:10.456+0000] {dag.py:2941} INFO - Sync 1 DAGs
[2023-11-10T18:53:10.461+0000] {logging_mixin.py:154} INFO - [2023-11-10T18:53:10.461+0000] {dag.py:3722} INFO - Setting next_dagrun for example_dag_decorator to None, run_after=None
[2023-11-10T18:53:10.468+0000] {processor.py:179} INFO - Processing /home/airflow/.local/lib/python3.8/site-packages/airflow/example_dags/example_dag_decorator.py took 0.091 seconds
[2023-11-10T18:53:40.950+0000] {processor.py:157} INFO - Started process (PID=2134) to work on /home/airflow/.local/lib/python3.8/site-packages/airflow/example_dags/example_dag_decorator.py
[2023-11-10T18:53:40.950+0000] {processor.py:829} INFO - Processing file /home/airflow/.local/lib/python3.8/site-packages/airflow/example_dags/example_dag_decorator.py for tasks to queue
[2023-11-10T18:53:40.951+0000] {logging_mixin.py:154} INFO - [2023-11-10T18:53:40.951+0000] {dagbag.py:536} INFO - Filling up the DagBag from /home/airflow/.local/lib/python3.8/site-packages/airflow/example_dags/example_dag_decorator.py
[2023-11-10T18:53:40.982+0000] {processor.py:839} INFO - DAG(s) dict_keys(['example_dag_decorator']) retrieved from /home/airflow/.local/lib/python3.8/site-packages/airflow/example_dags/example_dag_decorator.py
[2023-11-10T18:53:41.027+0000] {logging_mixin.py:154} INFO - [2023-11-10T18:53:41.027+0000] {dag.py:2941} INFO - Sync 1 DAGs
[2023-11-10T18:53:41.032+0000] {logging_mixin.py:154} INFO - [2023-11-10T18:53:41.032+0000] {dag.py:3722} INFO - Setting next_dagrun for example_dag_decorator to None, run_after=None
[2023-11-10T18:53:41.039+0000] {processor.py:179} INFO - Processing /home/airflow/.local/lib/python3.8/site-packages/airflow/example_dags/example_dag_decorator.py took 0.091 seconds
[2023-11-10T18:54:11.378+0000] {processor.py:157} INFO - Started process (PID=2372) to work on /home/airflow/.local/lib/python3.8/site-packages/airflow/example_dags/example_dag_decorator.py
[2023-11-10T18:54:11.379+0000] {processor.py:829} INFO - Processing file /home/airflow/.local/lib/python3.8/site-packages/airflow/example_dags/example_dag_decorator.py for tasks to queue
[2023-11-10T18:54:11.379+0000] {logging_mixin.py:154} INFO - [2023-11-10T18:54:11.379+0000] {dagbag.py:536} INFO - Filling up the DagBag from /home/airflow/.local/lib/python3.8/site-packages/airflow/example_dags/example_dag_decorator.py
[2023-11-10T18:54:11.411+0000] {processor.py:839} INFO - DAG(s) dict_keys(['example_dag_decorator']) retrieved from /home/airflow/.local/lib/python3.8/site-packages/airflow/example_dags/example_dag_decorator.py
[2023-11-10T18:54:11.456+0000] {logging_mixin.py:154} INFO - [2023-11-10T18:54:11.455+0000] {dag.py:2941} INFO - Sync 1 DAGs
[2023-11-10T18:54:11.461+0000] {logging_mixin.py:154} INFO - [2023-11-10T18:54:11.461+0000] {dag.py:3722} INFO - Setting next_dagrun for example_dag_decorator to None, run_after=None
[2023-11-10T18:54:11.470+0000] {processor.py:179} INFO - Processing /home/airflow/.local/lib/python3.8/site-packages/airflow/example_dags/example_dag_decorator.py took 0.094 seconds
[2023-11-10T18:54:41.882+0000] {processor.py:157} INFO - Started process (PID=2610) to work on /home/airflow/.local/lib/python3.8/site-packages/airflow/example_dags/example_dag_decorator.py
[2023-11-10T18:54:41.883+0000] {processor.py:829} INFO - Processing file /home/airflow/.local/lib/python3.8/site-packages/airflow/example_dags/example_dag_decorator.py for tasks to queue
[2023-11-10T18:54:41.883+0000] {logging_mixin.py:154} INFO - [2023-11-10T18:54:41.883+0000] {dagbag.py:536} INFO - Filling up the DagBag from /home/airflow/.local/lib/python3.8/site-packages/airflow/example_dags/example_dag_decorator.py
[2023-11-10T18:54:41.916+0000] {processor.py:839} INFO - DAG(s) dict_keys(['example_dag_decorator']) retrieved from /home/airflow/.local/lib/python3.8/site-packages/airflow/example_dags/example_dag_decorator.py
[2023-11-10T18:54:41.961+0000] {logging_mixin.py:154} INFO - [2023-11-10T18:54:41.960+0000] {dag.py:2941} INFO - Sync 1 DAGs
[2023-11-10T18:54:41.965+0000] {logging_mixin.py:154} INFO - [2023-11-10T18:54:41.965+0000] {dag.py:3722} INFO - Setting next_dagrun for example_dag_decorator to None, run_after=None
[2023-11-10T18:54:41.973+0000] {processor.py:179} INFO - Processing /home/airflow/.local/lib/python3.8/site-packages/airflow/example_dags/example_dag_decorator.py took 0.093 seconds
[2023-11-10T18:55:12.350+0000] {processor.py:157} INFO - Started process (PID=2848) to work on /home/airflow/.local/lib/python3.8/site-packages/airflow/example_dags/example_dag_decorator.py
[2023-11-10T18:55:12.351+0000] {processor.py:829} INFO - Processing file /home/airflow/.local/lib/python3.8/site-packages/airflow/example_dags/example_dag_decorator.py for tasks to queue
[2023-11-10T18:55:12.351+0000] {logging_mixin.py:154} INFO - [2023-11-10T18:55:12.351+0000] {dagbag.py:536} INFO - Filling up the DagBag from /home/airflow/.local/lib/python3.8/site-packages/airflow/example_dags/example_dag_decorator.py
[2023-11-10T18:55:12.383+0000] {processor.py:839} INFO - DAG(s) dict_keys(['example_dag_decorator']) retrieved from /home/airflow/.local/lib/python3.8/site-packages/airflow/example_dags/example_dag_decorator.py
[2023-11-10T18:55:12.428+0000] {logging_mixin.py:154} INFO - [2023-11-10T18:55:12.428+0000] {dag.py:2941} INFO - Sync 1 DAGs
[2023-11-10T18:55:12.433+0000] {logging_mixin.py:154} INFO - [2023-11-10T18:55:12.433+0000] {dag.py:3722} INFO - Setting next_dagrun for example_dag_decorator to None, run_after=None
[2023-11-10T18:55:12.442+0000] {processor.py:179} INFO - Processing /home/airflow/.local/lib/python3.8/site-packages/airflow/example_dags/example_dag_decorator.py took 0.094 seconds
[2023-11-10T18:55:42.938+0000] {processor.py:157} INFO - Started process (PID=3086) to work on /home/airflow/.local/lib/python3.8/site-packages/airflow/example_dags/example_dag_decorator.py
[2023-11-10T18:55:42.938+0000] {processor.py:829} INFO - Processing file /home/airflow/.local/lib/python3.8/site-packages/airflow/example_dags/example_dag_decorator.py for tasks to queue
[2023-11-10T18:55:42.939+0000] {logging_mixin.py:154} INFO - [2023-11-10T18:55:42.938+0000] {dagbag.py:536} INFO - Filling up the DagBag from /home/airflow/.local/lib/python3.8/site-packages/airflow/example_dags/example_dag_decorator.py
[2023-11-10T18:55:42.969+0000] {processor.py:839} INFO - DAG(s) dict_keys(['example_dag_decorator']) retrieved from /home/airflow/.local/lib/python3.8/site-packages/airflow/example_dags/example_dag_decorator.py
[2023-11-10T18:55:43.013+0000] {logging_mixin.py:154} INFO - [2023-11-10T18:55:43.013+0000] {dag.py:2941} INFO - Sync 1 DAGs
[2023-11-10T18:55:43.018+0000] {logging_mixin.py:154} INFO - [2023-11-10T18:55:43.018+0000] {dag.py:3722} INFO - Setting next_dagrun for example_dag_decorator to None, run_after=None
[2023-11-10T18:55:43.026+0000] {processor.py:179} INFO - Processing /home/airflow/.local/lib/python3.8/site-packages/airflow/example_dags/example_dag_decorator.py took 0.090 seconds
[2023-11-10T18:56:13.502+0000] {processor.py:157} INFO - Started process (PID=3324) to work on /home/airflow/.local/lib/python3.8/site-packages/airflow/example_dags/example_dag_decorator.py
[2023-11-10T18:56:13.502+0000] {processor.py:829} INFO - Processing file /home/airflow/.local/lib/python3.8/site-packages/airflow/example_dags/example_dag_decorator.py for tasks to queue
[2023-11-10T18:56:13.503+0000] {logging_mixin.py:154} INFO - [2023-11-10T18:56:13.503+0000] {dagbag.py:536} INFO - Filling up the DagBag from /home/airflow/.local/lib/python3.8/site-packages/airflow/example_dags/example_dag_decorator.py
[2023-11-10T18:56:13.533+0000] {processor.py:839} INFO - DAG(s) dict_keys(['example_dag_decorator']) retrieved from /home/airflow/.local/lib/python3.8/site-packages/airflow/example_dags/example_dag_decorator.py
[2023-11-10T18:56:13.577+0000] {logging_mixin.py:154} INFO - [2023-11-10T18:56:13.577+0000] {dag.py:2941} INFO - Sync 1 DAGs
[2023-11-10T18:56:13.582+0000] {logging_mixin.py:154} INFO - [2023-11-10T18:56:13.582+0000] {dag.py:3722} INFO - Setting next_dagrun for example_dag_decorator to None, run_after=None
[2023-11-10T18:56:13.589+0000] {processor.py:179} INFO - Processing /home/airflow/.local/lib/python3.8/site-packages/airflow/example_dags/example_dag_decorator.py took 0.089 seconds
[2023-11-10T18:56:44.084+0000] {processor.py:157} INFO - Started process (PID=3562) to work on /home/airflow/.local/lib/python3.8/site-packages/airflow/example_dags/example_dag_decorator.py
[2023-11-10T18:56:44.085+0000] {processor.py:829} INFO - Processing file /home/airflow/.local/lib/python3.8/site-packages/airflow/example_dags/example_dag_decorator.py for tasks to queue
[2023-11-10T18:56:44.085+0000] {logging_mixin.py:154} INFO - [2023-11-10T18:56:44.085+0000] {dagbag.py:536} INFO - Filling up the DagBag from /home/airflow/.local/lib/python3.8/site-packages/airflow/example_dags/example_dag_decorator.py
[2023-11-10T18:56:44.117+0000] {processor.py:839} INFO - DAG(s) dict_keys(['example_dag_decorator']) retrieved from /home/airflow/.local/lib/python3.8/site-packages/airflow/example_dags/example_dag_decorator.py
[2023-11-10T18:56:44.161+0000] {logging_mixin.py:154} INFO - [2023-11-10T18:56:44.161+0000] {dag.py:2941} INFO - Sync 1 DAGs
[2023-11-10T18:56:44.166+0000] {logging_mixin.py:154} INFO - [2023-11-10T18:56:44.166+0000] {dag.py:3722} INFO - Setting next_dagrun for example_dag_decorator to None, run_after=None
[2023-11-10T18:56:44.174+0000] {processor.py:179} INFO - Processing /home/airflow/.local/lib/python3.8/site-packages/airflow/example_dags/example_dag_decorator.py took 0.091 seconds
[2023-11-10T18:57:14.504+0000] {processor.py:157} INFO - Started process (PID=3800) to work on /home/airflow/.local/lib/python3.8/site-packages/airflow/example_dags/example_dag_decorator.py
[2023-11-10T18:57:14.504+0000] {processor.py:829} INFO - Processing file /home/airflow/.local/lib/python3.8/site-packages/airflow/example_dags/example_dag_decorator.py for tasks to queue
[2023-11-10T18:57:14.505+0000] {logging_mixin.py:154} INFO - [2023-11-10T18:57:14.505+0000] {dagbag.py:536} INFO - Filling up the DagBag from /home/airflow/.local/lib/python3.8/site-packages/airflow/example_dags/example_dag_decorator.py
[2023-11-10T18:57:14.536+0000] {processor.py:839} INFO - DAG(s) dict_keys(['example_dag_decorator']) retrieved from /home/airflow/.local/lib/python3.8/site-packages/airflow/example_dags/example_dag_decorator.py
[2023-11-10T18:57:14.580+0000] {logging_mixin.py:154} INFO - [2023-11-10T18:57:14.580+0000] {dag.py:2941} INFO - Sync 1 DAGs
[2023-11-10T18:57:14.585+0000] {logging_mixin.py:154} INFO - [2023-11-10T18:57:14.585+0000] {dag.py:3722} INFO - Setting next_dagrun for example_dag_decorator to None, run_after=None
[2023-11-10T18:57:14.592+0000] {processor.py:179} INFO - Processing /home/airflow/.local/lib/python3.8/site-packages/airflow/example_dags/example_dag_decorator.py took 0.090 seconds
[2023-11-10T18:57:44.951+0000] {processor.py:157} INFO - Started process (PID=4038) to work on /home/airflow/.local/lib/python3.8/site-packages/airflow/example_dags/example_dag_decorator.py
[2023-11-10T18:57:44.952+0000] {processor.py:829} INFO - Processing file /home/airflow/.local/lib/python3.8/site-packages/airflow/example_dags/example_dag_decorator.py for tasks to queue
[2023-11-10T18:57:44.952+0000] {logging_mixin.py:154} INFO - [2023-11-10T18:57:44.952+0000] {dagbag.py:536} INFO - Filling up the DagBag from /home/airflow/.local/lib/python3.8/site-packages/airflow/example_dags/example_dag_decorator.py
[2023-11-10T18:57:44.984+0000] {processor.py:839} INFO - DAG(s) dict_keys(['example_dag_decorator']) retrieved from /home/airflow/.local/lib/python3.8/site-packages/airflow/example_dags/example_dag_decorator.py
[2023-11-10T18:57:45.028+0000] {logging_mixin.py:154} INFO - [2023-11-10T18:57:45.028+0000] {dag.py:2941} INFO - Sync 1 DAGs
[2023-11-10T18:57:45.032+0000] {logging_mixin.py:154} INFO - [2023-11-10T18:57:45.032+0000] {dag.py:3722} INFO - Setting next_dagrun for example_dag_decorator to None, run_after=None
[2023-11-10T18:57:45.040+0000] {processor.py:179} INFO - Processing /home/airflow/.local/lib/python3.8/site-packages/airflow/example_dags/example_dag_decorator.py took 0.090 seconds
[2023-11-10T18:58:15.416+0000] {processor.py:157} INFO - Started process (PID=4276) to work on /home/airflow/.local/lib/python3.8/site-packages/airflow/example_dags/example_dag_decorator.py
[2023-11-10T18:58:15.417+0000] {processor.py:829} INFO - Processing file /home/airflow/.local/lib/python3.8/site-packages/airflow/example_dags/example_dag_decorator.py for tasks to queue
[2023-11-10T18:58:15.417+0000] {logging_mixin.py:154} INFO - [2023-11-10T18:58:15.417+0000] {dagbag.py:536} INFO - Filling up the DagBag from /home/airflow/.local/lib/python3.8/site-packages/airflow/example_dags/example_dag_decorator.py
[2023-11-10T18:58:15.448+0000] {processor.py:839} INFO - DAG(s) dict_keys(['example_dag_decorator']) retrieved from /home/airflow/.local/lib/python3.8/site-packages/airflow/example_dags/example_dag_decorator.py
[2023-11-10T18:58:15.491+0000] {logging_mixin.py:154} INFO - [2023-11-10T18:58:15.491+0000] {dag.py:2941} INFO - Sync 1 DAGs
[2023-11-10T18:58:15.496+0000] {logging_mixin.py:154} INFO - [2023-11-10T18:58:15.496+0000] {dag.py:3722} INFO - Setting next_dagrun for example_dag_decorator to None, run_after=None
[2023-11-10T18:58:15.504+0000] {processor.py:179} INFO - Processing /home/airflow/.local/lib/python3.8/site-packages/airflow/example_dags/example_dag_decorator.py took 0.089 seconds
[2023-11-10T18:58:45.922+0000] {processor.py:157} INFO - Started process (PID=4514) to work on /home/airflow/.local/lib/python3.8/site-packages/airflow/example_dags/example_dag_decorator.py
[2023-11-10T18:58:45.922+0000] {processor.py:829} INFO - Processing file /home/airflow/.local/lib/python3.8/site-packages/airflow/example_dags/example_dag_decorator.py for tasks to queue
[2023-11-10T18:58:45.922+0000] {logging_mixin.py:154} INFO - [2023-11-10T18:58:45.922+0000] {dagbag.py:536} INFO - Filling up the DagBag from /home/airflow/.local/lib/python3.8/site-packages/airflow/example_dags/example_dag_decorator.py
[2023-11-10T18:58:45.954+0000] {processor.py:839} INFO - DAG(s) dict_keys(['example_dag_decorator']) retrieved from /home/airflow/.local/lib/python3.8/site-packages/airflow/example_dags/example_dag_decorator.py
[2023-11-10T18:58:45.998+0000] {logging_mixin.py:154} INFO - [2023-11-10T18:58:45.998+0000] {dag.py:2941} INFO - Sync 1 DAGs
[2023-11-10T18:58:46.003+0000] {logging_mixin.py:154} INFO - [2023-11-10T18:58:46.003+0000] {dag.py:3722} INFO - Setting next_dagrun for example_dag_decorator to None, run_after=None
[2023-11-10T18:58:46.093+0000] {processor.py:179} INFO - Processing /home/airflow/.local/lib/python3.8/site-packages/airflow/example_dags/example_dag_decorator.py took 0.173 seconds
[2023-11-10T18:59:16.518+0000] {processor.py:157} INFO - Started process (PID=4752) to work on /home/airflow/.local/lib/python3.8/site-packages/airflow/example_dags/example_dag_decorator.py
[2023-11-10T18:59:16.518+0000] {processor.py:829} INFO - Processing file /home/airflow/.local/lib/python3.8/site-packages/airflow/example_dags/example_dag_decorator.py for tasks to queue
[2023-11-10T18:59:16.519+0000] {logging_mixin.py:154} INFO - [2023-11-10T18:59:16.518+0000] {dagbag.py:536} INFO - Filling up the DagBag from /home/airflow/.local/lib/python3.8/site-packages/airflow/example_dags/example_dag_decorator.py
[2023-11-10T18:59:16.550+0000] {processor.py:839} INFO - DAG(s) dict_keys(['example_dag_decorator']) retrieved from /home/airflow/.local/lib/python3.8/site-packages/airflow/example_dags/example_dag_decorator.py
[2023-11-10T18:59:16.594+0000] {logging_mixin.py:154} INFO - [2023-11-10T18:59:16.593+0000] {dag.py:2941} INFO - Sync 1 DAGs
[2023-11-10T18:59:16.598+0000] {logging_mixin.py:154} INFO - [2023-11-10T18:59:16.598+0000] {dag.py:3722} INFO - Setting next_dagrun for example_dag_decorator to None, run_after=None
[2023-11-10T18:59:16.605+0000] {processor.py:179} INFO - Processing /home/airflow/.local/lib/python3.8/site-packages/airflow/example_dags/example_dag_decorator.py took 0.089 seconds
[2023-11-10T18:59:47.068+0000] {processor.py:157} INFO - Started process (PID=4990) to work on /home/airflow/.local/lib/python3.8/site-packages/airflow/example_dags/example_dag_decorator.py
[2023-11-10T18:59:47.069+0000] {processor.py:829} INFO - Processing file /home/airflow/.local/lib/python3.8/site-packages/airflow/example_dags/example_dag_decorator.py for tasks to queue
[2023-11-10T18:59:47.070+0000] {logging_mixin.py:154} INFO - [2023-11-10T18:59:47.069+0000] {dagbag.py:536} INFO - Filling up the DagBag from /home/airflow/.local/lib/python3.8/site-packages/airflow/example_dags/example_dag_decorator.py
[2023-11-10T18:59:47.101+0000] {processor.py:839} INFO - DAG(s) dict_keys(['example_dag_decorator']) retrieved from /home/airflow/.local/lib/python3.8/site-packages/airflow/example_dags/example_dag_decorator.py
[2023-11-10T18:59:47.147+0000] {logging_mixin.py:154} INFO - [2023-11-10T18:59:47.147+0000] {dag.py:2941} INFO - Sync 1 DAGs
[2023-11-10T18:59:47.152+0000] {logging_mixin.py:154} INFO - [2023-11-10T18:59:47.152+0000] {dag.py:3722} INFO - Setting next_dagrun for example_dag_decorator to None, run_after=None
[2023-11-10T18:59:47.160+0000] {processor.py:179} INFO - Processing /home/airflow/.local/lib/python3.8/site-packages/airflow/example_dags/example_dag_decorator.py took 0.093 seconds
[2023-11-10T19:00:17.556+0000] {processor.py:157} INFO - Started process (PID=5228) to work on /home/airflow/.local/lib/python3.8/site-packages/airflow/example_dags/example_dag_decorator.py
[2023-11-10T19:00:17.556+0000] {processor.py:829} INFO - Processing file /home/airflow/.local/lib/python3.8/site-packages/airflow/example_dags/example_dag_decorator.py for tasks to queue
[2023-11-10T19:00:17.557+0000] {logging_mixin.py:154} INFO - [2023-11-10T19:00:17.557+0000] {dagbag.py:536} INFO - Filling up the DagBag from /home/airflow/.local/lib/python3.8/site-packages/airflow/example_dags/example_dag_decorator.py
[2023-11-10T19:00:17.588+0000] {processor.py:839} INFO - DAG(s) dict_keys(['example_dag_decorator']) retrieved from /home/airflow/.local/lib/python3.8/site-packages/airflow/example_dags/example_dag_decorator.py
[2023-11-10T19:00:17.634+0000] {logging_mixin.py:154} INFO - [2023-11-10T19:00:17.634+0000] {dag.py:2941} INFO - Sync 1 DAGs
[2023-11-10T19:00:17.638+0000] {logging_mixin.py:154} INFO - [2023-11-10T19:00:17.638+0000] {dag.py:3722} INFO - Setting next_dagrun for example_dag_decorator to None, run_after=None
[2023-11-10T19:00:17.646+0000] {processor.py:179} INFO - Processing /home/airflow/.local/lib/python3.8/site-packages/airflow/example_dags/example_dag_decorator.py took 0.092 seconds
[2023-11-10T19:00:48.111+0000] {processor.py:157} INFO - Started process (PID=5466) to work on /home/airflow/.local/lib/python3.8/site-packages/airflow/example_dags/example_dag_decorator.py
[2023-11-10T19:00:48.111+0000] {processor.py:829} INFO - Processing file /home/airflow/.local/lib/python3.8/site-packages/airflow/example_dags/example_dag_decorator.py for tasks to queue
[2023-11-10T19:00:48.112+0000] {logging_mixin.py:154} INFO - [2023-11-10T19:00:48.112+0000] {dagbag.py:536} INFO - Filling up the DagBag from /home/airflow/.local/lib/python3.8/site-packages/airflow/example_dags/example_dag_decorator.py
[2023-11-10T19:00:48.144+0000] {processor.py:839} INFO - DAG(s) dict_keys(['example_dag_decorator']) retrieved from /home/airflow/.local/lib/python3.8/site-packages/airflow/example_dags/example_dag_decorator.py
[2023-11-10T19:00:48.191+0000] {logging_mixin.py:154} INFO - [2023-11-10T19:00:48.191+0000] {dag.py:2941} INFO - Sync 1 DAGs
[2023-11-10T19:00:48.196+0000] {logging_mixin.py:154} INFO - [2023-11-10T19:00:48.196+0000] {dag.py:3722} INFO - Setting next_dagrun for example_dag_decorator to None, run_after=None
[2023-11-10T19:00:48.203+0000] {processor.py:179} INFO - Processing /home/airflow/.local/lib/python3.8/site-packages/airflow/example_dags/example_dag_decorator.py took 0.094 seconds
[2023-11-10T19:01:18.575+0000] {processor.py:157} INFO - Started process (PID=5710) to work on /home/airflow/.local/lib/python3.8/site-packages/airflow/example_dags/example_dag_decorator.py
[2023-11-10T19:01:18.575+0000] {processor.py:829} INFO - Processing file /home/airflow/.local/lib/python3.8/site-packages/airflow/example_dags/example_dag_decorator.py for tasks to queue
[2023-11-10T19:01:18.576+0000] {logging_mixin.py:154} INFO - [2023-11-10T19:01:18.576+0000] {dagbag.py:536} INFO - Filling up the DagBag from /home/airflow/.local/lib/python3.8/site-packages/airflow/example_dags/example_dag_decorator.py
[2023-11-10T19:01:18.607+0000] {processor.py:839} INFO - DAG(s) dict_keys(['example_dag_decorator']) retrieved from /home/airflow/.local/lib/python3.8/site-packages/airflow/example_dags/example_dag_decorator.py
[2023-11-10T19:01:18.652+0000] {logging_mixin.py:154} INFO - [2023-11-10T19:01:18.652+0000] {dag.py:2941} INFO - Sync 1 DAGs
[2023-11-10T19:01:18.745+0000] {logging_mixin.py:154} INFO - [2023-11-10T19:01:18.745+0000] {dag.py:3722} INFO - Setting next_dagrun for example_dag_decorator to None, run_after=None
[2023-11-10T19:01:18.753+0000] {processor.py:179} INFO - Processing /home/airflow/.local/lib/python3.8/site-packages/airflow/example_dags/example_dag_decorator.py took 0.180 seconds
[2023-11-10T19:01:49.013+0000] {processor.py:157} INFO - Started process (PID=5952) to work on /home/airflow/.local/lib/python3.8/site-packages/airflow/example_dags/example_dag_decorator.py
[2023-11-10T19:01:49.013+0000] {processor.py:829} INFO - Processing file /home/airflow/.local/lib/python3.8/site-packages/airflow/example_dags/example_dag_decorator.py for tasks to queue
[2023-11-10T19:01:49.014+0000] {logging_mixin.py:154} INFO - [2023-11-10T19:01:49.014+0000] {dagbag.py:536} INFO - Filling up the DagBag from /home/airflow/.local/lib/python3.8/site-packages/airflow/example_dags/example_dag_decorator.py
[2023-11-10T19:01:49.046+0000] {processor.py:839} INFO - DAG(s) dict_keys(['example_dag_decorator']) retrieved from /home/airflow/.local/lib/python3.8/site-packages/airflow/example_dags/example_dag_decorator.py
[2023-11-10T19:01:49.090+0000] {logging_mixin.py:154} INFO - [2023-11-10T19:01:49.090+0000] {dag.py:2941} INFO - Sync 1 DAGs
[2023-11-10T19:01:49.095+0000] {logging_mixin.py:154} INFO - [2023-11-10T19:01:49.095+0000] {dag.py:3722} INFO - Setting next_dagrun for example_dag_decorator to None, run_after=None
[2023-11-10T19:01:49.103+0000] {processor.py:179} INFO - Processing /home/airflow/.local/lib/python3.8/site-packages/airflow/example_dags/example_dag_decorator.py took 0.092 seconds
[2023-11-10T19:02:19.450+0000] {processor.py:157} INFO - Started process (PID=6190) to work on /home/airflow/.local/lib/python3.8/site-packages/airflow/example_dags/example_dag_decorator.py
[2023-11-10T19:02:19.450+0000] {processor.py:829} INFO - Processing file /home/airflow/.local/lib/python3.8/site-packages/airflow/example_dags/example_dag_decorator.py for tasks to queue
[2023-11-10T19:02:19.451+0000] {logging_mixin.py:154} INFO - [2023-11-10T19:02:19.451+0000] {dagbag.py:536} INFO - Filling up the DagBag from /home/airflow/.local/lib/python3.8/site-packages/airflow/example_dags/example_dag_decorator.py
[2023-11-10T19:02:19.483+0000] {processor.py:839} INFO - DAG(s) dict_keys(['example_dag_decorator']) retrieved from /home/airflow/.local/lib/python3.8/site-packages/airflow/example_dags/example_dag_decorator.py
[2023-11-10T19:02:19.528+0000] {logging_mixin.py:154} INFO - [2023-11-10T19:02:19.528+0000] {dag.py:2941} INFO - Sync 1 DAGs
[2023-11-10T19:02:19.533+0000] {logging_mixin.py:154} INFO - [2023-11-10T19:02:19.533+0000] {dag.py:3722} INFO - Setting next_dagrun for example_dag_decorator to None, run_after=None
[2023-11-10T19:02:19.541+0000] {processor.py:179} INFO - Processing /home/airflow/.local/lib/python3.8/site-packages/airflow/example_dags/example_dag_decorator.py took 0.093 seconds
[2023-11-10T19:02:49.894+0000] {processor.py:157} INFO - Started process (PID=6418) to work on /home/airflow/.local/lib/python3.8/site-packages/airflow/example_dags/example_dag_decorator.py
[2023-11-10T19:02:49.894+0000] {processor.py:829} INFO - Processing file /home/airflow/.local/lib/python3.8/site-packages/airflow/example_dags/example_dag_decorator.py for tasks to queue
[2023-11-10T19:02:49.895+0000] {logging_mixin.py:154} INFO - [2023-11-10T19:02:49.895+0000] {dagbag.py:536} INFO - Filling up the DagBag from /home/airflow/.local/lib/python3.8/site-packages/airflow/example_dags/example_dag_decorator.py
[2023-11-10T19:02:49.927+0000] {processor.py:839} INFO - DAG(s) dict_keys(['example_dag_decorator']) retrieved from /home/airflow/.local/lib/python3.8/site-packages/airflow/example_dags/example_dag_decorator.py
[2023-11-10T19:02:49.971+0000] {logging_mixin.py:154} INFO - [2023-11-10T19:02:49.971+0000] {dag.py:2941} INFO - Sync 1 DAGs
[2023-11-10T19:02:50.069+0000] {logging_mixin.py:154} INFO - [2023-11-10T19:02:50.069+0000] {dag.py:3722} INFO - Setting next_dagrun for example_dag_decorator to None, run_after=None
[2023-11-10T19:02:50.078+0000] {processor.py:179} INFO - Processing /home/airflow/.local/lib/python3.8/site-packages/airflow/example_dags/example_dag_decorator.py took 0.186 seconds
[2023-11-10T19:03:20.534+0000] {processor.py:157} INFO - Started process (PID=6720) to work on /home/airflow/.local/lib/python3.8/site-packages/airflow/example_dags/example_dag_decorator.py
[2023-11-10T19:03:20.535+0000] {processor.py:829} INFO - Processing file /home/airflow/.local/lib/python3.8/site-packages/airflow/example_dags/example_dag_decorator.py for tasks to queue
[2023-11-10T19:03:20.536+0000] {logging_mixin.py:154} INFO - [2023-11-10T19:03:20.536+0000] {dagbag.py:536} INFO - Filling up the DagBag from /home/airflow/.local/lib/python3.8/site-packages/airflow/example_dags/example_dag_decorator.py
[2023-11-10T19:03:20.573+0000] {processor.py:839} INFO - DAG(s) dict_keys(['example_dag_decorator']) retrieved from /home/airflow/.local/lib/python3.8/site-packages/airflow/example_dags/example_dag_decorator.py
[2023-11-10T19:03:20.586+0000] {logging_mixin.py:154} INFO - [2023-11-10T19:03:20.586+0000] {dag.py:2941} INFO - Sync 1 DAGs
[2023-11-10T19:03:20.593+0000] {logging_mixin.py:154} INFO - [2023-11-10T19:03:20.593+0000] {dag.py:3722} INFO - Setting next_dagrun for example_dag_decorator to None, run_after=None
[2023-11-10T19:03:20.601+0000] {processor.py:179} INFO - Processing /home/airflow/.local/lib/python3.8/site-packages/airflow/example_dags/example_dag_decorator.py took 0.071 seconds
