[2023-11-10T18:49:37.576+0000] {processor.py:157} INFO - Started process (PID=330) to work on /home/airflow/.local/lib/python3.8/site-packages/airflow/example_dags/example_branch_labels.py
[2023-11-10T18:49:37.577+0000] {processor.py:829} INFO - Processing file /home/airflow/.local/lib/python3.8/site-packages/airflow/example_dags/example_branch_labels.py for tasks to queue
[2023-11-10T18:49:37.578+0000] {logging_mixin.py:154} INFO - [2023-11-10T18:49:37.577+0000] {dagbag.py:536} INFO - Filling up the DagBag from /home/airflow/.local/lib/python3.8/site-packages/airflow/example_dags/example_branch_labels.py
[2023-11-10T18:49:37.583+0000] {processor.py:839} INFO - DAG(s) dict_keys(['example_branch_labels']) retrieved from /home/airflow/.local/lib/python3.8/site-packages/airflow/example_dags/example_branch_labels.py
[2023-11-10T18:49:37.589+0000] {logging_mixin.py:154} INFO - [2023-11-10T18:49:37.589+0000] {dag.py:2941} INFO - Sync 1 DAGs
[2023-11-10T18:49:37.604+0000] {logging_mixin.py:154} INFO - [2023-11-10T18:49:37.604+0000] {dag.py:3722} INFO - Setting next_dagrun for example_branch_labels to 2023-11-09T00:00:00+00:00, run_after=2023-11-10T00:00:00+00:00
[2023-11-10T18:49:37.612+0000] {processor.py:179} INFO - Processing /home/airflow/.local/lib/python3.8/site-packages/airflow/example_dags/example_branch_labels.py took 0.038 seconds
[2023-11-10T18:50:07.943+0000] {processor.py:157} INFO - Started process (PID=570) to work on /home/airflow/.local/lib/python3.8/site-packages/airflow/example_dags/example_branch_labels.py
[2023-11-10T18:50:07.943+0000] {processor.py:829} INFO - Processing file /home/airflow/.local/lib/python3.8/site-packages/airflow/example_dags/example_branch_labels.py for tasks to queue
[2023-11-10T18:50:07.943+0000] {logging_mixin.py:154} INFO - [2023-11-10T18:50:07.943+0000] {dagbag.py:536} INFO - Filling up the DagBag from /home/airflow/.local/lib/python3.8/site-packages/airflow/example_dags/example_branch_labels.py
[2023-11-10T18:50:07.948+0000] {processor.py:839} INFO - DAG(s) dict_keys(['example_branch_labels']) retrieved from /home/airflow/.local/lib/python3.8/site-packages/airflow/example_dags/example_branch_labels.py
[2023-11-10T18:50:07.958+0000] {logging_mixin.py:154} INFO - [2023-11-10T18:50:07.958+0000] {dag.py:2941} INFO - Sync 1 DAGs
[2023-11-10T18:50:07.967+0000] {logging_mixin.py:154} INFO - [2023-11-10T18:50:07.967+0000] {dag.py:3722} INFO - Setting next_dagrun for example_branch_labels to 2023-11-09T00:00:00+00:00, run_after=2023-11-10T00:00:00+00:00
[2023-11-10T18:50:07.974+0000] {processor.py:179} INFO - Processing /home/airflow/.local/lib/python3.8/site-packages/airflow/example_dags/example_branch_labels.py took 0.033 seconds
[2023-11-10T18:50:38.425+0000] {processor.py:157} INFO - Started process (PID=806) to work on /home/airflow/.local/lib/python3.8/site-packages/airflow/example_dags/example_branch_labels.py
[2023-11-10T18:50:38.425+0000] {processor.py:829} INFO - Processing file /home/airflow/.local/lib/python3.8/site-packages/airflow/example_dags/example_branch_labels.py for tasks to queue
[2023-11-10T18:50:38.426+0000] {logging_mixin.py:154} INFO - [2023-11-10T18:50:38.426+0000] {dagbag.py:536} INFO - Filling up the DagBag from /home/airflow/.local/lib/python3.8/site-packages/airflow/example_dags/example_branch_labels.py
[2023-11-10T18:50:38.429+0000] {processor.py:839} INFO - DAG(s) dict_keys(['example_branch_labels']) retrieved from /home/airflow/.local/lib/python3.8/site-packages/airflow/example_dags/example_branch_labels.py
[2023-11-10T18:50:38.439+0000] {logging_mixin.py:154} INFO - [2023-11-10T18:50:38.439+0000] {dag.py:2941} INFO - Sync 1 DAGs
[2023-11-10T18:50:38.449+0000] {logging_mixin.py:154} INFO - [2023-11-10T18:50:38.449+0000] {dag.py:3722} INFO - Setting next_dagrun for example_branch_labels to 2023-11-09T00:00:00+00:00, run_after=2023-11-10T00:00:00+00:00
[2023-11-10T18:50:38.456+0000] {processor.py:179} INFO - Processing /home/airflow/.local/lib/python3.8/site-packages/airflow/example_dags/example_branch_labels.py took 0.033 seconds
[2023-11-10T18:51:08.967+0000] {processor.py:157} INFO - Started process (PID=1044) to work on /home/airflow/.local/lib/python3.8/site-packages/airflow/example_dags/example_branch_labels.py
[2023-11-10T18:51:08.967+0000] {processor.py:829} INFO - Processing file /home/airflow/.local/lib/python3.8/site-packages/airflow/example_dags/example_branch_labels.py for tasks to queue
[2023-11-10T18:51:08.968+0000] {logging_mixin.py:154} INFO - [2023-11-10T18:51:08.968+0000] {dagbag.py:536} INFO - Filling up the DagBag from /home/airflow/.local/lib/python3.8/site-packages/airflow/example_dags/example_branch_labels.py
[2023-11-10T18:51:08.972+0000] {processor.py:839} INFO - DAG(s) dict_keys(['example_branch_labels']) retrieved from /home/airflow/.local/lib/python3.8/site-packages/airflow/example_dags/example_branch_labels.py
[2023-11-10T18:51:08.982+0000] {logging_mixin.py:154} INFO - [2023-11-10T18:51:08.982+0000] {dag.py:2941} INFO - Sync 1 DAGs
[2023-11-10T18:51:08.992+0000] {logging_mixin.py:154} INFO - [2023-11-10T18:51:08.992+0000] {dag.py:3722} INFO - Setting next_dagrun for example_branch_labels to 2023-11-09T00:00:00+00:00, run_after=2023-11-10T00:00:00+00:00
[2023-11-10T18:51:08.999+0000] {processor.py:179} INFO - Processing /home/airflow/.local/lib/python3.8/site-packages/airflow/example_dags/example_branch_labels.py took 0.034 seconds
[2023-11-10T18:51:39.461+0000] {processor.py:157} INFO - Started process (PID=1282) to work on /home/airflow/.local/lib/python3.8/site-packages/airflow/example_dags/example_branch_labels.py
[2023-11-10T18:51:39.461+0000] {processor.py:829} INFO - Processing file /home/airflow/.local/lib/python3.8/site-packages/airflow/example_dags/example_branch_labels.py for tasks to queue
[2023-11-10T18:51:39.462+0000] {logging_mixin.py:154} INFO - [2023-11-10T18:51:39.462+0000] {dagbag.py:536} INFO - Filling up the DagBag from /home/airflow/.local/lib/python3.8/site-packages/airflow/example_dags/example_branch_labels.py
[2023-11-10T18:51:39.466+0000] {processor.py:839} INFO - DAG(s) dict_keys(['example_branch_labels']) retrieved from /home/airflow/.local/lib/python3.8/site-packages/airflow/example_dags/example_branch_labels.py
[2023-11-10T18:51:39.476+0000] {logging_mixin.py:154} INFO - [2023-11-10T18:51:39.476+0000] {dag.py:2941} INFO - Sync 1 DAGs
[2023-11-10T18:51:39.485+0000] {logging_mixin.py:154} INFO - [2023-11-10T18:51:39.485+0000] {dag.py:3722} INFO - Setting next_dagrun for example_branch_labels to 2023-11-09T00:00:00+00:00, run_after=2023-11-10T00:00:00+00:00
[2023-11-10T18:51:39.493+0000] {processor.py:179} INFO - Processing /home/airflow/.local/lib/python3.8/site-packages/airflow/example_dags/example_branch_labels.py took 0.034 seconds
[2023-11-10T18:52:09.979+0000] {processor.py:157} INFO - Started process (PID=1520) to work on /home/airflow/.local/lib/python3.8/site-packages/airflow/example_dags/example_branch_labels.py
[2023-11-10T18:52:09.979+0000] {processor.py:829} INFO - Processing file /home/airflow/.local/lib/python3.8/site-packages/airflow/example_dags/example_branch_labels.py for tasks to queue
[2023-11-10T18:52:09.980+0000] {logging_mixin.py:154} INFO - [2023-11-10T18:52:09.980+0000] {dagbag.py:536} INFO - Filling up the DagBag from /home/airflow/.local/lib/python3.8/site-packages/airflow/example_dags/example_branch_labels.py
[2023-11-10T18:52:09.984+0000] {processor.py:839} INFO - DAG(s) dict_keys(['example_branch_labels']) retrieved from /home/airflow/.local/lib/python3.8/site-packages/airflow/example_dags/example_branch_labels.py
[2023-11-10T18:52:09.994+0000] {logging_mixin.py:154} INFO - [2023-11-10T18:52:09.994+0000] {dag.py:2941} INFO - Sync 1 DAGs
[2023-11-10T18:52:10.003+0000] {logging_mixin.py:154} INFO - [2023-11-10T18:52:10.003+0000] {dag.py:3722} INFO - Setting next_dagrun for example_branch_labels to 2023-11-09T00:00:00+00:00, run_after=2023-11-10T00:00:00+00:00
[2023-11-10T18:52:10.010+0000] {processor.py:179} INFO - Processing /home/airflow/.local/lib/python3.8/site-packages/airflow/example_dags/example_branch_labels.py took 0.033 seconds
[2023-11-10T18:52:40.454+0000] {processor.py:157} INFO - Started process (PID=1758) to work on /home/airflow/.local/lib/python3.8/site-packages/airflow/example_dags/example_branch_labels.py
[2023-11-10T18:52:40.454+0000] {processor.py:829} INFO - Processing file /home/airflow/.local/lib/python3.8/site-packages/airflow/example_dags/example_branch_labels.py for tasks to queue
[2023-11-10T18:52:40.455+0000] {logging_mixin.py:154} INFO - [2023-11-10T18:52:40.455+0000] {dagbag.py:536} INFO - Filling up the DagBag from /home/airflow/.local/lib/python3.8/site-packages/airflow/example_dags/example_branch_labels.py
[2023-11-10T18:52:40.459+0000] {processor.py:839} INFO - DAG(s) dict_keys(['example_branch_labels']) retrieved from /home/airflow/.local/lib/python3.8/site-packages/airflow/example_dags/example_branch_labels.py
[2023-11-10T18:52:40.469+0000] {logging_mixin.py:154} INFO - [2023-11-10T18:52:40.469+0000] {dag.py:2941} INFO - Sync 1 DAGs
[2023-11-10T18:52:40.479+0000] {logging_mixin.py:154} INFO - [2023-11-10T18:52:40.479+0000] {dag.py:3722} INFO - Setting next_dagrun for example_branch_labels to 2023-11-09T00:00:00+00:00, run_after=2023-11-10T00:00:00+00:00
[2023-11-10T18:52:40.486+0000] {processor.py:179} INFO - Processing /home/airflow/.local/lib/python3.8/site-packages/airflow/example_dags/example_branch_labels.py took 0.034 seconds
