[2023-11-10T18:49:37.326+0000] {processor.py:157} INFO - Started process (PID=292) to work on /home/airflow/.local/lib/python3.8/site-packages/airflow/example_dags/example_skip_dag.py
[2023-11-10T18:49:37.327+0000] {processor.py:829} INFO - Processing file /home/airflow/.local/lib/python3.8/site-packages/airflow/example_dags/example_skip_dag.py for tasks to queue
[2023-11-10T18:49:37.327+0000] {logging_mixin.py:154} INFO - [2023-11-10T18:49:37.327+0000] {dagbag.py:536} INFO - Filling up the DagBag from /home/airflow/.local/lib/python3.8/site-packages/airflow/example_dags/example_skip_dag.py
[2023-11-10T18:49:37.331+0000] {processor.py:839} INFO - DAG(s) dict_keys(['example_skip_dag']) retrieved from /home/airflow/.local/lib/python3.8/site-packages/airflow/example_dags/example_skip_dag.py
[2023-11-10T18:49:37.337+0000] {logging_mixin.py:154} INFO - [2023-11-10T18:49:37.337+0000] {dag.py:2941} INFO - Sync 1 DAGs
[2023-11-10T18:49:37.350+0000] {logging_mixin.py:154} INFO - [2023-11-10T18:49:37.349+0000] {dag.py:3722} INFO - Setting next_dagrun for example_skip_dag to 2023-11-09T18:49:37.349561+00:00, run_after=2023-11-10T18:49:37.349561+00:00
[2023-11-10T18:49:37.371+0000] {processor.py:179} INFO - Processing /home/airflow/.local/lib/python3.8/site-packages/airflow/example_dags/example_skip_dag.py took 0.047 seconds
[2023-11-10T18:50:07.742+0000] {processor.py:157} INFO - Started process (PID=528) to work on /home/airflow/.local/lib/python3.8/site-packages/airflow/example_dags/example_skip_dag.py
[2023-11-10T18:50:07.742+0000] {processor.py:829} INFO - Processing file /home/airflow/.local/lib/python3.8/site-packages/airflow/example_dags/example_skip_dag.py for tasks to queue
[2023-11-10T18:50:07.743+0000] {logging_mixin.py:154} INFO - [2023-11-10T18:50:07.743+0000] {dagbag.py:536} INFO - Filling up the DagBag from /home/airflow/.local/lib/python3.8/site-packages/airflow/example_dags/example_skip_dag.py
[2023-11-10T18:50:07.747+0000] {processor.py:839} INFO - DAG(s) dict_keys(['example_skip_dag']) retrieved from /home/airflow/.local/lib/python3.8/site-packages/airflow/example_dags/example_skip_dag.py
[2023-11-10T18:50:07.756+0000] {logging_mixin.py:154} INFO - [2023-11-10T18:50:07.756+0000] {dag.py:2941} INFO - Sync 1 DAGs
[2023-11-10T18:50:07.766+0000] {logging_mixin.py:154} INFO - [2023-11-10T18:50:07.766+0000] {dag.py:3722} INFO - Setting next_dagrun for example_skip_dag to 2023-11-09T18:50:07.765982+00:00, run_after=2023-11-10T18:50:07.765982+00:00
[2023-11-10T18:50:07.773+0000] {processor.py:179} INFO - Processing /home/airflow/.local/lib/python3.8/site-packages/airflow/example_dags/example_skip_dag.py took 0.032 seconds
[2023-11-10T18:50:38.225+0000] {processor.py:157} INFO - Started process (PID=768) to work on /home/airflow/.local/lib/python3.8/site-packages/airflow/example_dags/example_skip_dag.py
[2023-11-10T18:50:38.226+0000] {processor.py:829} INFO - Processing file /home/airflow/.local/lib/python3.8/site-packages/airflow/example_dags/example_skip_dag.py for tasks to queue
[2023-11-10T18:50:38.226+0000] {logging_mixin.py:154} INFO - [2023-11-10T18:50:38.226+0000] {dagbag.py:536} INFO - Filling up the DagBag from /home/airflow/.local/lib/python3.8/site-packages/airflow/example_dags/example_skip_dag.py
[2023-11-10T18:50:38.230+0000] {processor.py:839} INFO - DAG(s) dict_keys(['example_skip_dag']) retrieved from /home/airflow/.local/lib/python3.8/site-packages/airflow/example_dags/example_skip_dag.py
[2023-11-10T18:50:38.239+0000] {logging_mixin.py:154} INFO - [2023-11-10T18:50:38.239+0000] {dag.py:2941} INFO - Sync 1 DAGs
[2023-11-10T18:50:38.248+0000] {logging_mixin.py:154} INFO - [2023-11-10T18:50:38.248+0000] {dag.py:3722} INFO - Setting next_dagrun for example_skip_dag to 2023-11-09T18:50:38.248425+00:00, run_after=2023-11-10T18:50:38.248425+00:00
[2023-11-10T18:50:38.255+0000] {processor.py:179} INFO - Processing /home/airflow/.local/lib/python3.8/site-packages/airflow/example_dags/example_skip_dag.py took 0.031 seconds
[2023-11-10T18:51:08.785+0000] {processor.py:157} INFO - Started process (PID=1004) to work on /home/airflow/.local/lib/python3.8/site-packages/airflow/example_dags/example_skip_dag.py
[2023-11-10T18:51:08.786+0000] {processor.py:829} INFO - Processing file /home/airflow/.local/lib/python3.8/site-packages/airflow/example_dags/example_skip_dag.py for tasks to queue
[2023-11-10T18:51:08.786+0000] {logging_mixin.py:154} INFO - [2023-11-10T18:51:08.786+0000] {dagbag.py:536} INFO - Filling up the DagBag from /home/airflow/.local/lib/python3.8/site-packages/airflow/example_dags/example_skip_dag.py
[2023-11-10T18:51:08.790+0000] {processor.py:839} INFO - DAG(s) dict_keys(['example_skip_dag']) retrieved from /home/airflow/.local/lib/python3.8/site-packages/airflow/example_dags/example_skip_dag.py
[2023-11-10T18:51:08.802+0000] {logging_mixin.py:154} INFO - [2023-11-10T18:51:08.802+0000] {dag.py:2941} INFO - Sync 1 DAGs
[2023-11-10T18:51:08.811+0000] {logging_mixin.py:154} INFO - [2023-11-10T18:51:08.811+0000] {dag.py:3722} INFO - Setting next_dagrun for example_skip_dag to 2023-11-09T18:51:08.811731+00:00, run_after=2023-11-10T18:51:08.811731+00:00
[2023-11-10T18:51:08.820+0000] {processor.py:179} INFO - Processing /home/airflow/.local/lib/python3.8/site-packages/airflow/example_dags/example_skip_dag.py took 0.037 seconds
[2023-11-10T18:51:39.285+0000] {processor.py:157} INFO - Started process (PID=1244) to work on /home/airflow/.local/lib/python3.8/site-packages/airflow/example_dags/example_skip_dag.py
[2023-11-10T18:51:39.286+0000] {processor.py:829} INFO - Processing file /home/airflow/.local/lib/python3.8/site-packages/airflow/example_dags/example_skip_dag.py for tasks to queue
[2023-11-10T18:51:39.286+0000] {logging_mixin.py:154} INFO - [2023-11-10T18:51:39.286+0000] {dagbag.py:536} INFO - Filling up the DagBag from /home/airflow/.local/lib/python3.8/site-packages/airflow/example_dags/example_skip_dag.py
[2023-11-10T18:51:39.290+0000] {processor.py:839} INFO - DAG(s) dict_keys(['example_skip_dag']) retrieved from /home/airflow/.local/lib/python3.8/site-packages/airflow/example_dags/example_skip_dag.py
[2023-11-10T18:51:39.300+0000] {logging_mixin.py:154} INFO - [2023-11-10T18:51:39.300+0000] {dag.py:2941} INFO - Sync 1 DAGs
[2023-11-10T18:51:39.310+0000] {logging_mixin.py:154} INFO - [2023-11-10T18:51:39.310+0000] {dag.py:3722} INFO - Setting next_dagrun for example_skip_dag to 2023-11-09T18:51:39.310564+00:00, run_after=2023-11-10T18:51:39.310564+00:00
[2023-11-10T18:51:39.318+0000] {processor.py:179} INFO - Processing /home/airflow/.local/lib/python3.8/site-packages/airflow/example_dags/example_skip_dag.py took 0.035 seconds
[2023-11-10T18:52:09.749+0000] {processor.py:157} INFO - Started process (PID=1480) to work on /home/airflow/.local/lib/python3.8/site-packages/airflow/example_dags/example_skip_dag.py
[2023-11-10T18:52:09.750+0000] {processor.py:829} INFO - Processing file /home/airflow/.local/lib/python3.8/site-packages/airflow/example_dags/example_skip_dag.py for tasks to queue
[2023-11-10T18:52:09.750+0000] {logging_mixin.py:154} INFO - [2023-11-10T18:52:09.750+0000] {dagbag.py:536} INFO - Filling up the DagBag from /home/airflow/.local/lib/python3.8/site-packages/airflow/example_dags/example_skip_dag.py
[2023-11-10T18:52:09.755+0000] {processor.py:839} INFO - DAG(s) dict_keys(['example_skip_dag']) retrieved from /home/airflow/.local/lib/python3.8/site-packages/airflow/example_dags/example_skip_dag.py
[2023-11-10T18:52:09.766+0000] {logging_mixin.py:154} INFO - [2023-11-10T18:52:09.765+0000] {dag.py:2941} INFO - Sync 1 DAGs
[2023-11-10T18:52:09.775+0000] {logging_mixin.py:154} INFO - [2023-11-10T18:52:09.774+0000] {dag.py:3722} INFO - Setting next_dagrun for example_skip_dag to 2023-11-09T18:52:09.774821+00:00, run_after=2023-11-10T18:52:09.774821+00:00
[2023-11-10T18:52:09.781+0000] {processor.py:179} INFO - Processing /home/airflow/.local/lib/python3.8/site-packages/airflow/example_dags/example_skip_dag.py took 0.033 seconds
[2023-11-10T18:52:40.283+0000] {processor.py:157} INFO - Started process (PID=1720) to work on /home/airflow/.local/lib/python3.8/site-packages/airflow/example_dags/example_skip_dag.py
[2023-11-10T18:52:40.283+0000] {processor.py:829} INFO - Processing file /home/airflow/.local/lib/python3.8/site-packages/airflow/example_dags/example_skip_dag.py for tasks to queue
[2023-11-10T18:52:40.283+0000] {logging_mixin.py:154} INFO - [2023-11-10T18:52:40.283+0000] {dagbag.py:536} INFO - Filling up the DagBag from /home/airflow/.local/lib/python3.8/site-packages/airflow/example_dags/example_skip_dag.py
[2023-11-10T18:52:40.287+0000] {processor.py:839} INFO - DAG(s) dict_keys(['example_skip_dag']) retrieved from /home/airflow/.local/lib/python3.8/site-packages/airflow/example_dags/example_skip_dag.py
[2023-11-10T18:52:40.297+0000] {logging_mixin.py:154} INFO - [2023-11-10T18:52:40.297+0000] {dag.py:2941} INFO - Sync 1 DAGs
[2023-11-10T18:52:40.307+0000] {logging_mixin.py:154} INFO - [2023-11-10T18:52:40.307+0000] {dag.py:3722} INFO - Setting next_dagrun for example_skip_dag to 2023-11-09T18:52:40.307390+00:00, run_after=2023-11-10T18:52:40.307390+00:00
[2023-11-10T18:52:40.314+0000] {processor.py:179} INFO - Processing /home/airflow/.local/lib/python3.8/site-packages/airflow/example_dags/example_skip_dag.py took 0.033 seconds
[2023-11-10T18:53:10.732+0000] {processor.py:157} INFO - Started process (PID=1958) to work on /home/airflow/.local/lib/python3.8/site-packages/airflow/example_dags/example_skip_dag.py
[2023-11-10T18:53:10.732+0000] {processor.py:829} INFO - Processing file /home/airflow/.local/lib/python3.8/site-packages/airflow/example_dags/example_skip_dag.py for tasks to queue
[2023-11-10T18:53:10.732+0000] {logging_mixin.py:154} INFO - [2023-11-10T18:53:10.732+0000] {dagbag.py:536} INFO - Filling up the DagBag from /home/airflow/.local/lib/python3.8/site-packages/airflow/example_dags/example_skip_dag.py
[2023-11-10T18:53:10.736+0000] {processor.py:839} INFO - DAG(s) dict_keys(['example_skip_dag']) retrieved from /home/airflow/.local/lib/python3.8/site-packages/airflow/example_dags/example_skip_dag.py
[2023-11-10T18:53:10.746+0000] {logging_mixin.py:154} INFO - [2023-11-10T18:53:10.746+0000] {dag.py:2941} INFO - Sync 1 DAGs
[2023-11-10T18:53:10.755+0000] {logging_mixin.py:154} INFO - [2023-11-10T18:53:10.755+0000] {dag.py:3722} INFO - Setting next_dagrun for example_skip_dag to 2023-11-09T18:53:10.754965+00:00, run_after=2023-11-10T18:53:10.754965+00:00
[2023-11-10T18:53:10.762+0000] {processor.py:179} INFO - Processing /home/airflow/.local/lib/python3.8/site-packages/airflow/example_dags/example_skip_dag.py took 0.032 seconds
[2023-11-10T18:53:41.258+0000] {processor.py:157} INFO - Started process (PID=2194) to work on /home/airflow/.local/lib/python3.8/site-packages/airflow/example_dags/example_skip_dag.py
[2023-11-10T18:53:41.259+0000] {processor.py:829} INFO - Processing file /home/airflow/.local/lib/python3.8/site-packages/airflow/example_dags/example_skip_dag.py for tasks to queue
[2023-11-10T18:53:41.259+0000] {logging_mixin.py:154} INFO - [2023-11-10T18:53:41.259+0000] {dagbag.py:536} INFO - Filling up the DagBag from /home/airflow/.local/lib/python3.8/site-packages/airflow/example_dags/example_skip_dag.py
[2023-11-10T18:53:41.263+0000] {processor.py:839} INFO - DAG(s) dict_keys(['example_skip_dag']) retrieved from /home/airflow/.local/lib/python3.8/site-packages/airflow/example_dags/example_skip_dag.py
[2023-11-10T18:53:41.272+0000] {logging_mixin.py:154} INFO - [2023-11-10T18:53:41.272+0000] {dag.py:2941} INFO - Sync 1 DAGs
[2023-11-10T18:53:41.281+0000] {logging_mixin.py:154} INFO - [2023-11-10T18:53:41.281+0000] {dag.py:3722} INFO - Setting next_dagrun for example_skip_dag to 2023-11-09T18:53:41.281251+00:00, run_after=2023-11-10T18:53:41.281251+00:00
[2023-11-10T18:53:41.287+0000] {processor.py:179} INFO - Processing /home/airflow/.local/lib/python3.8/site-packages/airflow/example_dags/example_skip_dag.py took 0.031 seconds
[2023-11-10T18:54:11.742+0000] {processor.py:157} INFO - Started process (PID=2434) to work on /home/airflow/.local/lib/python3.8/site-packages/airflow/example_dags/example_skip_dag.py
[2023-11-10T18:54:11.743+0000] {processor.py:829} INFO - Processing file /home/airflow/.local/lib/python3.8/site-packages/airflow/example_dags/example_skip_dag.py for tasks to queue
[2023-11-10T18:54:11.743+0000] {logging_mixin.py:154} INFO - [2023-11-10T18:54:11.743+0000] {dagbag.py:536} INFO - Filling up the DagBag from /home/airflow/.local/lib/python3.8/site-packages/airflow/example_dags/example_skip_dag.py
[2023-11-10T18:54:11.747+0000] {processor.py:839} INFO - DAG(s) dict_keys(['example_skip_dag']) retrieved from /home/airflow/.local/lib/python3.8/site-packages/airflow/example_dags/example_skip_dag.py
[2023-11-10T18:54:11.758+0000] {logging_mixin.py:154} INFO - [2023-11-10T18:54:11.758+0000] {dag.py:2941} INFO - Sync 1 DAGs
[2023-11-10T18:54:11.767+0000] {logging_mixin.py:154} INFO - [2023-11-10T18:54:11.767+0000] {dag.py:3722} INFO - Setting next_dagrun for example_skip_dag to 2023-11-09T18:54:11.767091+00:00, run_after=2023-11-10T18:54:11.767091+00:00
[2023-11-10T18:54:11.774+0000] {processor.py:179} INFO - Processing /home/airflow/.local/lib/python3.8/site-packages/airflow/example_dags/example_skip_dag.py took 0.034 seconds
[2023-11-10T18:54:42.223+0000] {processor.py:157} INFO - Started process (PID=2672) to work on /home/airflow/.local/lib/python3.8/site-packages/airflow/example_dags/example_skip_dag.py
[2023-11-10T18:54:42.223+0000] {processor.py:829} INFO - Processing file /home/airflow/.local/lib/python3.8/site-packages/airflow/example_dags/example_skip_dag.py for tasks to queue
[2023-11-10T18:54:42.224+0000] {logging_mixin.py:154} INFO - [2023-11-10T18:54:42.224+0000] {dagbag.py:536} INFO - Filling up the DagBag from /home/airflow/.local/lib/python3.8/site-packages/airflow/example_dags/example_skip_dag.py
[2023-11-10T18:54:42.228+0000] {processor.py:839} INFO - DAG(s) dict_keys(['example_skip_dag']) retrieved from /home/airflow/.local/lib/python3.8/site-packages/airflow/example_dags/example_skip_dag.py
[2023-11-10T18:54:42.237+0000] {logging_mixin.py:154} INFO - [2023-11-10T18:54:42.237+0000] {dag.py:2941} INFO - Sync 1 DAGs
[2023-11-10T18:54:42.246+0000] {logging_mixin.py:154} INFO - [2023-11-10T18:54:42.246+0000] {dag.py:3722} INFO - Setting next_dagrun for example_skip_dag to 2023-11-09T18:54:42.246568+00:00, run_after=2023-11-10T18:54:42.246568+00:00
[2023-11-10T18:54:42.253+0000] {processor.py:179} INFO - Processing /home/airflow/.local/lib/python3.8/site-packages/airflow/example_dags/example_skip_dag.py took 0.032 seconds
[2023-11-10T18:55:12.715+0000] {processor.py:157} INFO - Started process (PID=2910) to work on /home/airflow/.local/lib/python3.8/site-packages/airflow/example_dags/example_skip_dag.py
[2023-11-10T18:55:12.715+0000] {processor.py:829} INFO - Processing file /home/airflow/.local/lib/python3.8/site-packages/airflow/example_dags/example_skip_dag.py for tasks to queue
[2023-11-10T18:55:12.715+0000] {logging_mixin.py:154} INFO - [2023-11-10T18:55:12.715+0000] {dagbag.py:536} INFO - Filling up the DagBag from /home/airflow/.local/lib/python3.8/site-packages/airflow/example_dags/example_skip_dag.py
[2023-11-10T18:55:12.719+0000] {processor.py:839} INFO - DAG(s) dict_keys(['example_skip_dag']) retrieved from /home/airflow/.local/lib/python3.8/site-packages/airflow/example_dags/example_skip_dag.py
[2023-11-10T18:55:12.729+0000] {logging_mixin.py:154} INFO - [2023-11-10T18:55:12.729+0000] {dag.py:2941} INFO - Sync 1 DAGs
[2023-11-10T18:55:12.738+0000] {logging_mixin.py:154} INFO - [2023-11-10T18:55:12.738+0000] {dag.py:3722} INFO - Setting next_dagrun for example_skip_dag to 2023-11-09T18:55:12.738617+00:00, run_after=2023-11-10T18:55:12.738617+00:00
[2023-11-10T18:55:12.745+0000] {processor.py:179} INFO - Processing /home/airflow/.local/lib/python3.8/site-packages/airflow/example_dags/example_skip_dag.py took 0.032 seconds
[2023-11-10T18:55:43.287+0000] {processor.py:157} INFO - Started process (PID=3148) to work on /home/airflow/.local/lib/python3.8/site-packages/airflow/example_dags/example_skip_dag.py
[2023-11-10T18:55:43.287+0000] {processor.py:829} INFO - Processing file /home/airflow/.local/lib/python3.8/site-packages/airflow/example_dags/example_skip_dag.py for tasks to queue
[2023-11-10T18:55:43.287+0000] {logging_mixin.py:154} INFO - [2023-11-10T18:55:43.287+0000] {dagbag.py:536} INFO - Filling up the DagBag from /home/airflow/.local/lib/python3.8/site-packages/airflow/example_dags/example_skip_dag.py
[2023-11-10T18:55:43.291+0000] {processor.py:839} INFO - DAG(s) dict_keys(['example_skip_dag']) retrieved from /home/airflow/.local/lib/python3.8/site-packages/airflow/example_dags/example_skip_dag.py
[2023-11-10T18:55:43.301+0000] {logging_mixin.py:154} INFO - [2023-11-10T18:55:43.301+0000] {dag.py:2941} INFO - Sync 1 DAGs
[2023-11-10T18:55:43.309+0000] {logging_mixin.py:154} INFO - [2023-11-10T18:55:43.309+0000] {dag.py:3722} INFO - Setting next_dagrun for example_skip_dag to 2023-11-09T18:55:43.309641+00:00, run_after=2023-11-10T18:55:43.309641+00:00
[2023-11-10T18:55:43.316+0000] {processor.py:179} INFO - Processing /home/airflow/.local/lib/python3.8/site-packages/airflow/example_dags/example_skip_dag.py took 0.032 seconds
[2023-11-10T18:56:13.848+0000] {processor.py:157} INFO - Started process (PID=3386) to work on /home/airflow/.local/lib/python3.8/site-packages/airflow/example_dags/example_skip_dag.py
[2023-11-10T18:56:13.849+0000] {processor.py:829} INFO - Processing file /home/airflow/.local/lib/python3.8/site-packages/airflow/example_dags/example_skip_dag.py for tasks to queue
[2023-11-10T18:56:13.849+0000] {logging_mixin.py:154} INFO - [2023-11-10T18:56:13.849+0000] {dagbag.py:536} INFO - Filling up the DagBag from /home/airflow/.local/lib/python3.8/site-packages/airflow/example_dags/example_skip_dag.py
[2023-11-10T18:56:13.853+0000] {processor.py:839} INFO - DAG(s) dict_keys(['example_skip_dag']) retrieved from /home/airflow/.local/lib/python3.8/site-packages/airflow/example_dags/example_skip_dag.py
[2023-11-10T18:56:13.863+0000] {logging_mixin.py:154} INFO - [2023-11-10T18:56:13.863+0000] {dag.py:2941} INFO - Sync 1 DAGs
[2023-11-10T18:56:13.872+0000] {logging_mixin.py:154} INFO - [2023-11-10T18:56:13.872+0000] {dag.py:3722} INFO - Setting next_dagrun for example_skip_dag to 2023-11-09T18:56:13.871900+00:00, run_after=2023-11-10T18:56:13.871900+00:00
[2023-11-10T18:56:13.878+0000] {processor.py:179} INFO - Processing /home/airflow/.local/lib/python3.8/site-packages/airflow/example_dags/example_skip_dag.py took 0.032 seconds
[2023-11-10T18:56:44.388+0000] {processor.py:157} INFO - Started process (PID=3622) to work on /home/airflow/.local/lib/python3.8/site-packages/airflow/example_dags/example_skip_dag.py
[2023-11-10T18:56:44.388+0000] {processor.py:829} INFO - Processing file /home/airflow/.local/lib/python3.8/site-packages/airflow/example_dags/example_skip_dag.py for tasks to queue
[2023-11-10T18:56:44.388+0000] {logging_mixin.py:154} INFO - [2023-11-10T18:56:44.388+0000] {dagbag.py:536} INFO - Filling up the DagBag from /home/airflow/.local/lib/python3.8/site-packages/airflow/example_dags/example_skip_dag.py
[2023-11-10T18:56:44.392+0000] {processor.py:839} INFO - DAG(s) dict_keys(['example_skip_dag']) retrieved from /home/airflow/.local/lib/python3.8/site-packages/airflow/example_dags/example_skip_dag.py
[2023-11-10T18:56:44.403+0000] {logging_mixin.py:154} INFO - [2023-11-10T18:56:44.402+0000] {dag.py:2941} INFO - Sync 1 DAGs
[2023-11-10T18:56:44.412+0000] {logging_mixin.py:154} INFO - [2023-11-10T18:56:44.412+0000] {dag.py:3722} INFO - Setting next_dagrun for example_skip_dag to 2023-11-09T18:56:44.412367+00:00, run_after=2023-11-10T18:56:44.412367+00:00
[2023-11-10T18:56:44.419+0000] {processor.py:179} INFO - Processing /home/airflow/.local/lib/python3.8/site-packages/airflow/example_dags/example_skip_dag.py took 0.033 seconds
[2023-11-10T18:57:14.801+0000] {processor.py:157} INFO - Started process (PID=3860) to work on /home/airflow/.local/lib/python3.8/site-packages/airflow/example_dags/example_skip_dag.py
[2023-11-10T18:57:14.801+0000] {processor.py:829} INFO - Processing file /home/airflow/.local/lib/python3.8/site-packages/airflow/example_dags/example_skip_dag.py for tasks to queue
[2023-11-10T18:57:14.802+0000] {logging_mixin.py:154} INFO - [2023-11-10T18:57:14.802+0000] {dagbag.py:536} INFO - Filling up the DagBag from /home/airflow/.local/lib/python3.8/site-packages/airflow/example_dags/example_skip_dag.py
[2023-11-10T18:57:14.806+0000] {processor.py:839} INFO - DAG(s) dict_keys(['example_skip_dag']) retrieved from /home/airflow/.local/lib/python3.8/site-packages/airflow/example_dags/example_skip_dag.py
[2023-11-10T18:57:14.815+0000] {logging_mixin.py:154} INFO - [2023-11-10T18:57:14.815+0000] {dag.py:2941} INFO - Sync 1 DAGs
[2023-11-10T18:57:14.824+0000] {logging_mixin.py:154} INFO - [2023-11-10T18:57:14.824+0000] {dag.py:3722} INFO - Setting next_dagrun for example_skip_dag to 2023-11-09T18:57:14.824656+00:00, run_after=2023-11-10T18:57:14.824656+00:00
[2023-11-10T18:57:14.831+0000] {processor.py:179} INFO - Processing /home/airflow/.local/lib/python3.8/site-packages/airflow/example_dags/example_skip_dag.py took 0.032 seconds
[2023-11-10T18:57:45.252+0000] {processor.py:157} INFO - Started process (PID=4098) to work on /home/airflow/.local/lib/python3.8/site-packages/airflow/example_dags/example_skip_dag.py
[2023-11-10T18:57:45.253+0000] {processor.py:829} INFO - Processing file /home/airflow/.local/lib/python3.8/site-packages/airflow/example_dags/example_skip_dag.py for tasks to queue
[2023-11-10T18:57:45.253+0000] {logging_mixin.py:154} INFO - [2023-11-10T18:57:45.253+0000] {dagbag.py:536} INFO - Filling up the DagBag from /home/airflow/.local/lib/python3.8/site-packages/airflow/example_dags/example_skip_dag.py
[2023-11-10T18:57:45.257+0000] {processor.py:839} INFO - DAG(s) dict_keys(['example_skip_dag']) retrieved from /home/airflow/.local/lib/python3.8/site-packages/airflow/example_dags/example_skip_dag.py
[2023-11-10T18:57:45.267+0000] {logging_mixin.py:154} INFO - [2023-11-10T18:57:45.267+0000] {dag.py:2941} INFO - Sync 1 DAGs
[2023-11-10T18:57:45.277+0000] {logging_mixin.py:154} INFO - [2023-11-10T18:57:45.277+0000] {dag.py:3722} INFO - Setting next_dagrun for example_skip_dag to 2023-11-09T18:57:45.277029+00:00, run_after=2023-11-10T18:57:45.277029+00:00
[2023-11-10T18:57:45.284+0000] {processor.py:179} INFO - Processing /home/airflow/.local/lib/python3.8/site-packages/airflow/example_dags/example_skip_dag.py took 0.033 seconds
[2023-11-10T18:58:15.760+0000] {processor.py:157} INFO - Started process (PID=4338) to work on /home/airflow/.local/lib/python3.8/site-packages/airflow/example_dags/example_skip_dag.py
[2023-11-10T18:58:15.760+0000] {processor.py:829} INFO - Processing file /home/airflow/.local/lib/python3.8/site-packages/airflow/example_dags/example_skip_dag.py for tasks to queue
[2023-11-10T18:58:15.761+0000] {logging_mixin.py:154} INFO - [2023-11-10T18:58:15.761+0000] {dagbag.py:536} INFO - Filling up the DagBag from /home/airflow/.local/lib/python3.8/site-packages/airflow/example_dags/example_skip_dag.py
[2023-11-10T18:58:15.765+0000] {processor.py:839} INFO - DAG(s) dict_keys(['example_skip_dag']) retrieved from /home/airflow/.local/lib/python3.8/site-packages/airflow/example_dags/example_skip_dag.py
[2023-11-10T18:58:15.774+0000] {logging_mixin.py:154} INFO - [2023-11-10T18:58:15.774+0000] {dag.py:2941} INFO - Sync 1 DAGs
[2023-11-10T18:58:15.784+0000] {logging_mixin.py:154} INFO - [2023-11-10T18:58:15.784+0000] {dag.py:3722} INFO - Setting next_dagrun for example_skip_dag to 2023-11-09T18:58:15.784226+00:00, run_after=2023-11-10T18:58:15.784226+00:00
[2023-11-10T18:58:15.791+0000] {processor.py:179} INFO - Processing /home/airflow/.local/lib/python3.8/site-packages/airflow/example_dags/example_skip_dag.py took 0.033 seconds
[2023-11-10T18:58:46.314+0000] {processor.py:157} INFO - Started process (PID=4576) to work on /home/airflow/.local/lib/python3.8/site-packages/airflow/example_dags/example_skip_dag.py
[2023-11-10T18:58:46.316+0000] {processor.py:829} INFO - Processing file /home/airflow/.local/lib/python3.8/site-packages/airflow/example_dags/example_skip_dag.py for tasks to queue
[2023-11-10T18:58:46.316+0000] {logging_mixin.py:154} INFO - [2023-11-10T18:58:46.316+0000] {dagbag.py:536} INFO - Filling up the DagBag from /home/airflow/.local/lib/python3.8/site-packages/airflow/example_dags/example_skip_dag.py
[2023-11-10T18:58:46.322+0000] {processor.py:839} INFO - DAG(s) dict_keys(['example_skip_dag']) retrieved from /home/airflow/.local/lib/python3.8/site-packages/airflow/example_dags/example_skip_dag.py
[2023-11-10T18:58:46.334+0000] {logging_mixin.py:154} INFO - [2023-11-10T18:58:46.334+0000] {dag.py:2941} INFO - Sync 1 DAGs
[2023-11-10T18:58:46.343+0000] {logging_mixin.py:154} INFO - [2023-11-10T18:58:46.343+0000] {dag.py:3722} INFO - Setting next_dagrun for example_skip_dag to 2023-11-09T18:58:46.343190+00:00, run_after=2023-11-10T18:58:46.343190+00:00
[2023-11-10T18:58:46.350+0000] {processor.py:179} INFO - Processing /home/airflow/.local/lib/python3.8/site-packages/airflow/example_dags/example_skip_dag.py took 0.039 seconds
[2023-11-10T18:59:16.866+0000] {processor.py:157} INFO - Started process (PID=4814) to work on /home/airflow/.local/lib/python3.8/site-packages/airflow/example_dags/example_skip_dag.py
[2023-11-10T18:59:16.866+0000] {processor.py:829} INFO - Processing file /home/airflow/.local/lib/python3.8/site-packages/airflow/example_dags/example_skip_dag.py for tasks to queue
[2023-11-10T18:59:16.867+0000] {logging_mixin.py:154} INFO - [2023-11-10T18:59:16.867+0000] {dagbag.py:536} INFO - Filling up the DagBag from /home/airflow/.local/lib/python3.8/site-packages/airflow/example_dags/example_skip_dag.py
[2023-11-10T18:59:16.871+0000] {processor.py:839} INFO - DAG(s) dict_keys(['example_skip_dag']) retrieved from /home/airflow/.local/lib/python3.8/site-packages/airflow/example_dags/example_skip_dag.py
[2023-11-10T18:59:16.880+0000] {logging_mixin.py:154} INFO - [2023-11-10T18:59:16.880+0000] {dag.py:2941} INFO - Sync 1 DAGs
[2023-11-10T18:59:16.890+0000] {logging_mixin.py:154} INFO - [2023-11-10T18:59:16.890+0000] {dag.py:3722} INFO - Setting next_dagrun for example_skip_dag to 2023-11-09T18:59:16.889938+00:00, run_after=2023-11-10T18:59:16.889938+00:00
[2023-11-10T18:59:16.896+0000] {processor.py:179} INFO - Processing /home/airflow/.local/lib/python3.8/site-packages/airflow/example_dags/example_skip_dag.py took 0.032 seconds
[2023-11-10T18:59:47.391+0000] {processor.py:157} INFO - Started process (PID=5050) to work on /home/airflow/.local/lib/python3.8/site-packages/airflow/example_dags/example_skip_dag.py
[2023-11-10T18:59:47.391+0000] {processor.py:829} INFO - Processing file /home/airflow/.local/lib/python3.8/site-packages/airflow/example_dags/example_skip_dag.py for tasks to queue
[2023-11-10T18:59:47.392+0000] {logging_mixin.py:154} INFO - [2023-11-10T18:59:47.392+0000] {dagbag.py:536} INFO - Filling up the DagBag from /home/airflow/.local/lib/python3.8/site-packages/airflow/example_dags/example_skip_dag.py
[2023-11-10T18:59:47.396+0000] {processor.py:839} INFO - DAG(s) dict_keys(['example_skip_dag']) retrieved from /home/airflow/.local/lib/python3.8/site-packages/airflow/example_dags/example_skip_dag.py
[2023-11-10T18:59:47.406+0000] {logging_mixin.py:154} INFO - [2023-11-10T18:59:47.406+0000] {dag.py:2941} INFO - Sync 1 DAGs
[2023-11-10T18:59:47.415+0000] {logging_mixin.py:154} INFO - [2023-11-10T18:59:47.415+0000] {dag.py:3722} INFO - Setting next_dagrun for example_skip_dag to 2023-11-09T18:59:47.415384+00:00, run_after=2023-11-10T18:59:47.415384+00:00
[2023-11-10T18:59:47.422+0000] {processor.py:179} INFO - Processing /home/airflow/.local/lib/python3.8/site-packages/airflow/example_dags/example_skip_dag.py took 0.033 seconds
[2023-11-10T19:00:17.913+0000] {processor.py:157} INFO - Started process (PID=5290) to work on /home/airflow/.local/lib/python3.8/site-packages/airflow/example_dags/example_skip_dag.py
[2023-11-10T19:00:17.913+0000] {processor.py:829} INFO - Processing file /home/airflow/.local/lib/python3.8/site-packages/airflow/example_dags/example_skip_dag.py for tasks to queue
[2023-11-10T19:00:17.913+0000] {logging_mixin.py:154} INFO - [2023-11-10T19:00:17.913+0000] {dagbag.py:536} INFO - Filling up the DagBag from /home/airflow/.local/lib/python3.8/site-packages/airflow/example_dags/example_skip_dag.py
[2023-11-10T19:00:17.917+0000] {processor.py:839} INFO - DAG(s) dict_keys(['example_skip_dag']) retrieved from /home/airflow/.local/lib/python3.8/site-packages/airflow/example_dags/example_skip_dag.py
[2023-11-10T19:00:17.929+0000] {logging_mixin.py:154} INFO - [2023-11-10T19:00:17.929+0000] {dag.py:2941} INFO - Sync 1 DAGs
[2023-11-10T19:00:17.939+0000] {logging_mixin.py:154} INFO - [2023-11-10T19:00:17.939+0000] {dag.py:3722} INFO - Setting next_dagrun for example_skip_dag to 2023-11-09T19:00:17.939055+00:00, run_after=2023-11-10T19:00:17.939055+00:00
[2023-11-10T19:00:17.947+0000] {processor.py:179} INFO - Processing /home/airflow/.local/lib/python3.8/site-packages/airflow/example_dags/example_skip_dag.py took 0.036 seconds
[2023-11-10T19:00:48.468+0000] {processor.py:157} INFO - Started process (PID=5528) to work on /home/airflow/.local/lib/python3.8/site-packages/airflow/example_dags/example_skip_dag.py
[2023-11-10T19:00:48.468+0000] {processor.py:829} INFO - Processing file /home/airflow/.local/lib/python3.8/site-packages/airflow/example_dags/example_skip_dag.py for tasks to queue
[2023-11-10T19:00:48.469+0000] {logging_mixin.py:154} INFO - [2023-11-10T19:00:48.469+0000] {dagbag.py:536} INFO - Filling up the DagBag from /home/airflow/.local/lib/python3.8/site-packages/airflow/example_dags/example_skip_dag.py
[2023-11-10T19:00:48.473+0000] {processor.py:839} INFO - DAG(s) dict_keys(['example_skip_dag']) retrieved from /home/airflow/.local/lib/python3.8/site-packages/airflow/example_dags/example_skip_dag.py
[2023-11-10T19:00:48.483+0000] {logging_mixin.py:154} INFO - [2023-11-10T19:00:48.482+0000] {dag.py:2941} INFO - Sync 1 DAGs
[2023-11-10T19:00:48.492+0000] {logging_mixin.py:154} INFO - [2023-11-10T19:00:48.492+0000] {dag.py:3722} INFO - Setting next_dagrun for example_skip_dag to 2023-11-09T19:00:48.492139+00:00, run_after=2023-11-10T19:00:48.492139+00:00
[2023-11-10T19:00:48.499+0000] {processor.py:179} INFO - Processing /home/airflow/.local/lib/python3.8/site-packages/airflow/example_dags/example_skip_dag.py took 0.033 seconds
[2023-11-10T19:01:18.914+0000] {processor.py:157} INFO - Started process (PID=5764) to work on /home/airflow/.local/lib/python3.8/site-packages/airflow/example_dags/example_skip_dag.py
[2023-11-10T19:01:18.914+0000] {processor.py:829} INFO - Processing file /home/airflow/.local/lib/python3.8/site-packages/airflow/example_dags/example_skip_dag.py for tasks to queue
[2023-11-10T19:01:18.915+0000] {logging_mixin.py:154} INFO - [2023-11-10T19:01:18.915+0000] {dagbag.py:536} INFO - Filling up the DagBag from /home/airflow/.local/lib/python3.8/site-packages/airflow/example_dags/example_skip_dag.py
[2023-11-10T19:01:18.919+0000] {processor.py:839} INFO - DAG(s) dict_keys(['example_skip_dag']) retrieved from /home/airflow/.local/lib/python3.8/site-packages/airflow/example_dags/example_skip_dag.py
[2023-11-10T19:01:18.929+0000] {logging_mixin.py:154} INFO - [2023-11-10T19:01:18.929+0000] {dag.py:2941} INFO - Sync 1 DAGs
[2023-11-10T19:01:18.939+0000] {logging_mixin.py:154} INFO - [2023-11-10T19:01:18.939+0000] {dag.py:3722} INFO - Setting next_dagrun for example_skip_dag to 2023-11-09T19:01:18.939361+00:00, run_after=2023-11-10T19:01:18.939361+00:00
[2023-11-10T19:01:18.946+0000] {processor.py:179} INFO - Processing /home/airflow/.local/lib/python3.8/site-packages/airflow/example_dags/example_skip_dag.py took 0.034 seconds
[2023-11-10T19:01:49.339+0000] {processor.py:157} INFO - Started process (PID=6004) to work on /home/airflow/.local/lib/python3.8/site-packages/airflow/example_dags/example_skip_dag.py
[2023-11-10T19:01:49.339+0000] {processor.py:829} INFO - Processing file /home/airflow/.local/lib/python3.8/site-packages/airflow/example_dags/example_skip_dag.py for tasks to queue
[2023-11-10T19:01:49.340+0000] {logging_mixin.py:154} INFO - [2023-11-10T19:01:49.340+0000] {dagbag.py:536} INFO - Filling up the DagBag from /home/airflow/.local/lib/python3.8/site-packages/airflow/example_dags/example_skip_dag.py
[2023-11-10T19:01:49.344+0000] {processor.py:839} INFO - DAG(s) dict_keys(['example_skip_dag']) retrieved from /home/airflow/.local/lib/python3.8/site-packages/airflow/example_dags/example_skip_dag.py
[2023-11-10T19:01:49.354+0000] {logging_mixin.py:154} INFO - [2023-11-10T19:01:49.354+0000] {dag.py:2941} INFO - Sync 1 DAGs
[2023-11-10T19:01:49.364+0000] {logging_mixin.py:154} INFO - [2023-11-10T19:01:49.364+0000] {dag.py:3722} INFO - Setting next_dagrun for example_skip_dag to 2023-11-09T19:01:49.364142+00:00, run_after=2023-11-10T19:01:49.364142+00:00
[2023-11-10T19:01:49.371+0000] {processor.py:179} INFO - Processing /home/airflow/.local/lib/python3.8/site-packages/airflow/example_dags/example_skip_dag.py took 0.034 seconds
[2023-11-10T19:02:19.781+0000] {processor.py:157} INFO - Started process (PID=6242) to work on /home/airflow/.local/lib/python3.8/site-packages/airflow/example_dags/example_skip_dag.py
[2023-11-10T19:02:19.781+0000] {processor.py:829} INFO - Processing file /home/airflow/.local/lib/python3.8/site-packages/airflow/example_dags/example_skip_dag.py for tasks to queue
[2023-11-10T19:02:19.782+0000] {logging_mixin.py:154} INFO - [2023-11-10T19:02:19.782+0000] {dagbag.py:536} INFO - Filling up the DagBag from /home/airflow/.local/lib/python3.8/site-packages/airflow/example_dags/example_skip_dag.py
[2023-11-10T19:02:19.786+0000] {processor.py:839} INFO - DAG(s) dict_keys(['example_skip_dag']) retrieved from /home/airflow/.local/lib/python3.8/site-packages/airflow/example_dags/example_skip_dag.py
[2023-11-10T19:02:19.797+0000] {logging_mixin.py:154} INFO - [2023-11-10T19:02:19.797+0000] {dag.py:2941} INFO - Sync 1 DAGs
[2023-11-10T19:02:19.807+0000] {logging_mixin.py:154} INFO - [2023-11-10T19:02:19.807+0000] {dag.py:3722} INFO - Setting next_dagrun for example_skip_dag to 2023-11-09T19:02:19.807691+00:00, run_after=2023-11-10T19:02:19.807691+00:00
[2023-11-10T19:02:19.815+0000] {processor.py:179} INFO - Processing /home/airflow/.local/lib/python3.8/site-packages/airflow/example_dags/example_skip_dag.py took 0.036 seconds
[2023-11-10T19:02:50.301+0000] {processor.py:157} INFO - Started process (PID=6480) to work on /home/airflow/.local/lib/python3.8/site-packages/airflow/example_dags/example_skip_dag.py
[2023-11-10T19:02:50.301+0000] {processor.py:829} INFO - Processing file /home/airflow/.local/lib/python3.8/site-packages/airflow/example_dags/example_skip_dag.py for tasks to queue
[2023-11-10T19:02:50.302+0000] {logging_mixin.py:154} INFO - [2023-11-10T19:02:50.302+0000] {dagbag.py:536} INFO - Filling up the DagBag from /home/airflow/.local/lib/python3.8/site-packages/airflow/example_dags/example_skip_dag.py
[2023-11-10T19:02:50.306+0000] {processor.py:839} INFO - DAG(s) dict_keys(['example_skip_dag']) retrieved from /home/airflow/.local/lib/python3.8/site-packages/airflow/example_dags/example_skip_dag.py
[2023-11-10T19:02:50.316+0000] {logging_mixin.py:154} INFO - [2023-11-10T19:02:50.316+0000] {dag.py:2941} INFO - Sync 1 DAGs
[2023-11-10T19:02:50.326+0000] {logging_mixin.py:154} INFO - [2023-11-10T19:02:50.326+0000] {dag.py:3722} INFO - Setting next_dagrun for example_skip_dag to 2023-11-09T19:02:50.326226+00:00, run_after=2023-11-10T19:02:50.326226+00:00
[2023-11-10T19:02:50.333+0000] {processor.py:179} INFO - Processing /home/airflow/.local/lib/python3.8/site-packages/airflow/example_dags/example_skip_dag.py took 0.034 seconds
[2023-11-10T19:03:20.932+0000] {processor.py:157} INFO - Started process (PID=6760) to work on /home/airflow/.local/lib/python3.8/site-packages/airflow/example_dags/example_skip_dag.py
[2023-11-10T19:03:20.933+0000] {processor.py:829} INFO - Processing file /home/airflow/.local/lib/python3.8/site-packages/airflow/example_dags/example_skip_dag.py for tasks to queue
[2023-11-10T19:03:20.933+0000] {logging_mixin.py:154} INFO - [2023-11-10T19:03:20.933+0000] {dagbag.py:536} INFO - Filling up the DagBag from /home/airflow/.local/lib/python3.8/site-packages/airflow/example_dags/example_skip_dag.py
[2023-11-10T19:03:20.938+0000] {processor.py:839} INFO - DAG(s) dict_keys(['example_skip_dag']) retrieved from /home/airflow/.local/lib/python3.8/site-packages/airflow/example_dags/example_skip_dag.py
[2023-11-10T19:03:20.950+0000] {logging_mixin.py:154} INFO - [2023-11-10T19:03:20.950+0000] {dag.py:2941} INFO - Sync 1 DAGs
[2023-11-10T19:03:20.962+0000] {logging_mixin.py:154} INFO - [2023-11-10T19:03:20.962+0000] {dag.py:3722} INFO - Setting next_dagrun for example_skip_dag to 2023-11-09T19:03:20.962343+00:00, run_after=2023-11-10T19:03:20.962343+00:00
[2023-11-10T19:03:20.973+0000] {processor.py:179} INFO - Processing /home/airflow/.local/lib/python3.8/site-packages/airflow/example_dags/example_skip_dag.py took 0.043 seconds
