[2023-11-10T18:49:37.486+0000] {processor.py:157} INFO - Started process (PID=310) to work on /home/airflow/.local/lib/python3.8/site-packages/airflow/example_dags/example_short_circuit_decorator.py
[2023-11-10T18:49:37.486+0000] {processor.py:829} INFO - Processing file /home/airflow/.local/lib/python3.8/site-packages/airflow/example_dags/example_short_circuit_decorator.py for tasks to queue
[2023-11-10T18:49:37.487+0000] {logging_mixin.py:154} INFO - [2023-11-10T18:49:37.487+0000] {dagbag.py:536} INFO - Filling up the DagBag from /home/airflow/.local/lib/python3.8/site-packages/airflow/example_dags/example_short_circuit_decorator.py
[2023-11-10T18:49:37.492+0000] {processor.py:839} INFO - DAG(s) dict_keys(['example_short_circuit_decorator']) retrieved from /home/airflow/.local/lib/python3.8/site-packages/airflow/example_dags/example_short_circuit_decorator.py
[2023-11-10T18:49:37.498+0000] {logging_mixin.py:154} INFO - [2023-11-10T18:49:37.498+0000] {dag.py:2941} INFO - Sync 1 DAGs
[2023-11-10T18:49:37.509+0000] {logging_mixin.py:154} INFO - [2023-11-10T18:49:37.509+0000] {dag.py:3722} INFO - Setting next_dagrun for example_short_circuit_decorator to 2023-11-09T18:49:37.508915+00:00, run_after=2023-11-10T18:49:37.508915+00:00
[2023-11-10T18:49:37.516+0000] {processor.py:179} INFO - Processing /home/airflow/.local/lib/python3.8/site-packages/airflow/example_dags/example_short_circuit_decorator.py took 0.032 seconds
[2023-11-10T18:50:07.823+0000] {processor.py:157} INFO - Started process (PID=548) to work on /home/airflow/.local/lib/python3.8/site-packages/airflow/example_dags/example_short_circuit_decorator.py
[2023-11-10T18:50:07.823+0000] {processor.py:829} INFO - Processing file /home/airflow/.local/lib/python3.8/site-packages/airflow/example_dags/example_short_circuit_decorator.py for tasks to queue
[2023-11-10T18:50:07.823+0000] {logging_mixin.py:154} INFO - [2023-11-10T18:50:07.823+0000] {dagbag.py:536} INFO - Filling up the DagBag from /home/airflow/.local/lib/python3.8/site-packages/airflow/example_dags/example_short_circuit_decorator.py
[2023-11-10T18:50:07.828+0000] {processor.py:839} INFO - DAG(s) dict_keys(['example_short_circuit_decorator']) retrieved from /home/airflow/.local/lib/python3.8/site-packages/airflow/example_dags/example_short_circuit_decorator.py
[2023-11-10T18:50:07.839+0000] {logging_mixin.py:154} INFO - [2023-11-10T18:50:07.839+0000] {dag.py:2941} INFO - Sync 1 DAGs
[2023-11-10T18:50:07.848+0000] {logging_mixin.py:154} INFO - [2023-11-10T18:50:07.848+0000] {dag.py:3722} INFO - Setting next_dagrun for example_short_circuit_decorator to 2023-11-09T18:50:07.848251+00:00, run_after=2023-11-10T18:50:07.848251+00:00
[2023-11-10T18:50:07.855+0000] {processor.py:179} INFO - Processing /home/airflow/.local/lib/python3.8/site-packages/airflow/example_dags/example_short_circuit_decorator.py took 0.034 seconds
[2023-11-10T18:50:38.341+0000] {processor.py:157} INFO - Started process (PID=788) to work on /home/airflow/.local/lib/python3.8/site-packages/airflow/example_dags/example_short_circuit_decorator.py
[2023-11-10T18:50:38.342+0000] {processor.py:829} INFO - Processing file /home/airflow/.local/lib/python3.8/site-packages/airflow/example_dags/example_short_circuit_decorator.py for tasks to queue
[2023-11-10T18:50:38.342+0000] {logging_mixin.py:154} INFO - [2023-11-10T18:50:38.342+0000] {dagbag.py:536} INFO - Filling up the DagBag from /home/airflow/.local/lib/python3.8/site-packages/airflow/example_dags/example_short_circuit_decorator.py
[2023-11-10T18:50:38.347+0000] {processor.py:839} INFO - DAG(s) dict_keys(['example_short_circuit_decorator']) retrieved from /home/airflow/.local/lib/python3.8/site-packages/airflow/example_dags/example_short_circuit_decorator.py
[2023-11-10T18:50:38.358+0000] {logging_mixin.py:154} INFO - [2023-11-10T18:50:38.358+0000] {dag.py:2941} INFO - Sync 1 DAGs
[2023-11-10T18:50:38.367+0000] {logging_mixin.py:154} INFO - [2023-11-10T18:50:38.367+0000] {dag.py:3722} INFO - Setting next_dagrun for example_short_circuit_decorator to 2023-11-09T18:50:38.367709+00:00, run_after=2023-11-10T18:50:38.367709+00:00
[2023-11-10T18:50:38.375+0000] {processor.py:179} INFO - Processing /home/airflow/.local/lib/python3.8/site-packages/airflow/example_dags/example_short_circuit_decorator.py took 0.036 seconds
[2023-11-10T18:51:08.877+0000] {processor.py:157} INFO - Started process (PID=1024) to work on /home/airflow/.local/lib/python3.8/site-packages/airflow/example_dags/example_short_circuit_decorator.py
[2023-11-10T18:51:08.878+0000] {processor.py:829} INFO - Processing file /home/airflow/.local/lib/python3.8/site-packages/airflow/example_dags/example_short_circuit_decorator.py for tasks to queue
[2023-11-10T18:51:08.878+0000] {logging_mixin.py:154} INFO - [2023-11-10T18:51:08.878+0000] {dagbag.py:536} INFO - Filling up the DagBag from /home/airflow/.local/lib/python3.8/site-packages/airflow/example_dags/example_short_circuit_decorator.py
[2023-11-10T18:51:08.883+0000] {processor.py:839} INFO - DAG(s) dict_keys(['example_short_circuit_decorator']) retrieved from /home/airflow/.local/lib/python3.8/site-packages/airflow/example_dags/example_short_circuit_decorator.py
[2023-11-10T18:51:08.895+0000] {logging_mixin.py:154} INFO - [2023-11-10T18:51:08.895+0000] {dag.py:2941} INFO - Sync 1 DAGs
[2023-11-10T18:51:08.905+0000] {logging_mixin.py:154} INFO - [2023-11-10T18:51:08.904+0000] {dag.py:3722} INFO - Setting next_dagrun for example_short_circuit_decorator to 2023-11-09T18:51:08.904843+00:00, run_after=2023-11-10T18:51:08.904843+00:00
[2023-11-10T18:51:08.912+0000] {processor.py:179} INFO - Processing /home/airflow/.local/lib/python3.8/site-packages/airflow/example_dags/example_short_circuit_decorator.py took 0.036 seconds
[2023-11-10T18:51:39.370+0000] {processor.py:157} INFO - Started process (PID=1264) to work on /home/airflow/.local/lib/python3.8/site-packages/airflow/example_dags/example_short_circuit_decorator.py
[2023-11-10T18:51:39.370+0000] {processor.py:829} INFO - Processing file /home/airflow/.local/lib/python3.8/site-packages/airflow/example_dags/example_short_circuit_decorator.py for tasks to queue
[2023-11-10T18:51:39.371+0000] {logging_mixin.py:154} INFO - [2023-11-10T18:51:39.371+0000] {dagbag.py:536} INFO - Filling up the DagBag from /home/airflow/.local/lib/python3.8/site-packages/airflow/example_dags/example_short_circuit_decorator.py
[2023-11-10T18:51:39.376+0000] {processor.py:839} INFO - DAG(s) dict_keys(['example_short_circuit_decorator']) retrieved from /home/airflow/.local/lib/python3.8/site-packages/airflow/example_dags/example_short_circuit_decorator.py
[2023-11-10T18:51:39.386+0000] {logging_mixin.py:154} INFO - [2023-11-10T18:51:39.386+0000] {dag.py:2941} INFO - Sync 1 DAGs
[2023-11-10T18:51:39.395+0000] {logging_mixin.py:154} INFO - [2023-11-10T18:51:39.395+0000] {dag.py:3722} INFO - Setting next_dagrun for example_short_circuit_decorator to 2023-11-09T18:51:39.395287+00:00, run_after=2023-11-10T18:51:39.395287+00:00
[2023-11-10T18:51:39.402+0000] {processor.py:179} INFO - Processing /home/airflow/.local/lib/python3.8/site-packages/airflow/example_dags/example_short_circuit_decorator.py took 0.034 seconds
[2023-11-10T18:52:09.882+0000] {processor.py:157} INFO - Started process (PID=1502) to work on /home/airflow/.local/lib/python3.8/site-packages/airflow/example_dags/example_short_circuit_decorator.py
[2023-11-10T18:52:09.883+0000] {processor.py:829} INFO - Processing file /home/airflow/.local/lib/python3.8/site-packages/airflow/example_dags/example_short_circuit_decorator.py for tasks to queue
[2023-11-10T18:52:09.883+0000] {logging_mixin.py:154} INFO - [2023-11-10T18:52:09.883+0000] {dagbag.py:536} INFO - Filling up the DagBag from /home/airflow/.local/lib/python3.8/site-packages/airflow/example_dags/example_short_circuit_decorator.py
[2023-11-10T18:52:09.889+0000] {processor.py:839} INFO - DAG(s) dict_keys(['example_short_circuit_decorator']) retrieved from /home/airflow/.local/lib/python3.8/site-packages/airflow/example_dags/example_short_circuit_decorator.py
[2023-11-10T18:52:09.900+0000] {logging_mixin.py:154} INFO - [2023-11-10T18:52:09.900+0000] {dag.py:2941} INFO - Sync 1 DAGs
[2023-11-10T18:52:09.909+0000] {logging_mixin.py:154} INFO - [2023-11-10T18:52:09.909+0000] {dag.py:3722} INFO - Setting next_dagrun for example_short_circuit_decorator to 2023-11-09T18:52:09.909510+00:00, run_after=2023-11-10T18:52:09.909510+00:00
[2023-11-10T18:52:09.917+0000] {processor.py:179} INFO - Processing /home/airflow/.local/lib/python3.8/site-packages/airflow/example_dags/example_short_circuit_decorator.py took 0.036 seconds
[2023-11-10T18:52:40.367+0000] {processor.py:157} INFO - Started process (PID=1739) to work on /home/airflow/.local/lib/python3.8/site-packages/airflow/example_dags/example_short_circuit_decorator.py
[2023-11-10T18:52:40.367+0000] {processor.py:829} INFO - Processing file /home/airflow/.local/lib/python3.8/site-packages/airflow/example_dags/example_short_circuit_decorator.py for tasks to queue
[2023-11-10T18:52:40.368+0000] {logging_mixin.py:154} INFO - [2023-11-10T18:52:40.368+0000] {dagbag.py:536} INFO - Filling up the DagBag from /home/airflow/.local/lib/python3.8/site-packages/airflow/example_dags/example_short_circuit_decorator.py
[2023-11-10T18:52:40.373+0000] {processor.py:839} INFO - DAG(s) dict_keys(['example_short_circuit_decorator']) retrieved from /home/airflow/.local/lib/python3.8/site-packages/airflow/example_dags/example_short_circuit_decorator.py
[2023-11-10T18:52:40.383+0000] {logging_mixin.py:154} INFO - [2023-11-10T18:52:40.383+0000] {dag.py:2941} INFO - Sync 1 DAGs
[2023-11-10T18:52:40.393+0000] {logging_mixin.py:154} INFO - [2023-11-10T18:52:40.393+0000] {dag.py:3722} INFO - Setting next_dagrun for example_short_circuit_decorator to 2023-11-09T18:52:40.393590+00:00, run_after=2023-11-10T18:52:40.393590+00:00
[2023-11-10T18:52:40.401+0000] {processor.py:179} INFO - Processing /home/airflow/.local/lib/python3.8/site-packages/airflow/example_dags/example_short_circuit_decorator.py took 0.036 seconds
