[2023-11-10T18:49:36.878+0000] {processor.py:157} INFO - Started process (PID=205) to work on /home/airflow/.local/lib/python3.8/site-packages/airflow/example_dags/example_nested_branch_dag.py
[2023-11-10T18:49:36.879+0000] {processor.py:829} INFO - Processing file /home/airflow/.local/lib/python3.8/site-packages/airflow/example_dags/example_nested_branch_dag.py for tasks to queue
[2023-11-10T18:49:36.880+0000] {logging_mixin.py:154} INFO - [2023-11-10T18:49:36.879+0000] {dagbag.py:536} INFO - Filling up the DagBag from /home/airflow/.local/lib/python3.8/site-packages/airflow/example_dags/example_nested_branch_dag.py
[2023-11-10T18:49:36.888+0000] {processor.py:839} INFO - DAG(s) dict_keys(['example_nested_branch_dag']) retrieved from /home/airflow/.local/lib/python3.8/site-packages/airflow/example_dags/example_nested_branch_dag.py
[2023-11-10T18:49:36.894+0000] {logging_mixin.py:154} INFO - [2023-11-10T18:49:36.894+0000] {dag.py:2941} INFO - Sync 1 DAGs
[2023-11-10T18:49:36.906+0000] {logging_mixin.py:154} INFO - [2023-11-10T18:49:36.906+0000] {dag.py:3722} INFO - Setting next_dagrun for example_nested_branch_dag to 2023-11-09T00:00:00+00:00, run_after=2023-11-10T00:00:00+00:00
[2023-11-10T18:49:36.914+0000] {processor.py:179} INFO - Processing /home/airflow/.local/lib/python3.8/site-packages/airflow/example_dags/example_nested_branch_dag.py took 0.038 seconds
[2023-11-10T18:50:07.311+0000] {processor.py:157} INFO - Started process (PID=443) to work on /home/airflow/.local/lib/python3.8/site-packages/airflow/example_dags/example_nested_branch_dag.py
[2023-11-10T18:50:07.311+0000] {processor.py:829} INFO - Processing file /home/airflow/.local/lib/python3.8/site-packages/airflow/example_dags/example_nested_branch_dag.py for tasks to queue
[2023-11-10T18:50:07.312+0000] {logging_mixin.py:154} INFO - [2023-11-10T18:50:07.312+0000] {dagbag.py:536} INFO - Filling up the DagBag from /home/airflow/.local/lib/python3.8/site-packages/airflow/example_dags/example_nested_branch_dag.py
[2023-11-10T18:50:07.317+0000] {processor.py:839} INFO - DAG(s) dict_keys(['example_nested_branch_dag']) retrieved from /home/airflow/.local/lib/python3.8/site-packages/airflow/example_dags/example_nested_branch_dag.py
[2023-11-10T18:50:07.328+0000] {logging_mixin.py:154} INFO - [2023-11-10T18:50:07.327+0000] {dag.py:2941} INFO - Sync 1 DAGs
[2023-11-10T18:50:07.338+0000] {logging_mixin.py:154} INFO - [2023-11-10T18:50:07.338+0000] {dag.py:3722} INFO - Setting next_dagrun for example_nested_branch_dag to 2023-11-09T00:00:00+00:00, run_after=2023-11-10T00:00:00+00:00
[2023-11-10T18:50:07.345+0000] {processor.py:179} INFO - Processing /home/airflow/.local/lib/python3.8/site-packages/airflow/example_dags/example_nested_branch_dag.py took 0.036 seconds
[2023-11-10T18:50:37.777+0000] {processor.py:157} INFO - Started process (PID=681) to work on /home/airflow/.local/lib/python3.8/site-packages/airflow/example_dags/example_nested_branch_dag.py
[2023-11-10T18:50:37.778+0000] {processor.py:829} INFO - Processing file /home/airflow/.local/lib/python3.8/site-packages/airflow/example_dags/example_nested_branch_dag.py for tasks to queue
[2023-11-10T18:50:37.778+0000] {logging_mixin.py:154} INFO - [2023-11-10T18:50:37.778+0000] {dagbag.py:536} INFO - Filling up the DagBag from /home/airflow/.local/lib/python3.8/site-packages/airflow/example_dags/example_nested_branch_dag.py
[2023-11-10T18:50:37.783+0000] {processor.py:839} INFO - DAG(s) dict_keys(['example_nested_branch_dag']) retrieved from /home/airflow/.local/lib/python3.8/site-packages/airflow/example_dags/example_nested_branch_dag.py
[2023-11-10T18:50:37.794+0000] {logging_mixin.py:154} INFO - [2023-11-10T18:50:37.794+0000] {dag.py:2941} INFO - Sync 1 DAGs
[2023-11-10T18:50:37.804+0000] {logging_mixin.py:154} INFO - [2023-11-10T18:50:37.804+0000] {dag.py:3722} INFO - Setting next_dagrun for example_nested_branch_dag to 2023-11-09T00:00:00+00:00, run_after=2023-11-10T00:00:00+00:00
[2023-11-10T18:50:37.811+0000] {processor.py:179} INFO - Processing /home/airflow/.local/lib/python3.8/site-packages/airflow/example_dags/example_nested_branch_dag.py took 0.035 seconds
[2023-11-10T18:51:08.309+0000] {processor.py:157} INFO - Started process (PID=919) to work on /home/airflow/.local/lib/python3.8/site-packages/airflow/example_dags/example_nested_branch_dag.py
[2023-11-10T18:51:08.310+0000] {processor.py:829} INFO - Processing file /home/airflow/.local/lib/python3.8/site-packages/airflow/example_dags/example_nested_branch_dag.py for tasks to queue
[2023-11-10T18:51:08.311+0000] {logging_mixin.py:154} INFO - [2023-11-10T18:51:08.310+0000] {dagbag.py:536} INFO - Filling up the DagBag from /home/airflow/.local/lib/python3.8/site-packages/airflow/example_dags/example_nested_branch_dag.py
[2023-11-10T18:51:08.316+0000] {processor.py:839} INFO - DAG(s) dict_keys(['example_nested_branch_dag']) retrieved from /home/airflow/.local/lib/python3.8/site-packages/airflow/example_dags/example_nested_branch_dag.py
[2023-11-10T18:51:08.327+0000] {logging_mixin.py:154} INFO - [2023-11-10T18:51:08.327+0000] {dag.py:2941} INFO - Sync 1 DAGs
[2023-11-10T18:51:08.339+0000] {logging_mixin.py:154} INFO - [2023-11-10T18:51:08.338+0000] {dag.py:3722} INFO - Setting next_dagrun for example_nested_branch_dag to 2023-11-09T00:00:00+00:00, run_after=2023-11-10T00:00:00+00:00
[2023-11-10T18:51:08.347+0000] {processor.py:179} INFO - Processing /home/airflow/.local/lib/python3.8/site-packages/airflow/example_dags/example_nested_branch_dag.py took 0.040 seconds
[2023-11-10T18:51:38.831+0000] {processor.py:157} INFO - Started process (PID=1157) to work on /home/airflow/.local/lib/python3.8/site-packages/airflow/example_dags/example_nested_branch_dag.py
[2023-11-10T18:51:38.831+0000] {processor.py:829} INFO - Processing file /home/airflow/.local/lib/python3.8/site-packages/airflow/example_dags/example_nested_branch_dag.py for tasks to queue
[2023-11-10T18:51:38.832+0000] {logging_mixin.py:154} INFO - [2023-11-10T18:51:38.832+0000] {dagbag.py:536} INFO - Filling up the DagBag from /home/airflow/.local/lib/python3.8/site-packages/airflow/example_dags/example_nested_branch_dag.py
[2023-11-10T18:51:38.837+0000] {processor.py:839} INFO - DAG(s) dict_keys(['example_nested_branch_dag']) retrieved from /home/airflow/.local/lib/python3.8/site-packages/airflow/example_dags/example_nested_branch_dag.py
[2023-11-10T18:51:38.847+0000] {logging_mixin.py:154} INFO - [2023-11-10T18:51:38.847+0000] {dag.py:2941} INFO - Sync 1 DAGs
[2023-11-10T18:51:38.857+0000] {logging_mixin.py:154} INFO - [2023-11-10T18:51:38.857+0000] {dag.py:3722} INFO - Setting next_dagrun for example_nested_branch_dag to 2023-11-09T00:00:00+00:00, run_after=2023-11-10T00:00:00+00:00
[2023-11-10T18:51:38.865+0000] {processor.py:179} INFO - Processing /home/airflow/.local/lib/python3.8/site-packages/airflow/example_dags/example_nested_branch_dag.py took 0.036 seconds
[2023-11-10T18:52:09.245+0000] {processor.py:157} INFO - Started process (PID=1395) to work on /home/airflow/.local/lib/python3.8/site-packages/airflow/example_dags/example_nested_branch_dag.py
[2023-11-10T18:52:09.245+0000] {processor.py:829} INFO - Processing file /home/airflow/.local/lib/python3.8/site-packages/airflow/example_dags/example_nested_branch_dag.py for tasks to queue
[2023-11-10T18:52:09.246+0000] {logging_mixin.py:154} INFO - [2023-11-10T18:52:09.245+0000] {dagbag.py:536} INFO - Filling up the DagBag from /home/airflow/.local/lib/python3.8/site-packages/airflow/example_dags/example_nested_branch_dag.py
[2023-11-10T18:52:09.251+0000] {processor.py:839} INFO - DAG(s) dict_keys(['example_nested_branch_dag']) retrieved from /home/airflow/.local/lib/python3.8/site-packages/airflow/example_dags/example_nested_branch_dag.py
[2023-11-10T18:52:09.261+0000] {logging_mixin.py:154} INFO - [2023-11-10T18:52:09.261+0000] {dag.py:2941} INFO - Sync 1 DAGs
[2023-11-10T18:52:09.271+0000] {logging_mixin.py:154} INFO - [2023-11-10T18:52:09.271+0000] {dag.py:3722} INFO - Setting next_dagrun for example_nested_branch_dag to 2023-11-09T00:00:00+00:00, run_after=2023-11-10T00:00:00+00:00
[2023-11-10T18:52:09.278+0000] {processor.py:179} INFO - Processing /home/airflow/.local/lib/python3.8/site-packages/airflow/example_dags/example_nested_branch_dag.py took 0.035 seconds
[2023-11-10T18:52:39.806+0000] {processor.py:157} INFO - Started process (PID=1633) to work on /home/airflow/.local/lib/python3.8/site-packages/airflow/example_dags/example_nested_branch_dag.py
[2023-11-10T18:52:39.806+0000] {processor.py:829} INFO - Processing file /home/airflow/.local/lib/python3.8/site-packages/airflow/example_dags/example_nested_branch_dag.py for tasks to queue
[2023-11-10T18:52:39.806+0000] {logging_mixin.py:154} INFO - [2023-11-10T18:52:39.806+0000] {dagbag.py:536} INFO - Filling up the DagBag from /home/airflow/.local/lib/python3.8/site-packages/airflow/example_dags/example_nested_branch_dag.py
[2023-11-10T18:52:39.811+0000] {processor.py:839} INFO - DAG(s) dict_keys(['example_nested_branch_dag']) retrieved from /home/airflow/.local/lib/python3.8/site-packages/airflow/example_dags/example_nested_branch_dag.py
[2023-11-10T18:52:39.822+0000] {logging_mixin.py:154} INFO - [2023-11-10T18:52:39.822+0000] {dag.py:2941} INFO - Sync 1 DAGs
[2023-11-10T18:52:39.832+0000] {logging_mixin.py:154} INFO - [2023-11-10T18:52:39.832+0000] {dag.py:3722} INFO - Setting next_dagrun for example_nested_branch_dag to 2023-11-09T00:00:00+00:00, run_after=2023-11-10T00:00:00+00:00
[2023-11-10T18:52:39.840+0000] {processor.py:179} INFO - Processing /home/airflow/.local/lib/python3.8/site-packages/airflow/example_dags/example_nested_branch_dag.py took 0.036 seconds
[2023-11-10T18:53:10.277+0000] {processor.py:157} INFO - Started process (PID=1871) to work on /home/airflow/.local/lib/python3.8/site-packages/airflow/example_dags/example_nested_branch_dag.py
[2023-11-10T18:53:10.278+0000] {processor.py:829} INFO - Processing file /home/airflow/.local/lib/python3.8/site-packages/airflow/example_dags/example_nested_branch_dag.py for tasks to queue
[2023-11-10T18:53:10.278+0000] {logging_mixin.py:154} INFO - [2023-11-10T18:53:10.278+0000] {dagbag.py:536} INFO - Filling up the DagBag from /home/airflow/.local/lib/python3.8/site-packages/airflow/example_dags/example_nested_branch_dag.py
[2023-11-10T18:53:10.283+0000] {processor.py:839} INFO - DAG(s) dict_keys(['example_nested_branch_dag']) retrieved from /home/airflow/.local/lib/python3.8/site-packages/airflow/example_dags/example_nested_branch_dag.py
[2023-11-10T18:53:10.294+0000] {logging_mixin.py:154} INFO - [2023-11-10T18:53:10.294+0000] {dag.py:2941} INFO - Sync 1 DAGs
[2023-11-10T18:53:10.304+0000] {logging_mixin.py:154} INFO - [2023-11-10T18:53:10.304+0000] {dag.py:3722} INFO - Setting next_dagrun for example_nested_branch_dag to 2023-11-09T00:00:00+00:00, run_after=2023-11-10T00:00:00+00:00
[2023-11-10T18:53:10.311+0000] {processor.py:179} INFO - Processing /home/airflow/.local/lib/python3.8/site-packages/airflow/example_dags/example_nested_branch_dag.py took 0.035 seconds
[2023-11-10T18:53:40.848+0000] {processor.py:157} INFO - Started process (PID=2109) to work on /home/airflow/.local/lib/python3.8/site-packages/airflow/example_dags/example_nested_branch_dag.py
[2023-11-10T18:53:40.848+0000] {processor.py:829} INFO - Processing file /home/airflow/.local/lib/python3.8/site-packages/airflow/example_dags/example_nested_branch_dag.py for tasks to queue
[2023-11-10T18:53:40.849+0000] {logging_mixin.py:154} INFO - [2023-11-10T18:53:40.849+0000] {dagbag.py:536} INFO - Filling up the DagBag from /home/airflow/.local/lib/python3.8/site-packages/airflow/example_dags/example_nested_branch_dag.py
[2023-11-10T18:53:40.854+0000] {processor.py:839} INFO - DAG(s) dict_keys(['example_nested_branch_dag']) retrieved from /home/airflow/.local/lib/python3.8/site-packages/airflow/example_dags/example_nested_branch_dag.py
[2023-11-10T18:53:40.865+0000] {logging_mixin.py:154} INFO - [2023-11-10T18:53:40.865+0000] {dag.py:2941} INFO - Sync 1 DAGs
[2023-11-10T18:53:40.875+0000] {logging_mixin.py:154} INFO - [2023-11-10T18:53:40.875+0000] {dag.py:3722} INFO - Setting next_dagrun for example_nested_branch_dag to 2023-11-09T00:00:00+00:00, run_after=2023-11-10T00:00:00+00:00
[2023-11-10T18:53:40.882+0000] {processor.py:179} INFO - Processing /home/airflow/.local/lib/python3.8/site-packages/airflow/example_dags/example_nested_branch_dag.py took 0.037 seconds
[2023-11-10T18:54:11.272+0000] {processor.py:157} INFO - Started process (PID=2347) to work on /home/airflow/.local/lib/python3.8/site-packages/airflow/example_dags/example_nested_branch_dag.py
[2023-11-10T18:54:11.272+0000] {processor.py:829} INFO - Processing file /home/airflow/.local/lib/python3.8/site-packages/airflow/example_dags/example_nested_branch_dag.py for tasks to queue
[2023-11-10T18:54:11.273+0000] {logging_mixin.py:154} INFO - [2023-11-10T18:54:11.273+0000] {dagbag.py:536} INFO - Filling up the DagBag from /home/airflow/.local/lib/python3.8/site-packages/airflow/example_dags/example_nested_branch_dag.py
[2023-11-10T18:54:11.278+0000] {processor.py:839} INFO - DAG(s) dict_keys(['example_nested_branch_dag']) retrieved from /home/airflow/.local/lib/python3.8/site-packages/airflow/example_dags/example_nested_branch_dag.py
[2023-11-10T18:54:11.288+0000] {logging_mixin.py:154} INFO - [2023-11-10T18:54:11.288+0000] {dag.py:2941} INFO - Sync 1 DAGs
[2023-11-10T18:54:11.299+0000] {logging_mixin.py:154} INFO - [2023-11-10T18:54:11.299+0000] {dag.py:3722} INFO - Setting next_dagrun for example_nested_branch_dag to 2023-11-09T00:00:00+00:00, run_after=2023-11-10T00:00:00+00:00
[2023-11-10T18:54:11.306+0000] {processor.py:179} INFO - Processing /home/airflow/.local/lib/python3.8/site-packages/airflow/example_dags/example_nested_branch_dag.py took 0.036 seconds
[2023-11-10T18:54:41.753+0000] {processor.py:157} INFO - Started process (PID=2585) to work on /home/airflow/.local/lib/python3.8/site-packages/airflow/example_dags/example_nested_branch_dag.py
[2023-11-10T18:54:41.754+0000] {processor.py:829} INFO - Processing file /home/airflow/.local/lib/python3.8/site-packages/airflow/example_dags/example_nested_branch_dag.py for tasks to queue
[2023-11-10T18:54:41.754+0000] {logging_mixin.py:154} INFO - [2023-11-10T18:54:41.754+0000] {dagbag.py:536} INFO - Filling up the DagBag from /home/airflow/.local/lib/python3.8/site-packages/airflow/example_dags/example_nested_branch_dag.py
[2023-11-10T18:54:41.760+0000] {processor.py:839} INFO - DAG(s) dict_keys(['example_nested_branch_dag']) retrieved from /home/airflow/.local/lib/python3.8/site-packages/airflow/example_dags/example_nested_branch_dag.py
[2023-11-10T18:54:41.771+0000] {logging_mixin.py:154} INFO - [2023-11-10T18:54:41.771+0000] {dag.py:2941} INFO - Sync 1 DAGs
[2023-11-10T18:54:41.782+0000] {logging_mixin.py:154} INFO - [2023-11-10T18:54:41.782+0000] {dag.py:3722} INFO - Setting next_dagrun for example_nested_branch_dag to 2023-11-09T00:00:00+00:00, run_after=2023-11-10T00:00:00+00:00
[2023-11-10T18:54:41.791+0000] {processor.py:179} INFO - Processing /home/airflow/.local/lib/python3.8/site-packages/airflow/example_dags/example_nested_branch_dag.py took 0.040 seconds
[2023-11-10T18:55:12.247+0000] {processor.py:157} INFO - Started process (PID=2823) to work on /home/airflow/.local/lib/python3.8/site-packages/airflow/example_dags/example_nested_branch_dag.py
[2023-11-10T18:55:12.248+0000] {processor.py:829} INFO - Processing file /home/airflow/.local/lib/python3.8/site-packages/airflow/example_dags/example_nested_branch_dag.py for tasks to queue
[2023-11-10T18:55:12.248+0000] {logging_mixin.py:154} INFO - [2023-11-10T18:55:12.248+0000] {dagbag.py:536} INFO - Filling up the DagBag from /home/airflow/.local/lib/python3.8/site-packages/airflow/example_dags/example_nested_branch_dag.py
[2023-11-10T18:55:12.254+0000] {processor.py:839} INFO - DAG(s) dict_keys(['example_nested_branch_dag']) retrieved from /home/airflow/.local/lib/python3.8/site-packages/airflow/example_dags/example_nested_branch_dag.py
[2023-11-10T18:55:12.265+0000] {logging_mixin.py:154} INFO - [2023-11-10T18:55:12.265+0000] {dag.py:2941} INFO - Sync 1 DAGs
[2023-11-10T18:55:12.275+0000] {logging_mixin.py:154} INFO - [2023-11-10T18:55:12.275+0000] {dag.py:3722} INFO - Setting next_dagrun for example_nested_branch_dag to 2023-11-09T00:00:00+00:00, run_after=2023-11-10T00:00:00+00:00
[2023-11-10T18:55:12.282+0000] {processor.py:179} INFO - Processing /home/airflow/.local/lib/python3.8/site-packages/airflow/example_dags/example_nested_branch_dag.py took 0.037 seconds
[2023-11-10T18:55:42.833+0000] {processor.py:157} INFO - Started process (PID=3061) to work on /home/airflow/.local/lib/python3.8/site-packages/airflow/example_dags/example_nested_branch_dag.py
[2023-11-10T18:55:42.834+0000] {processor.py:829} INFO - Processing file /home/airflow/.local/lib/python3.8/site-packages/airflow/example_dags/example_nested_branch_dag.py for tasks to queue
[2023-11-10T18:55:42.834+0000] {logging_mixin.py:154} INFO - [2023-11-10T18:55:42.834+0000] {dagbag.py:536} INFO - Filling up the DagBag from /home/airflow/.local/lib/python3.8/site-packages/airflow/example_dags/example_nested_branch_dag.py
[2023-11-10T18:55:42.840+0000] {processor.py:839} INFO - DAG(s) dict_keys(['example_nested_branch_dag']) retrieved from /home/airflow/.local/lib/python3.8/site-packages/airflow/example_dags/example_nested_branch_dag.py
[2023-11-10T18:55:42.850+0000] {logging_mixin.py:154} INFO - [2023-11-10T18:55:42.850+0000] {dag.py:2941} INFO - Sync 1 DAGs
[2023-11-10T18:55:42.860+0000] {logging_mixin.py:154} INFO - [2023-11-10T18:55:42.860+0000] {dag.py:3722} INFO - Setting next_dagrun for example_nested_branch_dag to 2023-11-09T00:00:00+00:00, run_after=2023-11-10T00:00:00+00:00
[2023-11-10T18:55:42.868+0000] {processor.py:179} INFO - Processing /home/airflow/.local/lib/python3.8/site-packages/airflow/example_dags/example_nested_branch_dag.py took 0.036 seconds
[2023-11-10T18:56:13.402+0000] {processor.py:157} INFO - Started process (PID=3299) to work on /home/airflow/.local/lib/python3.8/site-packages/airflow/example_dags/example_nested_branch_dag.py
[2023-11-10T18:56:13.403+0000] {processor.py:829} INFO - Processing file /home/airflow/.local/lib/python3.8/site-packages/airflow/example_dags/example_nested_branch_dag.py for tasks to queue
[2023-11-10T18:56:13.403+0000] {logging_mixin.py:154} INFO - [2023-11-10T18:56:13.403+0000] {dagbag.py:536} INFO - Filling up the DagBag from /home/airflow/.local/lib/python3.8/site-packages/airflow/example_dags/example_nested_branch_dag.py
[2023-11-10T18:56:13.408+0000] {processor.py:839} INFO - DAG(s) dict_keys(['example_nested_branch_dag']) retrieved from /home/airflow/.local/lib/python3.8/site-packages/airflow/example_dags/example_nested_branch_dag.py
[2023-11-10T18:56:13.419+0000] {logging_mixin.py:154} INFO - [2023-11-10T18:56:13.419+0000] {dag.py:2941} INFO - Sync 1 DAGs
[2023-11-10T18:56:13.429+0000] {logging_mixin.py:154} INFO - [2023-11-10T18:56:13.429+0000] {dag.py:3722} INFO - Setting next_dagrun for example_nested_branch_dag to 2023-11-09T00:00:00+00:00, run_after=2023-11-10T00:00:00+00:00
[2023-11-10T18:56:13.436+0000] {processor.py:179} INFO - Processing /home/airflow/.local/lib/python3.8/site-packages/airflow/example_dags/example_nested_branch_dag.py took 0.036 seconds
[2023-11-10T18:56:43.968+0000] {processor.py:157} INFO - Started process (PID=3537) to work on /home/airflow/.local/lib/python3.8/site-packages/airflow/example_dags/example_nested_branch_dag.py
[2023-11-10T18:56:43.968+0000] {processor.py:829} INFO - Processing file /home/airflow/.local/lib/python3.8/site-packages/airflow/example_dags/example_nested_branch_dag.py for tasks to queue
[2023-11-10T18:56:43.969+0000] {logging_mixin.py:154} INFO - [2023-11-10T18:56:43.969+0000] {dagbag.py:536} INFO - Filling up the DagBag from /home/airflow/.local/lib/python3.8/site-packages/airflow/example_dags/example_nested_branch_dag.py
[2023-11-10T18:56:43.974+0000] {processor.py:839} INFO - DAG(s) dict_keys(['example_nested_branch_dag']) retrieved from /home/airflow/.local/lib/python3.8/site-packages/airflow/example_dags/example_nested_branch_dag.py
[2023-11-10T18:56:43.985+0000] {logging_mixin.py:154} INFO - [2023-11-10T18:56:43.984+0000] {dag.py:2941} INFO - Sync 1 DAGs
[2023-11-10T18:56:43.994+0000] {logging_mixin.py:154} INFO - [2023-11-10T18:56:43.994+0000] {dag.py:3722} INFO - Setting next_dagrun for example_nested_branch_dag to 2023-11-09T00:00:00+00:00, run_after=2023-11-10T00:00:00+00:00
[2023-11-10T18:56:44.002+0000] {processor.py:179} INFO - Processing /home/airflow/.local/lib/python3.8/site-packages/airflow/example_dags/example_nested_branch_dag.py took 0.036 seconds
[2023-11-10T18:57:14.392+0000] {processor.py:157} INFO - Started process (PID=3775) to work on /home/airflow/.local/lib/python3.8/site-packages/airflow/example_dags/example_nested_branch_dag.py
[2023-11-10T18:57:14.392+0000] {processor.py:829} INFO - Processing file /home/airflow/.local/lib/python3.8/site-packages/airflow/example_dags/example_nested_branch_dag.py for tasks to queue
[2023-11-10T18:57:14.393+0000] {logging_mixin.py:154} INFO - [2023-11-10T18:57:14.393+0000] {dagbag.py:536} INFO - Filling up the DagBag from /home/airflow/.local/lib/python3.8/site-packages/airflow/example_dags/example_nested_branch_dag.py
[2023-11-10T18:57:14.398+0000] {processor.py:839} INFO - DAG(s) dict_keys(['example_nested_branch_dag']) retrieved from /home/airflow/.local/lib/python3.8/site-packages/airflow/example_dags/example_nested_branch_dag.py
[2023-11-10T18:57:14.408+0000] {logging_mixin.py:154} INFO - [2023-11-10T18:57:14.408+0000] {dag.py:2941} INFO - Sync 1 DAGs
[2023-11-10T18:57:14.418+0000] {logging_mixin.py:154} INFO - [2023-11-10T18:57:14.418+0000] {dag.py:3722} INFO - Setting next_dagrun for example_nested_branch_dag to 2023-11-09T00:00:00+00:00, run_after=2023-11-10T00:00:00+00:00
[2023-11-10T18:57:14.425+0000] {processor.py:179} INFO - Processing /home/airflow/.local/lib/python3.8/site-packages/airflow/example_dags/example_nested_branch_dag.py took 0.035 seconds
[2023-11-10T18:57:44.836+0000] {processor.py:157} INFO - Started process (PID=4013) to work on /home/airflow/.local/lib/python3.8/site-packages/airflow/example_dags/example_nested_branch_dag.py
[2023-11-10T18:57:44.837+0000] {processor.py:829} INFO - Processing file /home/airflow/.local/lib/python3.8/site-packages/airflow/example_dags/example_nested_branch_dag.py for tasks to queue
[2023-11-10T18:57:44.837+0000] {logging_mixin.py:154} INFO - [2023-11-10T18:57:44.837+0000] {dagbag.py:536} INFO - Filling up the DagBag from /home/airflow/.local/lib/python3.8/site-packages/airflow/example_dags/example_nested_branch_dag.py
[2023-11-10T18:57:44.842+0000] {processor.py:839} INFO - DAG(s) dict_keys(['example_nested_branch_dag']) retrieved from /home/airflow/.local/lib/python3.8/site-packages/airflow/example_dags/example_nested_branch_dag.py
[2023-11-10T18:57:44.852+0000] {logging_mixin.py:154} INFO - [2023-11-10T18:57:44.852+0000] {dag.py:2941} INFO - Sync 1 DAGs
[2023-11-10T18:57:44.862+0000] {logging_mixin.py:154} INFO - [2023-11-10T18:57:44.862+0000] {dag.py:3722} INFO - Setting next_dagrun for example_nested_branch_dag to 2023-11-09T00:00:00+00:00, run_after=2023-11-10T00:00:00+00:00
[2023-11-10T18:57:44.870+0000] {processor.py:179} INFO - Processing /home/airflow/.local/lib/python3.8/site-packages/airflow/example_dags/example_nested_branch_dag.py took 0.036 seconds
[2023-11-10T18:58:15.313+0000] {processor.py:157} INFO - Started process (PID=4251) to work on /home/airflow/.local/lib/python3.8/site-packages/airflow/example_dags/example_nested_branch_dag.py
[2023-11-10T18:58:15.313+0000] {processor.py:829} INFO - Processing file /home/airflow/.local/lib/python3.8/site-packages/airflow/example_dags/example_nested_branch_dag.py for tasks to queue
[2023-11-10T18:58:15.314+0000] {logging_mixin.py:154} INFO - [2023-11-10T18:58:15.314+0000] {dagbag.py:536} INFO - Filling up the DagBag from /home/airflow/.local/lib/python3.8/site-packages/airflow/example_dags/example_nested_branch_dag.py
[2023-11-10T18:58:15.319+0000] {processor.py:839} INFO - DAG(s) dict_keys(['example_nested_branch_dag']) retrieved from /home/airflow/.local/lib/python3.8/site-packages/airflow/example_dags/example_nested_branch_dag.py
[2023-11-10T18:58:15.329+0000] {logging_mixin.py:154} INFO - [2023-11-10T18:58:15.329+0000] {dag.py:2941} INFO - Sync 1 DAGs
[2023-11-10T18:58:15.339+0000] {logging_mixin.py:154} INFO - [2023-11-10T18:58:15.339+0000] {dag.py:3722} INFO - Setting next_dagrun for example_nested_branch_dag to 2023-11-09T00:00:00+00:00, run_after=2023-11-10T00:00:00+00:00
[2023-11-10T18:58:15.347+0000] {processor.py:179} INFO - Processing /home/airflow/.local/lib/python3.8/site-packages/airflow/example_dags/example_nested_branch_dag.py took 0.036 seconds
[2023-11-10T18:58:45.818+0000] {processor.py:157} INFO - Started process (PID=4489) to work on /home/airflow/.local/lib/python3.8/site-packages/airflow/example_dags/example_nested_branch_dag.py
[2023-11-10T18:58:45.819+0000] {processor.py:829} INFO - Processing file /home/airflow/.local/lib/python3.8/site-packages/airflow/example_dags/example_nested_branch_dag.py for tasks to queue
[2023-11-10T18:58:45.819+0000] {logging_mixin.py:154} INFO - [2023-11-10T18:58:45.819+0000] {dagbag.py:536} INFO - Filling up the DagBag from /home/airflow/.local/lib/python3.8/site-packages/airflow/example_dags/example_nested_branch_dag.py
[2023-11-10T18:58:45.824+0000] {processor.py:839} INFO - DAG(s) dict_keys(['example_nested_branch_dag']) retrieved from /home/airflow/.local/lib/python3.8/site-packages/airflow/example_dags/example_nested_branch_dag.py
[2023-11-10T18:58:45.835+0000] {logging_mixin.py:154} INFO - [2023-11-10T18:58:45.835+0000] {dag.py:2941} INFO - Sync 1 DAGs
[2023-11-10T18:58:45.845+0000] {logging_mixin.py:154} INFO - [2023-11-10T18:58:45.845+0000] {dag.py:3722} INFO - Setting next_dagrun for example_nested_branch_dag to 2023-11-09T00:00:00+00:00, run_after=2023-11-10T00:00:00+00:00
[2023-11-10T18:58:45.852+0000] {processor.py:179} INFO - Processing /home/airflow/.local/lib/python3.8/site-packages/airflow/example_dags/example_nested_branch_dag.py took 0.036 seconds
[2023-11-10T18:59:16.413+0000] {processor.py:157} INFO - Started process (PID=4727) to work on /home/airflow/.local/lib/python3.8/site-packages/airflow/example_dags/example_nested_branch_dag.py
[2023-11-10T18:59:16.413+0000] {processor.py:829} INFO - Processing file /home/airflow/.local/lib/python3.8/site-packages/airflow/example_dags/example_nested_branch_dag.py for tasks to queue
[2023-11-10T18:59:16.414+0000] {logging_mixin.py:154} INFO - [2023-11-10T18:59:16.413+0000] {dagbag.py:536} INFO - Filling up the DagBag from /home/airflow/.local/lib/python3.8/site-packages/airflow/example_dags/example_nested_branch_dag.py
[2023-11-10T18:59:16.419+0000] {processor.py:839} INFO - DAG(s) dict_keys(['example_nested_branch_dag']) retrieved from /home/airflow/.local/lib/python3.8/site-packages/airflow/example_dags/example_nested_branch_dag.py
[2023-11-10T18:59:16.429+0000] {logging_mixin.py:154} INFO - [2023-11-10T18:59:16.429+0000] {dag.py:2941} INFO - Sync 1 DAGs
[2023-11-10T18:59:16.439+0000] {logging_mixin.py:154} INFO - [2023-11-10T18:59:16.439+0000] {dag.py:3722} INFO - Setting next_dagrun for example_nested_branch_dag to 2023-11-09T00:00:00+00:00, run_after=2023-11-10T00:00:00+00:00
[2023-11-10T18:59:16.447+0000] {processor.py:179} INFO - Processing /home/airflow/.local/lib/python3.8/site-packages/airflow/example_dags/example_nested_branch_dag.py took 0.036 seconds
[2023-11-10T18:59:46.959+0000] {processor.py:157} INFO - Started process (PID=4965) to work on /home/airflow/.local/lib/python3.8/site-packages/airflow/example_dags/example_nested_branch_dag.py
[2023-11-10T18:59:46.960+0000] {processor.py:829} INFO - Processing file /home/airflow/.local/lib/python3.8/site-packages/airflow/example_dags/example_nested_branch_dag.py for tasks to queue
[2023-11-10T18:59:46.960+0000] {logging_mixin.py:154} INFO - [2023-11-10T18:59:46.960+0000] {dagbag.py:536} INFO - Filling up the DagBag from /home/airflow/.local/lib/python3.8/site-packages/airflow/example_dags/example_nested_branch_dag.py
[2023-11-10T18:59:46.966+0000] {processor.py:839} INFO - DAG(s) dict_keys(['example_nested_branch_dag']) retrieved from /home/airflow/.local/lib/python3.8/site-packages/airflow/example_dags/example_nested_branch_dag.py
[2023-11-10T18:59:46.977+0000] {logging_mixin.py:154} INFO - [2023-11-10T18:59:46.977+0000] {dag.py:2941} INFO - Sync 1 DAGs
[2023-11-10T18:59:46.988+0000] {logging_mixin.py:154} INFO - [2023-11-10T18:59:46.988+0000] {dag.py:3722} INFO - Setting next_dagrun for example_nested_branch_dag to 2023-11-09T00:00:00+00:00, run_after=2023-11-10T00:00:00+00:00
[2023-11-10T18:59:46.995+0000] {processor.py:179} INFO - Processing /home/airflow/.local/lib/python3.8/site-packages/airflow/example_dags/example_nested_branch_dag.py took 0.039 seconds
[2023-11-10T19:00:17.451+0000] {processor.py:157} INFO - Started process (PID=5203) to work on /home/airflow/.local/lib/python3.8/site-packages/airflow/example_dags/example_nested_branch_dag.py
[2023-11-10T19:00:17.451+0000] {processor.py:829} INFO - Processing file /home/airflow/.local/lib/python3.8/site-packages/airflow/example_dags/example_nested_branch_dag.py for tasks to queue
[2023-11-10T19:00:17.452+0000] {logging_mixin.py:154} INFO - [2023-11-10T19:00:17.452+0000] {dagbag.py:536} INFO - Filling up the DagBag from /home/airflow/.local/lib/python3.8/site-packages/airflow/example_dags/example_nested_branch_dag.py
[2023-11-10T19:00:17.457+0000] {processor.py:839} INFO - DAG(s) dict_keys(['example_nested_branch_dag']) retrieved from /home/airflow/.local/lib/python3.8/site-packages/airflow/example_dags/example_nested_branch_dag.py
[2023-11-10T19:00:17.468+0000] {logging_mixin.py:154} INFO - [2023-11-10T19:00:17.468+0000] {dag.py:2941} INFO - Sync 1 DAGs
[2023-11-10T19:00:17.478+0000] {logging_mixin.py:154} INFO - [2023-11-10T19:00:17.478+0000] {dag.py:3722} INFO - Setting next_dagrun for example_nested_branch_dag to 2023-11-09T00:00:00+00:00, run_after=2023-11-10T00:00:00+00:00
[2023-11-10T19:00:17.486+0000] {processor.py:179} INFO - Processing /home/airflow/.local/lib/python3.8/site-packages/airflow/example_dags/example_nested_branch_dag.py took 0.037 seconds
[2023-11-10T19:00:48.006+0000] {processor.py:157} INFO - Started process (PID=5441) to work on /home/airflow/.local/lib/python3.8/site-packages/airflow/example_dags/example_nested_branch_dag.py
[2023-11-10T19:00:48.006+0000] {processor.py:829} INFO - Processing file /home/airflow/.local/lib/python3.8/site-packages/airflow/example_dags/example_nested_branch_dag.py for tasks to queue
[2023-11-10T19:00:48.007+0000] {logging_mixin.py:154} INFO - [2023-11-10T19:00:48.007+0000] {dagbag.py:536} INFO - Filling up the DagBag from /home/airflow/.local/lib/python3.8/site-packages/airflow/example_dags/example_nested_branch_dag.py
[2023-11-10T19:00:48.012+0000] {processor.py:839} INFO - DAG(s) dict_keys(['example_nested_branch_dag']) retrieved from /home/airflow/.local/lib/python3.8/site-packages/airflow/example_dags/example_nested_branch_dag.py
[2023-11-10T19:00:48.023+0000] {logging_mixin.py:154} INFO - [2023-11-10T19:00:48.022+0000] {dag.py:2941} INFO - Sync 1 DAGs
[2023-11-10T19:00:48.033+0000] {logging_mixin.py:154} INFO - [2023-11-10T19:00:48.033+0000] {dag.py:3722} INFO - Setting next_dagrun for example_nested_branch_dag to 2023-11-09T00:00:00+00:00, run_after=2023-11-10T00:00:00+00:00
[2023-11-10T19:00:48.040+0000] {processor.py:179} INFO - Processing /home/airflow/.local/lib/python3.8/site-packages/airflow/example_dags/example_nested_branch_dag.py took 0.036 seconds
[2023-11-10T19:01:18.427+0000] {processor.py:157} INFO - Started process (PID=5679) to work on /home/airflow/.local/lib/python3.8/site-packages/airflow/example_dags/example_nested_branch_dag.py
[2023-11-10T19:01:18.428+0000] {processor.py:829} INFO - Processing file /home/airflow/.local/lib/python3.8/site-packages/airflow/example_dags/example_nested_branch_dag.py for tasks to queue
[2023-11-10T19:01:18.428+0000] {logging_mixin.py:154} INFO - [2023-11-10T19:01:18.428+0000] {dagbag.py:536} INFO - Filling up the DagBag from /home/airflow/.local/lib/python3.8/site-packages/airflow/example_dags/example_nested_branch_dag.py
[2023-11-10T19:01:18.434+0000] {processor.py:839} INFO - DAG(s) dict_keys(['example_nested_branch_dag']) retrieved from /home/airflow/.local/lib/python3.8/site-packages/airflow/example_dags/example_nested_branch_dag.py
[2023-11-10T19:01:18.445+0000] {logging_mixin.py:154} INFO - [2023-11-10T19:01:18.445+0000] {dag.py:2941} INFO - Sync 1 DAGs
[2023-11-10T19:01:18.456+0000] {logging_mixin.py:154} INFO - [2023-11-10T19:01:18.456+0000] {dag.py:3722} INFO - Setting next_dagrun for example_nested_branch_dag to 2023-11-09T00:00:00+00:00, run_after=2023-11-10T00:00:00+00:00
[2023-11-10T19:01:18.463+0000] {processor.py:179} INFO - Processing /home/airflow/.local/lib/python3.8/site-packages/airflow/example_dags/example_nested_branch_dag.py took 0.038 seconds
[2023-11-10T19:01:48.865+0000] {processor.py:157} INFO - Started process (PID=5917) to work on /home/airflow/.local/lib/python3.8/site-packages/airflow/example_dags/example_nested_branch_dag.py
[2023-11-10T19:01:48.866+0000] {processor.py:829} INFO - Processing file /home/airflow/.local/lib/python3.8/site-packages/airflow/example_dags/example_nested_branch_dag.py for tasks to queue
[2023-11-10T19:01:48.866+0000] {logging_mixin.py:154} INFO - [2023-11-10T19:01:48.866+0000] {dagbag.py:536} INFO - Filling up the DagBag from /home/airflow/.local/lib/python3.8/site-packages/airflow/example_dags/example_nested_branch_dag.py
[2023-11-10T19:01:48.871+0000] {processor.py:839} INFO - DAG(s) dict_keys(['example_nested_branch_dag']) retrieved from /home/airflow/.local/lib/python3.8/site-packages/airflow/example_dags/example_nested_branch_dag.py
[2023-11-10T19:01:48.882+0000] {logging_mixin.py:154} INFO - [2023-11-10T19:01:48.882+0000] {dag.py:2941} INFO - Sync 1 DAGs
[2023-11-10T19:01:48.893+0000] {logging_mixin.py:154} INFO - [2023-11-10T19:01:48.892+0000] {dag.py:3722} INFO - Setting next_dagrun for example_nested_branch_dag to 2023-11-09T00:00:00+00:00, run_after=2023-11-10T00:00:00+00:00
[2023-11-10T19:01:48.900+0000] {processor.py:179} INFO - Processing /home/airflow/.local/lib/python3.8/site-packages/airflow/example_dags/example_nested_branch_dag.py took 0.036 seconds
[2023-11-10T19:02:19.298+0000] {processor.py:157} INFO - Started process (PID=6155) to work on /home/airflow/.local/lib/python3.8/site-packages/airflow/example_dags/example_nested_branch_dag.py
[2023-11-10T19:02:19.298+0000] {processor.py:829} INFO - Processing file /home/airflow/.local/lib/python3.8/site-packages/airflow/example_dags/example_nested_branch_dag.py for tasks to queue
[2023-11-10T19:02:19.299+0000] {logging_mixin.py:154} INFO - [2023-11-10T19:02:19.298+0000] {dagbag.py:536} INFO - Filling up the DagBag from /home/airflow/.local/lib/python3.8/site-packages/airflow/example_dags/example_nested_branch_dag.py
[2023-11-10T19:02:19.304+0000] {processor.py:839} INFO - DAG(s) dict_keys(['example_nested_branch_dag']) retrieved from /home/airflow/.local/lib/python3.8/site-packages/airflow/example_dags/example_nested_branch_dag.py
[2023-11-10T19:02:19.315+0000] {logging_mixin.py:154} INFO - [2023-11-10T19:02:19.315+0000] {dag.py:2941} INFO - Sync 1 DAGs
[2023-11-10T19:02:19.326+0000] {logging_mixin.py:154} INFO - [2023-11-10T19:02:19.326+0000] {dag.py:3722} INFO - Setting next_dagrun for example_nested_branch_dag to 2023-11-09T00:00:00+00:00, run_after=2023-11-10T00:00:00+00:00
[2023-11-10T19:02:19.333+0000] {processor.py:179} INFO - Processing /home/airflow/.local/lib/python3.8/site-packages/airflow/example_dags/example_nested_branch_dag.py took 0.038 seconds
[2023-11-10T19:02:49.787+0000] {processor.py:157} INFO - Started process (PID=6393) to work on /home/airflow/.local/lib/python3.8/site-packages/airflow/example_dags/example_nested_branch_dag.py
[2023-11-10T19:02:49.787+0000] {processor.py:829} INFO - Processing file /home/airflow/.local/lib/python3.8/site-packages/airflow/example_dags/example_nested_branch_dag.py for tasks to queue
[2023-11-10T19:02:49.788+0000] {logging_mixin.py:154} INFO - [2023-11-10T19:02:49.788+0000] {dagbag.py:536} INFO - Filling up the DagBag from /home/airflow/.local/lib/python3.8/site-packages/airflow/example_dags/example_nested_branch_dag.py
[2023-11-10T19:02:49.793+0000] {processor.py:839} INFO - DAG(s) dict_keys(['example_nested_branch_dag']) retrieved from /home/airflow/.local/lib/python3.8/site-packages/airflow/example_dags/example_nested_branch_dag.py
[2023-11-10T19:02:49.804+0000] {logging_mixin.py:154} INFO - [2023-11-10T19:02:49.804+0000] {dag.py:2941} INFO - Sync 1 DAGs
[2023-11-10T19:02:49.814+0000] {logging_mixin.py:154} INFO - [2023-11-10T19:02:49.814+0000] {dag.py:3722} INFO - Setting next_dagrun for example_nested_branch_dag to 2023-11-09T00:00:00+00:00, run_after=2023-11-10T00:00:00+00:00
[2023-11-10T19:02:49.822+0000] {processor.py:179} INFO - Processing /home/airflow/.local/lib/python3.8/site-packages/airflow/example_dags/example_nested_branch_dag.py took 0.037 seconds
[2023-11-10T19:03:20.404+0000] {processor.py:157} INFO - Started process (PID=6695) to work on /home/airflow/.local/lib/python3.8/site-packages/airflow/example_dags/example_nested_branch_dag.py
[2023-11-10T19:03:20.405+0000] {processor.py:829} INFO - Processing file /home/airflow/.local/lib/python3.8/site-packages/airflow/example_dags/example_nested_branch_dag.py for tasks to queue
[2023-11-10T19:03:20.405+0000] {logging_mixin.py:154} INFO - [2023-11-10T19:03:20.405+0000] {dagbag.py:536} INFO - Filling up the DagBag from /home/airflow/.local/lib/python3.8/site-packages/airflow/example_dags/example_nested_branch_dag.py
[2023-11-10T19:03:20.411+0000] {processor.py:839} INFO - DAG(s) dict_keys(['example_nested_branch_dag']) retrieved from /home/airflow/.local/lib/python3.8/site-packages/airflow/example_dags/example_nested_branch_dag.py
[2023-11-10T19:03:20.423+0000] {logging_mixin.py:154} INFO - [2023-11-10T19:03:20.423+0000] {dag.py:2941} INFO - Sync 1 DAGs
[2023-11-10T19:03:20.434+0000] {logging_mixin.py:154} INFO - [2023-11-10T19:03:20.434+0000] {dag.py:3722} INFO - Setting next_dagrun for example_nested_branch_dag to 2023-11-09T00:00:00+00:00, run_after=2023-11-10T00:00:00+00:00
[2023-11-10T19:03:20.442+0000] {processor.py:179} INFO - Processing /home/airflow/.local/lib/python3.8/site-packages/airflow/example_dags/example_nested_branch_dag.py took 0.040 seconds
