[2023-11-10T18:49:37.707+0000] {processor.py:157} INFO - Started process (PID=360) to work on /home/airflow/.local/lib/python3.8/site-packages/airflow/example_dags/example_task_group_decorator.py
[2023-11-10T18:49:37.708+0000] {processor.py:829} INFO - Processing file /home/airflow/.local/lib/python3.8/site-packages/airflow/example_dags/example_task_group_decorator.py for tasks to queue
[2023-11-10T18:49:37.708+0000] {logging_mixin.py:154} INFO - [2023-11-10T18:49:37.708+0000] {dagbag.py:536} INFO - Filling up the DagBag from /home/airflow/.local/lib/python3.8/site-packages/airflow/example_dags/example_task_group_decorator.py
[2023-11-10T18:49:37.715+0000] {processor.py:839} INFO - DAG(s) dict_keys(['example_task_group_decorator']) retrieved from /home/airflow/.local/lib/python3.8/site-packages/airflow/example_dags/example_task_group_decorator.py
[2023-11-10T18:49:37.720+0000] {logging_mixin.py:154} INFO - [2023-11-10T18:49:37.720+0000] {dag.py:2941} INFO - Sync 1 DAGs
[2023-11-10T18:49:37.731+0000] {logging_mixin.py:154} INFO - [2023-11-10T18:49:37.730+0000] {dag.py:3722} INFO - Setting next_dagrun for example_task_group_decorator to 2023-11-09T18:49:37.730821+00:00, run_after=2023-11-10T18:49:37.730821+00:00
[2023-11-10T18:49:37.738+0000] {processor.py:179} INFO - Processing /home/airflow/.local/lib/python3.8/site-packages/airflow/example_dags/example_task_group_decorator.py took 0.033 seconds
[2023-11-10T18:50:08.106+0000] {processor.py:157} INFO - Started process (PID=598) to work on /home/airflow/.local/lib/python3.8/site-packages/airflow/example_dags/example_task_group_decorator.py
[2023-11-10T18:50:08.106+0000] {processor.py:829} INFO - Processing file /home/airflow/.local/lib/python3.8/site-packages/airflow/example_dags/example_task_group_decorator.py for tasks to queue
[2023-11-10T18:50:08.107+0000] {logging_mixin.py:154} INFO - [2023-11-10T18:50:08.107+0000] {dagbag.py:536} INFO - Filling up the DagBag from /home/airflow/.local/lib/python3.8/site-packages/airflow/example_dags/example_task_group_decorator.py
[2023-11-10T18:50:08.114+0000] {processor.py:839} INFO - DAG(s) dict_keys(['example_task_group_decorator']) retrieved from /home/airflow/.local/lib/python3.8/site-packages/airflow/example_dags/example_task_group_decorator.py
[2023-11-10T18:50:08.125+0000] {logging_mixin.py:154} INFO - [2023-11-10T18:50:08.125+0000] {dag.py:2941} INFO - Sync 1 DAGs
[2023-11-10T18:50:08.134+0000] {logging_mixin.py:154} INFO - [2023-11-10T18:50:08.134+0000] {dag.py:3722} INFO - Setting next_dagrun for example_task_group_decorator to 2023-11-09T18:50:08.134376+00:00, run_after=2023-11-10T18:50:08.134376+00:00
[2023-11-10T18:50:08.141+0000] {processor.py:179} INFO - Processing /home/airflow/.local/lib/python3.8/site-packages/airflow/example_dags/example_task_group_decorator.py took 0.037 seconds
[2023-11-10T18:50:38.594+0000] {processor.py:157} INFO - Started process (PID=836) to work on /home/airflow/.local/lib/python3.8/site-packages/airflow/example_dags/example_task_group_decorator.py
[2023-11-10T18:50:38.595+0000] {processor.py:829} INFO - Processing file /home/airflow/.local/lib/python3.8/site-packages/airflow/example_dags/example_task_group_decorator.py for tasks to queue
[2023-11-10T18:50:38.595+0000] {logging_mixin.py:154} INFO - [2023-11-10T18:50:38.595+0000] {dagbag.py:536} INFO - Filling up the DagBag from /home/airflow/.local/lib/python3.8/site-packages/airflow/example_dags/example_task_group_decorator.py
[2023-11-10T18:50:38.602+0000] {processor.py:839} INFO - DAG(s) dict_keys(['example_task_group_decorator']) retrieved from /home/airflow/.local/lib/python3.8/site-packages/airflow/example_dags/example_task_group_decorator.py
[2023-11-10T18:50:38.613+0000] {logging_mixin.py:154} INFO - [2023-11-10T18:50:38.612+0000] {dag.py:2941} INFO - Sync 1 DAGs
[2023-11-10T18:50:38.622+0000] {logging_mixin.py:154} INFO - [2023-11-10T18:50:38.621+0000] {dag.py:3722} INFO - Setting next_dagrun for example_task_group_decorator to 2023-11-09T18:50:38.621881+00:00, run_after=2023-11-10T18:50:38.621881+00:00
[2023-11-10T18:50:38.628+0000] {processor.py:179} INFO - Processing /home/airflow/.local/lib/python3.8/site-packages/airflow/example_dags/example_task_group_decorator.py took 0.036 seconds
[2023-11-10T18:51:09.140+0000] {processor.py:157} INFO - Started process (PID=1076) to work on /home/airflow/.local/lib/python3.8/site-packages/airflow/example_dags/example_task_group_decorator.py
[2023-11-10T18:51:09.140+0000] {processor.py:829} INFO - Processing file /home/airflow/.local/lib/python3.8/site-packages/airflow/example_dags/example_task_group_decorator.py for tasks to queue
[2023-11-10T18:51:09.141+0000] {logging_mixin.py:154} INFO - [2023-11-10T18:51:09.141+0000] {dagbag.py:536} INFO - Filling up the DagBag from /home/airflow/.local/lib/python3.8/site-packages/airflow/example_dags/example_task_group_decorator.py
[2023-11-10T18:51:09.147+0000] {processor.py:839} INFO - DAG(s) dict_keys(['example_task_group_decorator']) retrieved from /home/airflow/.local/lib/python3.8/site-packages/airflow/example_dags/example_task_group_decorator.py
[2023-11-10T18:51:09.159+0000] {logging_mixin.py:154} INFO - [2023-11-10T18:51:09.159+0000] {dag.py:2941} INFO - Sync 1 DAGs
[2023-11-10T18:51:09.168+0000] {logging_mixin.py:154} INFO - [2023-11-10T18:51:09.168+0000] {dag.py:3722} INFO - Setting next_dagrun for example_task_group_decorator to 2023-11-09T18:51:09.168667+00:00, run_after=2023-11-10T18:51:09.168667+00:00
[2023-11-10T18:51:09.175+0000] {processor.py:179} INFO - Processing /home/airflow/.local/lib/python3.8/site-packages/airflow/example_dags/example_task_group_decorator.py took 0.037 seconds
[2023-11-10T18:51:39.634+0000] {processor.py:157} INFO - Started process (PID=1314) to work on /home/airflow/.local/lib/python3.8/site-packages/airflow/example_dags/example_task_group_decorator.py
[2023-11-10T18:51:39.634+0000] {processor.py:829} INFO - Processing file /home/airflow/.local/lib/python3.8/site-packages/airflow/example_dags/example_task_group_decorator.py for tasks to queue
[2023-11-10T18:51:39.635+0000] {logging_mixin.py:154} INFO - [2023-11-10T18:51:39.635+0000] {dagbag.py:536} INFO - Filling up the DagBag from /home/airflow/.local/lib/python3.8/site-packages/airflow/example_dags/example_task_group_decorator.py
[2023-11-10T18:51:39.642+0000] {processor.py:839} INFO - DAG(s) dict_keys(['example_task_group_decorator']) retrieved from /home/airflow/.local/lib/python3.8/site-packages/airflow/example_dags/example_task_group_decorator.py
[2023-11-10T18:51:39.653+0000] {logging_mixin.py:154} INFO - [2023-11-10T18:51:39.653+0000] {dag.py:2941} INFO - Sync 1 DAGs
[2023-11-10T18:51:39.662+0000] {logging_mixin.py:154} INFO - [2023-11-10T18:51:39.662+0000] {dag.py:3722} INFO - Setting next_dagrun for example_task_group_decorator to 2023-11-09T18:51:39.662562+00:00, run_after=2023-11-10T18:51:39.662562+00:00
[2023-11-10T18:51:39.669+0000] {processor.py:179} INFO - Processing /home/airflow/.local/lib/python3.8/site-packages/airflow/example_dags/example_task_group_decorator.py took 0.037 seconds
[2023-11-10T18:52:10.149+0000] {processor.py:157} INFO - Started process (PID=1552) to work on /home/airflow/.local/lib/python3.8/site-packages/airflow/example_dags/example_task_group_decorator.py
[2023-11-10T18:52:10.150+0000] {processor.py:829} INFO - Processing file /home/airflow/.local/lib/python3.8/site-packages/airflow/example_dags/example_task_group_decorator.py for tasks to queue
[2023-11-10T18:52:10.150+0000] {logging_mixin.py:154} INFO - [2023-11-10T18:52:10.150+0000] {dagbag.py:536} INFO - Filling up the DagBag from /home/airflow/.local/lib/python3.8/site-packages/airflow/example_dags/example_task_group_decorator.py
[2023-11-10T18:52:10.157+0000] {processor.py:839} INFO - DAG(s) dict_keys(['example_task_group_decorator']) retrieved from /home/airflow/.local/lib/python3.8/site-packages/airflow/example_dags/example_task_group_decorator.py
[2023-11-10T18:52:10.169+0000] {logging_mixin.py:154} INFO - [2023-11-10T18:52:10.169+0000] {dag.py:2941} INFO - Sync 1 DAGs
[2023-11-10T18:52:10.178+0000] {logging_mixin.py:154} INFO - [2023-11-10T18:52:10.178+0000] {dag.py:3722} INFO - Setting next_dagrun for example_task_group_decorator to 2023-11-09T18:52:10.177931+00:00, run_after=2023-11-10T18:52:10.177931+00:00
[2023-11-10T18:52:10.185+0000] {processor.py:179} INFO - Processing /home/airflow/.local/lib/python3.8/site-packages/airflow/example_dags/example_task_group_decorator.py took 0.037 seconds
[2023-11-10T18:52:40.586+0000] {processor.py:157} INFO - Started process (PID=1788) to work on /home/airflow/.local/lib/python3.8/site-packages/airflow/example_dags/example_task_group_decorator.py
[2023-11-10T18:52:40.587+0000] {processor.py:829} INFO - Processing file /home/airflow/.local/lib/python3.8/site-packages/airflow/example_dags/example_task_group_decorator.py for tasks to queue
[2023-11-10T18:52:40.587+0000] {logging_mixin.py:154} INFO - [2023-11-10T18:52:40.587+0000] {dagbag.py:536} INFO - Filling up the DagBag from /home/airflow/.local/lib/python3.8/site-packages/airflow/example_dags/example_task_group_decorator.py
[2023-11-10T18:52:40.594+0000] {processor.py:839} INFO - DAG(s) dict_keys(['example_task_group_decorator']) retrieved from /home/airflow/.local/lib/python3.8/site-packages/airflow/example_dags/example_task_group_decorator.py
[2023-11-10T18:52:40.605+0000] {logging_mixin.py:154} INFO - [2023-11-10T18:52:40.605+0000] {dag.py:2941} INFO - Sync 1 DAGs
[2023-11-10T18:52:40.614+0000] {logging_mixin.py:154} INFO - [2023-11-10T18:52:40.614+0000] {dag.py:3722} INFO - Setting next_dagrun for example_task_group_decorator to 2023-11-09T18:52:40.614532+00:00, run_after=2023-11-10T18:52:40.614532+00:00
[2023-11-10T18:52:40.621+0000] {processor.py:179} INFO - Processing /home/airflow/.local/lib/python3.8/site-packages/airflow/example_dags/example_task_group_decorator.py took 0.037 seconds
[2023-11-10T18:53:11.111+0000] {processor.py:157} INFO - Started process (PID=2028) to work on /home/airflow/.local/lib/python3.8/site-packages/airflow/example_dags/example_task_group_decorator.py
[2023-11-10T18:53:11.111+0000] {processor.py:829} INFO - Processing file /home/airflow/.local/lib/python3.8/site-packages/airflow/example_dags/example_task_group_decorator.py for tasks to queue
[2023-11-10T18:53:11.112+0000] {logging_mixin.py:154} INFO - [2023-11-10T18:53:11.112+0000] {dagbag.py:536} INFO - Filling up the DagBag from /home/airflow/.local/lib/python3.8/site-packages/airflow/example_dags/example_task_group_decorator.py
[2023-11-10T18:53:11.118+0000] {processor.py:839} INFO - DAG(s) dict_keys(['example_task_group_decorator']) retrieved from /home/airflow/.local/lib/python3.8/site-packages/airflow/example_dags/example_task_group_decorator.py
[2023-11-10T18:53:11.130+0000] {logging_mixin.py:154} INFO - [2023-11-10T18:53:11.130+0000] {dag.py:2941} INFO - Sync 1 DAGs
[2023-11-10T18:53:11.139+0000] {logging_mixin.py:154} INFO - [2023-11-10T18:53:11.139+0000] {dag.py:3722} INFO - Setting next_dagrun for example_task_group_decorator to 2023-11-09T18:53:11.139009+00:00, run_after=2023-11-10T18:53:11.139009+00:00
[2023-11-10T18:53:11.146+0000] {processor.py:179} INFO - Processing /home/airflow/.local/lib/python3.8/site-packages/airflow/example_dags/example_task_group_decorator.py took 0.037 seconds
[2023-11-10T18:53:41.644+0000] {processor.py:157} INFO - Started process (PID=2266) to work on /home/airflow/.local/lib/python3.8/site-packages/airflow/example_dags/example_task_group_decorator.py
[2023-11-10T18:53:41.644+0000] {processor.py:829} INFO - Processing file /home/airflow/.local/lib/python3.8/site-packages/airflow/example_dags/example_task_group_decorator.py for tasks to queue
[2023-11-10T18:53:41.645+0000] {logging_mixin.py:154} INFO - [2023-11-10T18:53:41.645+0000] {dagbag.py:536} INFO - Filling up the DagBag from /home/airflow/.local/lib/python3.8/site-packages/airflow/example_dags/example_task_group_decorator.py
[2023-11-10T18:53:41.651+0000] {processor.py:839} INFO - DAG(s) dict_keys(['example_task_group_decorator']) retrieved from /home/airflow/.local/lib/python3.8/site-packages/airflow/example_dags/example_task_group_decorator.py
[2023-11-10T18:53:41.662+0000] {logging_mixin.py:154} INFO - [2023-11-10T18:53:41.662+0000] {dag.py:2941} INFO - Sync 1 DAGs
[2023-11-10T18:53:41.671+0000] {logging_mixin.py:154} INFO - [2023-11-10T18:53:41.671+0000] {dag.py:3722} INFO - Setting next_dagrun for example_task_group_decorator to 2023-11-09T18:53:41.671232+00:00, run_after=2023-11-10T18:53:41.671232+00:00
[2023-11-10T18:53:41.678+0000] {processor.py:179} INFO - Processing /home/airflow/.local/lib/python3.8/site-packages/airflow/example_dags/example_task_group_decorator.py took 0.036 seconds
[2023-11-10T18:54:12.131+0000] {processor.py:157} INFO - Started process (PID=2504) to work on /home/airflow/.local/lib/python3.8/site-packages/airflow/example_dags/example_task_group_decorator.py
[2023-11-10T18:54:12.131+0000] {processor.py:829} INFO - Processing file /home/airflow/.local/lib/python3.8/site-packages/airflow/example_dags/example_task_group_decorator.py for tasks to queue
[2023-11-10T18:54:12.132+0000] {logging_mixin.py:154} INFO - [2023-11-10T18:54:12.131+0000] {dagbag.py:536} INFO - Filling up the DagBag from /home/airflow/.local/lib/python3.8/site-packages/airflow/example_dags/example_task_group_decorator.py
[2023-11-10T18:54:12.138+0000] {processor.py:839} INFO - DAG(s) dict_keys(['example_task_group_decorator']) retrieved from /home/airflow/.local/lib/python3.8/site-packages/airflow/example_dags/example_task_group_decorator.py
[2023-11-10T18:54:12.150+0000] {logging_mixin.py:154} INFO - [2023-11-10T18:54:12.150+0000] {dag.py:2941} INFO - Sync 1 DAGs
[2023-11-10T18:54:12.159+0000] {logging_mixin.py:154} INFO - [2023-11-10T18:54:12.159+0000] {dag.py:3722} INFO - Setting next_dagrun for example_task_group_decorator to 2023-11-09T18:54:12.159274+00:00, run_after=2023-11-10T18:54:12.159274+00:00
[2023-11-10T18:54:12.166+0000] {processor.py:179} INFO - Processing /home/airflow/.local/lib/python3.8/site-packages/airflow/example_dags/example_task_group_decorator.py took 0.037 seconds
[2023-11-10T18:54:42.598+0000] {processor.py:157} INFO - Started process (PID=2742) to work on /home/airflow/.local/lib/python3.8/site-packages/airflow/example_dags/example_task_group_decorator.py
[2023-11-10T18:54:42.598+0000] {processor.py:829} INFO - Processing file /home/airflow/.local/lib/python3.8/site-packages/airflow/example_dags/example_task_group_decorator.py for tasks to queue
[2023-11-10T18:54:42.599+0000] {logging_mixin.py:154} INFO - [2023-11-10T18:54:42.599+0000] {dagbag.py:536} INFO - Filling up the DagBag from /home/airflow/.local/lib/python3.8/site-packages/airflow/example_dags/example_task_group_decorator.py
[2023-11-10T18:54:42.606+0000] {processor.py:839} INFO - DAG(s) dict_keys(['example_task_group_decorator']) retrieved from /home/airflow/.local/lib/python3.8/site-packages/airflow/example_dags/example_task_group_decorator.py
[2023-11-10T18:54:42.617+0000] {logging_mixin.py:154} INFO - [2023-11-10T18:54:42.616+0000] {dag.py:2941} INFO - Sync 1 DAGs
[2023-11-10T18:54:42.625+0000] {logging_mixin.py:154} INFO - [2023-11-10T18:54:42.625+0000] {dag.py:3722} INFO - Setting next_dagrun for example_task_group_decorator to 2023-11-09T18:54:42.625377+00:00, run_after=2023-11-10T18:54:42.625377+00:00
[2023-11-10T18:54:42.632+0000] {processor.py:179} INFO - Processing /home/airflow/.local/lib/python3.8/site-packages/airflow/example_dags/example_task_group_decorator.py took 0.036 seconds
[2023-11-10T18:55:13.086+0000] {processor.py:157} INFO - Started process (PID=2980) to work on /home/airflow/.local/lib/python3.8/site-packages/airflow/example_dags/example_task_group_decorator.py
[2023-11-10T18:55:13.087+0000] {processor.py:829} INFO - Processing file /home/airflow/.local/lib/python3.8/site-packages/airflow/example_dags/example_task_group_decorator.py for tasks to queue
[2023-11-10T18:55:13.087+0000] {logging_mixin.py:154} INFO - [2023-11-10T18:55:13.087+0000] {dagbag.py:536} INFO - Filling up the DagBag from /home/airflow/.local/lib/python3.8/site-packages/airflow/example_dags/example_task_group_decorator.py
[2023-11-10T18:55:13.094+0000] {processor.py:839} INFO - DAG(s) dict_keys(['example_task_group_decorator']) retrieved from /home/airflow/.local/lib/python3.8/site-packages/airflow/example_dags/example_task_group_decorator.py
[2023-11-10T18:55:13.105+0000] {logging_mixin.py:154} INFO - [2023-11-10T18:55:13.105+0000] {dag.py:2941} INFO - Sync 1 DAGs
[2023-11-10T18:55:13.113+0000] {logging_mixin.py:154} INFO - [2023-11-10T18:55:13.113+0000] {dag.py:3722} INFO - Setting next_dagrun for example_task_group_decorator to 2023-11-09T18:55:13.113796+00:00, run_after=2023-11-10T18:55:13.113796+00:00
[2023-11-10T18:55:13.120+0000] {processor.py:179} INFO - Processing /home/airflow/.local/lib/python3.8/site-packages/airflow/example_dags/example_task_group_decorator.py took 0.035 seconds
[2023-11-10T18:55:43.669+0000] {processor.py:157} INFO - Started process (PID=3216) to work on /home/airflow/.local/lib/python3.8/site-packages/airflow/example_dags/example_task_group_decorator.py
[2023-11-10T18:55:43.669+0000] {processor.py:829} INFO - Processing file /home/airflow/.local/lib/python3.8/site-packages/airflow/example_dags/example_task_group_decorator.py for tasks to queue
[2023-11-10T18:55:43.670+0000] {logging_mixin.py:154} INFO - [2023-11-10T18:55:43.669+0000] {dagbag.py:536} INFO - Filling up the DagBag from /home/airflow/.local/lib/python3.8/site-packages/airflow/example_dags/example_task_group_decorator.py
[2023-11-10T18:55:43.677+0000] {processor.py:839} INFO - DAG(s) dict_keys(['example_task_group_decorator']) retrieved from /home/airflow/.local/lib/python3.8/site-packages/airflow/example_dags/example_task_group_decorator.py
[2023-11-10T18:55:43.689+0000] {logging_mixin.py:154} INFO - [2023-11-10T18:55:43.689+0000] {dag.py:2941} INFO - Sync 1 DAGs
[2023-11-10T18:55:43.699+0000] {logging_mixin.py:154} INFO - [2023-11-10T18:55:43.699+0000] {dag.py:3722} INFO - Setting next_dagrun for example_task_group_decorator to 2023-11-09T18:55:43.698920+00:00, run_after=2023-11-10T18:55:43.698920+00:00
[2023-11-10T18:55:43.707+0000] {processor.py:179} INFO - Processing /home/airflow/.local/lib/python3.8/site-packages/airflow/example_dags/example_task_group_decorator.py took 0.040 seconds
[2023-11-10T18:56:14.227+0000] {processor.py:157} INFO - Started process (PID=3454) to work on /home/airflow/.local/lib/python3.8/site-packages/airflow/example_dags/example_task_group_decorator.py
[2023-11-10T18:56:14.228+0000] {processor.py:829} INFO - Processing file /home/airflow/.local/lib/python3.8/site-packages/airflow/example_dags/example_task_group_decorator.py for tasks to queue
[2023-11-10T18:56:14.228+0000] {logging_mixin.py:154} INFO - [2023-11-10T18:56:14.228+0000] {dagbag.py:536} INFO - Filling up the DagBag from /home/airflow/.local/lib/python3.8/site-packages/airflow/example_dags/example_task_group_decorator.py
[2023-11-10T18:56:14.235+0000] {processor.py:839} INFO - DAG(s) dict_keys(['example_task_group_decorator']) retrieved from /home/airflow/.local/lib/python3.8/site-packages/airflow/example_dags/example_task_group_decorator.py
[2023-11-10T18:56:14.246+0000] {logging_mixin.py:154} INFO - [2023-11-10T18:56:14.246+0000] {dag.py:2941} INFO - Sync 1 DAGs
[2023-11-10T18:56:14.254+0000] {logging_mixin.py:154} INFO - [2023-11-10T18:56:14.254+0000] {dag.py:3722} INFO - Setting next_dagrun for example_task_group_decorator to 2023-11-09T18:56:14.254796+00:00, run_after=2023-11-10T18:56:14.254796+00:00
[2023-11-10T18:56:14.261+0000] {processor.py:179} INFO - Processing /home/airflow/.local/lib/python3.8/site-packages/airflow/example_dags/example_task_group_decorator.py took 0.036 seconds
[2023-11-10T18:56:44.721+0000] {processor.py:157} INFO - Started process (PID=3694) to work on /home/airflow/.local/lib/python3.8/site-packages/airflow/example_dags/example_task_group_decorator.py
[2023-11-10T18:56:44.722+0000] {processor.py:829} INFO - Processing file /home/airflow/.local/lib/python3.8/site-packages/airflow/example_dags/example_task_group_decorator.py for tasks to queue
[2023-11-10T18:56:44.722+0000] {logging_mixin.py:154} INFO - [2023-11-10T18:56:44.722+0000] {dagbag.py:536} INFO - Filling up the DagBag from /home/airflow/.local/lib/python3.8/site-packages/airflow/example_dags/example_task_group_decorator.py
[2023-11-10T18:56:44.729+0000] {processor.py:839} INFO - DAG(s) dict_keys(['example_task_group_decorator']) retrieved from /home/airflow/.local/lib/python3.8/site-packages/airflow/example_dags/example_task_group_decorator.py
[2023-11-10T18:56:44.740+0000] {logging_mixin.py:154} INFO - [2023-11-10T18:56:44.740+0000] {dag.py:2941} INFO - Sync 1 DAGs
[2023-11-10T18:56:44.749+0000] {logging_mixin.py:154} INFO - [2023-11-10T18:56:44.749+0000] {dag.py:3722} INFO - Setting next_dagrun for example_task_group_decorator to 2023-11-09T18:56:44.748924+00:00, run_after=2023-11-10T18:56:44.748924+00:00
[2023-11-10T18:56:44.755+0000] {processor.py:179} INFO - Processing /home/airflow/.local/lib/python3.8/site-packages/airflow/example_dags/example_task_group_decorator.py took 0.035 seconds
[2023-11-10T18:57:15.135+0000] {processor.py:157} INFO - Started process (PID=3930) to work on /home/airflow/.local/lib/python3.8/site-packages/airflow/example_dags/example_task_group_decorator.py
[2023-11-10T18:57:15.136+0000] {processor.py:829} INFO - Processing file /home/airflow/.local/lib/python3.8/site-packages/airflow/example_dags/example_task_group_decorator.py for tasks to queue
[2023-11-10T18:57:15.136+0000] {logging_mixin.py:154} INFO - [2023-11-10T18:57:15.136+0000] {dagbag.py:536} INFO - Filling up the DagBag from /home/airflow/.local/lib/python3.8/site-packages/airflow/example_dags/example_task_group_decorator.py
[2023-11-10T18:57:15.143+0000] {processor.py:839} INFO - DAG(s) dict_keys(['example_task_group_decorator']) retrieved from /home/airflow/.local/lib/python3.8/site-packages/airflow/example_dags/example_task_group_decorator.py
[2023-11-10T18:57:15.154+0000] {logging_mixin.py:154} INFO - [2023-11-10T18:57:15.154+0000] {dag.py:2941} INFO - Sync 1 DAGs
[2023-11-10T18:57:15.163+0000] {logging_mixin.py:154} INFO - [2023-11-10T18:57:15.163+0000] {dag.py:3722} INFO - Setting next_dagrun for example_task_group_decorator to 2023-11-09T18:57:15.162987+00:00, run_after=2023-11-10T18:57:15.162987+00:00
[2023-11-10T18:57:15.170+0000] {processor.py:179} INFO - Processing /home/airflow/.local/lib/python3.8/site-packages/airflow/example_dags/example_task_group_decorator.py took 0.036 seconds
[2023-11-10T18:57:45.592+0000] {processor.py:157} INFO - Started process (PID=4168) to work on /home/airflow/.local/lib/python3.8/site-packages/airflow/example_dags/example_task_group_decorator.py
[2023-11-10T18:57:45.593+0000] {processor.py:829} INFO - Processing file /home/airflow/.local/lib/python3.8/site-packages/airflow/example_dags/example_task_group_decorator.py for tasks to queue
[2023-11-10T18:57:45.593+0000] {logging_mixin.py:154} INFO - [2023-11-10T18:57:45.593+0000] {dagbag.py:536} INFO - Filling up the DagBag from /home/airflow/.local/lib/python3.8/site-packages/airflow/example_dags/example_task_group_decorator.py
[2023-11-10T18:57:45.600+0000] {processor.py:839} INFO - DAG(s) dict_keys(['example_task_group_decorator']) retrieved from /home/airflow/.local/lib/python3.8/site-packages/airflow/example_dags/example_task_group_decorator.py
[2023-11-10T18:57:45.611+0000] {logging_mixin.py:154} INFO - [2023-11-10T18:57:45.611+0000] {dag.py:2941} INFO - Sync 1 DAGs
[2023-11-10T18:57:45.620+0000] {logging_mixin.py:154} INFO - [2023-11-10T18:57:45.620+0000] {dag.py:3722} INFO - Setting next_dagrun for example_task_group_decorator to 2023-11-09T18:57:45.620106+00:00, run_after=2023-11-10T18:57:45.620106+00:00
[2023-11-10T18:57:45.626+0000] {processor.py:179} INFO - Processing /home/airflow/.local/lib/python3.8/site-packages/airflow/example_dags/example_task_group_decorator.py took 0.036 seconds
[2023-11-10T18:58:16.098+0000] {processor.py:157} INFO - Started process (PID=4408) to work on /home/airflow/.local/lib/python3.8/site-packages/airflow/example_dags/example_task_group_decorator.py
[2023-11-10T18:58:16.099+0000] {processor.py:829} INFO - Processing file /home/airflow/.local/lib/python3.8/site-packages/airflow/example_dags/example_task_group_decorator.py for tasks to queue
[2023-11-10T18:58:16.099+0000] {logging_mixin.py:154} INFO - [2023-11-10T18:58:16.099+0000] {dagbag.py:536} INFO - Filling up the DagBag from /home/airflow/.local/lib/python3.8/site-packages/airflow/example_dags/example_task_group_decorator.py
[2023-11-10T18:58:16.106+0000] {processor.py:839} INFO - DAG(s) dict_keys(['example_task_group_decorator']) retrieved from /home/airflow/.local/lib/python3.8/site-packages/airflow/example_dags/example_task_group_decorator.py
[2023-11-10T18:58:16.117+0000] {logging_mixin.py:154} INFO - [2023-11-10T18:58:16.117+0000] {dag.py:2941} INFO - Sync 1 DAGs
[2023-11-10T18:58:16.126+0000] {logging_mixin.py:154} INFO - [2023-11-10T18:58:16.126+0000] {dag.py:3722} INFO - Setting next_dagrun for example_task_group_decorator to 2023-11-09T18:58:16.126417+00:00, run_after=2023-11-10T18:58:16.126417+00:00
[2023-11-10T18:58:16.134+0000] {processor.py:179} INFO - Processing /home/airflow/.local/lib/python3.8/site-packages/airflow/example_dags/example_task_group_decorator.py took 0.037 seconds
[2023-11-10T18:58:46.696+0000] {processor.py:157} INFO - Started process (PID=4646) to work on /home/airflow/.local/lib/python3.8/site-packages/airflow/example_dags/example_task_group_decorator.py
[2023-11-10T18:58:46.696+0000] {processor.py:829} INFO - Processing file /home/airflow/.local/lib/python3.8/site-packages/airflow/example_dags/example_task_group_decorator.py for tasks to queue
[2023-11-10T18:58:46.697+0000] {logging_mixin.py:154} INFO - [2023-11-10T18:58:46.696+0000] {dagbag.py:536} INFO - Filling up the DagBag from /home/airflow/.local/lib/python3.8/site-packages/airflow/example_dags/example_task_group_decorator.py
[2023-11-10T18:58:46.703+0000] {processor.py:839} INFO - DAG(s) dict_keys(['example_task_group_decorator']) retrieved from /home/airflow/.local/lib/python3.8/site-packages/airflow/example_dags/example_task_group_decorator.py
[2023-11-10T18:58:46.714+0000] {logging_mixin.py:154} INFO - [2023-11-10T18:58:46.714+0000] {dag.py:2941} INFO - Sync 1 DAGs
[2023-11-10T18:58:46.723+0000] {logging_mixin.py:154} INFO - [2023-11-10T18:58:46.723+0000] {dag.py:3722} INFO - Setting next_dagrun for example_task_group_decorator to 2023-11-09T18:58:46.723347+00:00, run_after=2023-11-10T18:58:46.723347+00:00
[2023-11-10T18:58:46.729+0000] {processor.py:179} INFO - Processing /home/airflow/.local/lib/python3.8/site-packages/airflow/example_dags/example_task_group_decorator.py took 0.035 seconds
[2023-11-10T18:59:17.242+0000] {processor.py:157} INFO - Started process (PID=4884) to work on /home/airflow/.local/lib/python3.8/site-packages/airflow/example_dags/example_task_group_decorator.py
[2023-11-10T18:59:17.242+0000] {processor.py:829} INFO - Processing file /home/airflow/.local/lib/python3.8/site-packages/airflow/example_dags/example_task_group_decorator.py for tasks to queue
[2023-11-10T18:59:17.243+0000] {logging_mixin.py:154} INFO - [2023-11-10T18:59:17.243+0000] {dagbag.py:536} INFO - Filling up the DagBag from /home/airflow/.local/lib/python3.8/site-packages/airflow/example_dags/example_task_group_decorator.py
[2023-11-10T18:59:17.249+0000] {processor.py:839} INFO - DAG(s) dict_keys(['example_task_group_decorator']) retrieved from /home/airflow/.local/lib/python3.8/site-packages/airflow/example_dags/example_task_group_decorator.py
[2023-11-10T18:59:17.260+0000] {logging_mixin.py:154} INFO - [2023-11-10T18:59:17.260+0000] {dag.py:2941} INFO - Sync 1 DAGs
[2023-11-10T18:59:17.269+0000] {logging_mixin.py:154} INFO - [2023-11-10T18:59:17.269+0000] {dag.py:3722} INFO - Setting next_dagrun for example_task_group_decorator to 2023-11-09T18:59:17.269274+00:00, run_after=2023-11-10T18:59:17.269274+00:00
[2023-11-10T18:59:17.276+0000] {processor.py:179} INFO - Processing /home/airflow/.local/lib/python3.8/site-packages/airflow/example_dags/example_task_group_decorator.py took 0.035 seconds
[2023-11-10T18:59:47.775+0000] {processor.py:157} INFO - Started process (PID=5122) to work on /home/airflow/.local/lib/python3.8/site-packages/airflow/example_dags/example_task_group_decorator.py
[2023-11-10T18:59:47.775+0000] {processor.py:829} INFO - Processing file /home/airflow/.local/lib/python3.8/site-packages/airflow/example_dags/example_task_group_decorator.py for tasks to queue
[2023-11-10T18:59:47.775+0000] {logging_mixin.py:154} INFO - [2023-11-10T18:59:47.775+0000] {dagbag.py:536} INFO - Filling up the DagBag from /home/airflow/.local/lib/python3.8/site-packages/airflow/example_dags/example_task_group_decorator.py
[2023-11-10T18:59:47.783+0000] {processor.py:839} INFO - DAG(s) dict_keys(['example_task_group_decorator']) retrieved from /home/airflow/.local/lib/python3.8/site-packages/airflow/example_dags/example_task_group_decorator.py
[2023-11-10T18:59:47.794+0000] {logging_mixin.py:154} INFO - [2023-11-10T18:59:47.794+0000] {dag.py:2941} INFO - Sync 1 DAGs
[2023-11-10T18:59:47.803+0000] {logging_mixin.py:154} INFO - [2023-11-10T18:59:47.803+0000] {dag.py:3722} INFO - Setting next_dagrun for example_task_group_decorator to 2023-11-09T18:59:47.803479+00:00, run_after=2023-11-10T18:59:47.803479+00:00
[2023-11-10T18:59:47.810+0000] {processor.py:179} INFO - Processing /home/airflow/.local/lib/python3.8/site-packages/airflow/example_dags/example_task_group_decorator.py took 0.037 seconds
[2023-11-10T19:00:18.310+0000] {processor.py:157} INFO - Started process (PID=5360) to work on /home/airflow/.local/lib/python3.8/site-packages/airflow/example_dags/example_task_group_decorator.py
[2023-11-10T19:00:18.310+0000] {processor.py:829} INFO - Processing file /home/airflow/.local/lib/python3.8/site-packages/airflow/example_dags/example_task_group_decorator.py for tasks to queue
[2023-11-10T19:00:18.311+0000] {logging_mixin.py:154} INFO - [2023-11-10T19:00:18.311+0000] {dagbag.py:536} INFO - Filling up the DagBag from /home/airflow/.local/lib/python3.8/site-packages/airflow/example_dags/example_task_group_decorator.py
[2023-11-10T19:00:18.318+0000] {processor.py:839} INFO - DAG(s) dict_keys(['example_task_group_decorator']) retrieved from /home/airflow/.local/lib/python3.8/site-packages/airflow/example_dags/example_task_group_decorator.py
[2023-11-10T19:00:18.330+0000] {logging_mixin.py:154} INFO - [2023-11-10T19:00:18.330+0000] {dag.py:2941} INFO - Sync 1 DAGs
[2023-11-10T19:00:18.340+0000] {logging_mixin.py:154} INFO - [2023-11-10T19:00:18.340+0000] {dag.py:3722} INFO - Setting next_dagrun for example_task_group_decorator to 2023-11-09T19:00:18.340379+00:00, run_after=2023-11-10T19:00:18.340379+00:00
[2023-11-10T19:00:18.347+0000] {processor.py:179} INFO - Processing /home/airflow/.local/lib/python3.8/site-packages/airflow/example_dags/example_task_group_decorator.py took 0.040 seconds
[2023-11-10T19:00:48.775+0000] {processor.py:157} INFO - Started process (PID=5596) to work on /home/airflow/.local/lib/python3.8/site-packages/airflow/example_dags/example_task_group_decorator.py
[2023-11-10T19:00:48.775+0000] {processor.py:829} INFO - Processing file /home/airflow/.local/lib/python3.8/site-packages/airflow/example_dags/example_task_group_decorator.py for tasks to queue
[2023-11-10T19:00:48.775+0000] {logging_mixin.py:154} INFO - [2023-11-10T19:00:48.775+0000] {dagbag.py:536} INFO - Filling up the DagBag from /home/airflow/.local/lib/python3.8/site-packages/airflow/example_dags/example_task_group_decorator.py
[2023-11-10T19:00:48.783+0000] {processor.py:839} INFO - DAG(s) dict_keys(['example_task_group_decorator']) retrieved from /home/airflow/.local/lib/python3.8/site-packages/airflow/example_dags/example_task_group_decorator.py
[2023-11-10T19:00:48.794+0000] {logging_mixin.py:154} INFO - [2023-11-10T19:00:48.794+0000] {dag.py:2941} INFO - Sync 1 DAGs
[2023-11-10T19:00:48.804+0000] {logging_mixin.py:154} INFO - [2023-11-10T19:00:48.804+0000] {dag.py:3722} INFO - Setting next_dagrun for example_task_group_decorator to 2023-11-09T19:00:48.804402+00:00, run_after=2023-11-10T19:00:48.804402+00:00
[2023-11-10T19:00:48.811+0000] {processor.py:179} INFO - Processing /home/airflow/.local/lib/python3.8/site-packages/airflow/example_dags/example_task_group_decorator.py took 0.038 seconds
[2023-11-10T19:01:19.221+0000] {processor.py:157} INFO - Started process (PID=5834) to work on /home/airflow/.local/lib/python3.8/site-packages/airflow/example_dags/example_task_group_decorator.py
[2023-11-10T19:01:19.222+0000] {processor.py:829} INFO - Processing file /home/airflow/.local/lib/python3.8/site-packages/airflow/example_dags/example_task_group_decorator.py for tasks to queue
[2023-11-10T19:01:19.222+0000] {logging_mixin.py:154} INFO - [2023-11-10T19:01:19.222+0000] {dagbag.py:536} INFO - Filling up the DagBag from /home/airflow/.local/lib/python3.8/site-packages/airflow/example_dags/example_task_group_decorator.py
[2023-11-10T19:01:19.229+0000] {processor.py:839} INFO - DAG(s) dict_keys(['example_task_group_decorator']) retrieved from /home/airflow/.local/lib/python3.8/site-packages/airflow/example_dags/example_task_group_decorator.py
[2023-11-10T19:01:19.241+0000] {logging_mixin.py:154} INFO - [2023-11-10T19:01:19.241+0000] {dag.py:2941} INFO - Sync 1 DAGs
[2023-11-10T19:01:19.251+0000] {logging_mixin.py:154} INFO - [2023-11-10T19:01:19.251+0000] {dag.py:3722} INFO - Setting next_dagrun for example_task_group_decorator to 2023-11-09T19:01:19.251477+00:00, run_after=2023-11-10T19:01:19.251477+00:00
[2023-11-10T19:01:19.259+0000] {processor.py:179} INFO - Processing /home/airflow/.local/lib/python3.8/site-packages/airflow/example_dags/example_task_group_decorator.py took 0.040 seconds
[2023-11-10T19:01:49.649+0000] {processor.py:157} INFO - Started process (PID=6072) to work on /home/airflow/.local/lib/python3.8/site-packages/airflow/example_dags/example_task_group_decorator.py
[2023-11-10T19:01:49.649+0000] {processor.py:829} INFO - Processing file /home/airflow/.local/lib/python3.8/site-packages/airflow/example_dags/example_task_group_decorator.py for tasks to queue
[2023-11-10T19:01:49.650+0000] {logging_mixin.py:154} INFO - [2023-11-10T19:01:49.650+0000] {dagbag.py:536} INFO - Filling up the DagBag from /home/airflow/.local/lib/python3.8/site-packages/airflow/example_dags/example_task_group_decorator.py
[2023-11-10T19:01:49.657+0000] {processor.py:839} INFO - DAG(s) dict_keys(['example_task_group_decorator']) retrieved from /home/airflow/.local/lib/python3.8/site-packages/airflow/example_dags/example_task_group_decorator.py
[2023-11-10T19:01:49.668+0000] {logging_mixin.py:154} INFO - [2023-11-10T19:01:49.668+0000] {dag.py:2941} INFO - Sync 1 DAGs
[2023-11-10T19:01:49.678+0000] {logging_mixin.py:154} INFO - [2023-11-10T19:01:49.678+0000] {dag.py:3722} INFO - Setting next_dagrun for example_task_group_decorator to 2023-11-09T19:01:49.678426+00:00, run_after=2023-11-10T19:01:49.678426+00:00
[2023-11-10T19:01:49.685+0000] {processor.py:179} INFO - Processing /home/airflow/.local/lib/python3.8/site-packages/airflow/example_dags/example_task_group_decorator.py took 0.039 seconds
[2023-11-10T19:02:20.116+0000] {processor.py:157} INFO - Started process (PID=6310) to work on /home/airflow/.local/lib/python3.8/site-packages/airflow/example_dags/example_task_group_decorator.py
[2023-11-10T19:02:20.117+0000] {processor.py:829} INFO - Processing file /home/airflow/.local/lib/python3.8/site-packages/airflow/example_dags/example_task_group_decorator.py for tasks to queue
[2023-11-10T19:02:20.117+0000] {logging_mixin.py:154} INFO - [2023-11-10T19:02:20.117+0000] {dagbag.py:536} INFO - Filling up the DagBag from /home/airflow/.local/lib/python3.8/site-packages/airflow/example_dags/example_task_group_decorator.py
[2023-11-10T19:02:20.124+0000] {processor.py:839} INFO - DAG(s) dict_keys(['example_task_group_decorator']) retrieved from /home/airflow/.local/lib/python3.8/site-packages/airflow/example_dags/example_task_group_decorator.py
[2023-11-10T19:02:20.136+0000] {logging_mixin.py:154} INFO - [2023-11-10T19:02:20.136+0000] {dag.py:2941} INFO - Sync 1 DAGs
[2023-11-10T19:02:20.147+0000] {logging_mixin.py:154} INFO - [2023-11-10T19:02:20.147+0000] {dag.py:3722} INFO - Setting next_dagrun for example_task_group_decorator to 2023-11-09T19:02:20.147033+00:00, run_after=2023-11-10T19:02:20.147033+00:00
[2023-11-10T19:02:20.155+0000] {processor.py:179} INFO - Processing /home/airflow/.local/lib/python3.8/site-packages/airflow/example_dags/example_task_group_decorator.py took 0.041 seconds
[2023-11-10T19:02:50.692+0000] {processor.py:157} INFO - Started process (PID=6550) to work on /home/airflow/.local/lib/python3.8/site-packages/airflow/example_dags/example_task_group_decorator.py
[2023-11-10T19:02:50.692+0000] {processor.py:829} INFO - Processing file /home/airflow/.local/lib/python3.8/site-packages/airflow/example_dags/example_task_group_decorator.py for tasks to queue
[2023-11-10T19:02:50.693+0000] {logging_mixin.py:154} INFO - [2023-11-10T19:02:50.693+0000] {dagbag.py:536} INFO - Filling up the DagBag from /home/airflow/.local/lib/python3.8/site-packages/airflow/example_dags/example_task_group_decorator.py
[2023-11-10T19:02:50.700+0000] {processor.py:839} INFO - DAG(s) dict_keys(['example_task_group_decorator']) retrieved from /home/airflow/.local/lib/python3.8/site-packages/airflow/example_dags/example_task_group_decorator.py
[2023-11-10T19:02:50.711+0000] {logging_mixin.py:154} INFO - [2023-11-10T19:02:50.711+0000] {dag.py:2941} INFO - Sync 1 DAGs
[2023-11-10T19:02:50.720+0000] {logging_mixin.py:154} INFO - [2023-11-10T19:02:50.720+0000] {dag.py:3722} INFO - Setting next_dagrun for example_task_group_decorator to 2023-11-09T19:02:50.720477+00:00, run_after=2023-11-10T19:02:50.720477+00:00
[2023-11-10T19:02:50.727+0000] {processor.py:179} INFO - Processing /home/airflow/.local/lib/python3.8/site-packages/airflow/example_dags/example_task_group_decorator.py took 0.038 seconds
