[2023-11-10T18:49:36.972+0000] {processor.py:157} INFO - Started process (PID=225) to work on /home/airflow/.local/lib/python3.8/site-packages/airflow/example_dags/example_branch_operator.py
[2023-11-10T18:49:36.973+0000] {processor.py:829} INFO - Processing file /home/airflow/.local/lib/python3.8/site-packages/airflow/example_dags/example_branch_operator.py for tasks to queue
[2023-11-10T18:49:36.973+0000] {logging_mixin.py:154} INFO - [2023-11-10T18:49:36.973+0000] {dagbag.py:536} INFO - Filling up the DagBag from /home/airflow/.local/lib/python3.8/site-packages/airflow/example_dags/example_branch_operator.py
[2023-11-10T18:49:36.979+0000] {processor.py:839} INFO - DAG(s) dict_keys(['example_branch_operator']) retrieved from /home/airflow/.local/lib/python3.8/site-packages/airflow/example_dags/example_branch_operator.py
[2023-11-10T18:49:36.985+0000] {logging_mixin.py:154} INFO - [2023-11-10T18:49:36.985+0000] {dag.py:2941} INFO - Sync 1 DAGs
[2023-11-10T18:49:36.997+0000] {logging_mixin.py:154} INFO - [2023-11-10T18:49:36.997+0000] {dag.py:3722} INFO - Setting next_dagrun for example_branch_operator to 2023-11-09T00:00:00+00:00, run_after=2023-11-10T00:00:00+00:00
[2023-11-10T18:49:37.005+0000] {processor.py:179} INFO - Processing /home/airflow/.local/lib/python3.8/site-packages/airflow/example_dags/example_branch_operator.py took 0.034 seconds
[2023-11-10T18:50:07.402+0000] {processor.py:157} INFO - Started process (PID=463) to work on /home/airflow/.local/lib/python3.8/site-packages/airflow/example_dags/example_branch_operator.py
[2023-11-10T18:50:07.402+0000] {processor.py:829} INFO - Processing file /home/airflow/.local/lib/python3.8/site-packages/airflow/example_dags/example_branch_operator.py for tasks to queue
[2023-11-10T18:50:07.403+0000] {logging_mixin.py:154} INFO - [2023-11-10T18:50:07.403+0000] {dagbag.py:536} INFO - Filling up the DagBag from /home/airflow/.local/lib/python3.8/site-packages/airflow/example_dags/example_branch_operator.py
[2023-11-10T18:50:07.408+0000] {processor.py:839} INFO - DAG(s) dict_keys(['example_branch_operator']) retrieved from /home/airflow/.local/lib/python3.8/site-packages/airflow/example_dags/example_branch_operator.py
[2023-11-10T18:50:07.419+0000] {logging_mixin.py:154} INFO - [2023-11-10T18:50:07.419+0000] {dag.py:2941} INFO - Sync 1 DAGs
[2023-11-10T18:50:07.429+0000] {logging_mixin.py:154} INFO - [2023-11-10T18:50:07.429+0000] {dag.py:3722} INFO - Setting next_dagrun for example_branch_operator to 2023-11-09T00:00:00+00:00, run_after=2023-11-10T00:00:00+00:00
[2023-11-10T18:50:07.436+0000] {processor.py:179} INFO - Processing /home/airflow/.local/lib/python3.8/site-packages/airflow/example_dags/example_branch_operator.py took 0.036 seconds
[2023-11-10T18:50:37.869+0000] {processor.py:157} INFO - Started process (PID=701) to work on /home/airflow/.local/lib/python3.8/site-packages/airflow/example_dags/example_branch_operator.py
[2023-11-10T18:50:37.870+0000] {processor.py:829} INFO - Processing file /home/airflow/.local/lib/python3.8/site-packages/airflow/example_dags/example_branch_operator.py for tasks to queue
[2023-11-10T18:50:37.870+0000] {logging_mixin.py:154} INFO - [2023-11-10T18:50:37.870+0000] {dagbag.py:536} INFO - Filling up the DagBag from /home/airflow/.local/lib/python3.8/site-packages/airflow/example_dags/example_branch_operator.py
[2023-11-10T18:50:37.875+0000] {processor.py:839} INFO - DAG(s) dict_keys(['example_branch_operator']) retrieved from /home/airflow/.local/lib/python3.8/site-packages/airflow/example_dags/example_branch_operator.py
[2023-11-10T18:50:37.886+0000] {logging_mixin.py:154} INFO - [2023-11-10T18:50:37.886+0000] {dag.py:2941} INFO - Sync 1 DAGs
[2023-11-10T18:50:37.896+0000] {logging_mixin.py:154} INFO - [2023-11-10T18:50:37.896+0000] {dag.py:3722} INFO - Setting next_dagrun for example_branch_operator to 2023-11-09T00:00:00+00:00, run_after=2023-11-10T00:00:00+00:00
[2023-11-10T18:50:37.903+0000] {processor.py:179} INFO - Processing /home/airflow/.local/lib/python3.8/site-packages/airflow/example_dags/example_branch_operator.py took 0.035 seconds
[2023-11-10T18:51:08.414+0000] {processor.py:157} INFO - Started process (PID=939) to work on /home/airflow/.local/lib/python3.8/site-packages/airflow/example_dags/example_branch_operator.py
[2023-11-10T18:51:08.414+0000] {processor.py:829} INFO - Processing file /home/airflow/.local/lib/python3.8/site-packages/airflow/example_dags/example_branch_operator.py for tasks to queue
[2023-11-10T18:51:08.415+0000] {logging_mixin.py:154} INFO - [2023-11-10T18:51:08.415+0000] {dagbag.py:536} INFO - Filling up the DagBag from /home/airflow/.local/lib/python3.8/site-packages/airflow/example_dags/example_branch_operator.py
[2023-11-10T18:51:08.420+0000] {processor.py:839} INFO - DAG(s) dict_keys(['example_branch_operator']) retrieved from /home/airflow/.local/lib/python3.8/site-packages/airflow/example_dags/example_branch_operator.py
[2023-11-10T18:51:08.432+0000] {logging_mixin.py:154} INFO - [2023-11-10T18:51:08.432+0000] {dag.py:2941} INFO - Sync 1 DAGs
[2023-11-10T18:51:08.443+0000] {logging_mixin.py:154} INFO - [2023-11-10T18:51:08.443+0000] {dag.py:3722} INFO - Setting next_dagrun for example_branch_operator to 2023-11-09T00:00:00+00:00, run_after=2023-11-10T00:00:00+00:00
[2023-11-10T18:51:08.451+0000] {processor.py:179} INFO - Processing /home/airflow/.local/lib/python3.8/site-packages/airflow/example_dags/example_branch_operator.py took 0.039 seconds
[2023-11-10T18:51:38.925+0000] {processor.py:157} INFO - Started process (PID=1177) to work on /home/airflow/.local/lib/python3.8/site-packages/airflow/example_dags/example_branch_operator.py
[2023-11-10T18:51:38.926+0000] {processor.py:829} INFO - Processing file /home/airflow/.local/lib/python3.8/site-packages/airflow/example_dags/example_branch_operator.py for tasks to queue
[2023-11-10T18:51:38.926+0000] {logging_mixin.py:154} INFO - [2023-11-10T18:51:38.926+0000] {dagbag.py:536} INFO - Filling up the DagBag from /home/airflow/.local/lib/python3.8/site-packages/airflow/example_dags/example_branch_operator.py
[2023-11-10T18:51:38.931+0000] {processor.py:839} INFO - DAG(s) dict_keys(['example_branch_operator']) retrieved from /home/airflow/.local/lib/python3.8/site-packages/airflow/example_dags/example_branch_operator.py
[2023-11-10T18:51:38.942+0000] {logging_mixin.py:154} INFO - [2023-11-10T18:51:38.942+0000] {dag.py:2941} INFO - Sync 1 DAGs
[2023-11-10T18:51:38.951+0000] {logging_mixin.py:154} INFO - [2023-11-10T18:51:38.951+0000] {dag.py:3722} INFO - Setting next_dagrun for example_branch_operator to 2023-11-09T00:00:00+00:00, run_after=2023-11-10T00:00:00+00:00
[2023-11-10T18:51:38.959+0000] {processor.py:179} INFO - Processing /home/airflow/.local/lib/python3.8/site-packages/airflow/example_dags/example_branch_operator.py took 0.035 seconds
[2023-11-10T18:52:09.337+0000] {processor.py:157} INFO - Started process (PID=1415) to work on /home/airflow/.local/lib/python3.8/site-packages/airflow/example_dags/example_branch_operator.py
[2023-11-10T18:52:09.338+0000] {processor.py:829} INFO - Processing file /home/airflow/.local/lib/python3.8/site-packages/airflow/example_dags/example_branch_operator.py for tasks to queue
[2023-11-10T18:52:09.338+0000] {logging_mixin.py:154} INFO - [2023-11-10T18:52:09.338+0000] {dagbag.py:536} INFO - Filling up the DagBag from /home/airflow/.local/lib/python3.8/site-packages/airflow/example_dags/example_branch_operator.py
[2023-11-10T18:52:09.343+0000] {processor.py:839} INFO - DAG(s) dict_keys(['example_branch_operator']) retrieved from /home/airflow/.local/lib/python3.8/site-packages/airflow/example_dags/example_branch_operator.py
[2023-11-10T18:52:09.354+0000] {logging_mixin.py:154} INFO - [2023-11-10T18:52:09.354+0000] {dag.py:2941} INFO - Sync 1 DAGs
[2023-11-10T18:52:09.365+0000] {logging_mixin.py:154} INFO - [2023-11-10T18:52:09.364+0000] {dag.py:3722} INFO - Setting next_dagrun for example_branch_operator to 2023-11-09T00:00:00+00:00, run_after=2023-11-10T00:00:00+00:00
[2023-11-10T18:52:09.372+0000] {processor.py:179} INFO - Processing /home/airflow/.local/lib/python3.8/site-packages/airflow/example_dags/example_branch_operator.py took 0.036 seconds
[2023-11-10T18:52:39.898+0000] {processor.py:157} INFO - Started process (PID=1653) to work on /home/airflow/.local/lib/python3.8/site-packages/airflow/example_dags/example_branch_operator.py
[2023-11-10T18:52:39.899+0000] {processor.py:829} INFO - Processing file /home/airflow/.local/lib/python3.8/site-packages/airflow/example_dags/example_branch_operator.py for tasks to queue
[2023-11-10T18:52:39.899+0000] {logging_mixin.py:154} INFO - [2023-11-10T18:52:39.899+0000] {dagbag.py:536} INFO - Filling up the DagBag from /home/airflow/.local/lib/python3.8/site-packages/airflow/example_dags/example_branch_operator.py
[2023-11-10T18:52:39.904+0000] {processor.py:839} INFO - DAG(s) dict_keys(['example_branch_operator']) retrieved from /home/airflow/.local/lib/python3.8/site-packages/airflow/example_dags/example_branch_operator.py
[2023-11-10T18:52:39.915+0000] {logging_mixin.py:154} INFO - [2023-11-10T18:52:39.914+0000] {dag.py:2941} INFO - Sync 1 DAGs
[2023-11-10T18:52:39.924+0000] {logging_mixin.py:154} INFO - [2023-11-10T18:52:39.924+0000] {dag.py:3722} INFO - Setting next_dagrun for example_branch_operator to 2023-11-09T00:00:00+00:00, run_after=2023-11-10T00:00:00+00:00
[2023-11-10T18:52:39.931+0000] {processor.py:179} INFO - Processing /home/airflow/.local/lib/python3.8/site-packages/airflow/example_dags/example_branch_operator.py took 0.035 seconds
[2023-11-10T18:53:10.369+0000] {processor.py:157} INFO - Started process (PID=1891) to work on /home/airflow/.local/lib/python3.8/site-packages/airflow/example_dags/example_branch_operator.py
[2023-11-10T18:53:10.369+0000] {processor.py:829} INFO - Processing file /home/airflow/.local/lib/python3.8/site-packages/airflow/example_dags/example_branch_operator.py for tasks to queue
[2023-11-10T18:53:10.370+0000] {logging_mixin.py:154} INFO - [2023-11-10T18:53:10.369+0000] {dagbag.py:536} INFO - Filling up the DagBag from /home/airflow/.local/lib/python3.8/site-packages/airflow/example_dags/example_branch_operator.py
[2023-11-10T18:53:10.374+0000] {processor.py:839} INFO - DAG(s) dict_keys(['example_branch_operator']) retrieved from /home/airflow/.local/lib/python3.8/site-packages/airflow/example_dags/example_branch_operator.py
[2023-11-10T18:53:10.385+0000] {logging_mixin.py:154} INFO - [2023-11-10T18:53:10.385+0000] {dag.py:2941} INFO - Sync 1 DAGs
[2023-11-10T18:53:10.394+0000] {logging_mixin.py:154} INFO - [2023-11-10T18:53:10.394+0000] {dag.py:3722} INFO - Setting next_dagrun for example_branch_operator to 2023-11-09T00:00:00+00:00, run_after=2023-11-10T00:00:00+00:00
[2023-11-10T18:53:10.401+0000] {processor.py:179} INFO - Processing /home/airflow/.local/lib/python3.8/site-packages/airflow/example_dags/example_branch_operator.py took 0.034 seconds
[2023-11-10T18:53:40.942+0000] {processor.py:157} INFO - Started process (PID=2129) to work on /home/airflow/.local/lib/python3.8/site-packages/airflow/example_dags/example_branch_operator.py
[2023-11-10T18:53:40.943+0000] {processor.py:829} INFO - Processing file /home/airflow/.local/lib/python3.8/site-packages/airflow/example_dags/example_branch_operator.py for tasks to queue
[2023-11-10T18:53:40.943+0000] {logging_mixin.py:154} INFO - [2023-11-10T18:53:40.943+0000] {dagbag.py:536} INFO - Filling up the DagBag from /home/airflow/.local/lib/python3.8/site-packages/airflow/example_dags/example_branch_operator.py
[2023-11-10T18:53:40.948+0000] {processor.py:839} INFO - DAG(s) dict_keys(['example_branch_operator']) retrieved from /home/airflow/.local/lib/python3.8/site-packages/airflow/example_dags/example_branch_operator.py
[2023-11-10T18:53:40.959+0000] {logging_mixin.py:154} INFO - [2023-11-10T18:53:40.959+0000] {dag.py:2941} INFO - Sync 1 DAGs
[2023-11-10T18:53:40.968+0000] {logging_mixin.py:154} INFO - [2023-11-10T18:53:40.968+0000] {dag.py:3722} INFO - Setting next_dagrun for example_branch_operator to 2023-11-09T00:00:00+00:00, run_after=2023-11-10T00:00:00+00:00
[2023-11-10T18:53:40.975+0000] {processor.py:179} INFO - Processing /home/airflow/.local/lib/python3.8/site-packages/airflow/example_dags/example_branch_operator.py took 0.034 seconds
[2023-11-10T18:54:11.367+0000] {processor.py:157} INFO - Started process (PID=2367) to work on /home/airflow/.local/lib/python3.8/site-packages/airflow/example_dags/example_branch_operator.py
[2023-11-10T18:54:11.368+0000] {processor.py:829} INFO - Processing file /home/airflow/.local/lib/python3.8/site-packages/airflow/example_dags/example_branch_operator.py for tasks to queue
[2023-11-10T18:54:11.368+0000] {logging_mixin.py:154} INFO - [2023-11-10T18:54:11.368+0000] {dagbag.py:536} INFO - Filling up the DagBag from /home/airflow/.local/lib/python3.8/site-packages/airflow/example_dags/example_branch_operator.py
[2023-11-10T18:54:11.373+0000] {processor.py:839} INFO - DAG(s) dict_keys(['example_branch_operator']) retrieved from /home/airflow/.local/lib/python3.8/site-packages/airflow/example_dags/example_branch_operator.py
[2023-11-10T18:54:11.384+0000] {logging_mixin.py:154} INFO - [2023-11-10T18:54:11.384+0000] {dag.py:2941} INFO - Sync 1 DAGs
[2023-11-10T18:54:11.394+0000] {logging_mixin.py:154} INFO - [2023-11-10T18:54:11.394+0000] {dag.py:3722} INFO - Setting next_dagrun for example_branch_operator to 2023-11-09T00:00:00+00:00, run_after=2023-11-10T00:00:00+00:00
[2023-11-10T18:54:11.401+0000] {processor.py:179} INFO - Processing /home/airflow/.local/lib/python3.8/site-packages/airflow/example_dags/example_branch_operator.py took 0.036 seconds
[2023-11-10T18:54:41.860+0000] {processor.py:157} INFO - Started process (PID=2605) to work on /home/airflow/.local/lib/python3.8/site-packages/airflow/example_dags/example_branch_operator.py
[2023-11-10T18:54:41.860+0000] {processor.py:829} INFO - Processing file /home/airflow/.local/lib/python3.8/site-packages/airflow/example_dags/example_branch_operator.py for tasks to queue
[2023-11-10T18:54:41.861+0000] {logging_mixin.py:154} INFO - [2023-11-10T18:54:41.861+0000] {dagbag.py:536} INFO - Filling up the DagBag from /home/airflow/.local/lib/python3.8/site-packages/airflow/example_dags/example_branch_operator.py
[2023-11-10T18:54:41.866+0000] {processor.py:839} INFO - DAG(s) dict_keys(['example_branch_operator']) retrieved from /home/airflow/.local/lib/python3.8/site-packages/airflow/example_dags/example_branch_operator.py
[2023-11-10T18:54:41.878+0000] {logging_mixin.py:154} INFO - [2023-11-10T18:54:41.877+0000] {dag.py:2941} INFO - Sync 1 DAGs
[2023-11-10T18:54:41.888+0000] {logging_mixin.py:154} INFO - [2023-11-10T18:54:41.888+0000] {dag.py:3722} INFO - Setting next_dagrun for example_branch_operator to 2023-11-09T00:00:00+00:00, run_after=2023-11-10T00:00:00+00:00
[2023-11-10T18:54:41.895+0000] {processor.py:179} INFO - Processing /home/airflow/.local/lib/python3.8/site-packages/airflow/example_dags/example_branch_operator.py took 0.038 seconds
[2023-11-10T18:55:12.343+0000] {processor.py:157} INFO - Started process (PID=2843) to work on /home/airflow/.local/lib/python3.8/site-packages/airflow/example_dags/example_branch_operator.py
[2023-11-10T18:55:12.343+0000] {processor.py:829} INFO - Processing file /home/airflow/.local/lib/python3.8/site-packages/airflow/example_dags/example_branch_operator.py for tasks to queue
[2023-11-10T18:55:12.343+0000] {logging_mixin.py:154} INFO - [2023-11-10T18:55:12.343+0000] {dagbag.py:536} INFO - Filling up the DagBag from /home/airflow/.local/lib/python3.8/site-packages/airflow/example_dags/example_branch_operator.py
[2023-11-10T18:55:12.348+0000] {processor.py:839} INFO - DAG(s) dict_keys(['example_branch_operator']) retrieved from /home/airflow/.local/lib/python3.8/site-packages/airflow/example_dags/example_branch_operator.py
[2023-11-10T18:55:12.359+0000] {logging_mixin.py:154} INFO - [2023-11-10T18:55:12.359+0000] {dag.py:2941} INFO - Sync 1 DAGs
[2023-11-10T18:55:12.369+0000] {logging_mixin.py:154} INFO - [2023-11-10T18:55:12.369+0000] {dag.py:3722} INFO - Setting next_dagrun for example_branch_operator to 2023-11-09T00:00:00+00:00, run_after=2023-11-10T00:00:00+00:00
[2023-11-10T18:55:12.377+0000] {processor.py:179} INFO - Processing /home/airflow/.local/lib/python3.8/site-packages/airflow/example_dags/example_branch_operator.py took 0.036 seconds
[2023-11-10T18:55:42.927+0000] {processor.py:157} INFO - Started process (PID=3081) to work on /home/airflow/.local/lib/python3.8/site-packages/airflow/example_dags/example_branch_operator.py
[2023-11-10T18:55:42.928+0000] {processor.py:829} INFO - Processing file /home/airflow/.local/lib/python3.8/site-packages/airflow/example_dags/example_branch_operator.py for tasks to queue
[2023-11-10T18:55:42.929+0000] {logging_mixin.py:154} INFO - [2023-11-10T18:55:42.928+0000] {dagbag.py:536} INFO - Filling up the DagBag from /home/airflow/.local/lib/python3.8/site-packages/airflow/example_dags/example_branch_operator.py
[2023-11-10T18:55:42.933+0000] {processor.py:839} INFO - DAG(s) dict_keys(['example_branch_operator']) retrieved from /home/airflow/.local/lib/python3.8/site-packages/airflow/example_dags/example_branch_operator.py
[2023-11-10T18:55:42.944+0000] {logging_mixin.py:154} INFO - [2023-11-10T18:55:42.944+0000] {dag.py:2941} INFO - Sync 1 DAGs
[2023-11-10T18:55:42.954+0000] {logging_mixin.py:154} INFO - [2023-11-10T18:55:42.954+0000] {dag.py:3722} INFO - Setting next_dagrun for example_branch_operator to 2023-11-09T00:00:00+00:00, run_after=2023-11-10T00:00:00+00:00
[2023-11-10T18:55:42.961+0000] {processor.py:179} INFO - Processing /home/airflow/.local/lib/python3.8/site-packages/airflow/example_dags/example_branch_operator.py took 0.035 seconds
[2023-11-10T18:56:13.494+0000] {processor.py:157} INFO - Started process (PID=3319) to work on /home/airflow/.local/lib/python3.8/site-packages/airflow/example_dags/example_branch_operator.py
[2023-11-10T18:56:13.495+0000] {processor.py:829} INFO - Processing file /home/airflow/.local/lib/python3.8/site-packages/airflow/example_dags/example_branch_operator.py for tasks to queue
[2023-11-10T18:56:13.495+0000] {logging_mixin.py:154} INFO - [2023-11-10T18:56:13.495+0000] {dagbag.py:536} INFO - Filling up the DagBag from /home/airflow/.local/lib/python3.8/site-packages/airflow/example_dags/example_branch_operator.py
[2023-11-10T18:56:13.500+0000] {processor.py:839} INFO - DAG(s) dict_keys(['example_branch_operator']) retrieved from /home/airflow/.local/lib/python3.8/site-packages/airflow/example_dags/example_branch_operator.py
[2023-11-10T18:56:13.510+0000] {logging_mixin.py:154} INFO - [2023-11-10T18:56:13.510+0000] {dag.py:2941} INFO - Sync 1 DAGs
[2023-11-10T18:56:13.520+0000] {logging_mixin.py:154} INFO - [2023-11-10T18:56:13.520+0000] {dag.py:3722} INFO - Setting next_dagrun for example_branch_operator to 2023-11-09T00:00:00+00:00, run_after=2023-11-10T00:00:00+00:00
[2023-11-10T18:56:13.527+0000] {processor.py:179} INFO - Processing /home/airflow/.local/lib/python3.8/site-packages/airflow/example_dags/example_branch_operator.py took 0.034 seconds
[2023-11-10T18:56:44.061+0000] {processor.py:157} INFO - Started process (PID=3557) to work on /home/airflow/.local/lib/python3.8/site-packages/airflow/example_dags/example_branch_operator.py
[2023-11-10T18:56:44.061+0000] {processor.py:829} INFO - Processing file /home/airflow/.local/lib/python3.8/site-packages/airflow/example_dags/example_branch_operator.py for tasks to queue
[2023-11-10T18:56:44.062+0000] {logging_mixin.py:154} INFO - [2023-11-10T18:56:44.062+0000] {dagbag.py:536} INFO - Filling up the DagBag from /home/airflow/.local/lib/python3.8/site-packages/airflow/example_dags/example_branch_operator.py
[2023-11-10T18:56:44.067+0000] {processor.py:839} INFO - DAG(s) dict_keys(['example_branch_operator']) retrieved from /home/airflow/.local/lib/python3.8/site-packages/airflow/example_dags/example_branch_operator.py
[2023-11-10T18:56:44.077+0000] {logging_mixin.py:154} INFO - [2023-11-10T18:56:44.077+0000] {dag.py:2941} INFO - Sync 1 DAGs
[2023-11-10T18:56:44.087+0000] {logging_mixin.py:154} INFO - [2023-11-10T18:56:44.087+0000] {dag.py:3722} INFO - Setting next_dagrun for example_branch_operator to 2023-11-09T00:00:00+00:00, run_after=2023-11-10T00:00:00+00:00
[2023-11-10T18:56:44.095+0000] {processor.py:179} INFO - Processing /home/airflow/.local/lib/python3.8/site-packages/airflow/example_dags/example_branch_operator.py took 0.036 seconds
[2023-11-10T18:57:14.482+0000] {processor.py:157} INFO - Started process (PID=3795) to work on /home/airflow/.local/lib/python3.8/site-packages/airflow/example_dags/example_branch_operator.py
[2023-11-10T18:57:14.483+0000] {processor.py:829} INFO - Processing file /home/airflow/.local/lib/python3.8/site-packages/airflow/example_dags/example_branch_operator.py for tasks to queue
[2023-11-10T18:57:14.483+0000] {logging_mixin.py:154} INFO - [2023-11-10T18:57:14.483+0000] {dagbag.py:536} INFO - Filling up the DagBag from /home/airflow/.local/lib/python3.8/site-packages/airflow/example_dags/example_branch_operator.py
[2023-11-10T18:57:14.488+0000] {processor.py:839} INFO - DAG(s) dict_keys(['example_branch_operator']) retrieved from /home/airflow/.local/lib/python3.8/site-packages/airflow/example_dags/example_branch_operator.py
[2023-11-10T18:57:14.499+0000] {logging_mixin.py:154} INFO - [2023-11-10T18:57:14.499+0000] {dag.py:2941} INFO - Sync 1 DAGs
[2023-11-10T18:57:14.509+0000] {logging_mixin.py:154} INFO - [2023-11-10T18:57:14.509+0000] {dag.py:3722} INFO - Setting next_dagrun for example_branch_operator to 2023-11-09T00:00:00+00:00, run_after=2023-11-10T00:00:00+00:00
[2023-11-10T18:57:14.516+0000] {processor.py:179} INFO - Processing /home/airflow/.local/lib/python3.8/site-packages/airflow/example_dags/example_branch_operator.py took 0.036 seconds
[2023-11-10T18:57:44.927+0000] {processor.py:157} INFO - Started process (PID=4033) to work on /home/airflow/.local/lib/python3.8/site-packages/airflow/example_dags/example_branch_operator.py
[2023-11-10T18:57:44.927+0000] {processor.py:829} INFO - Processing file /home/airflow/.local/lib/python3.8/site-packages/airflow/example_dags/example_branch_operator.py for tasks to queue
[2023-11-10T18:57:44.928+0000] {logging_mixin.py:154} INFO - [2023-11-10T18:57:44.928+0000] {dagbag.py:536} INFO - Filling up the DagBag from /home/airflow/.local/lib/python3.8/site-packages/airflow/example_dags/example_branch_operator.py
[2023-11-10T18:57:44.932+0000] {processor.py:839} INFO - DAG(s) dict_keys(['example_branch_operator']) retrieved from /home/airflow/.local/lib/python3.8/site-packages/airflow/example_dags/example_branch_operator.py
[2023-11-10T18:57:44.943+0000] {logging_mixin.py:154} INFO - [2023-11-10T18:57:44.943+0000] {dag.py:2941} INFO - Sync 1 DAGs
[2023-11-10T18:57:44.953+0000] {logging_mixin.py:154} INFO - [2023-11-10T18:57:44.953+0000] {dag.py:3722} INFO - Setting next_dagrun for example_branch_operator to 2023-11-09T00:00:00+00:00, run_after=2023-11-10T00:00:00+00:00
[2023-11-10T18:57:44.961+0000] {processor.py:179} INFO - Processing /home/airflow/.local/lib/python3.8/site-packages/airflow/example_dags/example_branch_operator.py took 0.036 seconds
[2023-11-10T18:58:15.405+0000] {processor.py:157} INFO - Started process (PID=4271) to work on /home/airflow/.local/lib/python3.8/site-packages/airflow/example_dags/example_branch_operator.py
[2023-11-10T18:58:15.406+0000] {processor.py:829} INFO - Processing file /home/airflow/.local/lib/python3.8/site-packages/airflow/example_dags/example_branch_operator.py for tasks to queue
[2023-11-10T18:58:15.406+0000] {logging_mixin.py:154} INFO - [2023-11-10T18:58:15.406+0000] {dagbag.py:536} INFO - Filling up the DagBag from /home/airflow/.local/lib/python3.8/site-packages/airflow/example_dags/example_branch_operator.py
[2023-11-10T18:58:15.411+0000] {processor.py:839} INFO - DAG(s) dict_keys(['example_branch_operator']) retrieved from /home/airflow/.local/lib/python3.8/site-packages/airflow/example_dags/example_branch_operator.py
[2023-11-10T18:58:15.422+0000] {logging_mixin.py:154} INFO - [2023-11-10T18:58:15.421+0000] {dag.py:2941} INFO - Sync 1 DAGs
[2023-11-10T18:58:15.431+0000] {logging_mixin.py:154} INFO - [2023-11-10T18:58:15.431+0000] {dag.py:3722} INFO - Setting next_dagrun for example_branch_operator to 2023-11-09T00:00:00+00:00, run_after=2023-11-10T00:00:00+00:00
[2023-11-10T18:58:15.438+0000] {processor.py:179} INFO - Processing /home/airflow/.local/lib/python3.8/site-packages/airflow/example_dags/example_branch_operator.py took 0.034 seconds
[2023-11-10T18:58:45.911+0000] {processor.py:157} INFO - Started process (PID=4509) to work on /home/airflow/.local/lib/python3.8/site-packages/airflow/example_dags/example_branch_operator.py
[2023-11-10T18:58:45.911+0000] {processor.py:829} INFO - Processing file /home/airflow/.local/lib/python3.8/site-packages/airflow/example_dags/example_branch_operator.py for tasks to queue
[2023-11-10T18:58:45.911+0000] {logging_mixin.py:154} INFO - [2023-11-10T18:58:45.911+0000] {dagbag.py:536} INFO - Filling up the DagBag from /home/airflow/.local/lib/python3.8/site-packages/airflow/example_dags/example_branch_operator.py
[2023-11-10T18:58:45.916+0000] {processor.py:839} INFO - DAG(s) dict_keys(['example_branch_operator']) retrieved from /home/airflow/.local/lib/python3.8/site-packages/airflow/example_dags/example_branch_operator.py
[2023-11-10T18:58:45.927+0000] {logging_mixin.py:154} INFO - [2023-11-10T18:58:45.927+0000] {dag.py:2941} INFO - Sync 1 DAGs
[2023-11-10T18:58:45.936+0000] {logging_mixin.py:154} INFO - [2023-11-10T18:58:45.936+0000] {dag.py:3722} INFO - Setting next_dagrun for example_branch_operator to 2023-11-09T00:00:00+00:00, run_after=2023-11-10T00:00:00+00:00
[2023-11-10T18:58:45.943+0000] {processor.py:179} INFO - Processing /home/airflow/.local/lib/python3.8/site-packages/airflow/example_dags/example_branch_operator.py took 0.035 seconds
[2023-11-10T18:59:16.505+0000] {processor.py:157} INFO - Started process (PID=4747) to work on /home/airflow/.local/lib/python3.8/site-packages/airflow/example_dags/example_branch_operator.py
[2023-11-10T18:59:16.506+0000] {processor.py:829} INFO - Processing file /home/airflow/.local/lib/python3.8/site-packages/airflow/example_dags/example_branch_operator.py for tasks to queue
[2023-11-10T18:59:16.506+0000] {logging_mixin.py:154} INFO - [2023-11-10T18:59:16.506+0000] {dagbag.py:536} INFO - Filling up the DagBag from /home/airflow/.local/lib/python3.8/site-packages/airflow/example_dags/example_branch_operator.py
[2023-11-10T18:59:16.511+0000] {processor.py:839} INFO - DAG(s) dict_keys(['example_branch_operator']) retrieved from /home/airflow/.local/lib/python3.8/site-packages/airflow/example_dags/example_branch_operator.py
[2023-11-10T18:59:16.522+0000] {logging_mixin.py:154} INFO - [2023-11-10T18:59:16.522+0000] {dag.py:2941} INFO - Sync 1 DAGs
[2023-11-10T18:59:16.532+0000] {logging_mixin.py:154} INFO - [2023-11-10T18:59:16.532+0000] {dag.py:3722} INFO - Setting next_dagrun for example_branch_operator to 2023-11-09T00:00:00+00:00, run_after=2023-11-10T00:00:00+00:00
[2023-11-10T18:59:16.539+0000] {processor.py:179} INFO - Processing /home/airflow/.local/lib/python3.8/site-packages/airflow/example_dags/example_branch_operator.py took 0.035 seconds
[2023-11-10T18:59:47.060+0000] {processor.py:157} INFO - Started process (PID=4985) to work on /home/airflow/.local/lib/python3.8/site-packages/airflow/example_dags/example_branch_operator.py
[2023-11-10T18:59:47.061+0000] {processor.py:829} INFO - Processing file /home/airflow/.local/lib/python3.8/site-packages/airflow/example_dags/example_branch_operator.py for tasks to queue
[2023-11-10T18:59:47.061+0000] {logging_mixin.py:154} INFO - [2023-11-10T18:59:47.061+0000] {dagbag.py:536} INFO - Filling up the DagBag from /home/airflow/.local/lib/python3.8/site-packages/airflow/example_dags/example_branch_operator.py
[2023-11-10T18:59:47.066+0000] {processor.py:839} INFO - DAG(s) dict_keys(['example_branch_operator']) retrieved from /home/airflow/.local/lib/python3.8/site-packages/airflow/example_dags/example_branch_operator.py
[2023-11-10T18:59:47.078+0000] {logging_mixin.py:154} INFO - [2023-11-10T18:59:47.078+0000] {dag.py:2941} INFO - Sync 1 DAGs
[2023-11-10T18:59:47.088+0000] {logging_mixin.py:154} INFO - [2023-11-10T18:59:47.088+0000] {dag.py:3722} INFO - Setting next_dagrun for example_branch_operator to 2023-11-09T00:00:00+00:00, run_after=2023-11-10T00:00:00+00:00
[2023-11-10T18:59:47.096+0000] {processor.py:179} INFO - Processing /home/airflow/.local/lib/python3.8/site-packages/airflow/example_dags/example_branch_operator.py took 0.038 seconds
[2023-11-10T19:00:17.546+0000] {processor.py:157} INFO - Started process (PID=5223) to work on /home/airflow/.local/lib/python3.8/site-packages/airflow/example_dags/example_branch_operator.py
[2023-11-10T19:00:17.547+0000] {processor.py:829} INFO - Processing file /home/airflow/.local/lib/python3.8/site-packages/airflow/example_dags/example_branch_operator.py for tasks to queue
[2023-11-10T19:00:17.547+0000] {logging_mixin.py:154} INFO - [2023-11-10T19:00:17.547+0000] {dagbag.py:536} INFO - Filling up the DagBag from /home/airflow/.local/lib/python3.8/site-packages/airflow/example_dags/example_branch_operator.py
[2023-11-10T19:00:17.552+0000] {processor.py:839} INFO - DAG(s) dict_keys(['example_branch_operator']) retrieved from /home/airflow/.local/lib/python3.8/site-packages/airflow/example_dags/example_branch_operator.py
[2023-11-10T19:00:17.563+0000] {logging_mixin.py:154} INFO - [2023-11-10T19:00:17.563+0000] {dag.py:2941} INFO - Sync 1 DAGs
[2023-11-10T19:00:17.573+0000] {logging_mixin.py:154} INFO - [2023-11-10T19:00:17.573+0000] {dag.py:3722} INFO - Setting next_dagrun for example_branch_operator to 2023-11-09T00:00:00+00:00, run_after=2023-11-10T00:00:00+00:00
[2023-11-10T19:00:17.579+0000] {processor.py:179} INFO - Processing /home/airflow/.local/lib/python3.8/site-packages/airflow/example_dags/example_branch_operator.py took 0.035 seconds
[2023-11-10T19:00:48.100+0000] {processor.py:157} INFO - Started process (PID=5461) to work on /home/airflow/.local/lib/python3.8/site-packages/airflow/example_dags/example_branch_operator.py
[2023-11-10T19:00:48.100+0000] {processor.py:829} INFO - Processing file /home/airflow/.local/lib/python3.8/site-packages/airflow/example_dags/example_branch_operator.py for tasks to queue
[2023-11-10T19:00:48.100+0000] {logging_mixin.py:154} INFO - [2023-11-10T19:00:48.100+0000] {dagbag.py:536} INFO - Filling up the DagBag from /home/airflow/.local/lib/python3.8/site-packages/airflow/example_dags/example_branch_operator.py
[2023-11-10T19:00:48.105+0000] {processor.py:839} INFO - DAG(s) dict_keys(['example_branch_operator']) retrieved from /home/airflow/.local/lib/python3.8/site-packages/airflow/example_dags/example_branch_operator.py
[2023-11-10T19:00:48.116+0000] {logging_mixin.py:154} INFO - [2023-11-10T19:00:48.116+0000] {dag.py:2941} INFO - Sync 1 DAGs
[2023-11-10T19:00:48.126+0000] {logging_mixin.py:154} INFO - [2023-11-10T19:00:48.126+0000] {dag.py:3722} INFO - Setting next_dagrun for example_branch_operator to 2023-11-09T00:00:00+00:00, run_after=2023-11-10T00:00:00+00:00
[2023-11-10T19:00:48.133+0000] {processor.py:179} INFO - Processing /home/airflow/.local/lib/python3.8/site-packages/airflow/example_dags/example_branch_operator.py took 0.035 seconds
[2023-11-10T19:01:18.526+0000] {processor.py:157} INFO - Started process (PID=5699) to work on /home/airflow/.local/lib/python3.8/site-packages/airflow/example_dags/example_branch_operator.py
[2023-11-10T19:01:18.526+0000] {processor.py:829} INFO - Processing file /home/airflow/.local/lib/python3.8/site-packages/airflow/example_dags/example_branch_operator.py for tasks to queue
[2023-11-10T19:01:18.527+0000] {logging_mixin.py:154} INFO - [2023-11-10T19:01:18.527+0000] {dagbag.py:536} INFO - Filling up the DagBag from /home/airflow/.local/lib/python3.8/site-packages/airflow/example_dags/example_branch_operator.py
[2023-11-10T19:01:18.532+0000] {processor.py:839} INFO - DAG(s) dict_keys(['example_branch_operator']) retrieved from /home/airflow/.local/lib/python3.8/site-packages/airflow/example_dags/example_branch_operator.py
[2023-11-10T19:01:18.543+0000] {logging_mixin.py:154} INFO - [2023-11-10T19:01:18.543+0000] {dag.py:2941} INFO - Sync 1 DAGs
[2023-11-10T19:01:18.553+0000] {logging_mixin.py:154} INFO - [2023-11-10T19:01:18.553+0000] {dag.py:3722} INFO - Setting next_dagrun for example_branch_operator to 2023-11-09T00:00:00+00:00, run_after=2023-11-10T00:00:00+00:00
[2023-11-10T19:01:18.561+0000] {processor.py:179} INFO - Processing /home/airflow/.local/lib/python3.8/site-packages/airflow/example_dags/example_branch_operator.py took 0.037 seconds
[2023-11-10T19:01:48.960+0000] {processor.py:157} INFO - Started process (PID=5937) to work on /home/airflow/.local/lib/python3.8/site-packages/airflow/example_dags/example_branch_operator.py
[2023-11-10T19:01:48.960+0000] {processor.py:829} INFO - Processing file /home/airflow/.local/lib/python3.8/site-packages/airflow/example_dags/example_branch_operator.py for tasks to queue
[2023-11-10T19:01:48.961+0000] {logging_mixin.py:154} INFO - [2023-11-10T19:01:48.960+0000] {dagbag.py:536} INFO - Filling up the DagBag from /home/airflow/.local/lib/python3.8/site-packages/airflow/example_dags/example_branch_operator.py
[2023-11-10T19:01:48.965+0000] {processor.py:839} INFO - DAG(s) dict_keys(['example_branch_operator']) retrieved from /home/airflow/.local/lib/python3.8/site-packages/airflow/example_dags/example_branch_operator.py
[2023-11-10T19:01:48.976+0000] {logging_mixin.py:154} INFO - [2023-11-10T19:01:48.976+0000] {dag.py:2941} INFO - Sync 1 DAGs
[2023-11-10T19:01:48.987+0000] {logging_mixin.py:154} INFO - [2023-11-10T19:01:48.987+0000] {dag.py:3722} INFO - Setting next_dagrun for example_branch_operator to 2023-11-09T00:00:00+00:00, run_after=2023-11-10T00:00:00+00:00
[2023-11-10T19:01:48.994+0000] {processor.py:179} INFO - Processing /home/airflow/.local/lib/python3.8/site-packages/airflow/example_dags/example_branch_operator.py took 0.036 seconds
[2023-11-10T19:02:19.397+0000] {processor.py:157} INFO - Started process (PID=6175) to work on /home/airflow/.local/lib/python3.8/site-packages/airflow/example_dags/example_branch_operator.py
[2023-11-10T19:02:19.398+0000] {processor.py:829} INFO - Processing file /home/airflow/.local/lib/python3.8/site-packages/airflow/example_dags/example_branch_operator.py for tasks to queue
[2023-11-10T19:02:19.399+0000] {logging_mixin.py:154} INFO - [2023-11-10T19:02:19.398+0000] {dagbag.py:536} INFO - Filling up the DagBag from /home/airflow/.local/lib/python3.8/site-packages/airflow/example_dags/example_branch_operator.py
[2023-11-10T19:02:19.403+0000] {processor.py:839} INFO - DAG(s) dict_keys(['example_branch_operator']) retrieved from /home/airflow/.local/lib/python3.8/site-packages/airflow/example_dags/example_branch_operator.py
[2023-11-10T19:02:19.414+0000] {logging_mixin.py:154} INFO - [2023-11-10T19:02:19.414+0000] {dag.py:2941} INFO - Sync 1 DAGs
[2023-11-10T19:02:19.425+0000] {logging_mixin.py:154} INFO - [2023-11-10T19:02:19.425+0000] {dag.py:3722} INFO - Setting next_dagrun for example_branch_operator to 2023-11-09T00:00:00+00:00, run_after=2023-11-10T00:00:00+00:00
[2023-11-10T19:02:19.432+0000] {processor.py:179} INFO - Processing /home/airflow/.local/lib/python3.8/site-packages/airflow/example_dags/example_branch_operator.py took 0.036 seconds
[2023-11-10T19:02:49.882+0000] {processor.py:157} INFO - Started process (PID=6413) to work on /home/airflow/.local/lib/python3.8/site-packages/airflow/example_dags/example_branch_operator.py
[2023-11-10T19:02:49.883+0000] {processor.py:829} INFO - Processing file /home/airflow/.local/lib/python3.8/site-packages/airflow/example_dags/example_branch_operator.py for tasks to queue
[2023-11-10T19:02:49.883+0000] {logging_mixin.py:154} INFO - [2023-11-10T19:02:49.883+0000] {dagbag.py:536} INFO - Filling up the DagBag from /home/airflow/.local/lib/python3.8/site-packages/airflow/example_dags/example_branch_operator.py
[2023-11-10T19:02:49.888+0000] {processor.py:839} INFO - DAG(s) dict_keys(['example_branch_operator']) retrieved from /home/airflow/.local/lib/python3.8/site-packages/airflow/example_dags/example_branch_operator.py
[2023-11-10T19:02:49.899+0000] {logging_mixin.py:154} INFO - [2023-11-10T19:02:49.899+0000] {dag.py:2941} INFO - Sync 1 DAGs
[2023-11-10T19:02:49.909+0000] {logging_mixin.py:154} INFO - [2023-11-10T19:02:49.909+0000] {dag.py:3722} INFO - Setting next_dagrun for example_branch_operator to 2023-11-09T00:00:00+00:00, run_after=2023-11-10T00:00:00+00:00
[2023-11-10T19:02:49.916+0000] {processor.py:179} INFO - Processing /home/airflow/.local/lib/python3.8/site-packages/airflow/example_dags/example_branch_operator.py took 0.036 seconds
[2023-11-10T19:03:20.514+0000] {processor.py:157} INFO - Started process (PID=6715) to work on /home/airflow/.local/lib/python3.8/site-packages/airflow/example_dags/example_branch_operator.py
[2023-11-10T19:03:20.515+0000] {processor.py:829} INFO - Processing file /home/airflow/.local/lib/python3.8/site-packages/airflow/example_dags/example_branch_operator.py for tasks to queue
[2023-11-10T19:03:20.516+0000] {logging_mixin.py:154} INFO - [2023-11-10T19:03:20.516+0000] {dagbag.py:536} INFO - Filling up the DagBag from /home/airflow/.local/lib/python3.8/site-packages/airflow/example_dags/example_branch_operator.py
[2023-11-10T19:03:20.524+0000] {processor.py:839} INFO - DAG(s) dict_keys(['example_branch_operator']) retrieved from /home/airflow/.local/lib/python3.8/site-packages/airflow/example_dags/example_branch_operator.py
[2023-11-10T19:03:20.541+0000] {logging_mixin.py:154} INFO - [2023-11-10T19:03:20.541+0000] {dag.py:2941} INFO - Sync 1 DAGs
[2023-11-10T19:03:20.552+0000] {logging_mixin.py:154} INFO - [2023-11-10T19:03:20.551+0000] {dag.py:3722} INFO - Setting next_dagrun for example_branch_operator to 2023-11-09T00:00:00+00:00, run_after=2023-11-10T00:00:00+00:00
[2023-11-10T19:03:20.560+0000] {processor.py:179} INFO - Processing /home/airflow/.local/lib/python3.8/site-packages/airflow/example_dags/example_branch_operator.py took 0.049 seconds
