[2023-11-10T18:49:37.282+0000] {processor.py:157} INFO - Started process (PID=282) to work on /home/airflow/.local/lib/python3.8/site-packages/airflow/example_dags/example_branch_python_dop_operator_3.py
[2023-11-10T18:49:37.282+0000] {processor.py:829} INFO - Processing file /home/airflow/.local/lib/python3.8/site-packages/airflow/example_dags/example_branch_python_dop_operator_3.py for tasks to queue
[2023-11-10T18:49:37.283+0000] {logging_mixin.py:154} INFO - [2023-11-10T18:49:37.283+0000] {dagbag.py:536} INFO - Filling up the DagBag from /home/airflow/.local/lib/python3.8/site-packages/airflow/example_dags/example_branch_python_dop_operator_3.py
[2023-11-10T18:49:37.288+0000] {processor.py:839} INFO - DAG(s) dict_keys(['example_branch_dop_operator_v3']) retrieved from /home/airflow/.local/lib/python3.8/site-packages/airflow/example_dags/example_branch_python_dop_operator_3.py
[2023-11-10T18:49:37.294+0000] {logging_mixin.py:154} INFO - [2023-11-10T18:49:37.293+0000] {dag.py:2941} INFO - Sync 1 DAGs
[2023-11-10T18:49:37.306+0000] {logging_mixin.py:154} INFO - [2023-11-10T18:49:37.306+0000] {dag.py:3722} INFO - Setting next_dagrun for example_branch_dop_operator_v3 to 2023-11-10T18:48:00+00:00, run_after=2023-11-10T18:49:00+00:00
[2023-11-10T18:49:37.313+0000] {processor.py:179} INFO - Processing /home/airflow/.local/lib/python3.8/site-packages/airflow/example_dags/example_branch_python_dop_operator_3.py took 0.033 seconds
[2023-11-10T18:50:07.697+0000] {processor.py:157} INFO - Started process (PID=518) to work on /home/airflow/.local/lib/python3.8/site-packages/airflow/example_dags/example_branch_python_dop_operator_3.py
[2023-11-10T18:50:07.697+0000] {processor.py:829} INFO - Processing file /home/airflow/.local/lib/python3.8/site-packages/airflow/example_dags/example_branch_python_dop_operator_3.py for tasks to queue
[2023-11-10T18:50:07.697+0000] {logging_mixin.py:154} INFO - [2023-11-10T18:50:07.697+0000] {dagbag.py:536} INFO - Filling up the DagBag from /home/airflow/.local/lib/python3.8/site-packages/airflow/example_dags/example_branch_python_dop_operator_3.py
[2023-11-10T18:50:07.702+0000] {processor.py:839} INFO - DAG(s) dict_keys(['example_branch_dop_operator_v3']) retrieved from /home/airflow/.local/lib/python3.8/site-packages/airflow/example_dags/example_branch_python_dop_operator_3.py
[2023-11-10T18:50:07.712+0000] {logging_mixin.py:154} INFO - [2023-11-10T18:50:07.712+0000] {dag.py:2941} INFO - Sync 1 DAGs
[2023-11-10T18:50:07.723+0000] {logging_mixin.py:154} INFO - [2023-11-10T18:50:07.723+0000] {dag.py:3722} INFO - Setting next_dagrun for example_branch_dop_operator_v3 to 2023-11-10T18:49:00+00:00, run_after=2023-11-10T18:50:00+00:00
[2023-11-10T18:50:07.730+0000] {processor.py:179} INFO - Processing /home/airflow/.local/lib/python3.8/site-packages/airflow/example_dags/example_branch_python_dop_operator_3.py took 0.035 seconds
[2023-11-10T18:50:38.183+0000] {processor.py:157} INFO - Started process (PID=758) to work on /home/airflow/.local/lib/python3.8/site-packages/airflow/example_dags/example_branch_python_dop_operator_3.py
[2023-11-10T18:50:38.183+0000] {processor.py:829} INFO - Processing file /home/airflow/.local/lib/python3.8/site-packages/airflow/example_dags/example_branch_python_dop_operator_3.py for tasks to queue
[2023-11-10T18:50:38.183+0000] {logging_mixin.py:154} INFO - [2023-11-10T18:50:38.183+0000] {dagbag.py:536} INFO - Filling up the DagBag from /home/airflow/.local/lib/python3.8/site-packages/airflow/example_dags/example_branch_python_dop_operator_3.py
[2023-11-10T18:50:38.188+0000] {processor.py:839} INFO - DAG(s) dict_keys(['example_branch_dop_operator_v3']) retrieved from /home/airflow/.local/lib/python3.8/site-packages/airflow/example_dags/example_branch_python_dop_operator_3.py
[2023-11-10T18:50:38.198+0000] {logging_mixin.py:154} INFO - [2023-11-10T18:50:38.198+0000] {dag.py:2941} INFO - Sync 1 DAGs
[2023-11-10T18:50:38.209+0000] {logging_mixin.py:154} INFO - [2023-11-10T18:50:38.209+0000] {dag.py:3722} INFO - Setting next_dagrun for example_branch_dop_operator_v3 to 2023-11-10T18:49:00+00:00, run_after=2023-11-10T18:50:00+00:00
[2023-11-10T18:50:38.216+0000] {processor.py:179} INFO - Processing /home/airflow/.local/lib/python3.8/site-packages/airflow/example_dags/example_branch_python_dop_operator_3.py took 0.035 seconds
[2023-11-10T18:51:08.734+0000] {processor.py:157} INFO - Started process (PID=994) to work on /home/airflow/.local/lib/python3.8/site-packages/airflow/example_dags/example_branch_python_dop_operator_3.py
[2023-11-10T18:51:08.735+0000] {processor.py:829} INFO - Processing file /home/airflow/.local/lib/python3.8/site-packages/airflow/example_dags/example_branch_python_dop_operator_3.py for tasks to queue
[2023-11-10T18:51:08.735+0000] {logging_mixin.py:154} INFO - [2023-11-10T18:51:08.735+0000] {dagbag.py:536} INFO - Filling up the DagBag from /home/airflow/.local/lib/python3.8/site-packages/airflow/example_dags/example_branch_python_dop_operator_3.py
[2023-11-10T18:51:08.740+0000] {processor.py:839} INFO - DAG(s) dict_keys(['example_branch_dop_operator_v3']) retrieved from /home/airflow/.local/lib/python3.8/site-packages/airflow/example_dags/example_branch_python_dop_operator_3.py
[2023-11-10T18:51:08.751+0000] {logging_mixin.py:154} INFO - [2023-11-10T18:51:08.751+0000] {dag.py:2941} INFO - Sync 1 DAGs
[2023-11-10T18:51:08.763+0000] {logging_mixin.py:154} INFO - [2023-11-10T18:51:08.763+0000] {dag.py:3722} INFO - Setting next_dagrun for example_branch_dop_operator_v3 to 2023-11-10T18:50:00+00:00, run_after=2023-11-10T18:51:00+00:00
[2023-11-10T18:51:08.771+0000] {processor.py:179} INFO - Processing /home/airflow/.local/lib/python3.8/site-packages/airflow/example_dags/example_branch_python_dop_operator_3.py took 0.038 seconds
[2023-11-10T18:51:39.239+0000] {processor.py:157} INFO - Started process (PID=1232) to work on /home/airflow/.local/lib/python3.8/site-packages/airflow/example_dags/example_branch_python_dop_operator_3.py
[2023-11-10T18:51:39.240+0000] {processor.py:829} INFO - Processing file /home/airflow/.local/lib/python3.8/site-packages/airflow/example_dags/example_branch_python_dop_operator_3.py for tasks to queue
[2023-11-10T18:51:39.240+0000] {logging_mixin.py:154} INFO - [2023-11-10T18:51:39.240+0000] {dagbag.py:536} INFO - Filling up the DagBag from /home/airflow/.local/lib/python3.8/site-packages/airflow/example_dags/example_branch_python_dop_operator_3.py
[2023-11-10T18:51:39.245+0000] {processor.py:839} INFO - DAG(s) dict_keys(['example_branch_dop_operator_v3']) retrieved from /home/airflow/.local/lib/python3.8/site-packages/airflow/example_dags/example_branch_python_dop_operator_3.py
[2023-11-10T18:51:39.255+0000] {logging_mixin.py:154} INFO - [2023-11-10T18:51:39.254+0000] {dag.py:2941} INFO - Sync 1 DAGs
[2023-11-10T18:51:39.266+0000] {logging_mixin.py:154} INFO - [2023-11-10T18:51:39.266+0000] {dag.py:3722} INFO - Setting next_dagrun for example_branch_dop_operator_v3 to 2023-11-10T18:50:00+00:00, run_after=2023-11-10T18:51:00+00:00
[2023-11-10T18:51:39.273+0000] {processor.py:179} INFO - Processing /home/airflow/.local/lib/python3.8/site-packages/airflow/example_dags/example_branch_python_dop_operator_3.py took 0.035 seconds
[2023-11-10T18:52:09.697+0000] {processor.py:157} INFO - Started process (PID=1472) to work on /home/airflow/.local/lib/python3.8/site-packages/airflow/example_dags/example_branch_python_dop_operator_3.py
[2023-11-10T18:52:09.698+0000] {processor.py:829} INFO - Processing file /home/airflow/.local/lib/python3.8/site-packages/airflow/example_dags/example_branch_python_dop_operator_3.py for tasks to queue
[2023-11-10T18:52:09.698+0000] {logging_mixin.py:154} INFO - [2023-11-10T18:52:09.698+0000] {dagbag.py:536} INFO - Filling up the DagBag from /home/airflow/.local/lib/python3.8/site-packages/airflow/example_dags/example_branch_python_dop_operator_3.py
[2023-11-10T18:52:09.703+0000] {processor.py:839} INFO - DAG(s) dict_keys(['example_branch_dop_operator_v3']) retrieved from /home/airflow/.local/lib/python3.8/site-packages/airflow/example_dags/example_branch_python_dop_operator_3.py
[2023-11-10T18:52:09.714+0000] {logging_mixin.py:154} INFO - [2023-11-10T18:52:09.714+0000] {dag.py:2941} INFO - Sync 1 DAGs
[2023-11-10T18:52:09.726+0000] {logging_mixin.py:154} INFO - [2023-11-10T18:52:09.726+0000] {dag.py:3722} INFO - Setting next_dagrun for example_branch_dop_operator_v3 to 2023-11-10T18:51:00+00:00, run_after=2023-11-10T18:52:00+00:00
[2023-11-10T18:52:09.735+0000] {processor.py:179} INFO - Processing /home/airflow/.local/lib/python3.8/site-packages/airflow/example_dags/example_branch_python_dop_operator_3.py took 0.040 seconds
[2023-11-10T18:52:40.233+0000] {processor.py:157} INFO - Started process (PID=1708) to work on /home/airflow/.local/lib/python3.8/site-packages/airflow/example_dags/example_branch_python_dop_operator_3.py
[2023-11-10T18:52:40.234+0000] {processor.py:829} INFO - Processing file /home/airflow/.local/lib/python3.8/site-packages/airflow/example_dags/example_branch_python_dop_operator_3.py for tasks to queue
[2023-11-10T18:52:40.234+0000] {logging_mixin.py:154} INFO - [2023-11-10T18:52:40.234+0000] {dagbag.py:536} INFO - Filling up the DagBag from /home/airflow/.local/lib/python3.8/site-packages/airflow/example_dags/example_branch_python_dop_operator_3.py
[2023-11-10T18:52:40.239+0000] {processor.py:839} INFO - DAG(s) dict_keys(['example_branch_dop_operator_v3']) retrieved from /home/airflow/.local/lib/python3.8/site-packages/airflow/example_dags/example_branch_python_dop_operator_3.py
[2023-11-10T18:52:40.249+0000] {logging_mixin.py:154} INFO - [2023-11-10T18:52:40.249+0000] {dag.py:2941} INFO - Sync 1 DAGs
[2023-11-10T18:52:40.262+0000] {logging_mixin.py:154} INFO - [2023-11-10T18:52:40.262+0000] {dag.py:3722} INFO - Setting next_dagrun for example_branch_dop_operator_v3 to 2023-11-10T18:51:00+00:00, run_after=2023-11-10T18:52:00+00:00
[2023-11-10T18:52:40.269+0000] {processor.py:179} INFO - Processing /home/airflow/.local/lib/python3.8/site-packages/airflow/example_dags/example_branch_python_dop_operator_3.py took 0.038 seconds
[2023-11-10T18:53:10.686+0000] {processor.py:157} INFO - Started process (PID=1946) to work on /home/airflow/.local/lib/python3.8/site-packages/airflow/example_dags/example_branch_python_dop_operator_3.py
[2023-11-10T18:53:10.686+0000] {processor.py:829} INFO - Processing file /home/airflow/.local/lib/python3.8/site-packages/airflow/example_dags/example_branch_python_dop_operator_3.py for tasks to queue
[2023-11-10T18:53:10.686+0000] {logging_mixin.py:154} INFO - [2023-11-10T18:53:10.686+0000] {dagbag.py:536} INFO - Filling up the DagBag from /home/airflow/.local/lib/python3.8/site-packages/airflow/example_dags/example_branch_python_dop_operator_3.py
[2023-11-10T18:53:10.691+0000] {processor.py:839} INFO - DAG(s) dict_keys(['example_branch_dop_operator_v3']) retrieved from /home/airflow/.local/lib/python3.8/site-packages/airflow/example_dags/example_branch_python_dop_operator_3.py
[2023-11-10T18:53:10.701+0000] {logging_mixin.py:154} INFO - [2023-11-10T18:53:10.701+0000] {dag.py:2941} INFO - Sync 1 DAGs
[2023-11-10T18:53:10.712+0000] {logging_mixin.py:154} INFO - [2023-11-10T18:53:10.712+0000] {dag.py:3722} INFO - Setting next_dagrun for example_branch_dop_operator_v3 to 2023-11-10T18:52:00+00:00, run_after=2023-11-10T18:53:00+00:00
[2023-11-10T18:53:10.720+0000] {processor.py:179} INFO - Processing /home/airflow/.local/lib/python3.8/site-packages/airflow/example_dags/example_branch_python_dop_operator_3.py took 0.036 seconds
[2023-11-10T18:53:41.214+0000] {processor.py:157} INFO - Started process (PID=2184) to work on /home/airflow/.local/lib/python3.8/site-packages/airflow/example_dags/example_branch_python_dop_operator_3.py
[2023-11-10T18:53:41.214+0000] {processor.py:829} INFO - Processing file /home/airflow/.local/lib/python3.8/site-packages/airflow/example_dags/example_branch_python_dop_operator_3.py for tasks to queue
[2023-11-10T18:53:41.215+0000] {logging_mixin.py:154} INFO - [2023-11-10T18:53:41.215+0000] {dagbag.py:536} INFO - Filling up the DagBag from /home/airflow/.local/lib/python3.8/site-packages/airflow/example_dags/example_branch_python_dop_operator_3.py
[2023-11-10T18:53:41.219+0000] {processor.py:839} INFO - DAG(s) dict_keys(['example_branch_dop_operator_v3']) retrieved from /home/airflow/.local/lib/python3.8/site-packages/airflow/example_dags/example_branch_python_dop_operator_3.py
[2023-11-10T18:53:41.229+0000] {logging_mixin.py:154} INFO - [2023-11-10T18:53:41.229+0000] {dag.py:2941} INFO - Sync 1 DAGs
[2023-11-10T18:53:41.240+0000] {logging_mixin.py:154} INFO - [2023-11-10T18:53:41.240+0000] {dag.py:3722} INFO - Setting next_dagrun for example_branch_dop_operator_v3 to 2023-11-10T18:52:00+00:00, run_after=2023-11-10T18:53:00+00:00
[2023-11-10T18:53:41.246+0000] {processor.py:179} INFO - Processing /home/airflow/.local/lib/python3.8/site-packages/airflow/example_dags/example_branch_python_dop_operator_3.py took 0.034 seconds
[2023-11-10T18:54:11.696+0000] {processor.py:157} INFO - Started process (PID=2424) to work on /home/airflow/.local/lib/python3.8/site-packages/airflow/example_dags/example_branch_python_dop_operator_3.py
[2023-11-10T18:54:11.697+0000] {processor.py:829} INFO - Processing file /home/airflow/.local/lib/python3.8/site-packages/airflow/example_dags/example_branch_python_dop_operator_3.py for tasks to queue
[2023-11-10T18:54:11.697+0000] {logging_mixin.py:154} INFO - [2023-11-10T18:54:11.697+0000] {dagbag.py:536} INFO - Filling up the DagBag from /home/airflow/.local/lib/python3.8/site-packages/airflow/example_dags/example_branch_python_dop_operator_3.py
[2023-11-10T18:54:11.702+0000] {processor.py:839} INFO - DAG(s) dict_keys(['example_branch_dop_operator_v3']) retrieved from /home/airflow/.local/lib/python3.8/site-packages/airflow/example_dags/example_branch_python_dop_operator_3.py
[2023-11-10T18:54:11.713+0000] {logging_mixin.py:154} INFO - [2023-11-10T18:54:11.713+0000] {dag.py:2941} INFO - Sync 1 DAGs
[2023-11-10T18:54:11.725+0000] {logging_mixin.py:154} INFO - [2023-11-10T18:54:11.725+0000] {dag.py:3722} INFO - Setting next_dagrun for example_branch_dop_operator_v3 to 2023-11-10T18:53:00+00:00, run_after=2023-11-10T18:54:00+00:00
[2023-11-10T18:54:11.732+0000] {processor.py:179} INFO - Processing /home/airflow/.local/lib/python3.8/site-packages/airflow/example_dags/example_branch_python_dop_operator_3.py took 0.037 seconds
[2023-11-10T18:54:42.180+0000] {processor.py:157} INFO - Started process (PID=2662) to work on /home/airflow/.local/lib/python3.8/site-packages/airflow/example_dags/example_branch_python_dop_operator_3.py
[2023-11-10T18:54:42.181+0000] {processor.py:829} INFO - Processing file /home/airflow/.local/lib/python3.8/site-packages/airflow/example_dags/example_branch_python_dop_operator_3.py for tasks to queue
[2023-11-10T18:54:42.181+0000] {logging_mixin.py:154} INFO - [2023-11-10T18:54:42.181+0000] {dagbag.py:536} INFO - Filling up the DagBag from /home/airflow/.local/lib/python3.8/site-packages/airflow/example_dags/example_branch_python_dop_operator_3.py
[2023-11-10T18:54:42.186+0000] {processor.py:839} INFO - DAG(s) dict_keys(['example_branch_dop_operator_v3']) retrieved from /home/airflow/.local/lib/python3.8/site-packages/airflow/example_dags/example_branch_python_dop_operator_3.py
[2023-11-10T18:54:42.196+0000] {logging_mixin.py:154} INFO - [2023-11-10T18:54:42.196+0000] {dag.py:2941} INFO - Sync 1 DAGs
[2023-11-10T18:54:42.207+0000] {logging_mixin.py:154} INFO - [2023-11-10T18:54:42.207+0000] {dag.py:3722} INFO - Setting next_dagrun for example_branch_dop_operator_v3 to 2023-11-10T18:53:00+00:00, run_after=2023-11-10T18:54:00+00:00
[2023-11-10T18:54:42.214+0000] {processor.py:179} INFO - Processing /home/airflow/.local/lib/python3.8/site-packages/airflow/example_dags/example_branch_python_dop_operator_3.py took 0.036 seconds
[2023-11-10T18:55:12.670+0000] {processor.py:157} INFO - Started process (PID=2900) to work on /home/airflow/.local/lib/python3.8/site-packages/airflow/example_dags/example_branch_python_dop_operator_3.py
[2023-11-10T18:55:12.671+0000] {processor.py:829} INFO - Processing file /home/airflow/.local/lib/python3.8/site-packages/airflow/example_dags/example_branch_python_dop_operator_3.py for tasks to queue
[2023-11-10T18:55:12.671+0000] {logging_mixin.py:154} INFO - [2023-11-10T18:55:12.671+0000] {dagbag.py:536} INFO - Filling up the DagBag from /home/airflow/.local/lib/python3.8/site-packages/airflow/example_dags/example_branch_python_dop_operator_3.py
[2023-11-10T18:55:12.676+0000] {processor.py:839} INFO - DAG(s) dict_keys(['example_branch_dop_operator_v3']) retrieved from /home/airflow/.local/lib/python3.8/site-packages/airflow/example_dags/example_branch_python_dop_operator_3.py
[2023-11-10T18:55:12.686+0000] {logging_mixin.py:154} INFO - [2023-11-10T18:55:12.686+0000] {dag.py:2941} INFO - Sync 1 DAGs
[2023-11-10T18:55:12.699+0000] {logging_mixin.py:154} INFO - [2023-11-10T18:55:12.699+0000] {dag.py:3722} INFO - Setting next_dagrun for example_branch_dop_operator_v3 to 2023-11-10T18:54:00+00:00, run_after=2023-11-10T18:55:00+00:00
[2023-11-10T18:55:12.706+0000] {processor.py:179} INFO - Processing /home/airflow/.local/lib/python3.8/site-packages/airflow/example_dags/example_branch_python_dop_operator_3.py took 0.037 seconds
[2023-11-10T18:55:43.241+0000] {processor.py:157} INFO - Started process (PID=3136) to work on /home/airflow/.local/lib/python3.8/site-packages/airflow/example_dags/example_branch_python_dop_operator_3.py
[2023-11-10T18:55:43.241+0000] {processor.py:829} INFO - Processing file /home/airflow/.local/lib/python3.8/site-packages/airflow/example_dags/example_branch_python_dop_operator_3.py for tasks to queue
[2023-11-10T18:55:43.242+0000] {logging_mixin.py:154} INFO - [2023-11-10T18:55:43.242+0000] {dagbag.py:536} INFO - Filling up the DagBag from /home/airflow/.local/lib/python3.8/site-packages/airflow/example_dags/example_branch_python_dop_operator_3.py
[2023-11-10T18:55:43.246+0000] {processor.py:839} INFO - DAG(s) dict_keys(['example_branch_dop_operator_v3']) retrieved from /home/airflow/.local/lib/python3.8/site-packages/airflow/example_dags/example_branch_python_dop_operator_3.py
[2023-11-10T18:55:43.256+0000] {logging_mixin.py:154} INFO - [2023-11-10T18:55:43.256+0000] {dag.py:2941} INFO - Sync 1 DAGs
[2023-11-10T18:55:43.267+0000] {logging_mixin.py:154} INFO - [2023-11-10T18:55:43.267+0000] {dag.py:3722} INFO - Setting next_dagrun for example_branch_dop_operator_v3 to 2023-11-10T18:54:00+00:00, run_after=2023-11-10T18:55:00+00:00
[2023-11-10T18:55:43.274+0000] {processor.py:179} INFO - Processing /home/airflow/.local/lib/python3.8/site-packages/airflow/example_dags/example_branch_python_dop_operator_3.py took 0.036 seconds
[2023-11-10T18:56:13.800+0000] {processor.py:157} INFO - Started process (PID=3374) to work on /home/airflow/.local/lib/python3.8/site-packages/airflow/example_dags/example_branch_python_dop_operator_3.py
[2023-11-10T18:56:13.801+0000] {processor.py:829} INFO - Processing file /home/airflow/.local/lib/python3.8/site-packages/airflow/example_dags/example_branch_python_dop_operator_3.py for tasks to queue
[2023-11-10T18:56:13.801+0000] {logging_mixin.py:154} INFO - [2023-11-10T18:56:13.801+0000] {dagbag.py:536} INFO - Filling up the DagBag from /home/airflow/.local/lib/python3.8/site-packages/airflow/example_dags/example_branch_python_dop_operator_3.py
[2023-11-10T18:56:13.806+0000] {processor.py:839} INFO - DAG(s) dict_keys(['example_branch_dop_operator_v3']) retrieved from /home/airflow/.local/lib/python3.8/site-packages/airflow/example_dags/example_branch_python_dop_operator_3.py
[2023-11-10T18:56:13.816+0000] {logging_mixin.py:154} INFO - [2023-11-10T18:56:13.816+0000] {dag.py:2941} INFO - Sync 1 DAGs
[2023-11-10T18:56:13.827+0000] {logging_mixin.py:154} INFO - [2023-11-10T18:56:13.827+0000] {dag.py:3722} INFO - Setting next_dagrun for example_branch_dop_operator_v3 to 2023-11-10T18:55:00+00:00, run_after=2023-11-10T18:56:00+00:00
[2023-11-10T18:56:13.835+0000] {processor.py:179} INFO - Processing /home/airflow/.local/lib/python3.8/site-packages/airflow/example_dags/example_branch_python_dop_operator_3.py took 0.037 seconds
[2023-11-10T18:56:44.341+0000] {processor.py:157} INFO - Started process (PID=3612) to work on /home/airflow/.local/lib/python3.8/site-packages/airflow/example_dags/example_branch_python_dop_operator_3.py
[2023-11-10T18:56:44.342+0000] {processor.py:829} INFO - Processing file /home/airflow/.local/lib/python3.8/site-packages/airflow/example_dags/example_branch_python_dop_operator_3.py for tasks to queue
[2023-11-10T18:56:44.342+0000] {logging_mixin.py:154} INFO - [2023-11-10T18:56:44.342+0000] {dagbag.py:536} INFO - Filling up the DagBag from /home/airflow/.local/lib/python3.8/site-packages/airflow/example_dags/example_branch_python_dop_operator_3.py
[2023-11-10T18:56:44.347+0000] {processor.py:839} INFO - DAG(s) dict_keys(['example_branch_dop_operator_v3']) retrieved from /home/airflow/.local/lib/python3.8/site-packages/airflow/example_dags/example_branch_python_dop_operator_3.py
[2023-11-10T18:56:44.357+0000] {logging_mixin.py:154} INFO - [2023-11-10T18:56:44.357+0000] {dag.py:2941} INFO - Sync 1 DAGs
[2023-11-10T18:56:44.368+0000] {logging_mixin.py:154} INFO - [2023-11-10T18:56:44.368+0000] {dag.py:3722} INFO - Setting next_dagrun for example_branch_dop_operator_v3 to 2023-11-10T18:55:00+00:00, run_after=2023-11-10T18:56:00+00:00
[2023-11-10T18:56:44.375+0000] {processor.py:179} INFO - Processing /home/airflow/.local/lib/python3.8/site-packages/airflow/example_dags/example_branch_python_dop_operator_3.py took 0.036 seconds
[2023-11-10T18:57:14.756+0000] {processor.py:157} INFO - Started process (PID=3850) to work on /home/airflow/.local/lib/python3.8/site-packages/airflow/example_dags/example_branch_python_dop_operator_3.py
[2023-11-10T18:57:14.757+0000] {processor.py:829} INFO - Processing file /home/airflow/.local/lib/python3.8/site-packages/airflow/example_dags/example_branch_python_dop_operator_3.py for tasks to queue
[2023-11-10T18:57:14.757+0000] {logging_mixin.py:154} INFO - [2023-11-10T18:57:14.757+0000] {dagbag.py:536} INFO - Filling up the DagBag from /home/airflow/.local/lib/python3.8/site-packages/airflow/example_dags/example_branch_python_dop_operator_3.py
[2023-11-10T18:57:14.761+0000] {processor.py:839} INFO - DAG(s) dict_keys(['example_branch_dop_operator_v3']) retrieved from /home/airflow/.local/lib/python3.8/site-packages/airflow/example_dags/example_branch_python_dop_operator_3.py
[2023-11-10T18:57:14.771+0000] {logging_mixin.py:154} INFO - [2023-11-10T18:57:14.771+0000] {dag.py:2941} INFO - Sync 1 DAGs
[2023-11-10T18:57:14.782+0000] {logging_mixin.py:154} INFO - [2023-11-10T18:57:14.782+0000] {dag.py:3722} INFO - Setting next_dagrun for example_branch_dop_operator_v3 to 2023-11-10T18:56:00+00:00, run_after=2023-11-10T18:57:00+00:00
[2023-11-10T18:57:14.789+0000] {processor.py:179} INFO - Processing /home/airflow/.local/lib/python3.8/site-packages/airflow/example_dags/example_branch_python_dop_operator_3.py took 0.035 seconds
[2023-11-10T18:57:45.207+0000] {processor.py:157} INFO - Started process (PID=4088) to work on /home/airflow/.local/lib/python3.8/site-packages/airflow/example_dags/example_branch_python_dop_operator_3.py
[2023-11-10T18:57:45.207+0000] {processor.py:829} INFO - Processing file /home/airflow/.local/lib/python3.8/site-packages/airflow/example_dags/example_branch_python_dop_operator_3.py for tasks to queue
[2023-11-10T18:57:45.208+0000] {logging_mixin.py:154} INFO - [2023-11-10T18:57:45.208+0000] {dagbag.py:536} INFO - Filling up the DagBag from /home/airflow/.local/lib/python3.8/site-packages/airflow/example_dags/example_branch_python_dop_operator_3.py
[2023-11-10T18:57:45.212+0000] {processor.py:839} INFO - DAG(s) dict_keys(['example_branch_dop_operator_v3']) retrieved from /home/airflow/.local/lib/python3.8/site-packages/airflow/example_dags/example_branch_python_dop_operator_3.py
[2023-11-10T18:57:45.222+0000] {logging_mixin.py:154} INFO - [2023-11-10T18:57:45.222+0000] {dag.py:2941} INFO - Sync 1 DAGs
[2023-11-10T18:57:45.233+0000] {logging_mixin.py:154} INFO - [2023-11-10T18:57:45.233+0000] {dag.py:3722} INFO - Setting next_dagrun for example_branch_dop_operator_v3 to 2023-11-10T18:56:00+00:00, run_after=2023-11-10T18:57:00+00:00
[2023-11-10T18:57:45.240+0000] {processor.py:179} INFO - Processing /home/airflow/.local/lib/python3.8/site-packages/airflow/example_dags/example_branch_python_dop_operator_3.py took 0.035 seconds
[2023-11-10T18:58:15.714+0000] {processor.py:157} INFO - Started process (PID=4326) to work on /home/airflow/.local/lib/python3.8/site-packages/airflow/example_dags/example_branch_python_dop_operator_3.py
[2023-11-10T18:58:15.714+0000] {processor.py:829} INFO - Processing file /home/airflow/.local/lib/python3.8/site-packages/airflow/example_dags/example_branch_python_dop_operator_3.py for tasks to queue
[2023-11-10T18:58:15.715+0000] {logging_mixin.py:154} INFO - [2023-11-10T18:58:15.714+0000] {dagbag.py:536} INFO - Filling up the DagBag from /home/airflow/.local/lib/python3.8/site-packages/airflow/example_dags/example_branch_python_dop_operator_3.py
[2023-11-10T18:58:15.719+0000] {processor.py:839} INFO - DAG(s) dict_keys(['example_branch_dop_operator_v3']) retrieved from /home/airflow/.local/lib/python3.8/site-packages/airflow/example_dags/example_branch_python_dop_operator_3.py
[2023-11-10T18:58:15.729+0000] {logging_mixin.py:154} INFO - [2023-11-10T18:58:15.729+0000] {dag.py:2941} INFO - Sync 1 DAGs
[2023-11-10T18:58:15.741+0000] {logging_mixin.py:154} INFO - [2023-11-10T18:58:15.740+0000] {dag.py:3722} INFO - Setting next_dagrun for example_branch_dop_operator_v3 to 2023-11-10T18:57:00+00:00, run_after=2023-11-10T18:58:00+00:00
[2023-11-10T18:58:15.748+0000] {processor.py:179} INFO - Processing /home/airflow/.local/lib/python3.8/site-packages/airflow/example_dags/example_branch_python_dop_operator_3.py took 0.036 seconds
[2023-11-10T18:58:46.266+0000] {processor.py:157} INFO - Started process (PID=4566) to work on /home/airflow/.local/lib/python3.8/site-packages/airflow/example_dags/example_branch_python_dop_operator_3.py
[2023-11-10T18:58:46.267+0000] {processor.py:829} INFO - Processing file /home/airflow/.local/lib/python3.8/site-packages/airflow/example_dags/example_branch_python_dop_operator_3.py for tasks to queue
[2023-11-10T18:58:46.267+0000] {logging_mixin.py:154} INFO - [2023-11-10T18:58:46.267+0000] {dagbag.py:536} INFO - Filling up the DagBag from /home/airflow/.local/lib/python3.8/site-packages/airflow/example_dags/example_branch_python_dop_operator_3.py
[2023-11-10T18:58:46.272+0000] {processor.py:839} INFO - DAG(s) dict_keys(['example_branch_dop_operator_v3']) retrieved from /home/airflow/.local/lib/python3.8/site-packages/airflow/example_dags/example_branch_python_dop_operator_3.py
[2023-11-10T18:58:46.282+0000] {logging_mixin.py:154} INFO - [2023-11-10T18:58:46.282+0000] {dag.py:2941} INFO - Sync 1 DAGs
[2023-11-10T18:58:46.293+0000] {logging_mixin.py:154} INFO - [2023-11-10T18:58:46.293+0000] {dag.py:3722} INFO - Setting next_dagrun for example_branch_dop_operator_v3 to 2023-11-10T18:57:00+00:00, run_after=2023-11-10T18:58:00+00:00
[2023-11-10T18:58:46.299+0000] {processor.py:179} INFO - Processing /home/airflow/.local/lib/python3.8/site-packages/airflow/example_dags/example_branch_python_dop_operator_3.py took 0.035 seconds
[2023-11-10T18:59:16.820+0000] {processor.py:157} INFO - Started process (PID=4802) to work on /home/airflow/.local/lib/python3.8/site-packages/airflow/example_dags/example_branch_python_dop_operator_3.py
[2023-11-10T18:59:16.821+0000] {processor.py:829} INFO - Processing file /home/airflow/.local/lib/python3.8/site-packages/airflow/example_dags/example_branch_python_dop_operator_3.py for tasks to queue
[2023-11-10T18:59:16.821+0000] {logging_mixin.py:154} INFO - [2023-11-10T18:59:16.821+0000] {dagbag.py:536} INFO - Filling up the DagBag from /home/airflow/.local/lib/python3.8/site-packages/airflow/example_dags/example_branch_python_dop_operator_3.py
[2023-11-10T18:59:16.826+0000] {processor.py:839} INFO - DAG(s) dict_keys(['example_branch_dop_operator_v3']) retrieved from /home/airflow/.local/lib/python3.8/site-packages/airflow/example_dags/example_branch_python_dop_operator_3.py
[2023-11-10T18:59:16.836+0000] {logging_mixin.py:154} INFO - [2023-11-10T18:59:16.835+0000] {dag.py:2941} INFO - Sync 1 DAGs
[2023-11-10T18:59:16.847+0000] {logging_mixin.py:154} INFO - [2023-11-10T18:59:16.847+0000] {dag.py:3722} INFO - Setting next_dagrun for example_branch_dop_operator_v3 to 2023-11-10T18:58:00+00:00, run_after=2023-11-10T18:59:00+00:00
[2023-11-10T18:59:16.854+0000] {processor.py:179} INFO - Processing /home/airflow/.local/lib/python3.8/site-packages/airflow/example_dags/example_branch_python_dop_operator_3.py took 0.035 seconds
[2023-11-10T18:59:47.345+0000] {processor.py:157} INFO - Started process (PID=5040) to work on /home/airflow/.local/lib/python3.8/site-packages/airflow/example_dags/example_branch_python_dop_operator_3.py
[2023-11-10T18:59:47.345+0000] {processor.py:829} INFO - Processing file /home/airflow/.local/lib/python3.8/site-packages/airflow/example_dags/example_branch_python_dop_operator_3.py for tasks to queue
[2023-11-10T18:59:47.346+0000] {logging_mixin.py:154} INFO - [2023-11-10T18:59:47.346+0000] {dagbag.py:536} INFO - Filling up the DagBag from /home/airflow/.local/lib/python3.8/site-packages/airflow/example_dags/example_branch_python_dop_operator_3.py
[2023-11-10T18:59:47.350+0000] {processor.py:839} INFO - DAG(s) dict_keys(['example_branch_dop_operator_v3']) retrieved from /home/airflow/.local/lib/python3.8/site-packages/airflow/example_dags/example_branch_python_dop_operator_3.py
[2023-11-10T18:59:47.360+0000] {logging_mixin.py:154} INFO - [2023-11-10T18:59:47.360+0000] {dag.py:2941} INFO - Sync 1 DAGs
[2023-11-10T18:59:47.371+0000] {logging_mixin.py:154} INFO - [2023-11-10T18:59:47.371+0000] {dag.py:3722} INFO - Setting next_dagrun for example_branch_dop_operator_v3 to 2023-11-10T18:58:00+00:00, run_after=2023-11-10T18:59:00+00:00
[2023-11-10T18:59:47.378+0000] {processor.py:179} INFO - Processing /home/airflow/.local/lib/python3.8/site-packages/airflow/example_dags/example_branch_python_dop_operator_3.py took 0.035 seconds
[2023-11-10T19:00:17.865+0000] {processor.py:157} INFO - Started process (PID=5278) to work on /home/airflow/.local/lib/python3.8/site-packages/airflow/example_dags/example_branch_python_dop_operator_3.py
[2023-11-10T19:00:17.866+0000] {processor.py:829} INFO - Processing file /home/airflow/.local/lib/python3.8/site-packages/airflow/example_dags/example_branch_python_dop_operator_3.py for tasks to queue
[2023-11-10T19:00:17.866+0000] {logging_mixin.py:154} INFO - [2023-11-10T19:00:17.866+0000] {dagbag.py:536} INFO - Filling up the DagBag from /home/airflow/.local/lib/python3.8/site-packages/airflow/example_dags/example_branch_python_dop_operator_3.py
[2023-11-10T19:00:17.871+0000] {processor.py:839} INFO - DAG(s) dict_keys(['example_branch_dop_operator_v3']) retrieved from /home/airflow/.local/lib/python3.8/site-packages/airflow/example_dags/example_branch_python_dop_operator_3.py
[2023-11-10T19:00:17.882+0000] {logging_mixin.py:154} INFO - [2023-11-10T19:00:17.881+0000] {dag.py:2941} INFO - Sync 1 DAGs
[2023-11-10T19:00:17.893+0000] {logging_mixin.py:154} INFO - [2023-11-10T19:00:17.893+0000] {dag.py:3722} INFO - Setting next_dagrun for example_branch_dop_operator_v3 to 2023-11-10T18:59:00+00:00, run_after=2023-11-10T19:00:00+00:00
[2023-11-10T19:00:17.901+0000] {processor.py:179} INFO - Processing /home/airflow/.local/lib/python3.8/site-packages/airflow/example_dags/example_branch_python_dop_operator_3.py took 0.037 seconds
[2023-11-10T19:00:48.420+0000] {processor.py:157} INFO - Started process (PID=5516) to work on /home/airflow/.local/lib/python3.8/site-packages/airflow/example_dags/example_branch_python_dop_operator_3.py
[2023-11-10T19:00:48.420+0000] {processor.py:829} INFO - Processing file /home/airflow/.local/lib/python3.8/site-packages/airflow/example_dags/example_branch_python_dop_operator_3.py for tasks to queue
[2023-11-10T19:00:48.421+0000] {logging_mixin.py:154} INFO - [2023-11-10T19:00:48.421+0000] {dagbag.py:536} INFO - Filling up the DagBag from /home/airflow/.local/lib/python3.8/site-packages/airflow/example_dags/example_branch_python_dop_operator_3.py
[2023-11-10T19:00:48.426+0000] {processor.py:839} INFO - DAG(s) dict_keys(['example_branch_dop_operator_v3']) retrieved from /home/airflow/.local/lib/python3.8/site-packages/airflow/example_dags/example_branch_python_dop_operator_3.py
[2023-11-10T19:00:48.436+0000] {logging_mixin.py:154} INFO - [2023-11-10T19:00:48.436+0000] {dag.py:2941} INFO - Sync 1 DAGs
[2023-11-10T19:00:48.448+0000] {logging_mixin.py:154} INFO - [2023-11-10T19:00:48.448+0000] {dag.py:3722} INFO - Setting next_dagrun for example_branch_dop_operator_v3 to 2023-11-10T18:59:00+00:00, run_after=2023-11-10T19:00:00+00:00
[2023-11-10T19:00:48.455+0000] {processor.py:179} INFO - Processing /home/airflow/.local/lib/python3.8/site-packages/airflow/example_dags/example_branch_python_dop_operator_3.py took 0.037 seconds
[2023-11-10T19:01:18.867+0000] {processor.py:157} INFO - Started process (PID=5754) to work on /home/airflow/.local/lib/python3.8/site-packages/airflow/example_dags/example_branch_python_dop_operator_3.py
[2023-11-10T19:01:18.868+0000] {processor.py:829} INFO - Processing file /home/airflow/.local/lib/python3.8/site-packages/airflow/example_dags/example_branch_python_dop_operator_3.py for tasks to queue
[2023-11-10T19:01:18.868+0000] {logging_mixin.py:154} INFO - [2023-11-10T19:01:18.868+0000] {dagbag.py:536} INFO - Filling up the DagBag from /home/airflow/.local/lib/python3.8/site-packages/airflow/example_dags/example_branch_python_dop_operator_3.py
[2023-11-10T19:01:18.873+0000] {processor.py:839} INFO - DAG(s) dict_keys(['example_branch_dop_operator_v3']) retrieved from /home/airflow/.local/lib/python3.8/site-packages/airflow/example_dags/example_branch_python_dop_operator_3.py
[2023-11-10T19:01:18.883+0000] {logging_mixin.py:154} INFO - [2023-11-10T19:01:18.883+0000] {dag.py:2941} INFO - Sync 1 DAGs
[2023-11-10T19:01:18.894+0000] {logging_mixin.py:154} INFO - [2023-11-10T19:01:18.894+0000] {dag.py:3722} INFO - Setting next_dagrun for example_branch_dop_operator_v3 to 2023-11-10T19:00:00+00:00, run_after=2023-11-10T19:01:00+00:00
[2023-11-10T19:01:18.901+0000] {processor.py:179} INFO - Processing /home/airflow/.local/lib/python3.8/site-packages/airflow/example_dags/example_branch_python_dop_operator_3.py took 0.036 seconds
[2023-11-10T19:01:49.292+0000] {processor.py:157} INFO - Started process (PID=5992) to work on /home/airflow/.local/lib/python3.8/site-packages/airflow/example_dags/example_branch_python_dop_operator_3.py
[2023-11-10T19:01:49.292+0000] {processor.py:829} INFO - Processing file /home/airflow/.local/lib/python3.8/site-packages/airflow/example_dags/example_branch_python_dop_operator_3.py for tasks to queue
[2023-11-10T19:01:49.293+0000] {logging_mixin.py:154} INFO - [2023-11-10T19:01:49.293+0000] {dagbag.py:536} INFO - Filling up the DagBag from /home/airflow/.local/lib/python3.8/site-packages/airflow/example_dags/example_branch_python_dop_operator_3.py
[2023-11-10T19:01:49.297+0000] {processor.py:839} INFO - DAG(s) dict_keys(['example_branch_dop_operator_v3']) retrieved from /home/airflow/.local/lib/python3.8/site-packages/airflow/example_dags/example_branch_python_dop_operator_3.py
[2023-11-10T19:01:49.308+0000] {logging_mixin.py:154} INFO - [2023-11-10T19:01:49.308+0000] {dag.py:2941} INFO - Sync 1 DAGs
[2023-11-10T19:01:49.320+0000] {logging_mixin.py:154} INFO - [2023-11-10T19:01:49.319+0000] {dag.py:3722} INFO - Setting next_dagrun for example_branch_dop_operator_v3 to 2023-11-10T19:00:00+00:00, run_after=2023-11-10T19:01:00+00:00
[2023-11-10T19:01:49.326+0000] {processor.py:179} INFO - Processing /home/airflow/.local/lib/python3.8/site-packages/airflow/example_dags/example_branch_python_dop_operator_3.py took 0.037 seconds
[2023-11-10T19:02:19.728+0000] {processor.py:157} INFO - Started process (PID=6230) to work on /home/airflow/.local/lib/python3.8/site-packages/airflow/example_dags/example_branch_python_dop_operator_3.py
[2023-11-10T19:02:19.728+0000] {processor.py:829} INFO - Processing file /home/airflow/.local/lib/python3.8/site-packages/airflow/example_dags/example_branch_python_dop_operator_3.py for tasks to queue
[2023-11-10T19:02:19.729+0000] {logging_mixin.py:154} INFO - [2023-11-10T19:02:19.729+0000] {dagbag.py:536} INFO - Filling up the DagBag from /home/airflow/.local/lib/python3.8/site-packages/airflow/example_dags/example_branch_python_dop_operator_3.py
[2023-11-10T19:02:19.734+0000] {processor.py:839} INFO - DAG(s) dict_keys(['example_branch_dop_operator_v3']) retrieved from /home/airflow/.local/lib/python3.8/site-packages/airflow/example_dags/example_branch_python_dop_operator_3.py
[2023-11-10T19:02:19.745+0000] {logging_mixin.py:154} INFO - [2023-11-10T19:02:19.745+0000] {dag.py:2941} INFO - Sync 1 DAGs
[2023-11-10T19:02:19.757+0000] {logging_mixin.py:154} INFO - [2023-11-10T19:02:19.757+0000] {dag.py:3722} INFO - Setting next_dagrun for example_branch_dop_operator_v3 to 2023-11-10T19:01:00+00:00, run_after=2023-11-10T19:02:00+00:00
[2023-11-10T19:02:19.766+0000] {processor.py:179} INFO - Processing /home/airflow/.local/lib/python3.8/site-packages/airflow/example_dags/example_branch_python_dop_operator_3.py took 0.041 seconds
[2023-11-10T19:02:50.218+0000] {processor.py:157} INFO - Started process (PID=6468) to work on /home/airflow/.local/lib/python3.8/site-packages/airflow/example_dags/example_branch_python_dop_operator_3.py
[2023-11-10T19:02:50.218+0000] {processor.py:829} INFO - Processing file /home/airflow/.local/lib/python3.8/site-packages/airflow/example_dags/example_branch_python_dop_operator_3.py for tasks to queue
[2023-11-10T19:02:50.219+0000] {logging_mixin.py:154} INFO - [2023-11-10T19:02:50.219+0000] {dagbag.py:536} INFO - Filling up the DagBag from /home/airflow/.local/lib/python3.8/site-packages/airflow/example_dags/example_branch_python_dop_operator_3.py
[2023-11-10T19:02:50.223+0000] {processor.py:839} INFO - DAG(s) dict_keys(['example_branch_dop_operator_v3']) retrieved from /home/airflow/.local/lib/python3.8/site-packages/airflow/example_dags/example_branch_python_dop_operator_3.py
[2023-11-10T19:02:50.233+0000] {logging_mixin.py:154} INFO - [2023-11-10T19:02:50.233+0000] {dag.py:2941} INFO - Sync 1 DAGs
[2023-11-10T19:02:50.244+0000] {logging_mixin.py:154} INFO - [2023-11-10T19:02:50.244+0000] {dag.py:3722} INFO - Setting next_dagrun for example_branch_dop_operator_v3 to 2023-11-10T19:01:00+00:00, run_after=2023-11-10T19:02:00+00:00
[2023-11-10T19:02:50.251+0000] {processor.py:179} INFO - Processing /home/airflow/.local/lib/python3.8/site-packages/airflow/example_dags/example_branch_python_dop_operator_3.py took 0.035 seconds
[2023-11-10T19:03:20.879+0000] {processor.py:157} INFO - Started process (PID=6758) to work on /home/airflow/.local/lib/python3.8/site-packages/airflow/example_dags/example_branch_python_dop_operator_3.py
[2023-11-10T19:03:20.880+0000] {processor.py:829} INFO - Processing file /home/airflow/.local/lib/python3.8/site-packages/airflow/example_dags/example_branch_python_dop_operator_3.py for tasks to queue
[2023-11-10T19:03:20.880+0000] {logging_mixin.py:154} INFO - [2023-11-10T19:03:20.880+0000] {dagbag.py:536} INFO - Filling up the DagBag from /home/airflow/.local/lib/python3.8/site-packages/airflow/example_dags/example_branch_python_dop_operator_3.py
[2023-11-10T19:03:20.886+0000] {processor.py:839} INFO - DAG(s) dict_keys(['example_branch_dop_operator_v3']) retrieved from /home/airflow/.local/lib/python3.8/site-packages/airflow/example_dags/example_branch_python_dop_operator_3.py
[2023-11-10T19:03:20.898+0000] {logging_mixin.py:154} INFO - [2023-11-10T19:03:20.898+0000] {dag.py:2941} INFO - Sync 1 DAGs
[2023-11-10T19:03:20.912+0000] {logging_mixin.py:154} INFO - [2023-11-10T19:03:20.912+0000] {dag.py:3722} INFO - Setting next_dagrun for example_branch_dop_operator_v3 to 2023-11-10T19:02:00+00:00, run_after=2023-11-10T19:03:00+00:00
[2023-11-10T19:03:20.919+0000] {processor.py:179} INFO - Processing /home/airflow/.local/lib/python3.8/site-packages/airflow/example_dags/example_branch_python_dop_operator_3.py took 0.042 seconds
