[2023-11-10T18:49:37.669+0000] {processor.py:157} INFO - Started process (PID=350) to work on /home/airflow/.local/lib/python3.8/site-packages/airflow/example_dags/example_python_operator.py
[2023-11-10T18:49:37.670+0000] {processor.py:829} INFO - Processing file /home/airflow/.local/lib/python3.8/site-packages/airflow/example_dags/example_python_operator.py for tasks to queue
[2023-11-10T18:49:37.670+0000] {logging_mixin.py:154} INFO - [2023-11-10T18:49:37.670+0000] {dagbag.py:536} INFO - Filling up the DagBag from /home/airflow/.local/lib/python3.8/site-packages/airflow/example_dags/example_python_operator.py
[2023-11-10T18:49:37.676+0000] {processor.py:839} INFO - DAG(s) dict_keys(['example_python_operator']) retrieved from /home/airflow/.local/lib/python3.8/site-packages/airflow/example_dags/example_python_operator.py
[2023-11-10T18:49:37.681+0000] {logging_mixin.py:154} INFO - [2023-11-10T18:49:37.681+0000] {dag.py:2941} INFO - Sync 1 DAGs
[2023-11-10T18:49:37.687+0000] {logging_mixin.py:154} INFO - [2023-11-10T18:49:37.687+0000] {dag.py:3722} INFO - Setting next_dagrun for example_python_operator to None, run_after=None
[2023-11-10T18:49:37.695+0000] {processor.py:179} INFO - Processing /home/airflow/.local/lib/python3.8/site-packages/airflow/example_dags/example_python_operator.py took 0.027 seconds
[2023-11-10T18:50:08.031+0000] {processor.py:157} INFO - Started process (PID=588) to work on /home/airflow/.local/lib/python3.8/site-packages/airflow/example_dags/example_python_operator.py
[2023-11-10T18:50:08.031+0000] {processor.py:829} INFO - Processing file /home/airflow/.local/lib/python3.8/site-packages/airflow/example_dags/example_python_operator.py for tasks to queue
[2023-11-10T18:50:08.032+0000] {logging_mixin.py:154} INFO - [2023-11-10T18:50:08.032+0000] {dagbag.py:536} INFO - Filling up the DagBag from /home/airflow/.local/lib/python3.8/site-packages/airflow/example_dags/example_python_operator.py
[2023-11-10T18:50:08.036+0000] {processor.py:839} INFO - DAG(s) dict_keys(['example_python_operator']) retrieved from /home/airflow/.local/lib/python3.8/site-packages/airflow/example_dags/example_python_operator.py
[2023-11-10T18:50:08.081+0000] {logging_mixin.py:154} INFO - [2023-11-10T18:50:08.081+0000] {dag.py:2941} INFO - Sync 1 DAGs
[2023-11-10T18:50:08.086+0000] {logging_mixin.py:154} INFO - [2023-11-10T18:50:08.086+0000] {dag.py:3722} INFO - Setting next_dagrun for example_python_operator to None, run_after=None
[2023-11-10T18:50:08.094+0000] {processor.py:179} INFO - Processing /home/airflow/.local/lib/python3.8/site-packages/airflow/example_dags/example_python_operator.py took 0.064 seconds
[2023-11-10T18:50:38.553+0000] {processor.py:157} INFO - Started process (PID=828) to work on /home/airflow/.local/lib/python3.8/site-packages/airflow/example_dags/example_python_operator.py
[2023-11-10T18:50:38.554+0000] {processor.py:829} INFO - Processing file /home/airflow/.local/lib/python3.8/site-packages/airflow/example_dags/example_python_operator.py for tasks to queue
[2023-11-10T18:50:38.554+0000] {logging_mixin.py:154} INFO - [2023-11-10T18:50:38.554+0000] {dagbag.py:536} INFO - Filling up the DagBag from /home/airflow/.local/lib/python3.8/site-packages/airflow/example_dags/example_python_operator.py
[2023-11-10T18:50:38.559+0000] {processor.py:839} INFO - DAG(s) dict_keys(['example_python_operator']) retrieved from /home/airflow/.local/lib/python3.8/site-packages/airflow/example_dags/example_python_operator.py
[2023-11-10T18:50:38.569+0000] {logging_mixin.py:154} INFO - [2023-11-10T18:50:38.569+0000] {dag.py:2941} INFO - Sync 1 DAGs
[2023-11-10T18:50:38.575+0000] {logging_mixin.py:154} INFO - [2023-11-10T18:50:38.575+0000] {dag.py:3722} INFO - Setting next_dagrun for example_python_operator to None, run_after=None
[2023-11-10T18:50:38.582+0000] {processor.py:179} INFO - Processing /home/airflow/.local/lib/python3.8/site-packages/airflow/example_dags/example_python_operator.py took 0.030 seconds
[2023-11-10T18:51:09.099+0000] {processor.py:157} INFO - Started process (PID=1066) to work on /home/airflow/.local/lib/python3.8/site-packages/airflow/example_dags/example_python_operator.py
[2023-11-10T18:51:09.100+0000] {processor.py:829} INFO - Processing file /home/airflow/.local/lib/python3.8/site-packages/airflow/example_dags/example_python_operator.py for tasks to queue
[2023-11-10T18:51:09.100+0000] {logging_mixin.py:154} INFO - [2023-11-10T18:51:09.100+0000] {dagbag.py:536} INFO - Filling up the DagBag from /home/airflow/.local/lib/python3.8/site-packages/airflow/example_dags/example_python_operator.py
[2023-11-10T18:51:09.105+0000] {processor.py:839} INFO - DAG(s) dict_keys(['example_python_operator']) retrieved from /home/airflow/.local/lib/python3.8/site-packages/airflow/example_dags/example_python_operator.py
[2023-11-10T18:51:09.116+0000] {logging_mixin.py:154} INFO - [2023-11-10T18:51:09.116+0000] {dag.py:2941} INFO - Sync 1 DAGs
[2023-11-10T18:51:09.121+0000] {logging_mixin.py:154} INFO - [2023-11-10T18:51:09.121+0000] {dag.py:3722} INFO - Setting next_dagrun for example_python_operator to None, run_after=None
[2023-11-10T18:51:09.128+0000] {processor.py:179} INFO - Processing /home/airflow/.local/lib/python3.8/site-packages/airflow/example_dags/example_python_operator.py took 0.031 seconds
[2023-11-10T18:51:39.550+0000] {processor.py:157} INFO - Started process (PID=1302) to work on /home/airflow/.local/lib/python3.8/site-packages/airflow/example_dags/example_python_operator.py
[2023-11-10T18:51:39.550+0000] {processor.py:829} INFO - Processing file /home/airflow/.local/lib/python3.8/site-packages/airflow/example_dags/example_python_operator.py for tasks to queue
[2023-11-10T18:51:39.551+0000] {logging_mixin.py:154} INFO - [2023-11-10T18:51:39.550+0000] {dagbag.py:536} INFO - Filling up the DagBag from /home/airflow/.local/lib/python3.8/site-packages/airflow/example_dags/example_python_operator.py
[2023-11-10T18:51:39.555+0000] {processor.py:839} INFO - DAG(s) dict_keys(['example_python_operator']) retrieved from /home/airflow/.local/lib/python3.8/site-packages/airflow/example_dags/example_python_operator.py
[2023-11-10T18:51:39.566+0000] {logging_mixin.py:154} INFO - [2023-11-10T18:51:39.566+0000] {dag.py:2941} INFO - Sync 1 DAGs
[2023-11-10T18:51:39.572+0000] {logging_mixin.py:154} INFO - [2023-11-10T18:51:39.572+0000] {dag.py:3722} INFO - Setting next_dagrun for example_python_operator to None, run_after=None
[2023-11-10T18:51:39.579+0000] {processor.py:179} INFO - Processing /home/airflow/.local/lib/python3.8/site-packages/airflow/example_dags/example_python_operator.py took 0.031 seconds
[2023-11-10T18:52:10.067+0000] {processor.py:157} INFO - Started process (PID=1540) to work on /home/airflow/.local/lib/python3.8/site-packages/airflow/example_dags/example_python_operator.py
[2023-11-10T18:52:10.068+0000] {processor.py:829} INFO - Processing file /home/airflow/.local/lib/python3.8/site-packages/airflow/example_dags/example_python_operator.py for tasks to queue
[2023-11-10T18:52:10.068+0000] {logging_mixin.py:154} INFO - [2023-11-10T18:52:10.068+0000] {dagbag.py:536} INFO - Filling up the DagBag from /home/airflow/.local/lib/python3.8/site-packages/airflow/example_dags/example_python_operator.py
[2023-11-10T18:52:10.073+0000] {processor.py:839} INFO - DAG(s) dict_keys(['example_python_operator']) retrieved from /home/airflow/.local/lib/python3.8/site-packages/airflow/example_dags/example_python_operator.py
[2023-11-10T18:52:10.083+0000] {logging_mixin.py:154} INFO - [2023-11-10T18:52:10.083+0000] {dag.py:2941} INFO - Sync 1 DAGs
[2023-11-10T18:52:10.088+0000] {logging_mixin.py:154} INFO - [2023-11-10T18:52:10.088+0000] {dag.py:3722} INFO - Setting next_dagrun for example_python_operator to None, run_after=None
[2023-11-10T18:52:10.095+0000] {processor.py:179} INFO - Processing /home/airflow/.local/lib/python3.8/site-packages/airflow/example_dags/example_python_operator.py took 0.030 seconds
[2023-11-10T18:52:40.543+0000] {processor.py:157} INFO - Started process (PID=1778) to work on /home/airflow/.local/lib/python3.8/site-packages/airflow/example_dags/example_python_operator.py
[2023-11-10T18:52:40.544+0000] {processor.py:829} INFO - Processing file /home/airflow/.local/lib/python3.8/site-packages/airflow/example_dags/example_python_operator.py for tasks to queue
[2023-11-10T18:52:40.544+0000] {logging_mixin.py:154} INFO - [2023-11-10T18:52:40.544+0000] {dagbag.py:536} INFO - Filling up the DagBag from /home/airflow/.local/lib/python3.8/site-packages/airflow/example_dags/example_python_operator.py
[2023-11-10T18:52:40.549+0000] {processor.py:839} INFO - DAG(s) dict_keys(['example_python_operator']) retrieved from /home/airflow/.local/lib/python3.8/site-packages/airflow/example_dags/example_python_operator.py
[2023-11-10T18:52:40.560+0000] {logging_mixin.py:154} INFO - [2023-11-10T18:52:40.560+0000] {dag.py:2941} INFO - Sync 1 DAGs
[2023-11-10T18:52:40.565+0000] {logging_mixin.py:154} INFO - [2023-11-10T18:52:40.565+0000] {dag.py:3722} INFO - Setting next_dagrun for example_python_operator to None, run_after=None
[2023-11-10T18:52:40.573+0000] {processor.py:179} INFO - Processing /home/airflow/.local/lib/python3.8/site-packages/airflow/example_dags/example_python_operator.py took 0.031 seconds
