[2023-11-10T18:49:37.565+0000] {processor.py:157} INFO - Started process (PID=325) to work on /home/airflow/.local/lib/python3.8/site-packages/airflow/example_dags/example_short_circuit_operator.py
[2023-11-10T18:49:37.566+0000] {processor.py:829} INFO - Processing file /home/airflow/.local/lib/python3.8/site-packages/airflow/example_dags/example_short_circuit_operator.py for tasks to queue
[2023-11-10T18:49:37.566+0000] {logging_mixin.py:154} INFO - [2023-11-10T18:49:37.566+0000] {dagbag.py:536} INFO - Filling up the DagBag from /home/airflow/.local/lib/python3.8/site-packages/airflow/example_dags/example_short_circuit_operator.py
[2023-11-10T18:49:37.571+0000] {processor.py:839} INFO - DAG(s) dict_keys(['example_short_circuit_operator']) retrieved from /home/airflow/.local/lib/python3.8/site-packages/airflow/example_dags/example_short_circuit_operator.py
[2023-11-10T18:49:37.579+0000] {logging_mixin.py:154} INFO - [2023-11-10T18:49:37.579+0000] {dag.py:2941} INFO - Sync 1 DAGs
[2023-11-10T18:49:37.591+0000] {logging_mixin.py:154} INFO - [2023-11-10T18:49:37.591+0000] {dag.py:3722} INFO - Setting next_dagrun for example_short_circuit_operator to 2023-11-09T18:49:37.590827+00:00, run_after=2023-11-10T18:49:37.590827+00:00
[2023-11-10T18:49:37.599+0000] {processor.py:179} INFO - Processing /home/airflow/.local/lib/python3.8/site-packages/airflow/example_dags/example_short_circuit_operator.py took 0.036 seconds
[2023-11-10T18:50:07.902+0000] {processor.py:157} INFO - Started process (PID=565) to work on /home/airflow/.local/lib/python3.8/site-packages/airflow/example_dags/example_short_circuit_operator.py
[2023-11-10T18:50:07.902+0000] {processor.py:829} INFO - Processing file /home/airflow/.local/lib/python3.8/site-packages/airflow/example_dags/example_short_circuit_operator.py for tasks to queue
[2023-11-10T18:50:07.903+0000] {logging_mixin.py:154} INFO - [2023-11-10T18:50:07.903+0000] {dagbag.py:536} INFO - Filling up the DagBag from /home/airflow/.local/lib/python3.8/site-packages/airflow/example_dags/example_short_circuit_operator.py
[2023-11-10T18:50:07.907+0000] {processor.py:839} INFO - DAG(s) dict_keys(['example_short_circuit_operator']) retrieved from /home/airflow/.local/lib/python3.8/site-packages/airflow/example_dags/example_short_circuit_operator.py
[2023-11-10T18:50:07.917+0000] {logging_mixin.py:154} INFO - [2023-11-10T18:50:07.917+0000] {dag.py:2941} INFO - Sync 1 DAGs
[2023-11-10T18:50:07.926+0000] {logging_mixin.py:154} INFO - [2023-11-10T18:50:07.926+0000] {dag.py:3722} INFO - Setting next_dagrun for example_short_circuit_operator to 2023-11-09T18:50:07.926050+00:00, run_after=2023-11-10T18:50:07.926050+00:00
[2023-11-10T18:50:07.932+0000] {processor.py:179} INFO - Processing /home/airflow/.local/lib/python3.8/site-packages/airflow/example_dags/example_short_circuit_operator.py took 0.032 seconds
[2023-11-10T18:50:38.423+0000] {processor.py:157} INFO - Started process (PID=803) to work on /home/airflow/.local/lib/python3.8/site-packages/airflow/example_dags/example_short_circuit_operator.py
[2023-11-10T18:50:38.424+0000] {processor.py:829} INFO - Processing file /home/airflow/.local/lib/python3.8/site-packages/airflow/example_dags/example_short_circuit_operator.py for tasks to queue
[2023-11-10T18:50:38.424+0000] {logging_mixin.py:154} INFO - [2023-11-10T18:50:38.424+0000] {dagbag.py:536} INFO - Filling up the DagBag from /home/airflow/.local/lib/python3.8/site-packages/airflow/example_dags/example_short_circuit_operator.py
[2023-11-10T18:50:38.428+0000] {processor.py:839} INFO - DAG(s) dict_keys(['example_short_circuit_operator']) retrieved from /home/airflow/.local/lib/python3.8/site-packages/airflow/example_dags/example_short_circuit_operator.py
[2023-11-10T18:50:38.439+0000] {logging_mixin.py:154} INFO - [2023-11-10T18:50:38.439+0000] {dag.py:2941} INFO - Sync 1 DAGs
[2023-11-10T18:50:38.448+0000] {logging_mixin.py:154} INFO - [2023-11-10T18:50:38.448+0000] {dag.py:3722} INFO - Setting next_dagrun for example_short_circuit_operator to 2023-11-09T18:50:38.448606+00:00, run_after=2023-11-10T18:50:38.448606+00:00
[2023-11-10T18:50:38.456+0000] {processor.py:179} INFO - Processing /home/airflow/.local/lib/python3.8/site-packages/airflow/example_dags/example_short_circuit_operator.py took 0.035 seconds
[2023-11-10T18:51:08.964+0000] {processor.py:157} INFO - Started process (PID=1041) to work on /home/airflow/.local/lib/python3.8/site-packages/airflow/example_dags/example_short_circuit_operator.py
[2023-11-10T18:51:08.965+0000] {processor.py:829} INFO - Processing file /home/airflow/.local/lib/python3.8/site-packages/airflow/example_dags/example_short_circuit_operator.py for tasks to queue
[2023-11-10T18:51:08.965+0000] {logging_mixin.py:154} INFO - [2023-11-10T18:51:08.965+0000] {dagbag.py:536} INFO - Filling up the DagBag from /home/airflow/.local/lib/python3.8/site-packages/airflow/example_dags/example_short_circuit_operator.py
[2023-11-10T18:51:08.970+0000] {processor.py:839} INFO - DAG(s) dict_keys(['example_short_circuit_operator']) retrieved from /home/airflow/.local/lib/python3.8/site-packages/airflow/example_dags/example_short_circuit_operator.py
[2023-11-10T18:51:08.982+0000] {logging_mixin.py:154} INFO - [2023-11-10T18:51:08.981+0000] {dag.py:2941} INFO - Sync 1 DAGs
[2023-11-10T18:51:08.991+0000] {logging_mixin.py:154} INFO - [2023-11-10T18:51:08.991+0000] {dag.py:3722} INFO - Setting next_dagrun for example_short_circuit_operator to 2023-11-09T18:51:08.991444+00:00, run_after=2023-11-10T18:51:08.991444+00:00
[2023-11-10T18:51:08.999+0000] {processor.py:179} INFO - Processing /home/airflow/.local/lib/python3.8/site-packages/airflow/example_dags/example_short_circuit_operator.py took 0.036 seconds
[2023-11-10T18:51:39.454+0000] {processor.py:157} INFO - Started process (PID=1277) to work on /home/airflow/.local/lib/python3.8/site-packages/airflow/example_dags/example_short_circuit_operator.py
[2023-11-10T18:51:39.455+0000] {processor.py:829} INFO - Processing file /home/airflow/.local/lib/python3.8/site-packages/airflow/example_dags/example_short_circuit_operator.py for tasks to queue
[2023-11-10T18:51:39.455+0000] {logging_mixin.py:154} INFO - [2023-11-10T18:51:39.455+0000] {dagbag.py:536} INFO - Filling up the DagBag from /home/airflow/.local/lib/python3.8/site-packages/airflow/example_dags/example_short_circuit_operator.py
[2023-11-10T18:51:39.459+0000] {processor.py:839} INFO - DAG(s) dict_keys(['example_short_circuit_operator']) retrieved from /home/airflow/.local/lib/python3.8/site-packages/airflow/example_dags/example_short_circuit_operator.py
[2023-11-10T18:51:39.470+0000] {logging_mixin.py:154} INFO - [2023-11-10T18:51:39.470+0000] {dag.py:2941} INFO - Sync 1 DAGs
[2023-11-10T18:51:39.479+0000] {logging_mixin.py:154} INFO - [2023-11-10T18:51:39.479+0000] {dag.py:3722} INFO - Setting next_dagrun for example_short_circuit_operator to 2023-11-09T18:51:39.479657+00:00, run_after=2023-11-10T18:51:39.479657+00:00
[2023-11-10T18:51:39.487+0000] {processor.py:179} INFO - Processing /home/airflow/.local/lib/python3.8/site-packages/airflow/example_dags/example_short_circuit_operator.py took 0.034 seconds
[2023-11-10T18:52:09.972+0000] {processor.py:157} INFO - Started process (PID=1516) to work on /home/airflow/.local/lib/python3.8/site-packages/airflow/example_dags/example_short_circuit_operator.py
[2023-11-10T18:52:09.972+0000] {processor.py:829} INFO - Processing file /home/airflow/.local/lib/python3.8/site-packages/airflow/example_dags/example_short_circuit_operator.py for tasks to queue
[2023-11-10T18:52:09.973+0000] {logging_mixin.py:154} INFO - [2023-11-10T18:52:09.973+0000] {dagbag.py:536} INFO - Filling up the DagBag from /home/airflow/.local/lib/python3.8/site-packages/airflow/example_dags/example_short_circuit_operator.py
[2023-11-10T18:52:09.977+0000] {processor.py:839} INFO - DAG(s) dict_keys(['example_short_circuit_operator']) retrieved from /home/airflow/.local/lib/python3.8/site-packages/airflow/example_dags/example_short_circuit_operator.py
[2023-11-10T18:52:09.988+0000] {logging_mixin.py:154} INFO - [2023-11-10T18:52:09.988+0000] {dag.py:2941} INFO - Sync 1 DAGs
[2023-11-10T18:52:09.998+0000] {logging_mixin.py:154} INFO - [2023-11-10T18:52:09.997+0000] {dag.py:3722} INFO - Setting next_dagrun for example_short_circuit_operator to 2023-11-09T18:52:09.997839+00:00, run_after=2023-11-10T18:52:09.997839+00:00
[2023-11-10T18:52:10.005+0000] {processor.py:179} INFO - Processing /home/airflow/.local/lib/python3.8/site-packages/airflow/example_dags/example_short_circuit_operator.py took 0.034 seconds
[2023-11-10T18:52:40.423+0000] {processor.py:157} INFO - Started process (PID=1753) to work on /home/airflow/.local/lib/python3.8/site-packages/airflow/example_dags/example_short_circuit_operator.py
[2023-11-10T18:52:40.424+0000] {processor.py:829} INFO - Processing file /home/airflow/.local/lib/python3.8/site-packages/airflow/example_dags/example_short_circuit_operator.py for tasks to queue
[2023-11-10T18:52:40.424+0000] {logging_mixin.py:154} INFO - [2023-11-10T18:52:40.424+0000] {dagbag.py:536} INFO - Filling up the DagBag from /home/airflow/.local/lib/python3.8/site-packages/airflow/example_dags/example_short_circuit_operator.py
[2023-11-10T18:52:40.428+0000] {processor.py:839} INFO - DAG(s) dict_keys(['example_short_circuit_operator']) retrieved from /home/airflow/.local/lib/python3.8/site-packages/airflow/example_dags/example_short_circuit_operator.py
[2023-11-10T18:52:40.439+0000] {logging_mixin.py:154} INFO - [2023-11-10T18:52:40.439+0000] {dag.py:2941} INFO - Sync 1 DAGs
[2023-11-10T18:52:40.448+0000] {logging_mixin.py:154} INFO - [2023-11-10T18:52:40.448+0000] {dag.py:3722} INFO - Setting next_dagrun for example_short_circuit_operator to 2023-11-09T18:52:40.448442+00:00, run_after=2023-11-10T18:52:40.448442+00:00
[2023-11-10T18:52:40.455+0000] {processor.py:179} INFO - Processing /home/airflow/.local/lib/python3.8/site-packages/airflow/example_dags/example_short_circuit_operator.py took 0.034 seconds
[2023-11-10T18:53:10.931+0000] {processor.py:157} INFO - Started process (PID=1993) to work on /home/airflow/.local/lib/python3.8/site-packages/airflow/example_dags/example_short_circuit_operator.py
[2023-11-10T18:53:10.932+0000] {processor.py:829} INFO - Processing file /home/airflow/.local/lib/python3.8/site-packages/airflow/example_dags/example_short_circuit_operator.py for tasks to queue
[2023-11-10T18:53:10.932+0000] {logging_mixin.py:154} INFO - [2023-11-10T18:53:10.932+0000] {dagbag.py:536} INFO - Filling up the DagBag from /home/airflow/.local/lib/python3.8/site-packages/airflow/example_dags/example_short_circuit_operator.py
[2023-11-10T18:53:10.936+0000] {processor.py:839} INFO - DAG(s) dict_keys(['example_short_circuit_operator']) retrieved from /home/airflow/.local/lib/python3.8/site-packages/airflow/example_dags/example_short_circuit_operator.py
[2023-11-10T18:53:10.948+0000] {logging_mixin.py:154} INFO - [2023-11-10T18:53:10.948+0000] {dag.py:2941} INFO - Sync 1 DAGs
[2023-11-10T18:53:10.957+0000] {logging_mixin.py:154} INFO - [2023-11-10T18:53:10.957+0000] {dag.py:3722} INFO - Setting next_dagrun for example_short_circuit_operator to 2023-11-09T18:53:10.957322+00:00, run_after=2023-11-10T18:53:10.957322+00:00
[2023-11-10T18:53:10.965+0000] {processor.py:179} INFO - Processing /home/airflow/.local/lib/python3.8/site-packages/airflow/example_dags/example_short_circuit_operator.py took 0.035 seconds
[2023-11-10T18:53:41.464+0000] {processor.py:157} INFO - Started process (PID=2231) to work on /home/airflow/.local/lib/python3.8/site-packages/airflow/example_dags/example_short_circuit_operator.py
[2023-11-10T18:53:41.464+0000] {processor.py:829} INFO - Processing file /home/airflow/.local/lib/python3.8/site-packages/airflow/example_dags/example_short_circuit_operator.py for tasks to queue
[2023-11-10T18:53:41.465+0000] {logging_mixin.py:154} INFO - [2023-11-10T18:53:41.465+0000] {dagbag.py:536} INFO - Filling up the DagBag from /home/airflow/.local/lib/python3.8/site-packages/airflow/example_dags/example_short_circuit_operator.py
[2023-11-10T18:53:41.471+0000] {processor.py:839} INFO - DAG(s) dict_keys(['example_short_circuit_operator']) retrieved from /home/airflow/.local/lib/python3.8/site-packages/airflow/example_dags/example_short_circuit_operator.py
[2023-11-10T18:53:41.482+0000] {logging_mixin.py:154} INFO - [2023-11-10T18:53:41.482+0000] {dag.py:2941} INFO - Sync 1 DAGs
[2023-11-10T18:53:41.491+0000] {logging_mixin.py:154} INFO - [2023-11-10T18:53:41.491+0000] {dag.py:3722} INFO - Setting next_dagrun for example_short_circuit_operator to 2023-11-09T18:53:41.491726+00:00, run_after=2023-11-10T18:53:41.491726+00:00
[2023-11-10T18:53:41.499+0000] {processor.py:179} INFO - Processing /home/airflow/.local/lib/python3.8/site-packages/airflow/example_dags/example_short_circuit_operator.py took 0.037 seconds
[2023-11-10T18:54:11.952+0000] {processor.py:157} INFO - Started process (PID=2469) to work on /home/airflow/.local/lib/python3.8/site-packages/airflow/example_dags/example_short_circuit_operator.py
[2023-11-10T18:54:11.952+0000] {processor.py:829} INFO - Processing file /home/airflow/.local/lib/python3.8/site-packages/airflow/example_dags/example_short_circuit_operator.py for tasks to queue
[2023-11-10T18:54:11.952+0000] {logging_mixin.py:154} INFO - [2023-11-10T18:54:11.952+0000] {dagbag.py:536} INFO - Filling up the DagBag from /home/airflow/.local/lib/python3.8/site-packages/airflow/example_dags/example_short_circuit_operator.py
[2023-11-10T18:54:11.957+0000] {processor.py:839} INFO - DAG(s) dict_keys(['example_short_circuit_operator']) retrieved from /home/airflow/.local/lib/python3.8/site-packages/airflow/example_dags/example_short_circuit_operator.py
[2023-11-10T18:54:11.969+0000] {logging_mixin.py:154} INFO - [2023-11-10T18:54:11.969+0000] {dag.py:2941} INFO - Sync 1 DAGs
[2023-11-10T18:54:11.978+0000] {logging_mixin.py:154} INFO - [2023-11-10T18:54:11.978+0000] {dag.py:3722} INFO - Setting next_dagrun for example_short_circuit_operator to 2023-11-09T18:54:11.978586+00:00, run_after=2023-11-10T18:54:11.978586+00:00
[2023-11-10T18:54:11.985+0000] {processor.py:179} INFO - Processing /home/airflow/.local/lib/python3.8/site-packages/airflow/example_dags/example_short_circuit_operator.py took 0.035 seconds
[2023-11-10T18:54:42.424+0000] {processor.py:157} INFO - Started process (PID=2707) to work on /home/airflow/.local/lib/python3.8/site-packages/airflow/example_dags/example_short_circuit_operator.py
[2023-11-10T18:54:42.424+0000] {processor.py:829} INFO - Processing file /home/airflow/.local/lib/python3.8/site-packages/airflow/example_dags/example_short_circuit_operator.py for tasks to queue
[2023-11-10T18:54:42.425+0000] {logging_mixin.py:154} INFO - [2023-11-10T18:54:42.424+0000] {dagbag.py:536} INFO - Filling up the DagBag from /home/airflow/.local/lib/python3.8/site-packages/airflow/example_dags/example_short_circuit_operator.py
[2023-11-10T18:54:42.429+0000] {processor.py:839} INFO - DAG(s) dict_keys(['example_short_circuit_operator']) retrieved from /home/airflow/.local/lib/python3.8/site-packages/airflow/example_dags/example_short_circuit_operator.py
[2023-11-10T18:54:42.440+0000] {logging_mixin.py:154} INFO - [2023-11-10T18:54:42.440+0000] {dag.py:2941} INFO - Sync 1 DAGs
[2023-11-10T18:54:42.449+0000] {logging_mixin.py:154} INFO - [2023-11-10T18:54:42.449+0000] {dag.py:3722} INFO - Setting next_dagrun for example_short_circuit_operator to 2023-11-09T18:54:42.449578+00:00, run_after=2023-11-10T18:54:42.449578+00:00
[2023-11-10T18:54:42.456+0000] {processor.py:179} INFO - Processing /home/airflow/.local/lib/python3.8/site-packages/airflow/example_dags/example_short_circuit_operator.py took 0.035 seconds
[2023-11-10T18:55:12.916+0000] {processor.py:157} INFO - Started process (PID=2945) to work on /home/airflow/.local/lib/python3.8/site-packages/airflow/example_dags/example_short_circuit_operator.py
[2023-11-10T18:55:12.916+0000] {processor.py:829} INFO - Processing file /home/airflow/.local/lib/python3.8/site-packages/airflow/example_dags/example_short_circuit_operator.py for tasks to queue
[2023-11-10T18:55:12.917+0000] {logging_mixin.py:154} INFO - [2023-11-10T18:55:12.916+0000] {dagbag.py:536} INFO - Filling up the DagBag from /home/airflow/.local/lib/python3.8/site-packages/airflow/example_dags/example_short_circuit_operator.py
[2023-11-10T18:55:12.921+0000] {processor.py:839} INFO - DAG(s) dict_keys(['example_short_circuit_operator']) retrieved from /home/airflow/.local/lib/python3.8/site-packages/airflow/example_dags/example_short_circuit_operator.py
[2023-11-10T18:55:12.932+0000] {logging_mixin.py:154} INFO - [2023-11-10T18:55:12.932+0000] {dag.py:2941} INFO - Sync 1 DAGs
[2023-11-10T18:55:12.941+0000] {logging_mixin.py:154} INFO - [2023-11-10T18:55:12.941+0000] {dag.py:3722} INFO - Setting next_dagrun for example_short_circuit_operator to 2023-11-09T18:55:12.941620+00:00, run_after=2023-11-10T18:55:12.941620+00:00
[2023-11-10T18:55:12.948+0000] {processor.py:179} INFO - Processing /home/airflow/.local/lib/python3.8/site-packages/airflow/example_dags/example_short_circuit_operator.py took 0.034 seconds
[2023-11-10T18:55:43.489+0000] {processor.py:157} INFO - Started process (PID=3183) to work on /home/airflow/.local/lib/python3.8/site-packages/airflow/example_dags/example_short_circuit_operator.py
[2023-11-10T18:55:43.489+0000] {processor.py:829} INFO - Processing file /home/airflow/.local/lib/python3.8/site-packages/airflow/example_dags/example_short_circuit_operator.py for tasks to queue
[2023-11-10T18:55:43.490+0000] {logging_mixin.py:154} INFO - [2023-11-10T18:55:43.489+0000] {dagbag.py:536} INFO - Filling up the DagBag from /home/airflow/.local/lib/python3.8/site-packages/airflow/example_dags/example_short_circuit_operator.py
[2023-11-10T18:55:43.494+0000] {processor.py:839} INFO - DAG(s) dict_keys(['example_short_circuit_operator']) retrieved from /home/airflow/.local/lib/python3.8/site-packages/airflow/example_dags/example_short_circuit_operator.py
[2023-11-10T18:55:43.505+0000] {logging_mixin.py:154} INFO - [2023-11-10T18:55:43.505+0000] {dag.py:2941} INFO - Sync 1 DAGs
[2023-11-10T18:55:43.514+0000] {logging_mixin.py:154} INFO - [2023-11-10T18:55:43.514+0000] {dag.py:3722} INFO - Setting next_dagrun for example_short_circuit_operator to 2023-11-09T18:55:43.514751+00:00, run_after=2023-11-10T18:55:43.514751+00:00
[2023-11-10T18:55:43.522+0000] {processor.py:179} INFO - Processing /home/airflow/.local/lib/python3.8/site-packages/airflow/example_dags/example_short_circuit_operator.py took 0.035 seconds
[2023-11-10T18:56:14.052+0000] {processor.py:157} INFO - Started process (PID=3421) to work on /home/airflow/.local/lib/python3.8/site-packages/airflow/example_dags/example_short_circuit_operator.py
[2023-11-10T18:56:14.052+0000] {processor.py:829} INFO - Processing file /home/airflow/.local/lib/python3.8/site-packages/airflow/example_dags/example_short_circuit_operator.py for tasks to queue
[2023-11-10T18:56:14.053+0000] {logging_mixin.py:154} INFO - [2023-11-10T18:56:14.053+0000] {dagbag.py:536} INFO - Filling up the DagBag from /home/airflow/.local/lib/python3.8/site-packages/airflow/example_dags/example_short_circuit_operator.py
[2023-11-10T18:56:14.057+0000] {processor.py:839} INFO - DAG(s) dict_keys(['example_short_circuit_operator']) retrieved from /home/airflow/.local/lib/python3.8/site-packages/airflow/example_dags/example_short_circuit_operator.py
[2023-11-10T18:56:14.068+0000] {logging_mixin.py:154} INFO - [2023-11-10T18:56:14.068+0000] {dag.py:2941} INFO - Sync 1 DAGs
[2023-11-10T18:56:14.077+0000] {logging_mixin.py:154} INFO - [2023-11-10T18:56:14.077+0000] {dag.py:3722} INFO - Setting next_dagrun for example_short_circuit_operator to 2023-11-09T18:56:14.077747+00:00, run_after=2023-11-10T18:56:14.077747+00:00
[2023-11-10T18:56:14.085+0000] {processor.py:179} INFO - Processing /home/airflow/.local/lib/python3.8/site-packages/airflow/example_dags/example_short_circuit_operator.py took 0.035 seconds
[2023-11-10T18:56:44.549+0000] {processor.py:157} INFO - Started process (PID=3659) to work on /home/airflow/.local/lib/python3.8/site-packages/airflow/example_dags/example_short_circuit_operator.py
[2023-11-10T18:56:44.549+0000] {processor.py:829} INFO - Processing file /home/airflow/.local/lib/python3.8/site-packages/airflow/example_dags/example_short_circuit_operator.py for tasks to queue
[2023-11-10T18:56:44.550+0000] {logging_mixin.py:154} INFO - [2023-11-10T18:56:44.550+0000] {dagbag.py:536} INFO - Filling up the DagBag from /home/airflow/.local/lib/python3.8/site-packages/airflow/example_dags/example_short_circuit_operator.py
[2023-11-10T18:56:44.554+0000] {processor.py:839} INFO - DAG(s) dict_keys(['example_short_circuit_operator']) retrieved from /home/airflow/.local/lib/python3.8/site-packages/airflow/example_dags/example_short_circuit_operator.py
[2023-11-10T18:56:44.564+0000] {logging_mixin.py:154} INFO - [2023-11-10T18:56:44.564+0000] {dag.py:2941} INFO - Sync 1 DAGs
[2023-11-10T18:56:44.574+0000] {logging_mixin.py:154} INFO - [2023-11-10T18:56:44.574+0000] {dag.py:3722} INFO - Setting next_dagrun for example_short_circuit_operator to 2023-11-09T18:56:44.574399+00:00, run_after=2023-11-10T18:56:44.574399+00:00
[2023-11-10T18:56:44.581+0000] {processor.py:179} INFO - Processing /home/airflow/.local/lib/python3.8/site-packages/airflow/example_dags/example_short_circuit_operator.py took 0.034 seconds
[2023-11-10T18:57:14.962+0000] {processor.py:157} INFO - Started process (PID=3897) to work on /home/airflow/.local/lib/python3.8/site-packages/airflow/example_dags/example_short_circuit_operator.py
[2023-11-10T18:57:14.963+0000] {processor.py:829} INFO - Processing file /home/airflow/.local/lib/python3.8/site-packages/airflow/example_dags/example_short_circuit_operator.py for tasks to queue
[2023-11-10T18:57:14.963+0000] {logging_mixin.py:154} INFO - [2023-11-10T18:57:14.963+0000] {dagbag.py:536} INFO - Filling up the DagBag from /home/airflow/.local/lib/python3.8/site-packages/airflow/example_dags/example_short_circuit_operator.py
[2023-11-10T18:57:14.968+0000] {processor.py:839} INFO - DAG(s) dict_keys(['example_short_circuit_operator']) retrieved from /home/airflow/.local/lib/python3.8/site-packages/airflow/example_dags/example_short_circuit_operator.py
[2023-11-10T18:57:14.979+0000] {logging_mixin.py:154} INFO - [2023-11-10T18:57:14.979+0000] {dag.py:2941} INFO - Sync 1 DAGs
[2023-11-10T18:57:14.988+0000] {logging_mixin.py:154} INFO - [2023-11-10T18:57:14.988+0000] {dag.py:3722} INFO - Setting next_dagrun for example_short_circuit_operator to 2023-11-09T18:57:14.988629+00:00, run_after=2023-11-10T18:57:14.988629+00:00
[2023-11-10T18:57:14.995+0000] {processor.py:179} INFO - Processing /home/airflow/.local/lib/python3.8/site-packages/airflow/example_dags/example_short_circuit_operator.py took 0.035 seconds
[2023-11-10T18:57:45.416+0000] {processor.py:157} INFO - Started process (PID=4135) to work on /home/airflow/.local/lib/python3.8/site-packages/airflow/example_dags/example_short_circuit_operator.py
[2023-11-10T18:57:45.417+0000] {processor.py:829} INFO - Processing file /home/airflow/.local/lib/python3.8/site-packages/airflow/example_dags/example_short_circuit_operator.py for tasks to queue
[2023-11-10T18:57:45.417+0000] {logging_mixin.py:154} INFO - [2023-11-10T18:57:45.417+0000] {dagbag.py:536} INFO - Filling up the DagBag from /home/airflow/.local/lib/python3.8/site-packages/airflow/example_dags/example_short_circuit_operator.py
[2023-11-10T18:57:45.421+0000] {processor.py:839} INFO - DAG(s) dict_keys(['example_short_circuit_operator']) retrieved from /home/airflow/.local/lib/python3.8/site-packages/airflow/example_dags/example_short_circuit_operator.py
[2023-11-10T18:57:45.432+0000] {logging_mixin.py:154} INFO - [2023-11-10T18:57:45.432+0000] {dag.py:2941} INFO - Sync 1 DAGs
[2023-11-10T18:57:45.442+0000] {logging_mixin.py:154} INFO - [2023-11-10T18:57:45.442+0000] {dag.py:3722} INFO - Setting next_dagrun for example_short_circuit_operator to 2023-11-09T18:57:45.441961+00:00, run_after=2023-11-10T18:57:45.441961+00:00
[2023-11-10T18:57:45.449+0000] {processor.py:179} INFO - Processing /home/airflow/.local/lib/python3.8/site-packages/airflow/example_dags/example_short_circuit_operator.py took 0.035 seconds
[2023-11-10T18:58:15.924+0000] {processor.py:157} INFO - Started process (PID=4371) to work on /home/airflow/.local/lib/python3.8/site-packages/airflow/example_dags/example_short_circuit_operator.py
[2023-11-10T18:58:15.925+0000] {processor.py:829} INFO - Processing file /home/airflow/.local/lib/python3.8/site-packages/airflow/example_dags/example_short_circuit_operator.py for tasks to queue
[2023-11-10T18:58:15.925+0000] {logging_mixin.py:154} INFO - [2023-11-10T18:58:15.925+0000] {dagbag.py:536} INFO - Filling up the DagBag from /home/airflow/.local/lib/python3.8/site-packages/airflow/example_dags/example_short_circuit_operator.py
[2023-11-10T18:58:15.930+0000] {processor.py:839} INFO - DAG(s) dict_keys(['example_short_circuit_operator']) retrieved from /home/airflow/.local/lib/python3.8/site-packages/airflow/example_dags/example_short_circuit_operator.py
[2023-11-10T18:58:15.940+0000] {logging_mixin.py:154} INFO - [2023-11-10T18:58:15.940+0000] {dag.py:2941} INFO - Sync 1 DAGs
[2023-11-10T18:58:15.949+0000] {logging_mixin.py:154} INFO - [2023-11-10T18:58:15.949+0000] {dag.py:3722} INFO - Setting next_dagrun for example_short_circuit_operator to 2023-11-09T18:58:15.949710+00:00, run_after=2023-11-10T18:58:15.949710+00:00
[2023-11-10T18:58:15.957+0000] {processor.py:179} INFO - Processing /home/airflow/.local/lib/python3.8/site-packages/airflow/example_dags/example_short_circuit_operator.py took 0.034 seconds
[2023-11-10T18:58:46.524+0000] {processor.py:157} INFO - Started process (PID=4611) to work on /home/airflow/.local/lib/python3.8/site-packages/airflow/example_dags/example_short_circuit_operator.py
[2023-11-10T18:58:46.525+0000] {processor.py:829} INFO - Processing file /home/airflow/.local/lib/python3.8/site-packages/airflow/example_dags/example_short_circuit_operator.py for tasks to queue
[2023-11-10T18:58:46.525+0000] {logging_mixin.py:154} INFO - [2023-11-10T18:58:46.525+0000] {dagbag.py:536} INFO - Filling up the DagBag from /home/airflow/.local/lib/python3.8/site-packages/airflow/example_dags/example_short_circuit_operator.py
[2023-11-10T18:58:46.530+0000] {processor.py:839} INFO - DAG(s) dict_keys(['example_short_circuit_operator']) retrieved from /home/airflow/.local/lib/python3.8/site-packages/airflow/example_dags/example_short_circuit_operator.py
[2023-11-10T18:58:46.541+0000] {logging_mixin.py:154} INFO - [2023-11-10T18:58:46.541+0000] {dag.py:2941} INFO - Sync 1 DAGs
[2023-11-10T18:58:46.550+0000] {logging_mixin.py:154} INFO - [2023-11-10T18:58:46.550+0000] {dag.py:3722} INFO - Setting next_dagrun for example_short_circuit_operator to 2023-11-09T18:58:46.550128+00:00, run_after=2023-11-10T18:58:46.550128+00:00
[2023-11-10T18:58:46.557+0000] {processor.py:179} INFO - Processing /home/airflow/.local/lib/python3.8/site-packages/airflow/example_dags/example_short_circuit_operator.py took 0.034 seconds
[2023-11-10T18:59:17.068+0000] {processor.py:157} INFO - Started process (PID=4849) to work on /home/airflow/.local/lib/python3.8/site-packages/airflow/example_dags/example_short_circuit_operator.py
[2023-11-10T18:59:17.069+0000] {processor.py:829} INFO - Processing file /home/airflow/.local/lib/python3.8/site-packages/airflow/example_dags/example_short_circuit_operator.py for tasks to queue
[2023-11-10T18:59:17.069+0000] {logging_mixin.py:154} INFO - [2023-11-10T18:59:17.069+0000] {dagbag.py:536} INFO - Filling up the DagBag from /home/airflow/.local/lib/python3.8/site-packages/airflow/example_dags/example_short_circuit_operator.py
[2023-11-10T18:59:17.074+0000] {processor.py:839} INFO - DAG(s) dict_keys(['example_short_circuit_operator']) retrieved from /home/airflow/.local/lib/python3.8/site-packages/airflow/example_dags/example_short_circuit_operator.py
[2023-11-10T18:59:17.085+0000] {logging_mixin.py:154} INFO - [2023-11-10T18:59:17.085+0000] {dag.py:2941} INFO - Sync 1 DAGs
[2023-11-10T18:59:17.094+0000] {logging_mixin.py:154} INFO - [2023-11-10T18:59:17.094+0000] {dag.py:3722} INFO - Setting next_dagrun for example_short_circuit_operator to 2023-11-09T18:59:17.094418+00:00, run_after=2023-11-10T18:59:17.094418+00:00
[2023-11-10T18:59:17.102+0000] {processor.py:179} INFO - Processing /home/airflow/.local/lib/python3.8/site-packages/airflow/example_dags/example_short_circuit_operator.py took 0.035 seconds
[2023-11-10T18:59:47.595+0000] {processor.py:157} INFO - Started process (PID=5087) to work on /home/airflow/.local/lib/python3.8/site-packages/airflow/example_dags/example_short_circuit_operator.py
[2023-11-10T18:59:47.595+0000] {processor.py:829} INFO - Processing file /home/airflow/.local/lib/python3.8/site-packages/airflow/example_dags/example_short_circuit_operator.py for tasks to queue
[2023-11-10T18:59:47.596+0000] {logging_mixin.py:154} INFO - [2023-11-10T18:59:47.595+0000] {dagbag.py:536} INFO - Filling up the DagBag from /home/airflow/.local/lib/python3.8/site-packages/airflow/example_dags/example_short_circuit_operator.py
[2023-11-10T18:59:47.600+0000] {processor.py:839} INFO - DAG(s) dict_keys(['example_short_circuit_operator']) retrieved from /home/airflow/.local/lib/python3.8/site-packages/airflow/example_dags/example_short_circuit_operator.py
[2023-11-10T18:59:47.612+0000] {logging_mixin.py:154} INFO - [2023-11-10T18:59:47.612+0000] {dag.py:2941} INFO - Sync 1 DAGs
[2023-11-10T18:59:47.621+0000] {logging_mixin.py:154} INFO - [2023-11-10T18:59:47.621+0000] {dag.py:3722} INFO - Setting next_dagrun for example_short_circuit_operator to 2023-11-09T18:59:47.621439+00:00, run_after=2023-11-10T18:59:47.621439+00:00
[2023-11-10T18:59:47.629+0000] {processor.py:179} INFO - Processing /home/airflow/.local/lib/python3.8/site-packages/airflow/example_dags/example_short_circuit_operator.py took 0.036 seconds
[2023-11-10T19:00:18.127+0000] {processor.py:157} INFO - Started process (PID=5325) to work on /home/airflow/.local/lib/python3.8/site-packages/airflow/example_dags/example_short_circuit_operator.py
[2023-11-10T19:00:18.128+0000] {processor.py:829} INFO - Processing file /home/airflow/.local/lib/python3.8/site-packages/airflow/example_dags/example_short_circuit_operator.py for tasks to queue
[2023-11-10T19:00:18.128+0000] {logging_mixin.py:154} INFO - [2023-11-10T19:00:18.128+0000] {dagbag.py:536} INFO - Filling up the DagBag from /home/airflow/.local/lib/python3.8/site-packages/airflow/example_dags/example_short_circuit_operator.py
[2023-11-10T19:00:18.133+0000] {processor.py:839} INFO - DAG(s) dict_keys(['example_short_circuit_operator']) retrieved from /home/airflow/.local/lib/python3.8/site-packages/airflow/example_dags/example_short_circuit_operator.py
[2023-11-10T19:00:18.146+0000] {logging_mixin.py:154} INFO - [2023-11-10T19:00:18.145+0000] {dag.py:2941} INFO - Sync 1 DAGs
[2023-11-10T19:00:18.155+0000] {logging_mixin.py:154} INFO - [2023-11-10T19:00:18.155+0000] {dag.py:3722} INFO - Setting next_dagrun for example_short_circuit_operator to 2023-11-09T19:00:18.155704+00:00, run_after=2023-11-10T19:00:18.155704+00:00
[2023-11-10T19:00:18.163+0000] {processor.py:179} INFO - Processing /home/airflow/.local/lib/python3.8/site-packages/airflow/example_dags/example_short_circuit_operator.py took 0.037 seconds
[2023-11-10T19:00:48.606+0000] {processor.py:157} INFO - Started process (PID=5561) to work on /home/airflow/.local/lib/python3.8/site-packages/airflow/example_dags/example_short_circuit_operator.py
[2023-11-10T19:00:48.606+0000] {processor.py:829} INFO - Processing file /home/airflow/.local/lib/python3.8/site-packages/airflow/example_dags/example_short_circuit_operator.py for tasks to queue
[2023-11-10T19:00:48.607+0000] {logging_mixin.py:154} INFO - [2023-11-10T19:00:48.607+0000] {dagbag.py:536} INFO - Filling up the DagBag from /home/airflow/.local/lib/python3.8/site-packages/airflow/example_dags/example_short_circuit_operator.py
[2023-11-10T19:00:48.611+0000] {processor.py:839} INFO - DAG(s) dict_keys(['example_short_circuit_operator']) retrieved from /home/airflow/.local/lib/python3.8/site-packages/airflow/example_dags/example_short_circuit_operator.py
[2023-11-10T19:00:48.622+0000] {logging_mixin.py:154} INFO - [2023-11-10T19:00:48.622+0000] {dag.py:2941} INFO - Sync 1 DAGs
[2023-11-10T19:00:48.631+0000] {logging_mixin.py:154} INFO - [2023-11-10T19:00:48.631+0000] {dag.py:3722} INFO - Setting next_dagrun for example_short_circuit_operator to 2023-11-09T19:00:48.631549+00:00, run_after=2023-11-10T19:00:48.631549+00:00
[2023-11-10T19:00:48.639+0000] {processor.py:179} INFO - Processing /home/airflow/.local/lib/python3.8/site-packages/airflow/example_dags/example_short_circuit_operator.py took 0.035 seconds
[2023-11-10T19:01:19.060+0000] {processor.py:157} INFO - Started process (PID=5799) to work on /home/airflow/.local/lib/python3.8/site-packages/airflow/example_dags/example_short_circuit_operator.py
[2023-11-10T19:01:19.061+0000] {processor.py:829} INFO - Processing file /home/airflow/.local/lib/python3.8/site-packages/airflow/example_dags/example_short_circuit_operator.py for tasks to queue
[2023-11-10T19:01:19.061+0000] {logging_mixin.py:154} INFO - [2023-11-10T19:01:19.061+0000] {dagbag.py:536} INFO - Filling up the DagBag from /home/airflow/.local/lib/python3.8/site-packages/airflow/example_dags/example_short_circuit_operator.py
[2023-11-10T19:01:19.066+0000] {processor.py:839} INFO - DAG(s) dict_keys(['example_short_circuit_operator']) retrieved from /home/airflow/.local/lib/python3.8/site-packages/airflow/example_dags/example_short_circuit_operator.py
[2023-11-10T19:01:19.077+0000] {logging_mixin.py:154} INFO - [2023-11-10T19:01:19.077+0000] {dag.py:2941} INFO - Sync 1 DAGs
[2023-11-10T19:01:19.086+0000] {logging_mixin.py:154} INFO - [2023-11-10T19:01:19.086+0000] {dag.py:3722} INFO - Setting next_dagrun for example_short_circuit_operator to 2023-11-09T19:01:19.086608+00:00, run_after=2023-11-10T19:01:19.086608+00:00
[2023-11-10T19:01:19.094+0000] {processor.py:179} INFO - Processing /home/airflow/.local/lib/python3.8/site-packages/airflow/example_dags/example_short_circuit_operator.py took 0.035 seconds
[2023-11-10T19:01:49.482+0000] {processor.py:157} INFO - Started process (PID=6037) to work on /home/airflow/.local/lib/python3.8/site-packages/airflow/example_dags/example_short_circuit_operator.py
[2023-11-10T19:01:49.483+0000] {processor.py:829} INFO - Processing file /home/airflow/.local/lib/python3.8/site-packages/airflow/example_dags/example_short_circuit_operator.py for tasks to queue
[2023-11-10T19:01:49.483+0000] {logging_mixin.py:154} INFO - [2023-11-10T19:01:49.483+0000] {dagbag.py:536} INFO - Filling up the DagBag from /home/airflow/.local/lib/python3.8/site-packages/airflow/example_dags/example_short_circuit_operator.py
[2023-11-10T19:01:49.488+0000] {processor.py:839} INFO - DAG(s) dict_keys(['example_short_circuit_operator']) retrieved from /home/airflow/.local/lib/python3.8/site-packages/airflow/example_dags/example_short_circuit_operator.py
[2023-11-10T19:01:49.499+0000] {logging_mixin.py:154} INFO - [2023-11-10T19:01:49.499+0000] {dag.py:2941} INFO - Sync 1 DAGs
[2023-11-10T19:01:49.509+0000] {logging_mixin.py:154} INFO - [2023-11-10T19:01:49.509+0000] {dag.py:3722} INFO - Setting next_dagrun for example_short_circuit_operator to 2023-11-09T19:01:49.509169+00:00, run_after=2023-11-10T19:01:49.509169+00:00
[2023-11-10T19:01:49.517+0000] {processor.py:179} INFO - Processing /home/airflow/.local/lib/python3.8/site-packages/airflow/example_dags/example_short_circuit_operator.py took 0.037 seconds
[2023-11-10T19:02:19.937+0000] {processor.py:157} INFO - Started process (PID=6275) to work on /home/airflow/.local/lib/python3.8/site-packages/airflow/example_dags/example_short_circuit_operator.py
[2023-11-10T19:02:19.938+0000] {processor.py:829} INFO - Processing file /home/airflow/.local/lib/python3.8/site-packages/airflow/example_dags/example_short_circuit_operator.py for tasks to queue
[2023-11-10T19:02:19.938+0000] {logging_mixin.py:154} INFO - [2023-11-10T19:02:19.938+0000] {dagbag.py:536} INFO - Filling up the DagBag from /home/airflow/.local/lib/python3.8/site-packages/airflow/example_dags/example_short_circuit_operator.py
[2023-11-10T19:02:19.943+0000] {processor.py:839} INFO - DAG(s) dict_keys(['example_short_circuit_operator']) retrieved from /home/airflow/.local/lib/python3.8/site-packages/airflow/example_dags/example_short_circuit_operator.py
[2023-11-10T19:02:19.955+0000] {logging_mixin.py:154} INFO - [2023-11-10T19:02:19.955+0000] {dag.py:2941} INFO - Sync 1 DAGs
[2023-11-10T19:02:19.965+0000] {logging_mixin.py:154} INFO - [2023-11-10T19:02:19.965+0000] {dag.py:3722} INFO - Setting next_dagrun for example_short_circuit_operator to 2023-11-09T19:02:19.965591+00:00, run_after=2023-11-10T19:02:19.965591+00:00
[2023-11-10T19:02:19.974+0000] {processor.py:179} INFO - Processing /home/airflow/.local/lib/python3.8/site-packages/airflow/example_dags/example_short_circuit_operator.py took 0.039 seconds
[2023-11-10T19:02:50.470+0000] {processor.py:157} INFO - Started process (PID=6515) to work on /home/airflow/.local/lib/python3.8/site-packages/airflow/example_dags/example_short_circuit_operator.py
[2023-11-10T19:02:50.471+0000] {processor.py:829} INFO - Processing file /home/airflow/.local/lib/python3.8/site-packages/airflow/example_dags/example_short_circuit_operator.py for tasks to queue
[2023-11-10T19:02:50.471+0000] {logging_mixin.py:154} INFO - [2023-11-10T19:02:50.471+0000] {dagbag.py:536} INFO - Filling up the DagBag from /home/airflow/.local/lib/python3.8/site-packages/airflow/example_dags/example_short_circuit_operator.py
[2023-11-10T19:02:50.475+0000] {processor.py:839} INFO - DAG(s) dict_keys(['example_short_circuit_operator']) retrieved from /home/airflow/.local/lib/python3.8/site-packages/airflow/example_dags/example_short_circuit_operator.py
[2023-11-10T19:02:50.486+0000] {logging_mixin.py:154} INFO - [2023-11-10T19:02:50.486+0000] {dag.py:2941} INFO - Sync 1 DAGs
[2023-11-10T19:02:50.495+0000] {logging_mixin.py:154} INFO - [2023-11-10T19:02:50.495+0000] {dag.py:3722} INFO - Setting next_dagrun for example_short_circuit_operator to 2023-11-09T19:02:50.495367+00:00, run_after=2023-11-10T19:02:50.495367+00:00
[2023-11-10T19:02:50.502+0000] {processor.py:179} INFO - Processing /home/airflow/.local/lib/python3.8/site-packages/airflow/example_dags/example_short_circuit_operator.py took 0.034 seconds
[2023-11-10T19:03:21.143+0000] {processor.py:157} INFO - Started process (PID=6767) to work on /home/airflow/.local/lib/python3.8/site-packages/airflow/example_dags/example_short_circuit_operator.py
[2023-11-10T19:03:21.144+0000] {processor.py:829} INFO - Processing file /home/airflow/.local/lib/python3.8/site-packages/airflow/example_dags/example_short_circuit_operator.py for tasks to queue
[2023-11-10T19:03:21.144+0000] {logging_mixin.py:154} INFO - [2023-11-10T19:03:21.144+0000] {dagbag.py:536} INFO - Filling up the DagBag from /home/airflow/.local/lib/python3.8/site-packages/airflow/example_dags/example_short_circuit_operator.py
[2023-11-10T19:03:21.151+0000] {processor.py:839} INFO - DAG(s) dict_keys(['example_short_circuit_operator']) retrieved from /home/airflow/.local/lib/python3.8/site-packages/airflow/example_dags/example_short_circuit_operator.py
[2023-11-10T19:03:21.168+0000] {logging_mixin.py:154} INFO - [2023-11-10T19:03:21.168+0000] {dag.py:2941} INFO - Sync 1 DAGs
[2023-11-10T19:03:21.183+0000] {logging_mixin.py:154} INFO - [2023-11-10T19:03:21.183+0000] {dag.py:3722} INFO - Setting next_dagrun for example_short_circuit_operator to 2023-11-09T19:03:21.183331+00:00, run_after=2023-11-10T19:03:21.183331+00:00
[2023-11-10T19:03:21.192+0000] {processor.py:179} INFO - Processing /home/airflow/.local/lib/python3.8/site-packages/airflow/example_dags/example_short_circuit_operator.py took 0.053 seconds
