[2023-11-10T18:49:37.239+0000] {processor.py:157} INFO - Started process (PID=272) to work on /home/airflow/.local/lib/python3.8/site-packages/airflow/example_dags/example_subdag_operator.py
[2023-11-10T18:49:37.240+0000] {processor.py:829} INFO - Processing file /home/airflow/.local/lib/python3.8/site-packages/airflow/example_dags/example_subdag_operator.py for tasks to queue
[2023-11-10T18:49:37.240+0000] {logging_mixin.py:154} INFO - [2023-11-10T18:49:37.240+0000] {dagbag.py:536} INFO - Filling up the DagBag from /home/airflow/.local/lib/python3.8/site-packages/airflow/example_dags/example_subdag_operator.py
[2023-11-10T18:49:37.253+0000] {processor.py:839} INFO - DAG(s) dict_keys(['example_subdag_operator.section-1', 'example_subdag_operator.section-2', 'example_subdag_operator']) retrieved from /home/airflow/.local/lib/python3.8/site-packages/airflow/example_dags/example_subdag_operator.py
[2023-11-10T18:49:37.254+0000] {logging_mixin.py:154} INFO - [2023-11-10T18:49:37.254+0000] {dag.py:2941} INFO - Sync 3 DAGs
[2023-11-10T18:49:37.264+0000] {logging_mixin.py:154} INFO - [2023-11-10T18:49:37.264+0000] {dag.py:3722} INFO - Setting next_dagrun for example_subdag_operator to 2022-01-01T00:00:00+00:00, run_after=2022-01-01T00:00:00+00:00
[2023-11-10T18:49:37.265+0000] {logging_mixin.py:154} INFO - [2023-11-10T18:49:37.265+0000] {dag.py:3722} INFO - Setting next_dagrun for example_subdag_operator.section-1 to None, run_after=None
[2023-11-10T18:49:37.266+0000] {logging_mixin.py:154} INFO - [2023-11-10T18:49:37.266+0000] {dag.py:3722} INFO - Setting next_dagrun for example_subdag_operator.section-2 to None, run_after=None
[2023-11-10T18:49:37.269+0000] {logging_mixin.py:154} INFO - [2023-11-10T18:49:37.269+0000] {dag.py:2941} INFO - Sync 2 DAGs
[2023-11-10T18:49:37.271+0000] {logging_mixin.py:154} INFO - [2023-11-10T18:49:37.271+0000] {dag.py:3722} INFO - Setting next_dagrun for example_subdag_operator.section-1 to None, run_after=None
[2023-11-10T18:49:37.271+0000] {logging_mixin.py:154} INFO - [2023-11-10T18:49:37.271+0000] {dag.py:3722} INFO - Setting next_dagrun for example_subdag_operator.section-2 to None, run_after=None
[2023-11-10T18:49:37.275+0000] {processor.py:179} INFO - Processing /home/airflow/.local/lib/python3.8/site-packages/airflow/example_dags/example_subdag_operator.py took 0.038 seconds
[2023-11-10T18:50:07.647+0000] {processor.py:157} INFO - Started process (PID=508) to work on /home/airflow/.local/lib/python3.8/site-packages/airflow/example_dags/example_subdag_operator.py
[2023-11-10T18:50:07.647+0000] {processor.py:829} INFO - Processing file /home/airflow/.local/lib/python3.8/site-packages/airflow/example_dags/example_subdag_operator.py for tasks to queue
[2023-11-10T18:50:07.648+0000] {logging_mixin.py:154} INFO - [2023-11-10T18:50:07.648+0000] {dagbag.py:536} INFO - Filling up the DagBag from /home/airflow/.local/lib/python3.8/site-packages/airflow/example_dags/example_subdag_operator.py
[2023-11-10T18:50:07.658+0000] {processor.py:839} INFO - DAG(s) dict_keys(['example_subdag_operator.section-1', 'example_subdag_operator.section-2', 'example_subdag_operator']) retrieved from /home/airflow/.local/lib/python3.8/site-packages/airflow/example_dags/example_subdag_operator.py
[2023-11-10T18:50:07.665+0000] {logging_mixin.py:154} INFO - [2023-11-10T18:50:07.665+0000] {dag.py:2941} INFO - Sync 3 DAGs
[2023-11-10T18:50:07.674+0000] {logging_mixin.py:154} INFO - [2023-11-10T18:50:07.674+0000] {dag.py:3722} INFO - Setting next_dagrun for example_subdag_operator to 2022-01-01T00:00:00+00:00, run_after=2022-01-01T00:00:00+00:00
[2023-11-10T18:50:07.676+0000] {logging_mixin.py:154} INFO - [2023-11-10T18:50:07.675+0000] {dag.py:3722} INFO - Setting next_dagrun for example_subdag_operator.section-1 to None, run_after=None
[2023-11-10T18:50:07.676+0000] {logging_mixin.py:154} INFO - [2023-11-10T18:50:07.676+0000] {dag.py:3722} INFO - Setting next_dagrun for example_subdag_operator.section-2 to None, run_after=None
[2023-11-10T18:50:07.679+0000] {logging_mixin.py:154} INFO - [2023-11-10T18:50:07.679+0000] {dag.py:2941} INFO - Sync 2 DAGs
[2023-11-10T18:50:07.681+0000] {logging_mixin.py:154} INFO - [2023-11-10T18:50:07.681+0000] {dag.py:3722} INFO - Setting next_dagrun for example_subdag_operator.section-1 to None, run_after=None
[2023-11-10T18:50:07.681+0000] {logging_mixin.py:154} INFO - [2023-11-10T18:50:07.681+0000] {dag.py:3722} INFO - Setting next_dagrun for example_subdag_operator.section-2 to None, run_after=None
[2023-11-10T18:50:07.685+0000] {processor.py:179} INFO - Processing /home/airflow/.local/lib/python3.8/site-packages/airflow/example_dags/example_subdag_operator.py took 0.040 seconds
[2023-11-10T18:50:38.093+0000] {processor.py:157} INFO - Started process (PID=746) to work on /home/airflow/.local/lib/python3.8/site-packages/airflow/example_dags/example_subdag_operator.py
[2023-11-10T18:50:38.094+0000] {processor.py:829} INFO - Processing file /home/airflow/.local/lib/python3.8/site-packages/airflow/example_dags/example_subdag_operator.py for tasks to queue
[2023-11-10T18:50:38.094+0000] {logging_mixin.py:154} INFO - [2023-11-10T18:50:38.094+0000] {dagbag.py:536} INFO - Filling up the DagBag from /home/airflow/.local/lib/python3.8/site-packages/airflow/example_dags/example_subdag_operator.py
[2023-11-10T18:50:38.106+0000] {processor.py:839} INFO - DAG(s) dict_keys(['example_subdag_operator.section-1', 'example_subdag_operator.section-2', 'example_subdag_operator']) retrieved from /home/airflow/.local/lib/python3.8/site-packages/airflow/example_dags/example_subdag_operator.py
[2023-11-10T18:50:38.113+0000] {logging_mixin.py:154} INFO - [2023-11-10T18:50:38.113+0000] {dag.py:2941} INFO - Sync 3 DAGs
[2023-11-10T18:50:38.122+0000] {logging_mixin.py:154} INFO - [2023-11-10T18:50:38.122+0000] {dag.py:3722} INFO - Setting next_dagrun for example_subdag_operator to 2022-01-01T00:00:00+00:00, run_after=2022-01-01T00:00:00+00:00
[2023-11-10T18:50:38.124+0000] {logging_mixin.py:154} INFO - [2023-11-10T18:50:38.124+0000] {dag.py:3722} INFO - Setting next_dagrun for example_subdag_operator.section-1 to None, run_after=None
[2023-11-10T18:50:38.125+0000] {logging_mixin.py:154} INFO - [2023-11-10T18:50:38.125+0000] {dag.py:3722} INFO - Setting next_dagrun for example_subdag_operator.section-2 to None, run_after=None
[2023-11-10T18:50:38.128+0000] {logging_mixin.py:154} INFO - [2023-11-10T18:50:38.128+0000] {dag.py:2941} INFO - Sync 2 DAGs
[2023-11-10T18:50:38.130+0000] {logging_mixin.py:154} INFO - [2023-11-10T18:50:38.130+0000] {dag.py:3722} INFO - Setting next_dagrun for example_subdag_operator.section-1 to None, run_after=None
[2023-11-10T18:50:38.130+0000] {logging_mixin.py:154} INFO - [2023-11-10T18:50:38.130+0000] {dag.py:3722} INFO - Setting next_dagrun for example_subdag_operator.section-2 to None, run_after=None
[2023-11-10T18:50:38.134+0000] {processor.py:179} INFO - Processing /home/airflow/.local/lib/python3.8/site-packages/airflow/example_dags/example_subdag_operator.py took 0.043 seconds
[2023-11-10T18:51:08.662+0000] {processor.py:157} INFO - Started process (PID=984) to work on /home/airflow/.local/lib/python3.8/site-packages/airflow/example_dags/example_subdag_operator.py
[2023-11-10T18:51:08.663+0000] {processor.py:829} INFO - Processing file /home/airflow/.local/lib/python3.8/site-packages/airflow/example_dags/example_subdag_operator.py for tasks to queue
[2023-11-10T18:51:08.663+0000] {logging_mixin.py:154} INFO - [2023-11-10T18:51:08.663+0000] {dagbag.py:536} INFO - Filling up the DagBag from /home/airflow/.local/lib/python3.8/site-packages/airflow/example_dags/example_subdag_operator.py
[2023-11-10T18:51:08.676+0000] {processor.py:839} INFO - DAG(s) dict_keys(['example_subdag_operator.section-1', 'example_subdag_operator.section-2', 'example_subdag_operator']) retrieved from /home/airflow/.local/lib/python3.8/site-packages/airflow/example_dags/example_subdag_operator.py
[2023-11-10T18:51:08.685+0000] {logging_mixin.py:154} INFO - [2023-11-10T18:51:08.685+0000] {dag.py:2941} INFO - Sync 3 DAGs
[2023-11-10T18:51:08.698+0000] {logging_mixin.py:154} INFO - [2023-11-10T18:51:08.698+0000] {dag.py:3722} INFO - Setting next_dagrun for example_subdag_operator to 2022-01-01T00:00:00+00:00, run_after=2022-01-01T00:00:00+00:00
[2023-11-10T18:51:08.702+0000] {logging_mixin.py:154} INFO - [2023-11-10T18:51:08.702+0000] {dag.py:3722} INFO - Setting next_dagrun for example_subdag_operator.section-1 to None, run_after=None
[2023-11-10T18:51:08.704+0000] {logging_mixin.py:154} INFO - [2023-11-10T18:51:08.704+0000] {dag.py:3722} INFO - Setting next_dagrun for example_subdag_operator.section-2 to None, run_after=None
[2023-11-10T18:51:08.709+0000] {logging_mixin.py:154} INFO - [2023-11-10T18:51:08.709+0000] {dag.py:2941} INFO - Sync 2 DAGs
[2023-11-10T18:51:08.712+0000] {logging_mixin.py:154} INFO - [2023-11-10T18:51:08.712+0000] {dag.py:3722} INFO - Setting next_dagrun for example_subdag_operator.section-1 to None, run_after=None
[2023-11-10T18:51:08.712+0000] {logging_mixin.py:154} INFO - [2023-11-10T18:51:08.712+0000] {dag.py:3722} INFO - Setting next_dagrun for example_subdag_operator.section-2 to None, run_after=None
[2023-11-10T18:51:08.719+0000] {processor.py:179} INFO - Processing /home/airflow/.local/lib/python3.8/site-packages/airflow/example_dags/example_subdag_operator.py took 0.059 seconds
[2023-11-10T18:51:39.194+0000] {processor.py:157} INFO - Started process (PID=1224) to work on /home/airflow/.local/lib/python3.8/site-packages/airflow/example_dags/example_subdag_operator.py
[2023-11-10T18:51:39.195+0000] {processor.py:829} INFO - Processing file /home/airflow/.local/lib/python3.8/site-packages/airflow/example_dags/example_subdag_operator.py for tasks to queue
[2023-11-10T18:51:39.195+0000] {logging_mixin.py:154} INFO - [2023-11-10T18:51:39.195+0000] {dagbag.py:536} INFO - Filling up the DagBag from /home/airflow/.local/lib/python3.8/site-packages/airflow/example_dags/example_subdag_operator.py
[2023-11-10T18:51:39.208+0000] {processor.py:839} INFO - DAG(s) dict_keys(['example_subdag_operator.section-1', 'example_subdag_operator.section-2', 'example_subdag_operator']) retrieved from /home/airflow/.local/lib/python3.8/site-packages/airflow/example_dags/example_subdag_operator.py
[2023-11-10T18:51:39.215+0000] {logging_mixin.py:154} INFO - [2023-11-10T18:51:39.214+0000] {dag.py:2941} INFO - Sync 3 DAGs
[2023-11-10T18:51:39.224+0000] {logging_mixin.py:154} INFO - [2023-11-10T18:51:39.223+0000] {dag.py:3722} INFO - Setting next_dagrun for example_subdag_operator to 2022-01-01T00:00:00+00:00, run_after=2022-01-01T00:00:00+00:00
[2023-11-10T18:51:39.225+0000] {logging_mixin.py:154} INFO - [2023-11-10T18:51:39.225+0000] {dag.py:3722} INFO - Setting next_dagrun for example_subdag_operator.section-1 to None, run_after=None
[2023-11-10T18:51:39.226+0000] {logging_mixin.py:154} INFO - [2023-11-10T18:51:39.226+0000] {dag.py:3722} INFO - Setting next_dagrun for example_subdag_operator.section-2 to None, run_after=None
[2023-11-10T18:51:39.229+0000] {logging_mixin.py:154} INFO - [2023-11-10T18:51:39.228+0000] {dag.py:2941} INFO - Sync 2 DAGs
[2023-11-10T18:51:39.230+0000] {logging_mixin.py:154} INFO - [2023-11-10T18:51:39.230+0000] {dag.py:3722} INFO - Setting next_dagrun for example_subdag_operator.section-1 to None, run_after=None
[2023-11-10T18:51:39.231+0000] {logging_mixin.py:154} INFO - [2023-11-10T18:51:39.231+0000] {dag.py:3722} INFO - Setting next_dagrun for example_subdag_operator.section-2 to None, run_after=None
[2023-11-10T18:51:39.235+0000] {processor.py:179} INFO - Processing /home/airflow/.local/lib/python3.8/site-packages/airflow/example_dags/example_subdag_operator.py took 0.042 seconds
[2023-11-10T18:52:09.637+0000] {processor.py:157} INFO - Started process (PID=1460) to work on /home/airflow/.local/lib/python3.8/site-packages/airflow/example_dags/example_subdag_operator.py
[2023-11-10T18:52:09.637+0000] {processor.py:829} INFO - Processing file /home/airflow/.local/lib/python3.8/site-packages/airflow/example_dags/example_subdag_operator.py for tasks to queue
[2023-11-10T18:52:09.638+0000] {logging_mixin.py:154} INFO - [2023-11-10T18:52:09.637+0000] {dagbag.py:536} INFO - Filling up the DagBag from /home/airflow/.local/lib/python3.8/site-packages/airflow/example_dags/example_subdag_operator.py
[2023-11-10T18:52:09.652+0000] {processor.py:839} INFO - DAG(s) dict_keys(['example_subdag_operator.section-1', 'example_subdag_operator.section-2', 'example_subdag_operator']) retrieved from /home/airflow/.local/lib/python3.8/site-packages/airflow/example_dags/example_subdag_operator.py
[2023-11-10T18:52:09.660+0000] {logging_mixin.py:154} INFO - [2023-11-10T18:52:09.659+0000] {dag.py:2941} INFO - Sync 3 DAGs
[2023-11-10T18:52:09.671+0000] {logging_mixin.py:154} INFO - [2023-11-10T18:52:09.670+0000] {dag.py:3722} INFO - Setting next_dagrun for example_subdag_operator to 2022-01-01T00:00:00+00:00, run_after=2022-01-01T00:00:00+00:00
[2023-11-10T18:52:09.672+0000] {logging_mixin.py:154} INFO - [2023-11-10T18:52:09.672+0000] {dag.py:3722} INFO - Setting next_dagrun for example_subdag_operator.section-1 to None, run_after=None
[2023-11-10T18:52:09.673+0000] {logging_mixin.py:154} INFO - [2023-11-10T18:52:09.673+0000] {dag.py:3722} INFO - Setting next_dagrun for example_subdag_operator.section-2 to None, run_after=None
[2023-11-10T18:52:09.677+0000] {logging_mixin.py:154} INFO - [2023-11-10T18:52:09.677+0000] {dag.py:2941} INFO - Sync 2 DAGs
[2023-11-10T18:52:09.679+0000] {logging_mixin.py:154} INFO - [2023-11-10T18:52:09.679+0000] {dag.py:3722} INFO - Setting next_dagrun for example_subdag_operator.section-1 to None, run_after=None
[2023-11-10T18:52:09.679+0000] {logging_mixin.py:154} INFO - [2023-11-10T18:52:09.679+0000] {dag.py:3722} INFO - Setting next_dagrun for example_subdag_operator.section-2 to None, run_after=None
[2023-11-10T18:52:09.684+0000] {processor.py:179} INFO - Processing /home/airflow/.local/lib/python3.8/site-packages/airflow/example_dags/example_subdag_operator.py took 0.049 seconds
[2023-11-10T18:52:40.186+0000] {processor.py:157} INFO - Started process (PID=1700) to work on /home/airflow/.local/lib/python3.8/site-packages/airflow/example_dags/example_subdag_operator.py
[2023-11-10T18:52:40.186+0000] {processor.py:829} INFO - Processing file /home/airflow/.local/lib/python3.8/site-packages/airflow/example_dags/example_subdag_operator.py for tasks to queue
[2023-11-10T18:52:40.187+0000] {logging_mixin.py:154} INFO - [2023-11-10T18:52:40.187+0000] {dagbag.py:536} INFO - Filling up the DagBag from /home/airflow/.local/lib/python3.8/site-packages/airflow/example_dags/example_subdag_operator.py
[2023-11-10T18:52:40.200+0000] {processor.py:839} INFO - DAG(s) dict_keys(['example_subdag_operator.section-1', 'example_subdag_operator.section-2', 'example_subdag_operator']) retrieved from /home/airflow/.local/lib/python3.8/site-packages/airflow/example_dags/example_subdag_operator.py
[2023-11-10T18:52:40.208+0000] {logging_mixin.py:154} INFO - [2023-11-10T18:52:40.208+0000] {dag.py:2941} INFO - Sync 3 DAGs
[2023-11-10T18:52:40.218+0000] {logging_mixin.py:154} INFO - [2023-11-10T18:52:40.218+0000] {dag.py:3722} INFO - Setting next_dagrun for example_subdag_operator to 2022-01-01T00:00:00+00:00, run_after=2022-01-01T00:00:00+00:00
[2023-11-10T18:52:40.219+0000] {logging_mixin.py:154} INFO - [2023-11-10T18:52:40.219+0000] {dag.py:3722} INFO - Setting next_dagrun for example_subdag_operator.section-1 to None, run_after=None
[2023-11-10T18:52:40.220+0000] {logging_mixin.py:154} INFO - [2023-11-10T18:52:40.220+0000] {dag.py:3722} INFO - Setting next_dagrun for example_subdag_operator.section-2 to None, run_after=None
[2023-11-10T18:52:40.223+0000] {logging_mixin.py:154} INFO - [2023-11-10T18:52:40.223+0000] {dag.py:2941} INFO - Sync 2 DAGs
[2023-11-10T18:52:40.225+0000] {logging_mixin.py:154} INFO - [2023-11-10T18:52:40.225+0000] {dag.py:3722} INFO - Setting next_dagrun for example_subdag_operator.section-1 to None, run_after=None
[2023-11-10T18:52:40.226+0000] {logging_mixin.py:154} INFO - [2023-11-10T18:52:40.226+0000] {dag.py:3722} INFO - Setting next_dagrun for example_subdag_operator.section-2 to None, run_after=None
[2023-11-10T18:52:40.230+0000] {processor.py:179} INFO - Processing /home/airflow/.local/lib/python3.8/site-packages/airflow/example_dags/example_subdag_operator.py took 0.046 seconds
