[2023-11-10T18:49:37.691+0000] {processor.py:157} INFO - Started process (PID=355) to work on /home/airflow/.local/lib/python3.8/site-packages/airflow/example_dags/example_latest_only_with_trigger.py
[2023-11-10T18:49:37.692+0000] {processor.py:829} INFO - Processing file /home/airflow/.local/lib/python3.8/site-packages/airflow/example_dags/example_latest_only_with_trigger.py for tasks to queue
[2023-11-10T18:49:37.692+0000] {logging_mixin.py:154} INFO - [2023-11-10T18:49:37.692+0000] {dagbag.py:536} INFO - Filling up the DagBag from /home/airflow/.local/lib/python3.8/site-packages/airflow/example_dags/example_latest_only_with_trigger.py
[2023-11-10T18:49:37.696+0000] {processor.py:839} INFO - DAG(s) dict_keys(['latest_only_with_trigger']) retrieved from /home/airflow/.local/lib/python3.8/site-packages/airflow/example_dags/example_latest_only_with_trigger.py
[2023-11-10T18:49:37.702+0000] {logging_mixin.py:154} INFO - [2023-11-10T18:49:37.702+0000] {dag.py:2941} INFO - Sync 1 DAGs
[2023-11-10T18:49:37.712+0000] {logging_mixin.py:154} INFO - [2023-11-10T18:49:37.712+0000] {dag.py:3722} INFO - Setting next_dagrun for latest_only_with_trigger to 2023-11-10T14:49:37.712151+00:00, run_after=2023-11-10T18:49:37.712151+00:00
[2023-11-10T18:49:37.719+0000] {processor.py:179} INFO - Processing /home/airflow/.local/lib/python3.8/site-packages/airflow/example_dags/example_latest_only_with_trigger.py took 0.030 seconds
[2023-11-10T18:50:08.072+0000] {processor.py:157} INFO - Started process (PID=593) to work on /home/airflow/.local/lib/python3.8/site-packages/airflow/example_dags/example_latest_only_with_trigger.py
[2023-11-10T18:50:08.073+0000] {processor.py:829} INFO - Processing file /home/airflow/.local/lib/python3.8/site-packages/airflow/example_dags/example_latest_only_with_trigger.py for tasks to queue
[2023-11-10T18:50:08.073+0000] {logging_mixin.py:154} INFO - [2023-11-10T18:50:08.073+0000] {dagbag.py:536} INFO - Filling up the DagBag from /home/airflow/.local/lib/python3.8/site-packages/airflow/example_dags/example_latest_only_with_trigger.py
[2023-11-10T18:50:08.076+0000] {processor.py:839} INFO - DAG(s) dict_keys(['latest_only_with_trigger']) retrieved from /home/airflow/.local/lib/python3.8/site-packages/airflow/example_dags/example_latest_only_with_trigger.py
[2023-11-10T18:50:08.086+0000] {logging_mixin.py:154} INFO - [2023-11-10T18:50:08.086+0000] {dag.py:2941} INFO - Sync 1 DAGs
[2023-11-10T18:50:08.095+0000] {logging_mixin.py:154} INFO - [2023-11-10T18:50:08.095+0000] {dag.py:3722} INFO - Setting next_dagrun for latest_only_with_trigger to 2023-11-10T14:50:08.095619+00:00, run_after=2023-11-10T18:50:08.095619+00:00
[2023-11-10T18:50:08.102+0000] {processor.py:179} INFO - Processing /home/airflow/.local/lib/python3.8/site-packages/airflow/example_dags/example_latest_only_with_trigger.py took 0.031 seconds
[2023-11-10T18:50:38.593+0000] {processor.py:157} INFO - Started process (PID=833) to work on /home/airflow/.local/lib/python3.8/site-packages/airflow/example_dags/example_latest_only_with_trigger.py
[2023-11-10T18:50:38.593+0000] {processor.py:829} INFO - Processing file /home/airflow/.local/lib/python3.8/site-packages/airflow/example_dags/example_latest_only_with_trigger.py for tasks to queue
[2023-11-10T18:50:38.593+0000] {logging_mixin.py:154} INFO - [2023-11-10T18:50:38.593+0000] {dagbag.py:536} INFO - Filling up the DagBag from /home/airflow/.local/lib/python3.8/site-packages/airflow/example_dags/example_latest_only_with_trigger.py
[2023-11-10T18:50:38.597+0000] {processor.py:839} INFO - DAG(s) dict_keys(['latest_only_with_trigger']) retrieved from /home/airflow/.local/lib/python3.8/site-packages/airflow/example_dags/example_latest_only_with_trigger.py
[2023-11-10T18:50:38.607+0000] {logging_mixin.py:154} INFO - [2023-11-10T18:50:38.607+0000] {dag.py:2941} INFO - Sync 1 DAGs
[2023-11-10T18:50:38.617+0000] {logging_mixin.py:154} INFO - [2023-11-10T18:50:38.617+0000] {dag.py:3722} INFO - Setting next_dagrun for latest_only_with_trigger to 2023-11-10T14:50:38.617083+00:00, run_after=2023-11-10T18:50:38.617083+00:00
[2023-11-10T18:50:38.624+0000] {processor.py:179} INFO - Processing /home/airflow/.local/lib/python3.8/site-packages/airflow/example_dags/example_latest_only_with_trigger.py took 0.033 seconds
[2023-11-10T18:51:09.101+0000] {processor.py:157} INFO - Started process (PID=1069) to work on /home/airflow/.local/lib/python3.8/site-packages/airflow/example_dags/example_latest_only_with_trigger.py
[2023-11-10T18:51:09.102+0000] {processor.py:829} INFO - Processing file /home/airflow/.local/lib/python3.8/site-packages/airflow/example_dags/example_latest_only_with_trigger.py for tasks to queue
[2023-11-10T18:51:09.102+0000] {logging_mixin.py:154} INFO - [2023-11-10T18:51:09.102+0000] {dagbag.py:536} INFO - Filling up the DagBag from /home/airflow/.local/lib/python3.8/site-packages/airflow/example_dags/example_latest_only_with_trigger.py
[2023-11-10T18:51:09.105+0000] {processor.py:839} INFO - DAG(s) dict_keys(['latest_only_with_trigger']) retrieved from /home/airflow/.local/lib/python3.8/site-packages/airflow/example_dags/example_latest_only_with_trigger.py
[2023-11-10T18:51:09.115+0000] {logging_mixin.py:154} INFO - [2023-11-10T18:51:09.115+0000] {dag.py:2941} INFO - Sync 1 DAGs
[2023-11-10T18:51:09.125+0000] {logging_mixin.py:154} INFO - [2023-11-10T18:51:09.125+0000] {dag.py:3722} INFO - Setting next_dagrun for latest_only_with_trigger to 2023-11-10T14:51:09.124972+00:00, run_after=2023-11-10T18:51:09.124972+00:00
[2023-11-10T18:51:09.131+0000] {processor.py:179} INFO - Processing /home/airflow/.local/lib/python3.8/site-packages/airflow/example_dags/example_latest_only_with_trigger.py took 0.032 seconds
[2023-11-10T18:51:39.592+0000] {processor.py:157} INFO - Started process (PID=1309) to work on /home/airflow/.local/lib/python3.8/site-packages/airflow/example_dags/example_latest_only_with_trigger.py
[2023-11-10T18:51:39.593+0000] {processor.py:829} INFO - Processing file /home/airflow/.local/lib/python3.8/site-packages/airflow/example_dags/example_latest_only_with_trigger.py for tasks to queue
[2023-11-10T18:51:39.593+0000] {logging_mixin.py:154} INFO - [2023-11-10T18:51:39.593+0000] {dagbag.py:536} INFO - Filling up the DagBag from /home/airflow/.local/lib/python3.8/site-packages/airflow/example_dags/example_latest_only_with_trigger.py
[2023-11-10T18:51:39.596+0000] {processor.py:839} INFO - DAG(s) dict_keys(['latest_only_with_trigger']) retrieved from /home/airflow/.local/lib/python3.8/site-packages/airflow/example_dags/example_latest_only_with_trigger.py
[2023-11-10T18:51:39.607+0000] {logging_mixin.py:154} INFO - [2023-11-10T18:51:39.607+0000] {dag.py:2941} INFO - Sync 1 DAGs
[2023-11-10T18:51:39.616+0000] {logging_mixin.py:154} INFO - [2023-11-10T18:51:39.615+0000] {dag.py:3722} INFO - Setting next_dagrun for latest_only_with_trigger to 2023-11-10T14:51:39.615829+00:00, run_after=2023-11-10T18:51:39.615829+00:00
[2023-11-10T18:51:39.622+0000] {processor.py:179} INFO - Processing /home/airflow/.local/lib/python3.8/site-packages/airflow/example_dags/example_latest_only_with_trigger.py took 0.032 seconds
[2023-11-10T18:52:10.108+0000] {processor.py:157} INFO - Started process (PID=1547) to work on /home/airflow/.local/lib/python3.8/site-packages/airflow/example_dags/example_latest_only_with_trigger.py
[2023-11-10T18:52:10.108+0000] {processor.py:829} INFO - Processing file /home/airflow/.local/lib/python3.8/site-packages/airflow/example_dags/example_latest_only_with_trigger.py for tasks to queue
[2023-11-10T18:52:10.109+0000] {logging_mixin.py:154} INFO - [2023-11-10T18:52:10.109+0000] {dagbag.py:536} INFO - Filling up the DagBag from /home/airflow/.local/lib/python3.8/site-packages/airflow/example_dags/example_latest_only_with_trigger.py
[2023-11-10T18:52:10.112+0000] {processor.py:839} INFO - DAG(s) dict_keys(['latest_only_with_trigger']) retrieved from /home/airflow/.local/lib/python3.8/site-packages/airflow/example_dags/example_latest_only_with_trigger.py
[2023-11-10T18:52:10.122+0000] {logging_mixin.py:154} INFO - [2023-11-10T18:52:10.122+0000] {dag.py:2941} INFO - Sync 1 DAGs
[2023-11-10T18:52:10.131+0000] {logging_mixin.py:154} INFO - [2023-11-10T18:52:10.131+0000] {dag.py:3722} INFO - Setting next_dagrun for latest_only_with_trigger to 2023-11-10T14:52:10.131272+00:00, run_after=2023-11-10T18:52:10.131272+00:00
[2023-11-10T18:52:10.138+0000] {processor.py:179} INFO - Processing /home/airflow/.local/lib/python3.8/site-packages/airflow/example_dags/example_latest_only_with_trigger.py took 0.031 seconds
[2023-11-10T18:52:40.554+0000] {processor.py:157} INFO - Started process (PID=1783) to work on /home/airflow/.local/lib/python3.8/site-packages/airflow/example_dags/example_latest_only_with_trigger.py
[2023-11-10T18:52:40.554+0000] {processor.py:829} INFO - Processing file /home/airflow/.local/lib/python3.8/site-packages/airflow/example_dags/example_latest_only_with_trigger.py for tasks to queue
[2023-11-10T18:52:40.555+0000] {logging_mixin.py:154} INFO - [2023-11-10T18:52:40.555+0000] {dagbag.py:536} INFO - Filling up the DagBag from /home/airflow/.local/lib/python3.8/site-packages/airflow/example_dags/example_latest_only_with_trigger.py
[2023-11-10T18:52:40.558+0000] {processor.py:839} INFO - DAG(s) dict_keys(['latest_only_with_trigger']) retrieved from /home/airflow/.local/lib/python3.8/site-packages/airflow/example_dags/example_latest_only_with_trigger.py
[2023-11-10T18:52:40.568+0000] {logging_mixin.py:154} INFO - [2023-11-10T18:52:40.568+0000] {dag.py:2941} INFO - Sync 1 DAGs
[2023-11-10T18:52:40.577+0000] {logging_mixin.py:154} INFO - [2023-11-10T18:52:40.577+0000] {dag.py:3722} INFO - Setting next_dagrun for latest_only_with_trigger to 2023-11-10T14:52:40.577234+00:00, run_after=2023-11-10T18:52:40.577234+00:00
[2023-11-10T18:52:40.585+0000] {processor.py:179} INFO - Processing /home/airflow/.local/lib/python3.8/site-packages/airflow/example_dags/example_latest_only_with_trigger.py took 0.032 seconds
[2023-11-10T18:53:11.072+0000] {processor.py:157} INFO - Started process (PID=2021) to work on /home/airflow/.local/lib/python3.8/site-packages/airflow/example_dags/example_latest_only_with_trigger.py
[2023-11-10T18:53:11.072+0000] {processor.py:829} INFO - Processing file /home/airflow/.local/lib/python3.8/site-packages/airflow/example_dags/example_latest_only_with_trigger.py for tasks to queue
[2023-11-10T18:53:11.073+0000] {logging_mixin.py:154} INFO - [2023-11-10T18:53:11.073+0000] {dagbag.py:536} INFO - Filling up the DagBag from /home/airflow/.local/lib/python3.8/site-packages/airflow/example_dags/example_latest_only_with_trigger.py
[2023-11-10T18:53:11.076+0000] {processor.py:839} INFO - DAG(s) dict_keys(['latest_only_with_trigger']) retrieved from /home/airflow/.local/lib/python3.8/site-packages/airflow/example_dags/example_latest_only_with_trigger.py
[2023-11-10T18:53:11.086+0000] {logging_mixin.py:154} INFO - [2023-11-10T18:53:11.086+0000] {dag.py:2941} INFO - Sync 1 DAGs
[2023-11-10T18:53:11.095+0000] {logging_mixin.py:154} INFO - [2023-11-10T18:53:11.095+0000] {dag.py:3722} INFO - Setting next_dagrun for latest_only_with_trigger to 2023-11-10T14:53:11.095743+00:00, run_after=2023-11-10T18:53:11.095743+00:00
[2023-11-10T18:53:11.103+0000] {processor.py:179} INFO - Processing /home/airflow/.local/lib/python3.8/site-packages/airflow/example_dags/example_latest_only_with_trigger.py took 0.033 seconds
[2023-11-10T18:53:41.606+0000] {processor.py:157} INFO - Started process (PID=2259) to work on /home/airflow/.local/lib/python3.8/site-packages/airflow/example_dags/example_latest_only_with_trigger.py
[2023-11-10T18:53:41.606+0000] {processor.py:829} INFO - Processing file /home/airflow/.local/lib/python3.8/site-packages/airflow/example_dags/example_latest_only_with_trigger.py for tasks to queue
[2023-11-10T18:53:41.607+0000] {logging_mixin.py:154} INFO - [2023-11-10T18:53:41.607+0000] {dagbag.py:536} INFO - Filling up the DagBag from /home/airflow/.local/lib/python3.8/site-packages/airflow/example_dags/example_latest_only_with_trigger.py
[2023-11-10T18:53:41.610+0000] {processor.py:839} INFO - DAG(s) dict_keys(['latest_only_with_trigger']) retrieved from /home/airflow/.local/lib/python3.8/site-packages/airflow/example_dags/example_latest_only_with_trigger.py
[2023-11-10T18:53:41.620+0000] {logging_mixin.py:154} INFO - [2023-11-10T18:53:41.619+0000] {dag.py:2941} INFO - Sync 1 DAGs
[2023-11-10T18:53:41.629+0000] {logging_mixin.py:154} INFO - [2023-11-10T18:53:41.629+0000] {dag.py:3722} INFO - Setting next_dagrun for latest_only_with_trigger to 2023-11-10T14:53:41.629040+00:00, run_after=2023-11-10T18:53:41.629040+00:00
[2023-11-10T18:53:41.635+0000] {processor.py:179} INFO - Processing /home/airflow/.local/lib/python3.8/site-packages/airflow/example_dags/example_latest_only_with_trigger.py took 0.031 seconds
[2023-11-10T18:54:12.090+0000] {processor.py:157} INFO - Started process (PID=2497) to work on /home/airflow/.local/lib/python3.8/site-packages/airflow/example_dags/example_latest_only_with_trigger.py
[2023-11-10T18:54:12.090+0000] {processor.py:829} INFO - Processing file /home/airflow/.local/lib/python3.8/site-packages/airflow/example_dags/example_latest_only_with_trigger.py for tasks to queue
[2023-11-10T18:54:12.090+0000] {logging_mixin.py:154} INFO - [2023-11-10T18:54:12.090+0000] {dagbag.py:536} INFO - Filling up the DagBag from /home/airflow/.local/lib/python3.8/site-packages/airflow/example_dags/example_latest_only_with_trigger.py
[2023-11-10T18:54:12.094+0000] {processor.py:839} INFO - DAG(s) dict_keys(['latest_only_with_trigger']) retrieved from /home/airflow/.local/lib/python3.8/site-packages/airflow/example_dags/example_latest_only_with_trigger.py
[2023-11-10T18:54:12.104+0000] {logging_mixin.py:154} INFO - [2023-11-10T18:54:12.104+0000] {dag.py:2941} INFO - Sync 1 DAGs
[2023-11-10T18:54:12.114+0000] {logging_mixin.py:154} INFO - [2023-11-10T18:54:12.114+0000] {dag.py:3722} INFO - Setting next_dagrun for latest_only_with_trigger to 2023-11-10T14:54:12.113910+00:00, run_after=2023-11-10T18:54:12.113910+00:00
[2023-11-10T18:54:12.121+0000] {processor.py:179} INFO - Processing /home/airflow/.local/lib/python3.8/site-packages/airflow/example_dags/example_latest_only_with_trigger.py took 0.033 seconds
[2023-11-10T18:54:42.557+0000] {processor.py:157} INFO - Started process (PID=2737) to work on /home/airflow/.local/lib/python3.8/site-packages/airflow/example_dags/example_latest_only_with_trigger.py
[2023-11-10T18:54:42.557+0000] {processor.py:829} INFO - Processing file /home/airflow/.local/lib/python3.8/site-packages/airflow/example_dags/example_latest_only_with_trigger.py for tasks to queue
[2023-11-10T18:54:42.558+0000] {logging_mixin.py:154} INFO - [2023-11-10T18:54:42.557+0000] {dagbag.py:536} INFO - Filling up the DagBag from /home/airflow/.local/lib/python3.8/site-packages/airflow/example_dags/example_latest_only_with_trigger.py
[2023-11-10T18:54:42.561+0000] {processor.py:839} INFO - DAG(s) dict_keys(['latest_only_with_trigger']) retrieved from /home/airflow/.local/lib/python3.8/site-packages/airflow/example_dags/example_latest_only_with_trigger.py
[2023-11-10T18:54:42.571+0000] {logging_mixin.py:154} INFO - [2023-11-10T18:54:42.571+0000] {dag.py:2941} INFO - Sync 1 DAGs
[2023-11-10T18:54:42.579+0000] {logging_mixin.py:154} INFO - [2023-11-10T18:54:42.579+0000] {dag.py:3722} INFO - Setting next_dagrun for latest_only_with_trigger to 2023-11-10T14:54:42.579808+00:00, run_after=2023-11-10T18:54:42.579808+00:00
[2023-11-10T18:54:42.586+0000] {processor.py:179} INFO - Processing /home/airflow/.local/lib/python3.8/site-packages/airflow/example_dags/example_latest_only_with_trigger.py took 0.031 seconds
[2023-11-10T18:55:13.048+0000] {processor.py:157} INFO - Started process (PID=2973) to work on /home/airflow/.local/lib/python3.8/site-packages/airflow/example_dags/example_latest_only_with_trigger.py
[2023-11-10T18:55:13.048+0000] {processor.py:829} INFO - Processing file /home/airflow/.local/lib/python3.8/site-packages/airflow/example_dags/example_latest_only_with_trigger.py for tasks to queue
[2023-11-10T18:55:13.049+0000] {logging_mixin.py:154} INFO - [2023-11-10T18:55:13.049+0000] {dagbag.py:536} INFO - Filling up the DagBag from /home/airflow/.local/lib/python3.8/site-packages/airflow/example_dags/example_latest_only_with_trigger.py
[2023-11-10T18:55:13.052+0000] {processor.py:839} INFO - DAG(s) dict_keys(['latest_only_with_trigger']) retrieved from /home/airflow/.local/lib/python3.8/site-packages/airflow/example_dags/example_latest_only_with_trigger.py
[2023-11-10T18:55:13.062+0000] {logging_mixin.py:154} INFO - [2023-11-10T18:55:13.062+0000] {dag.py:2941} INFO - Sync 1 DAGs
[2023-11-10T18:55:13.071+0000] {logging_mixin.py:154} INFO - [2023-11-10T18:55:13.071+0000] {dag.py:3722} INFO - Setting next_dagrun for latest_only_with_trigger to 2023-11-10T14:55:13.071638+00:00, run_after=2023-11-10T18:55:13.071638+00:00
[2023-11-10T18:55:13.078+0000] {processor.py:179} INFO - Processing /home/airflow/.local/lib/python3.8/site-packages/airflow/example_dags/example_latest_only_with_trigger.py took 0.032 seconds
[2023-11-10T18:55:43.666+0000] {processor.py:157} INFO - Started process (PID=3213) to work on /home/airflow/.local/lib/python3.8/site-packages/airflow/example_dags/example_latest_only_with_trigger.py
[2023-11-10T18:55:43.666+0000] {processor.py:829} INFO - Processing file /home/airflow/.local/lib/python3.8/site-packages/airflow/example_dags/example_latest_only_with_trigger.py for tasks to queue
[2023-11-10T18:55:43.667+0000] {logging_mixin.py:154} INFO - [2023-11-10T18:55:43.667+0000] {dagbag.py:536} INFO - Filling up the DagBag from /home/airflow/.local/lib/python3.8/site-packages/airflow/example_dags/example_latest_only_with_trigger.py
[2023-11-10T18:55:43.671+0000] {processor.py:839} INFO - DAG(s) dict_keys(['latest_only_with_trigger']) retrieved from /home/airflow/.local/lib/python3.8/site-packages/airflow/example_dags/example_latest_only_with_trigger.py
[2023-11-10T18:55:43.682+0000] {logging_mixin.py:154} INFO - [2023-11-10T18:55:43.682+0000] {dag.py:2941} INFO - Sync 1 DAGs
[2023-11-10T18:55:43.693+0000] {logging_mixin.py:154} INFO - [2023-11-10T18:55:43.693+0000] {dag.py:3722} INFO - Setting next_dagrun for latest_only_with_trigger to 2023-11-10T14:55:43.692890+00:00, run_after=2023-11-10T18:55:43.692890+00:00
[2023-11-10T18:55:43.701+0000] {processor.py:179} INFO - Processing /home/airflow/.local/lib/python3.8/site-packages/airflow/example_dags/example_latest_only_with_trigger.py took 0.037 seconds
[2023-11-10T18:56:14.226+0000] {processor.py:157} INFO - Started process (PID=3451) to work on /home/airflow/.local/lib/python3.8/site-packages/airflow/example_dags/example_latest_only_with_trigger.py
[2023-11-10T18:56:14.226+0000] {processor.py:829} INFO - Processing file /home/airflow/.local/lib/python3.8/site-packages/airflow/example_dags/example_latest_only_with_trigger.py for tasks to queue
[2023-11-10T18:56:14.227+0000] {logging_mixin.py:154} INFO - [2023-11-10T18:56:14.227+0000] {dagbag.py:536} INFO - Filling up the DagBag from /home/airflow/.local/lib/python3.8/site-packages/airflow/example_dags/example_latest_only_with_trigger.py
[2023-11-10T18:56:14.230+0000] {processor.py:839} INFO - DAG(s) dict_keys(['latest_only_with_trigger']) retrieved from /home/airflow/.local/lib/python3.8/site-packages/airflow/example_dags/example_latest_only_with_trigger.py
[2023-11-10T18:56:14.241+0000] {logging_mixin.py:154} INFO - [2023-11-10T18:56:14.241+0000] {dag.py:2941} INFO - Sync 1 DAGs
[2023-11-10T18:56:14.250+0000] {logging_mixin.py:154} INFO - [2023-11-10T18:56:14.250+0000] {dag.py:3722} INFO - Setting next_dagrun for latest_only_with_trigger to 2023-11-10T14:56:14.250520+00:00, run_after=2023-11-10T18:56:14.250520+00:00
[2023-11-10T18:56:14.257+0000] {processor.py:179} INFO - Processing /home/airflow/.local/lib/python3.8/site-packages/airflow/example_dags/example_latest_only_with_trigger.py took 0.033 seconds
[2023-11-10T18:56:44.681+0000] {processor.py:157} INFO - Started process (PID=3689) to work on /home/airflow/.local/lib/python3.8/site-packages/airflow/example_dags/example_latest_only_with_trigger.py
[2023-11-10T18:56:44.681+0000] {processor.py:829} INFO - Processing file /home/airflow/.local/lib/python3.8/site-packages/airflow/example_dags/example_latest_only_with_trigger.py for tasks to queue
[2023-11-10T18:56:44.682+0000] {logging_mixin.py:154} INFO - [2023-11-10T18:56:44.681+0000] {dagbag.py:536} INFO - Filling up the DagBag from /home/airflow/.local/lib/python3.8/site-packages/airflow/example_dags/example_latest_only_with_trigger.py
[2023-11-10T18:56:44.685+0000] {processor.py:839} INFO - DAG(s) dict_keys(['latest_only_with_trigger']) retrieved from /home/airflow/.local/lib/python3.8/site-packages/airflow/example_dags/example_latest_only_with_trigger.py
[2023-11-10T18:56:44.694+0000] {logging_mixin.py:154} INFO - [2023-11-10T18:56:44.694+0000] {dag.py:2941} INFO - Sync 1 DAGs
[2023-11-10T18:56:44.704+0000] {logging_mixin.py:154} INFO - [2023-11-10T18:56:44.703+0000] {dag.py:3722} INFO - Setting next_dagrun for latest_only_with_trigger to 2023-11-10T14:56:44.703871+00:00, run_after=2023-11-10T18:56:44.703871+00:00
[2023-11-10T18:56:44.710+0000] {processor.py:179} INFO - Processing /home/airflow/.local/lib/python3.8/site-packages/airflow/example_dags/example_latest_only_with_trigger.py took 0.032 seconds
[2023-11-10T18:57:15.134+0000] {processor.py:157} INFO - Started process (PID=3927) to work on /home/airflow/.local/lib/python3.8/site-packages/airflow/example_dags/example_latest_only_with_trigger.py
[2023-11-10T18:57:15.134+0000] {processor.py:829} INFO - Processing file /home/airflow/.local/lib/python3.8/site-packages/airflow/example_dags/example_latest_only_with_trigger.py for tasks to queue
[2023-11-10T18:57:15.134+0000] {logging_mixin.py:154} INFO - [2023-11-10T18:57:15.134+0000] {dagbag.py:536} INFO - Filling up the DagBag from /home/airflow/.local/lib/python3.8/site-packages/airflow/example_dags/example_latest_only_with_trigger.py
[2023-11-10T18:57:15.138+0000] {processor.py:839} INFO - DAG(s) dict_keys(['latest_only_with_trigger']) retrieved from /home/airflow/.local/lib/python3.8/site-packages/airflow/example_dags/example_latest_only_with_trigger.py
[2023-11-10T18:57:15.148+0000] {logging_mixin.py:154} INFO - [2023-11-10T18:57:15.148+0000] {dag.py:2941} INFO - Sync 1 DAGs
[2023-11-10T18:57:15.157+0000] {logging_mixin.py:154} INFO - [2023-11-10T18:57:15.157+0000] {dag.py:3722} INFO - Setting next_dagrun for latest_only_with_trigger to 2023-11-10T14:57:15.157207+00:00, run_after=2023-11-10T18:57:15.157207+00:00
[2023-11-10T18:57:15.164+0000] {processor.py:179} INFO - Processing /home/airflow/.local/lib/python3.8/site-packages/airflow/example_dags/example_latest_only_with_trigger.py took 0.032 seconds
[2023-11-10T18:57:45.590+0000] {processor.py:157} INFO - Started process (PID=4165) to work on /home/airflow/.local/lib/python3.8/site-packages/airflow/example_dags/example_latest_only_with_trigger.py
[2023-11-10T18:57:45.591+0000] {processor.py:829} INFO - Processing file /home/airflow/.local/lib/python3.8/site-packages/airflow/example_dags/example_latest_only_with_trigger.py for tasks to queue
[2023-11-10T18:57:45.591+0000] {logging_mixin.py:154} INFO - [2023-11-10T18:57:45.591+0000] {dagbag.py:536} INFO - Filling up the DagBag from /home/airflow/.local/lib/python3.8/site-packages/airflow/example_dags/example_latest_only_with_trigger.py
[2023-11-10T18:57:45.595+0000] {processor.py:839} INFO - DAG(s) dict_keys(['latest_only_with_trigger']) retrieved from /home/airflow/.local/lib/python3.8/site-packages/airflow/example_dags/example_latest_only_with_trigger.py
[2023-11-10T18:57:45.606+0000] {logging_mixin.py:154} INFO - [2023-11-10T18:57:45.605+0000] {dag.py:2941} INFO - Sync 1 DAGs
[2023-11-10T18:57:45.615+0000] {logging_mixin.py:154} INFO - [2023-11-10T18:57:45.615+0000] {dag.py:3722} INFO - Setting next_dagrun for latest_only_with_trigger to 2023-11-10T14:57:45.614960+00:00, run_after=2023-11-10T18:57:45.614960+00:00
[2023-11-10T18:57:45.621+0000] {processor.py:179} INFO - Processing /home/airflow/.local/lib/python3.8/site-packages/airflow/example_dags/example_latest_only_with_trigger.py took 0.033 seconds
[2023-11-10T18:58:16.057+0000] {processor.py:157} INFO - Started process (PID=4403) to work on /home/airflow/.local/lib/python3.8/site-packages/airflow/example_dags/example_latest_only_with_trigger.py
[2023-11-10T18:58:16.057+0000] {processor.py:829} INFO - Processing file /home/airflow/.local/lib/python3.8/site-packages/airflow/example_dags/example_latest_only_with_trigger.py for tasks to queue
[2023-11-10T18:58:16.058+0000] {logging_mixin.py:154} INFO - [2023-11-10T18:58:16.058+0000] {dagbag.py:536} INFO - Filling up the DagBag from /home/airflow/.local/lib/python3.8/site-packages/airflow/example_dags/example_latest_only_with_trigger.py
[2023-11-10T18:58:16.061+0000] {processor.py:839} INFO - DAG(s) dict_keys(['latest_only_with_trigger']) retrieved from /home/airflow/.local/lib/python3.8/site-packages/airflow/example_dags/example_latest_only_with_trigger.py
[2023-11-10T18:58:16.071+0000] {logging_mixin.py:154} INFO - [2023-11-10T18:58:16.071+0000] {dag.py:2941} INFO - Sync 1 DAGs
[2023-11-10T18:58:16.080+0000] {logging_mixin.py:154} INFO - [2023-11-10T18:58:16.080+0000] {dag.py:3722} INFO - Setting next_dagrun for latest_only_with_trigger to 2023-11-10T14:58:16.079953+00:00, run_after=2023-11-10T18:58:16.079953+00:00
[2023-11-10T18:58:16.087+0000] {processor.py:179} INFO - Processing /home/airflow/.local/lib/python3.8/site-packages/airflow/example_dags/example_latest_only_with_trigger.py took 0.032 seconds
[2023-11-10T18:58:46.657+0000] {processor.py:157} INFO - Started process (PID=4639) to work on /home/airflow/.local/lib/python3.8/site-packages/airflow/example_dags/example_latest_only_with_trigger.py
[2023-11-10T18:58:46.657+0000] {processor.py:829} INFO - Processing file /home/airflow/.local/lib/python3.8/site-packages/airflow/example_dags/example_latest_only_with_trigger.py for tasks to queue
[2023-11-10T18:58:46.658+0000] {logging_mixin.py:154} INFO - [2023-11-10T18:58:46.658+0000] {dagbag.py:536} INFO - Filling up the DagBag from /home/airflow/.local/lib/python3.8/site-packages/airflow/example_dags/example_latest_only_with_trigger.py
[2023-11-10T18:58:46.661+0000] {processor.py:839} INFO - DAG(s) dict_keys(['latest_only_with_trigger']) retrieved from /home/airflow/.local/lib/python3.8/site-packages/airflow/example_dags/example_latest_only_with_trigger.py
[2023-11-10T18:58:46.671+0000] {logging_mixin.py:154} INFO - [2023-11-10T18:58:46.671+0000] {dag.py:2941} INFO - Sync 1 DAGs
[2023-11-10T18:58:46.680+0000] {logging_mixin.py:154} INFO - [2023-11-10T18:58:46.680+0000] {dag.py:3722} INFO - Setting next_dagrun for latest_only_with_trigger to 2023-11-10T14:58:46.680519+00:00, run_after=2023-11-10T18:58:46.680519+00:00
[2023-11-10T18:58:46.687+0000] {processor.py:179} INFO - Processing /home/airflow/.local/lib/python3.8/site-packages/airflow/example_dags/example_latest_only_with_trigger.py took 0.032 seconds
[2023-11-10T18:59:17.202+0000] {processor.py:157} INFO - Started process (PID=4877) to work on /home/airflow/.local/lib/python3.8/site-packages/airflow/example_dags/example_latest_only_with_trigger.py
[2023-11-10T18:59:17.202+0000] {processor.py:829} INFO - Processing file /home/airflow/.local/lib/python3.8/site-packages/airflow/example_dags/example_latest_only_with_trigger.py for tasks to queue
[2023-11-10T18:59:17.203+0000] {logging_mixin.py:154} INFO - [2023-11-10T18:59:17.203+0000] {dagbag.py:536} INFO - Filling up the DagBag from /home/airflow/.local/lib/python3.8/site-packages/airflow/example_dags/example_latest_only_with_trigger.py
[2023-11-10T18:59:17.206+0000] {processor.py:839} INFO - DAG(s) dict_keys(['latest_only_with_trigger']) retrieved from /home/airflow/.local/lib/python3.8/site-packages/airflow/example_dags/example_latest_only_with_trigger.py
[2023-11-10T18:59:17.216+0000] {logging_mixin.py:154} INFO - [2023-11-10T18:59:17.216+0000] {dag.py:2941} INFO - Sync 1 DAGs
[2023-11-10T18:59:17.226+0000] {logging_mixin.py:154} INFO - [2023-11-10T18:59:17.226+0000] {dag.py:3722} INFO - Setting next_dagrun for latest_only_with_trigger to 2023-11-10T14:59:17.226062+00:00, run_after=2023-11-10T18:59:17.226062+00:00
[2023-11-10T18:59:17.232+0000] {processor.py:179} INFO - Processing /home/airflow/.local/lib/python3.8/site-packages/airflow/example_dags/example_latest_only_with_trigger.py took 0.032 seconds
[2023-11-10T18:59:47.734+0000] {processor.py:157} INFO - Started process (PID=5115) to work on /home/airflow/.local/lib/python3.8/site-packages/airflow/example_dags/example_latest_only_with_trigger.py
[2023-11-10T18:59:47.735+0000] {processor.py:829} INFO - Processing file /home/airflow/.local/lib/python3.8/site-packages/airflow/example_dags/example_latest_only_with_trigger.py for tasks to queue
[2023-11-10T18:59:47.735+0000] {logging_mixin.py:154} INFO - [2023-11-10T18:59:47.735+0000] {dagbag.py:536} INFO - Filling up the DagBag from /home/airflow/.local/lib/python3.8/site-packages/airflow/example_dags/example_latest_only_with_trigger.py
[2023-11-10T18:59:47.739+0000] {processor.py:839} INFO - DAG(s) dict_keys(['latest_only_with_trigger']) retrieved from /home/airflow/.local/lib/python3.8/site-packages/airflow/example_dags/example_latest_only_with_trigger.py
[2023-11-10T18:59:47.749+0000] {logging_mixin.py:154} INFO - [2023-11-10T18:59:47.749+0000] {dag.py:2941} INFO - Sync 1 DAGs
[2023-11-10T18:59:47.758+0000] {logging_mixin.py:154} INFO - [2023-11-10T18:59:47.758+0000] {dag.py:3722} INFO - Setting next_dagrun for latest_only_with_trigger to 2023-11-10T14:59:47.758559+00:00, run_after=2023-11-10T18:59:47.758559+00:00
[2023-11-10T18:59:47.766+0000] {processor.py:179} INFO - Processing /home/airflow/.local/lib/python3.8/site-packages/airflow/example_dags/example_latest_only_with_trigger.py took 0.033 seconds
[2023-11-10T19:00:18.269+0000] {processor.py:157} INFO - Started process (PID=5353) to work on /home/airflow/.local/lib/python3.8/site-packages/airflow/example_dags/example_latest_only_with_trigger.py
[2023-11-10T19:00:18.269+0000] {processor.py:829} INFO - Processing file /home/airflow/.local/lib/python3.8/site-packages/airflow/example_dags/example_latest_only_with_trigger.py for tasks to queue
[2023-11-10T19:00:18.270+0000] {logging_mixin.py:154} INFO - [2023-11-10T19:00:18.270+0000] {dagbag.py:536} INFO - Filling up the DagBag from /home/airflow/.local/lib/python3.8/site-packages/airflow/example_dags/example_latest_only_with_trigger.py
[2023-11-10T19:00:18.273+0000] {processor.py:839} INFO - DAG(s) dict_keys(['latest_only_with_trigger']) retrieved from /home/airflow/.local/lib/python3.8/site-packages/airflow/example_dags/example_latest_only_with_trigger.py
[2023-11-10T19:00:18.284+0000] {logging_mixin.py:154} INFO - [2023-11-10T19:00:18.284+0000] {dag.py:2941} INFO - Sync 1 DAGs
[2023-11-10T19:00:18.294+0000] {logging_mixin.py:154} INFO - [2023-11-10T19:00:18.294+0000] {dag.py:3722} INFO - Setting next_dagrun for latest_only_with_trigger to 2023-11-10T15:00:18.293876+00:00, run_after=2023-11-10T19:00:18.293876+00:00
[2023-11-10T19:00:18.301+0000] {processor.py:179} INFO - Processing /home/airflow/.local/lib/python3.8/site-packages/airflow/example_dags/example_latest_only_with_trigger.py took 0.034 seconds
[2023-11-10T19:00:48.745+0000] {processor.py:157} INFO - Started process (PID=5591) to work on /home/airflow/.local/lib/python3.8/site-packages/airflow/example_dags/example_latest_only_with_trigger.py
[2023-11-10T19:00:48.746+0000] {processor.py:829} INFO - Processing file /home/airflow/.local/lib/python3.8/site-packages/airflow/example_dags/example_latest_only_with_trigger.py for tasks to queue
[2023-11-10T19:00:48.746+0000] {logging_mixin.py:154} INFO - [2023-11-10T19:00:48.746+0000] {dagbag.py:536} INFO - Filling up the DagBag from /home/airflow/.local/lib/python3.8/site-packages/airflow/example_dags/example_latest_only_with_trigger.py
[2023-11-10T19:00:48.749+0000] {processor.py:839} INFO - DAG(s) dict_keys(['latest_only_with_trigger']) retrieved from /home/airflow/.local/lib/python3.8/site-packages/airflow/example_dags/example_latest_only_with_trigger.py
[2023-11-10T19:00:48.760+0000] {logging_mixin.py:154} INFO - [2023-11-10T19:00:48.759+0000] {dag.py:2941} INFO - Sync 1 DAGs
[2023-11-10T19:00:48.769+0000] {logging_mixin.py:154} INFO - [2023-11-10T19:00:48.769+0000] {dag.py:3722} INFO - Setting next_dagrun for latest_only_with_trigger to 2023-11-10T15:00:48.769425+00:00, run_after=2023-11-10T19:00:48.769425+00:00
[2023-11-10T19:00:48.776+0000] {processor.py:179} INFO - Processing /home/airflow/.local/lib/python3.8/site-packages/airflow/example_dags/example_latest_only_with_trigger.py took 0.033 seconds
[2023-11-10T19:01:19.197+0000] {processor.py:157} INFO - Started process (PID=5829) to work on /home/airflow/.local/lib/python3.8/site-packages/airflow/example_dags/example_latest_only_with_trigger.py
[2023-11-10T19:01:19.198+0000] {processor.py:829} INFO - Processing file /home/airflow/.local/lib/python3.8/site-packages/airflow/example_dags/example_latest_only_with_trigger.py for tasks to queue
[2023-11-10T19:01:19.198+0000] {logging_mixin.py:154} INFO - [2023-11-10T19:01:19.198+0000] {dagbag.py:536} INFO - Filling up the DagBag from /home/airflow/.local/lib/python3.8/site-packages/airflow/example_dags/example_latest_only_with_trigger.py
[2023-11-10T19:01:19.202+0000] {processor.py:839} INFO - DAG(s) dict_keys(['latest_only_with_trigger']) retrieved from /home/airflow/.local/lib/python3.8/site-packages/airflow/example_dags/example_latest_only_with_trigger.py
[2023-11-10T19:01:19.212+0000] {logging_mixin.py:154} INFO - [2023-11-10T19:01:19.212+0000] {dag.py:2941} INFO - Sync 1 DAGs
[2023-11-10T19:01:19.222+0000] {logging_mixin.py:154} INFO - [2023-11-10T19:01:19.221+0000] {dag.py:3722} INFO - Setting next_dagrun for latest_only_with_trigger to 2023-11-10T15:01:19.221840+00:00, run_after=2023-11-10T19:01:19.221840+00:00
[2023-11-10T19:01:19.229+0000] {processor.py:179} INFO - Processing /home/airflow/.local/lib/python3.8/site-packages/airflow/example_dags/example_latest_only_with_trigger.py took 0.034 seconds
[2023-11-10T19:01:49.621+0000] {processor.py:157} INFO - Started process (PID=6067) to work on /home/airflow/.local/lib/python3.8/site-packages/airflow/example_dags/example_latest_only_with_trigger.py
[2023-11-10T19:01:49.622+0000] {processor.py:829} INFO - Processing file /home/airflow/.local/lib/python3.8/site-packages/airflow/example_dags/example_latest_only_with_trigger.py for tasks to queue
[2023-11-10T19:01:49.622+0000] {logging_mixin.py:154} INFO - [2023-11-10T19:01:49.622+0000] {dagbag.py:536} INFO - Filling up the DagBag from /home/airflow/.local/lib/python3.8/site-packages/airflow/example_dags/example_latest_only_with_trigger.py
[2023-11-10T19:01:49.625+0000] {processor.py:839} INFO - DAG(s) dict_keys(['latest_only_with_trigger']) retrieved from /home/airflow/.local/lib/python3.8/site-packages/airflow/example_dags/example_latest_only_with_trigger.py
[2023-11-10T19:01:49.636+0000] {logging_mixin.py:154} INFO - [2023-11-10T19:01:49.636+0000] {dag.py:2941} INFO - Sync 1 DAGs
[2023-11-10T19:01:49.645+0000] {logging_mixin.py:154} INFO - [2023-11-10T19:01:49.645+0000] {dag.py:3722} INFO - Setting next_dagrun for latest_only_with_trigger to 2023-11-10T15:01:49.645585+00:00, run_after=2023-11-10T19:01:49.645585+00:00
[2023-11-10T19:01:49.653+0000] {processor.py:179} INFO - Processing /home/airflow/.local/lib/python3.8/site-packages/airflow/example_dags/example_latest_only_with_trigger.py took 0.033 seconds
[2023-11-10T19:02:20.090+0000] {processor.py:157} INFO - Started process (PID=6305) to work on /home/airflow/.local/lib/python3.8/site-packages/airflow/example_dags/example_latest_only_with_trigger.py
[2023-11-10T19:02:20.090+0000] {processor.py:829} INFO - Processing file /home/airflow/.local/lib/python3.8/site-packages/airflow/example_dags/example_latest_only_with_trigger.py for tasks to queue
[2023-11-10T19:02:20.090+0000] {logging_mixin.py:154} INFO - [2023-11-10T19:02:20.090+0000] {dagbag.py:536} INFO - Filling up the DagBag from /home/airflow/.local/lib/python3.8/site-packages/airflow/example_dags/example_latest_only_with_trigger.py
[2023-11-10T19:02:20.094+0000] {processor.py:839} INFO - DAG(s) dict_keys(['latest_only_with_trigger']) retrieved from /home/airflow/.local/lib/python3.8/site-packages/airflow/example_dags/example_latest_only_with_trigger.py
[2023-11-10T19:02:20.105+0000] {logging_mixin.py:154} INFO - [2023-11-10T19:02:20.105+0000] {dag.py:2941} INFO - Sync 1 DAGs
[2023-11-10T19:02:20.116+0000] {logging_mixin.py:154} INFO - [2023-11-10T19:02:20.115+0000] {dag.py:3722} INFO - Setting next_dagrun for latest_only_with_trigger to 2023-11-10T15:02:20.115807+00:00, run_after=2023-11-10T19:02:20.115807+00:00
[2023-11-10T19:02:20.123+0000] {processor.py:179} INFO - Processing /home/airflow/.local/lib/python3.8/site-packages/airflow/example_dags/example_latest_only_with_trigger.py took 0.036 seconds
[2023-11-10T19:02:50.649+0000] {processor.py:157} INFO - Started process (PID=6545) to work on /home/airflow/.local/lib/python3.8/site-packages/airflow/example_dags/example_latest_only_with_trigger.py
[2023-11-10T19:02:50.650+0000] {processor.py:829} INFO - Processing file /home/airflow/.local/lib/python3.8/site-packages/airflow/example_dags/example_latest_only_with_trigger.py for tasks to queue
[2023-11-10T19:02:50.650+0000] {logging_mixin.py:154} INFO - [2023-11-10T19:02:50.650+0000] {dagbag.py:536} INFO - Filling up the DagBag from /home/airflow/.local/lib/python3.8/site-packages/airflow/example_dags/example_latest_only_with_trigger.py
[2023-11-10T19:02:50.654+0000] {processor.py:839} INFO - DAG(s) dict_keys(['latest_only_with_trigger']) retrieved from /home/airflow/.local/lib/python3.8/site-packages/airflow/example_dags/example_latest_only_with_trigger.py
[2023-11-10T19:02:50.664+0000] {logging_mixin.py:154} INFO - [2023-11-10T19:02:50.664+0000] {dag.py:2941} INFO - Sync 1 DAGs
[2023-11-10T19:02:50.673+0000] {logging_mixin.py:154} INFO - [2023-11-10T19:02:50.673+0000] {dag.py:3722} INFO - Setting next_dagrun for latest_only_with_trigger to 2023-11-10T15:02:50.673242+00:00, run_after=2023-11-10T19:02:50.673242+00:00
[2023-11-10T19:02:50.680+0000] {processor.py:179} INFO - Processing /home/airflow/.local/lib/python3.8/site-packages/airflow/example_dags/example_latest_only_with_trigger.py took 0.032 seconds
