[2023-11-10T18:49:37.111+0000] {processor.py:157} INFO - Started process (PID=250) to work on /home/airflow/.local/lib/python3.8/site-packages/airflow/example_dags/example_xcomargs.py
[2023-11-10T18:49:37.111+0000] {processor.py:829} INFO - Processing file /home/airflow/.local/lib/python3.8/site-packages/airflow/example_dags/example_xcomargs.py for tasks to queue
[2023-11-10T18:49:37.112+0000] {logging_mixin.py:154} INFO - [2023-11-10T18:49:37.112+0000] {dagbag.py:536} INFO - Filling up the DagBag from /home/airflow/.local/lib/python3.8/site-packages/airflow/example_dags/example_xcomargs.py
[2023-11-10T18:49:37.117+0000] {processor.py:839} INFO - DAG(s) dict_keys(['example_xcom_args', 'example_xcom_args_with_operators']) retrieved from /home/airflow/.local/lib/python3.8/site-packages/airflow/example_dags/example_xcomargs.py
[2023-11-10T18:49:37.123+0000] {logging_mixin.py:154} INFO - [2023-11-10T18:49:37.123+0000] {dag.py:2941} INFO - Sync 2 DAGs
[2023-11-10T18:49:37.130+0000] {logging_mixin.py:154} INFO - [2023-11-10T18:49:37.130+0000] {dag.py:3722} INFO - Setting next_dagrun for example_xcom_args to None, run_after=None
[2023-11-10T18:49:37.132+0000] {logging_mixin.py:154} INFO - [2023-11-10T18:49:37.132+0000] {dag.py:3722} INFO - Setting next_dagrun for example_xcom_args_with_operators to None, run_after=None
[2023-11-10T18:49:37.138+0000] {processor.py:179} INFO - Processing /home/airflow/.local/lib/python3.8/site-packages/airflow/example_dags/example_xcomargs.py took 0.029 seconds
[2023-11-10T18:50:07.564+0000] {processor.py:157} INFO - Started process (PID=488) to work on /home/airflow/.local/lib/python3.8/site-packages/airflow/example_dags/example_xcomargs.py
[2023-11-10T18:50:07.564+0000] {processor.py:829} INFO - Processing file /home/airflow/.local/lib/python3.8/site-packages/airflow/example_dags/example_xcomargs.py for tasks to queue
[2023-11-10T18:50:07.565+0000] {logging_mixin.py:154} INFO - [2023-11-10T18:50:07.565+0000] {dagbag.py:536} INFO - Filling up the DagBag from /home/airflow/.local/lib/python3.8/site-packages/airflow/example_dags/example_xcomargs.py
[2023-11-10T18:50:07.569+0000] {processor.py:839} INFO - DAG(s) dict_keys(['example_xcom_args', 'example_xcom_args_with_operators']) retrieved from /home/airflow/.local/lib/python3.8/site-packages/airflow/example_dags/example_xcomargs.py
[2023-11-10T18:50:07.580+0000] {logging_mixin.py:154} INFO - [2023-11-10T18:50:07.580+0000] {dag.py:2941} INFO - Sync 2 DAGs
[2023-11-10T18:50:07.585+0000] {logging_mixin.py:154} INFO - [2023-11-10T18:50:07.585+0000] {dag.py:3722} INFO - Setting next_dagrun for example_xcom_args to None, run_after=None
[2023-11-10T18:50:07.587+0000] {logging_mixin.py:154} INFO - [2023-11-10T18:50:07.587+0000] {dag.py:3722} INFO - Setting next_dagrun for example_xcom_args_with_operators to None, run_after=None
[2023-11-10T18:50:07.593+0000] {processor.py:179} INFO - Processing /home/airflow/.local/lib/python3.8/site-packages/airflow/example_dags/example_xcomargs.py took 0.031 seconds
[2023-11-10T18:50:38.003+0000] {processor.py:157} INFO - Started process (PID=726) to work on /home/airflow/.local/lib/python3.8/site-packages/airflow/example_dags/example_xcomargs.py
[2023-11-10T18:50:38.004+0000] {processor.py:829} INFO - Processing file /home/airflow/.local/lib/python3.8/site-packages/airflow/example_dags/example_xcomargs.py for tasks to queue
[2023-11-10T18:50:38.004+0000] {logging_mixin.py:154} INFO - [2023-11-10T18:50:38.004+0000] {dagbag.py:536} INFO - Filling up the DagBag from /home/airflow/.local/lib/python3.8/site-packages/airflow/example_dags/example_xcomargs.py
[2023-11-10T18:50:38.008+0000] {processor.py:839} INFO - DAG(s) dict_keys(['example_xcom_args_with_operators', 'example_xcom_args']) retrieved from /home/airflow/.local/lib/python3.8/site-packages/airflow/example_dags/example_xcomargs.py
[2023-11-10T18:50:38.020+0000] {logging_mixin.py:154} INFO - [2023-11-10T18:50:38.020+0000] {dag.py:2941} INFO - Sync 2 DAGs
[2023-11-10T18:50:38.026+0000] {logging_mixin.py:154} INFO - [2023-11-10T18:50:38.026+0000] {dag.py:3722} INFO - Setting next_dagrun for example_xcom_args to None, run_after=None
[2023-11-10T18:50:38.027+0000] {logging_mixin.py:154} INFO - [2023-11-10T18:50:38.027+0000] {dag.py:3722} INFO - Setting next_dagrun for example_xcom_args_with_operators to None, run_after=None
[2023-11-10T18:50:38.034+0000] {processor.py:179} INFO - Processing /home/airflow/.local/lib/python3.8/site-packages/airflow/example_dags/example_xcomargs.py took 0.032 seconds
[2023-11-10T18:51:08.565+0000] {processor.py:157} INFO - Started process (PID=964) to work on /home/airflow/.local/lib/python3.8/site-packages/airflow/example_dags/example_xcomargs.py
[2023-11-10T18:51:08.566+0000] {processor.py:829} INFO - Processing file /home/airflow/.local/lib/python3.8/site-packages/airflow/example_dags/example_xcomargs.py for tasks to queue
[2023-11-10T18:51:08.566+0000] {logging_mixin.py:154} INFO - [2023-11-10T18:51:08.566+0000] {dagbag.py:536} INFO - Filling up the DagBag from /home/airflow/.local/lib/python3.8/site-packages/airflow/example_dags/example_xcomargs.py
[2023-11-10T18:51:08.571+0000] {processor.py:839} INFO - DAG(s) dict_keys(['example_xcom_args_with_operators', 'example_xcom_args']) retrieved from /home/airflow/.local/lib/python3.8/site-packages/airflow/example_dags/example_xcomargs.py
[2023-11-10T18:51:08.584+0000] {logging_mixin.py:154} INFO - [2023-11-10T18:51:08.584+0000] {dag.py:2941} INFO - Sync 2 DAGs
[2023-11-10T18:51:08.591+0000] {logging_mixin.py:154} INFO - [2023-11-10T18:51:08.591+0000] {dag.py:3722} INFO - Setting next_dagrun for example_xcom_args to None, run_after=None
[2023-11-10T18:51:08.592+0000] {logging_mixin.py:154} INFO - [2023-11-10T18:51:08.592+0000] {dag.py:3722} INFO - Setting next_dagrun for example_xcom_args_with_operators to None, run_after=None
[2023-11-10T18:51:08.600+0000] {processor.py:179} INFO - Processing /home/airflow/.local/lib/python3.8/site-packages/airflow/example_dags/example_xcomargs.py took 0.036 seconds
[2023-11-10T18:51:39.060+0000] {processor.py:157} INFO - Started process (PID=1202) to work on /home/airflow/.local/lib/python3.8/site-packages/airflow/example_dags/example_xcomargs.py
[2023-11-10T18:51:39.061+0000] {processor.py:829} INFO - Processing file /home/airflow/.local/lib/python3.8/site-packages/airflow/example_dags/example_xcomargs.py for tasks to queue
[2023-11-10T18:51:39.061+0000] {logging_mixin.py:154} INFO - [2023-11-10T18:51:39.061+0000] {dagbag.py:536} INFO - Filling up the DagBag from /home/airflow/.local/lib/python3.8/site-packages/airflow/example_dags/example_xcomargs.py
[2023-11-10T18:51:39.065+0000] {processor.py:839} INFO - DAG(s) dict_keys(['example_xcom_args', 'example_xcom_args_with_operators']) retrieved from /home/airflow/.local/lib/python3.8/site-packages/airflow/example_dags/example_xcomargs.py
[2023-11-10T18:51:39.076+0000] {logging_mixin.py:154} INFO - [2023-11-10T18:51:39.076+0000] {dag.py:2941} INFO - Sync 2 DAGs
[2023-11-10T18:51:39.082+0000] {logging_mixin.py:154} INFO - [2023-11-10T18:51:39.082+0000] {dag.py:3722} INFO - Setting next_dagrun for example_xcom_args to None, run_after=None
[2023-11-10T18:51:39.083+0000] {logging_mixin.py:154} INFO - [2023-11-10T18:51:39.083+0000] {dag.py:3722} INFO - Setting next_dagrun for example_xcom_args_with_operators to None, run_after=None
[2023-11-10T18:51:39.090+0000] {processor.py:179} INFO - Processing /home/airflow/.local/lib/python3.8/site-packages/airflow/example_dags/example_xcomargs.py took 0.032 seconds
[2023-11-10T18:52:09.475+0000] {processor.py:157} INFO - Started process (PID=1440) to work on /home/airflow/.local/lib/python3.8/site-packages/airflow/example_dags/example_xcomargs.py
[2023-11-10T18:52:09.475+0000] {processor.py:829} INFO - Processing file /home/airflow/.local/lib/python3.8/site-packages/airflow/example_dags/example_xcomargs.py for tasks to queue
[2023-11-10T18:52:09.476+0000] {logging_mixin.py:154} INFO - [2023-11-10T18:52:09.476+0000] {dagbag.py:536} INFO - Filling up the DagBag from /home/airflow/.local/lib/python3.8/site-packages/airflow/example_dags/example_xcomargs.py
[2023-11-10T18:52:09.480+0000] {processor.py:839} INFO - DAG(s) dict_keys(['example_xcom_args', 'example_xcom_args_with_operators']) retrieved from /home/airflow/.local/lib/python3.8/site-packages/airflow/example_dags/example_xcomargs.py
[2023-11-10T18:52:09.492+0000] {logging_mixin.py:154} INFO - [2023-11-10T18:52:09.492+0000] {dag.py:2941} INFO - Sync 2 DAGs
[2023-11-10T18:52:09.498+0000] {logging_mixin.py:154} INFO - [2023-11-10T18:52:09.498+0000] {dag.py:3722} INFO - Setting next_dagrun for example_xcom_args to None, run_after=None
[2023-11-10T18:52:09.500+0000] {logging_mixin.py:154} INFO - [2023-11-10T18:52:09.500+0000] {dag.py:3722} INFO - Setting next_dagrun for example_xcom_args_with_operators to None, run_after=None
[2023-11-10T18:52:09.507+0000] {processor.py:179} INFO - Processing /home/airflow/.local/lib/python3.8/site-packages/airflow/example_dags/example_xcomargs.py took 0.035 seconds
[2023-11-10T18:52:40.028+0000] {processor.py:157} INFO - Started process (PID=1678) to work on /home/airflow/.local/lib/python3.8/site-packages/airflow/example_dags/example_xcomargs.py
[2023-11-10T18:52:40.029+0000] {processor.py:829} INFO - Processing file /home/airflow/.local/lib/python3.8/site-packages/airflow/example_dags/example_xcomargs.py for tasks to queue
[2023-11-10T18:52:40.029+0000] {logging_mixin.py:154} INFO - [2023-11-10T18:52:40.029+0000] {dagbag.py:536} INFO - Filling up the DagBag from /home/airflow/.local/lib/python3.8/site-packages/airflow/example_dags/example_xcomargs.py
[2023-11-10T18:52:40.033+0000] {processor.py:839} INFO - DAG(s) dict_keys(['example_xcom_args', 'example_xcom_args_with_operators']) retrieved from /home/airflow/.local/lib/python3.8/site-packages/airflow/example_dags/example_xcomargs.py
[2023-11-10T18:52:40.044+0000] {logging_mixin.py:154} INFO - [2023-11-10T18:52:40.044+0000] {dag.py:2941} INFO - Sync 2 DAGs
[2023-11-10T18:52:40.051+0000] {logging_mixin.py:154} INFO - [2023-11-10T18:52:40.050+0000] {dag.py:3722} INFO - Setting next_dagrun for example_xcom_args to None, run_after=None
[2023-11-10T18:52:40.052+0000] {logging_mixin.py:154} INFO - [2023-11-10T18:52:40.052+0000] {dag.py:3722} INFO - Setting next_dagrun for example_xcom_args_with_operators to None, run_after=None
[2023-11-10T18:52:40.058+0000] {processor.py:179} INFO - Processing /home/airflow/.local/lib/python3.8/site-packages/airflow/example_dags/example_xcomargs.py took 0.032 seconds
