[2023-11-10T18:49:37.245+0000] {processor.py:157} INFO - Started process (PID=275) to work on /home/airflow/.local/lib/python3.8/site-packages/airflow/example_dags/example_external_task_marker_dag.py
[2023-11-10T18:49:37.246+0000] {processor.py:829} INFO - Processing file /home/airflow/.local/lib/python3.8/site-packages/airflow/example_dags/example_external_task_marker_dag.py for tasks to queue
[2023-11-10T18:49:37.246+0000] {logging_mixin.py:154} INFO - [2023-11-10T18:49:37.246+0000] {dagbag.py:536} INFO - Filling up the DagBag from /home/airflow/.local/lib/python3.8/site-packages/airflow/example_dags/example_external_task_marker_dag.py
[2023-11-10T18:49:37.250+0000] {processor.py:839} INFO - DAG(s) dict_keys(['example_external_task_marker_parent', 'example_external_task_marker_child']) retrieved from /home/airflow/.local/lib/python3.8/site-packages/airflow/example_dags/example_external_task_marker_dag.py
[2023-11-10T18:49:37.255+0000] {logging_mixin.py:154} INFO - [2023-11-10T18:49:37.255+0000] {dag.py:2941} INFO - Sync 2 DAGs
[2023-11-10T18:49:37.262+0000] {logging_mixin.py:154} INFO - [2023-11-10T18:49:37.262+0000] {dag.py:3722} INFO - Setting next_dagrun for example_external_task_marker_child to None, run_after=None
[2023-11-10T18:49:37.263+0000] {logging_mixin.py:154} INFO - [2023-11-10T18:49:37.263+0000] {dag.py:3722} INFO - Setting next_dagrun for example_external_task_marker_parent to None, run_after=None
[2023-11-10T18:49:37.270+0000] {processor.py:179} INFO - Processing /home/airflow/.local/lib/python3.8/site-packages/airflow/example_dags/example_external_task_marker_dag.py took 0.026 seconds
[2023-11-10T18:50:07.690+0000] {processor.py:157} INFO - Started process (PID=513) to work on /home/airflow/.local/lib/python3.8/site-packages/airflow/example_dags/example_external_task_marker_dag.py
[2023-11-10T18:50:07.690+0000] {processor.py:829} INFO - Processing file /home/airflow/.local/lib/python3.8/site-packages/airflow/example_dags/example_external_task_marker_dag.py for tasks to queue
[2023-11-10T18:50:07.690+0000] {logging_mixin.py:154} INFO - [2023-11-10T18:50:07.690+0000] {dagbag.py:536} INFO - Filling up the DagBag from /home/airflow/.local/lib/python3.8/site-packages/airflow/example_dags/example_external_task_marker_dag.py
[2023-11-10T18:50:07.694+0000] {processor.py:839} INFO - DAG(s) dict_keys(['example_external_task_marker_parent', 'example_external_task_marker_child']) retrieved from /home/airflow/.local/lib/python3.8/site-packages/airflow/example_dags/example_external_task_marker_dag.py
[2023-11-10T18:50:07.705+0000] {logging_mixin.py:154} INFO - [2023-11-10T18:50:07.705+0000] {dag.py:2941} INFO - Sync 2 DAGs
[2023-11-10T18:50:07.711+0000] {logging_mixin.py:154} INFO - [2023-11-10T18:50:07.711+0000] {dag.py:3722} INFO - Setting next_dagrun for example_external_task_marker_child to None, run_after=None
[2023-11-10T18:50:07.712+0000] {logging_mixin.py:154} INFO - [2023-11-10T18:50:07.712+0000] {dag.py:3722} INFO - Setting next_dagrun for example_external_task_marker_parent to None, run_after=None
[2023-11-10T18:50:07.719+0000] {processor.py:179} INFO - Processing /home/airflow/.local/lib/python3.8/site-packages/airflow/example_dags/example_external_task_marker_dag.py took 0.031 seconds
[2023-11-10T18:50:38.143+0000] {processor.py:157} INFO - Started process (PID=753) to work on /home/airflow/.local/lib/python3.8/site-packages/airflow/example_dags/example_external_task_marker_dag.py
[2023-11-10T18:50:38.143+0000] {processor.py:829} INFO - Processing file /home/airflow/.local/lib/python3.8/site-packages/airflow/example_dags/example_external_task_marker_dag.py for tasks to queue
[2023-11-10T18:50:38.144+0000] {logging_mixin.py:154} INFO - [2023-11-10T18:50:38.144+0000] {dagbag.py:536} INFO - Filling up the DagBag from /home/airflow/.local/lib/python3.8/site-packages/airflow/example_dags/example_external_task_marker_dag.py
[2023-11-10T18:50:38.147+0000] {processor.py:839} INFO - DAG(s) dict_keys(['example_external_task_marker_child', 'example_external_task_marker_parent']) retrieved from /home/airflow/.local/lib/python3.8/site-packages/airflow/example_dags/example_external_task_marker_dag.py
[2023-11-10T18:50:38.158+0000] {logging_mixin.py:154} INFO - [2023-11-10T18:50:38.158+0000] {dag.py:2941} INFO - Sync 2 DAGs
[2023-11-10T18:50:38.164+0000] {logging_mixin.py:154} INFO - [2023-11-10T18:50:38.164+0000] {dag.py:3722} INFO - Setting next_dagrun for example_external_task_marker_child to None, run_after=None
[2023-11-10T18:50:38.165+0000] {logging_mixin.py:154} INFO - [2023-11-10T18:50:38.165+0000] {dag.py:3722} INFO - Setting next_dagrun for example_external_task_marker_parent to None, run_after=None
[2023-11-10T18:50:38.171+0000] {processor.py:179} INFO - Processing /home/airflow/.local/lib/python3.8/site-packages/airflow/example_dags/example_external_task_marker_dag.py took 0.030 seconds
[2023-11-10T18:51:08.727+0000] {processor.py:157} INFO - Started process (PID=991) to work on /home/airflow/.local/lib/python3.8/site-packages/airflow/example_dags/example_external_task_marker_dag.py
[2023-11-10T18:51:08.727+0000] {processor.py:829} INFO - Processing file /home/airflow/.local/lib/python3.8/site-packages/airflow/example_dags/example_external_task_marker_dag.py for tasks to queue
[2023-11-10T18:51:08.728+0000] {logging_mixin.py:154} INFO - [2023-11-10T18:51:08.728+0000] {dagbag.py:536} INFO - Filling up the DagBag from /home/airflow/.local/lib/python3.8/site-packages/airflow/example_dags/example_external_task_marker_dag.py
[2023-11-10T18:51:08.731+0000] {processor.py:839} INFO - DAG(s) dict_keys(['example_external_task_marker_parent', 'example_external_task_marker_child']) retrieved from /home/airflow/.local/lib/python3.8/site-packages/airflow/example_dags/example_external_task_marker_dag.py
[2023-11-10T18:51:08.744+0000] {logging_mixin.py:154} INFO - [2023-11-10T18:51:08.744+0000] {dag.py:2941} INFO - Sync 2 DAGs
[2023-11-10T18:51:08.750+0000] {logging_mixin.py:154} INFO - [2023-11-10T18:51:08.750+0000] {dag.py:3722} INFO - Setting next_dagrun for example_external_task_marker_child to None, run_after=None
[2023-11-10T18:51:08.752+0000] {logging_mixin.py:154} INFO - [2023-11-10T18:51:08.752+0000] {dag.py:3722} INFO - Setting next_dagrun for example_external_task_marker_parent to None, run_after=None
[2023-11-10T18:51:08.759+0000] {processor.py:179} INFO - Processing /home/airflow/.local/lib/python3.8/site-packages/airflow/example_dags/example_external_task_marker_dag.py took 0.035 seconds
[2023-11-10T18:51:39.197+0000] {processor.py:157} INFO - Started process (PID=1227) to work on /home/airflow/.local/lib/python3.8/site-packages/airflow/example_dags/example_external_task_marker_dag.py
[2023-11-10T18:51:39.197+0000] {processor.py:829} INFO - Processing file /home/airflow/.local/lib/python3.8/site-packages/airflow/example_dags/example_external_task_marker_dag.py for tasks to queue
[2023-11-10T18:51:39.198+0000] {logging_mixin.py:154} INFO - [2023-11-10T18:51:39.197+0000] {dagbag.py:536} INFO - Filling up the DagBag from /home/airflow/.local/lib/python3.8/site-packages/airflow/example_dags/example_external_task_marker_dag.py
[2023-11-10T18:51:39.201+0000] {processor.py:839} INFO - DAG(s) dict_keys(['example_external_task_marker_child', 'example_external_task_marker_parent']) retrieved from /home/airflow/.local/lib/python3.8/site-packages/airflow/example_dags/example_external_task_marker_dag.py
[2023-11-10T18:51:39.212+0000] {logging_mixin.py:154} INFO - [2023-11-10T18:51:39.212+0000] {dag.py:2941} INFO - Sync 2 DAGs
[2023-11-10T18:51:39.219+0000] {logging_mixin.py:154} INFO - [2023-11-10T18:51:39.219+0000] {dag.py:3722} INFO - Setting next_dagrun for example_external_task_marker_child to None, run_after=None
[2023-11-10T18:51:39.220+0000] {logging_mixin.py:154} INFO - [2023-11-10T18:51:39.220+0000] {dag.py:3722} INFO - Setting next_dagrun for example_external_task_marker_parent to None, run_after=None
[2023-11-10T18:51:39.227+0000] {processor.py:179} INFO - Processing /home/airflow/.local/lib/python3.8/site-packages/airflow/example_dags/example_external_task_marker_dag.py took 0.032 seconds
[2023-11-10T18:52:09.653+0000] {processor.py:157} INFO - Started process (PID=1465) to work on /home/airflow/.local/lib/python3.8/site-packages/airflow/example_dags/example_external_task_marker_dag.py
[2023-11-10T18:52:09.653+0000] {processor.py:829} INFO - Processing file /home/airflow/.local/lib/python3.8/site-packages/airflow/example_dags/example_external_task_marker_dag.py for tasks to queue
[2023-11-10T18:52:09.654+0000] {logging_mixin.py:154} INFO - [2023-11-10T18:52:09.654+0000] {dagbag.py:536} INFO - Filling up the DagBag from /home/airflow/.local/lib/python3.8/site-packages/airflow/example_dags/example_external_task_marker_dag.py
[2023-11-10T18:52:09.657+0000] {processor.py:839} INFO - DAG(s) dict_keys(['example_external_task_marker_parent', 'example_external_task_marker_child']) retrieved from /home/airflow/.local/lib/python3.8/site-packages/airflow/example_dags/example_external_task_marker_dag.py
[2023-11-10T18:52:09.671+0000] {logging_mixin.py:154} INFO - [2023-11-10T18:52:09.671+0000] {dag.py:2941} INFO - Sync 2 DAGs
[2023-11-10T18:52:09.678+0000] {logging_mixin.py:154} INFO - [2023-11-10T18:52:09.678+0000] {dag.py:3722} INFO - Setting next_dagrun for example_external_task_marker_child to None, run_after=None
[2023-11-10T18:52:09.680+0000] {logging_mixin.py:154} INFO - [2023-11-10T18:52:09.679+0000] {dag.py:3722} INFO - Setting next_dagrun for example_external_task_marker_parent to None, run_after=None
[2023-11-10T18:52:09.687+0000] {processor.py:179} INFO - Processing /home/airflow/.local/lib/python3.8/site-packages/airflow/example_dags/example_external_task_marker_dag.py took 0.036 seconds
[2023-11-10T18:52:40.188+0000] {processor.py:157} INFO - Started process (PID=1703) to work on /home/airflow/.local/lib/python3.8/site-packages/airflow/example_dags/example_external_task_marker_dag.py
[2023-11-10T18:52:40.189+0000] {processor.py:829} INFO - Processing file /home/airflow/.local/lib/python3.8/site-packages/airflow/example_dags/example_external_task_marker_dag.py for tasks to queue
[2023-11-10T18:52:40.189+0000] {logging_mixin.py:154} INFO - [2023-11-10T18:52:40.189+0000] {dagbag.py:536} INFO - Filling up the DagBag from /home/airflow/.local/lib/python3.8/site-packages/airflow/example_dags/example_external_task_marker_dag.py
[2023-11-10T18:52:40.192+0000] {processor.py:839} INFO - DAG(s) dict_keys(['example_external_task_marker_parent', 'example_external_task_marker_child']) retrieved from /home/airflow/.local/lib/python3.8/site-packages/airflow/example_dags/example_external_task_marker_dag.py
[2023-11-10T18:52:40.205+0000] {logging_mixin.py:154} INFO - [2023-11-10T18:52:40.205+0000] {dag.py:2941} INFO - Sync 2 DAGs
[2023-11-10T18:52:40.212+0000] {logging_mixin.py:154} INFO - [2023-11-10T18:52:40.212+0000] {dag.py:3722} INFO - Setting next_dagrun for example_external_task_marker_child to None, run_after=None
[2023-11-10T18:52:40.213+0000] {logging_mixin.py:154} INFO - [2023-11-10T18:52:40.213+0000] {dag.py:3722} INFO - Setting next_dagrun for example_external_task_marker_parent to None, run_after=None
[2023-11-10T18:52:40.220+0000] {processor.py:179} INFO - Processing /home/airflow/.local/lib/python3.8/site-packages/airflow/example_dags/example_external_task_marker_dag.py took 0.034 seconds
[2023-11-10T18:53:10.644+0000] {processor.py:157} INFO - Started process (PID=1941) to work on /home/airflow/.local/lib/python3.8/site-packages/airflow/example_dags/example_external_task_marker_dag.py
[2023-11-10T18:53:10.644+0000] {processor.py:829} INFO - Processing file /home/airflow/.local/lib/python3.8/site-packages/airflow/example_dags/example_external_task_marker_dag.py for tasks to queue
[2023-11-10T18:53:10.645+0000] {logging_mixin.py:154} INFO - [2023-11-10T18:53:10.645+0000] {dagbag.py:536} INFO - Filling up the DagBag from /home/airflow/.local/lib/python3.8/site-packages/airflow/example_dags/example_external_task_marker_dag.py
[2023-11-10T18:53:10.648+0000] {processor.py:839} INFO - DAG(s) dict_keys(['example_external_task_marker_child', 'example_external_task_marker_parent']) retrieved from /home/airflow/.local/lib/python3.8/site-packages/airflow/example_dags/example_external_task_marker_dag.py
[2023-11-10T18:53:10.659+0000] {logging_mixin.py:154} INFO - [2023-11-10T18:53:10.659+0000] {dag.py:2941} INFO - Sync 2 DAGs
[2023-11-10T18:53:10.665+0000] {logging_mixin.py:154} INFO - [2023-11-10T18:53:10.665+0000] {dag.py:3722} INFO - Setting next_dagrun for example_external_task_marker_child to None, run_after=None
[2023-11-10T18:53:10.666+0000] {logging_mixin.py:154} INFO - [2023-11-10T18:53:10.666+0000] {dag.py:3722} INFO - Setting next_dagrun for example_external_task_marker_parent to None, run_after=None
[2023-11-10T18:53:10.673+0000] {processor.py:179} INFO - Processing /home/airflow/.local/lib/python3.8/site-packages/airflow/example_dags/example_external_task_marker_dag.py took 0.031 seconds
[2023-11-10T18:53:41.212+0000] {processor.py:157} INFO - Started process (PID=2181) to work on /home/airflow/.local/lib/python3.8/site-packages/airflow/example_dags/example_external_task_marker_dag.py
[2023-11-10T18:53:41.213+0000] {processor.py:829} INFO - Processing file /home/airflow/.local/lib/python3.8/site-packages/airflow/example_dags/example_external_task_marker_dag.py for tasks to queue
[2023-11-10T18:53:41.213+0000] {logging_mixin.py:154} INFO - [2023-11-10T18:53:41.213+0000] {dagbag.py:536} INFO - Filling up the DagBag from /home/airflow/.local/lib/python3.8/site-packages/airflow/example_dags/example_external_task_marker_dag.py
[2023-11-10T18:53:41.216+0000] {processor.py:839} INFO - DAG(s) dict_keys(['example_external_task_marker_child', 'example_external_task_marker_parent']) retrieved from /home/airflow/.local/lib/python3.8/site-packages/airflow/example_dags/example_external_task_marker_dag.py
[2023-11-10T18:53:41.228+0000] {logging_mixin.py:154} INFO - [2023-11-10T18:53:41.228+0000] {dag.py:2941} INFO - Sync 2 DAGs
[2023-11-10T18:53:41.234+0000] {logging_mixin.py:154} INFO - [2023-11-10T18:53:41.234+0000] {dag.py:3722} INFO - Setting next_dagrun for example_external_task_marker_child to None, run_after=None
[2023-11-10T18:53:41.235+0000] {logging_mixin.py:154} INFO - [2023-11-10T18:53:41.235+0000] {dag.py:3722} INFO - Setting next_dagrun for example_external_task_marker_parent to None, run_after=None
[2023-11-10T18:53:41.242+0000] {processor.py:179} INFO - Processing /home/airflow/.local/lib/python3.8/site-packages/airflow/example_dags/example_external_task_marker_dag.py took 0.031 seconds
[2023-11-10T18:54:11.654+0000] {processor.py:157} INFO - Started process (PID=2419) to work on /home/airflow/.local/lib/python3.8/site-packages/airflow/example_dags/example_external_task_marker_dag.py
[2023-11-10T18:54:11.654+0000] {processor.py:829} INFO - Processing file /home/airflow/.local/lib/python3.8/site-packages/airflow/example_dags/example_external_task_marker_dag.py for tasks to queue
[2023-11-10T18:54:11.655+0000] {logging_mixin.py:154} INFO - [2023-11-10T18:54:11.655+0000] {dagbag.py:536} INFO - Filling up the DagBag from /home/airflow/.local/lib/python3.8/site-packages/airflow/example_dags/example_external_task_marker_dag.py
[2023-11-10T18:54:11.658+0000] {processor.py:839} INFO - DAG(s) dict_keys(['example_external_task_marker_child', 'example_external_task_marker_parent']) retrieved from /home/airflow/.local/lib/python3.8/site-packages/airflow/example_dags/example_external_task_marker_dag.py
[2023-11-10T18:54:11.670+0000] {logging_mixin.py:154} INFO - [2023-11-10T18:54:11.670+0000] {dag.py:2941} INFO - Sync 2 DAGs
[2023-11-10T18:54:11.676+0000] {logging_mixin.py:154} INFO - [2023-11-10T18:54:11.676+0000] {dag.py:3722} INFO - Setting next_dagrun for example_external_task_marker_child to None, run_after=None
[2023-11-10T18:54:11.678+0000] {logging_mixin.py:154} INFO - [2023-11-10T18:54:11.678+0000] {dag.py:3722} INFO - Setting next_dagrun for example_external_task_marker_parent to None, run_after=None
[2023-11-10T18:54:11.684+0000] {processor.py:179} INFO - Processing /home/airflow/.local/lib/python3.8/site-packages/airflow/example_dags/example_external_task_marker_dag.py took 0.032 seconds
[2023-11-10T18:54:42.140+0000] {processor.py:157} INFO - Started process (PID=2657) to work on /home/airflow/.local/lib/python3.8/site-packages/airflow/example_dags/example_external_task_marker_dag.py
[2023-11-10T18:54:42.140+0000] {processor.py:829} INFO - Processing file /home/airflow/.local/lib/python3.8/site-packages/airflow/example_dags/example_external_task_marker_dag.py for tasks to queue
[2023-11-10T18:54:42.141+0000] {logging_mixin.py:154} INFO - [2023-11-10T18:54:42.141+0000] {dagbag.py:536} INFO - Filling up the DagBag from /home/airflow/.local/lib/python3.8/site-packages/airflow/example_dags/example_external_task_marker_dag.py
[2023-11-10T18:54:42.144+0000] {processor.py:839} INFO - DAG(s) dict_keys(['example_external_task_marker_parent', 'example_external_task_marker_child']) retrieved from /home/airflow/.local/lib/python3.8/site-packages/airflow/example_dags/example_external_task_marker_dag.py
[2023-11-10T18:54:42.155+0000] {logging_mixin.py:154} INFO - [2023-11-10T18:54:42.155+0000] {dag.py:2941} INFO - Sync 2 DAGs
[2023-11-10T18:54:42.161+0000] {logging_mixin.py:154} INFO - [2023-11-10T18:54:42.161+0000] {dag.py:3722} INFO - Setting next_dagrun for example_external_task_marker_child to None, run_after=None
[2023-11-10T18:54:42.162+0000] {logging_mixin.py:154} INFO - [2023-11-10T18:54:42.162+0000] {dag.py:3722} INFO - Setting next_dagrun for example_external_task_marker_parent to None, run_after=None
[2023-11-10T18:54:42.169+0000] {processor.py:179} INFO - Processing /home/airflow/.local/lib/python3.8/site-packages/airflow/example_dags/example_external_task_marker_dag.py took 0.030 seconds
[2023-11-10T18:55:12.624+0000] {processor.py:157} INFO - Started process (PID=2895) to work on /home/airflow/.local/lib/python3.8/site-packages/airflow/example_dags/example_external_task_marker_dag.py
[2023-11-10T18:55:12.624+0000] {processor.py:829} INFO - Processing file /home/airflow/.local/lib/python3.8/site-packages/airflow/example_dags/example_external_task_marker_dag.py for tasks to queue
[2023-11-10T18:55:12.625+0000] {logging_mixin.py:154} INFO - [2023-11-10T18:55:12.624+0000] {dagbag.py:536} INFO - Filling up the DagBag from /home/airflow/.local/lib/python3.8/site-packages/airflow/example_dags/example_external_task_marker_dag.py
[2023-11-10T18:55:12.628+0000] {processor.py:839} INFO - DAG(s) dict_keys(['example_external_task_marker_parent', 'example_external_task_marker_child']) retrieved from /home/airflow/.local/lib/python3.8/site-packages/airflow/example_dags/example_external_task_marker_dag.py
[2023-11-10T18:55:12.643+0000] {logging_mixin.py:154} INFO - [2023-11-10T18:55:12.643+0000] {dag.py:2941} INFO - Sync 2 DAGs
[2023-11-10T18:55:12.649+0000] {logging_mixin.py:154} INFO - [2023-11-10T18:55:12.649+0000] {dag.py:3722} INFO - Setting next_dagrun for example_external_task_marker_child to None, run_after=None
[2023-11-10T18:55:12.651+0000] {logging_mixin.py:154} INFO - [2023-11-10T18:55:12.651+0000] {dag.py:3722} INFO - Setting next_dagrun for example_external_task_marker_parent to None, run_after=None
[2023-11-10T18:55:12.658+0000] {processor.py:179} INFO - Processing /home/airflow/.local/lib/python3.8/site-packages/airflow/example_dags/example_external_task_marker_dag.py took 0.036 seconds
[2023-11-10T18:55:43.197+0000] {processor.py:157} INFO - Started process (PID=3131) to work on /home/airflow/.local/lib/python3.8/site-packages/airflow/example_dags/example_external_task_marker_dag.py
[2023-11-10T18:55:43.197+0000] {processor.py:829} INFO - Processing file /home/airflow/.local/lib/python3.8/site-packages/airflow/example_dags/example_external_task_marker_dag.py for tasks to queue
[2023-11-10T18:55:43.198+0000] {logging_mixin.py:154} INFO - [2023-11-10T18:55:43.198+0000] {dagbag.py:536} INFO - Filling up the DagBag from /home/airflow/.local/lib/python3.8/site-packages/airflow/example_dags/example_external_task_marker_dag.py
[2023-11-10T18:55:43.201+0000] {processor.py:839} INFO - DAG(s) dict_keys(['example_external_task_marker_child', 'example_external_task_marker_parent']) retrieved from /home/airflow/.local/lib/python3.8/site-packages/airflow/example_dags/example_external_task_marker_dag.py
[2023-11-10T18:55:43.212+0000] {logging_mixin.py:154} INFO - [2023-11-10T18:55:43.211+0000] {dag.py:2941} INFO - Sync 2 DAGs
[2023-11-10T18:55:43.217+0000] {logging_mixin.py:154} INFO - [2023-11-10T18:55:43.217+0000] {dag.py:3722} INFO - Setting next_dagrun for example_external_task_marker_child to None, run_after=None
[2023-11-10T18:55:43.219+0000] {logging_mixin.py:154} INFO - [2023-11-10T18:55:43.219+0000] {dag.py:3722} INFO - Setting next_dagrun for example_external_task_marker_parent to None, run_after=None
[2023-11-10T18:55:43.225+0000] {processor.py:179} INFO - Processing /home/airflow/.local/lib/python3.8/site-packages/airflow/example_dags/example_external_task_marker_dag.py took 0.030 seconds
[2023-11-10T18:56:13.758+0000] {processor.py:157} INFO - Started process (PID=3369) to work on /home/airflow/.local/lib/python3.8/site-packages/airflow/example_dags/example_external_task_marker_dag.py
[2023-11-10T18:56:13.758+0000] {processor.py:829} INFO - Processing file /home/airflow/.local/lib/python3.8/site-packages/airflow/example_dags/example_external_task_marker_dag.py for tasks to queue
[2023-11-10T18:56:13.759+0000] {logging_mixin.py:154} INFO - [2023-11-10T18:56:13.759+0000] {dagbag.py:536} INFO - Filling up the DagBag from /home/airflow/.local/lib/python3.8/site-packages/airflow/example_dags/example_external_task_marker_dag.py
[2023-11-10T18:56:13.762+0000] {processor.py:839} INFO - DAG(s) dict_keys(['example_external_task_marker_child', 'example_external_task_marker_parent']) retrieved from /home/airflow/.local/lib/python3.8/site-packages/airflow/example_dags/example_external_task_marker_dag.py
[2023-11-10T18:56:13.773+0000] {logging_mixin.py:154} INFO - [2023-11-10T18:56:13.773+0000] {dag.py:2941} INFO - Sync 2 DAGs
[2023-11-10T18:56:13.779+0000] {logging_mixin.py:154} INFO - [2023-11-10T18:56:13.779+0000] {dag.py:3722} INFO - Setting next_dagrun for example_external_task_marker_child to None, run_after=None
[2023-11-10T18:56:13.780+0000] {logging_mixin.py:154} INFO - [2023-11-10T18:56:13.780+0000] {dag.py:3722} INFO - Setting next_dagrun for example_external_task_marker_parent to None, run_after=None
[2023-11-10T18:56:13.787+0000] {processor.py:179} INFO - Processing /home/airflow/.local/lib/python3.8/site-packages/airflow/example_dags/example_external_task_marker_dag.py took 0.031 seconds
[2023-11-10T18:56:44.331+0000] {processor.py:157} INFO - Started process (PID=3607) to work on /home/airflow/.local/lib/python3.8/site-packages/airflow/example_dags/example_external_task_marker_dag.py
[2023-11-10T18:56:44.332+0000] {processor.py:829} INFO - Processing file /home/airflow/.local/lib/python3.8/site-packages/airflow/example_dags/example_external_task_marker_dag.py for tasks to queue
[2023-11-10T18:56:44.332+0000] {logging_mixin.py:154} INFO - [2023-11-10T18:56:44.332+0000] {dagbag.py:536} INFO - Filling up the DagBag from /home/airflow/.local/lib/python3.8/site-packages/airflow/example_dags/example_external_task_marker_dag.py
[2023-11-10T18:56:44.335+0000] {processor.py:839} INFO - DAG(s) dict_keys(['example_external_task_marker_parent', 'example_external_task_marker_child']) retrieved from /home/airflow/.local/lib/python3.8/site-packages/airflow/example_dags/example_external_task_marker_dag.py
[2023-11-10T18:56:44.346+0000] {logging_mixin.py:154} INFO - [2023-11-10T18:56:44.346+0000] {dag.py:2941} INFO - Sync 2 DAGs
[2023-11-10T18:56:44.352+0000] {logging_mixin.py:154} INFO - [2023-11-10T18:56:44.352+0000] {dag.py:3722} INFO - Setting next_dagrun for example_external_task_marker_child to None, run_after=None
[2023-11-10T18:56:44.354+0000] {logging_mixin.py:154} INFO - [2023-11-10T18:56:44.354+0000] {dag.py:3722} INFO - Setting next_dagrun for example_external_task_marker_parent to None, run_after=None
[2023-11-10T18:56:44.360+0000] {processor.py:179} INFO - Processing /home/airflow/.local/lib/python3.8/site-packages/airflow/example_dags/example_external_task_marker_dag.py took 0.031 seconds
[2023-11-10T18:57:14.749+0000] {processor.py:157} INFO - Started process (PID=3845) to work on /home/airflow/.local/lib/python3.8/site-packages/airflow/example_dags/example_external_task_marker_dag.py
[2023-11-10T18:57:14.750+0000] {processor.py:829} INFO - Processing file /home/airflow/.local/lib/python3.8/site-packages/airflow/example_dags/example_external_task_marker_dag.py for tasks to queue
[2023-11-10T18:57:14.750+0000] {logging_mixin.py:154} INFO - [2023-11-10T18:57:14.750+0000] {dagbag.py:536} INFO - Filling up the DagBag from /home/airflow/.local/lib/python3.8/site-packages/airflow/example_dags/example_external_task_marker_dag.py
[2023-11-10T18:57:14.753+0000] {processor.py:839} INFO - DAG(s) dict_keys(['example_external_task_marker_child', 'example_external_task_marker_parent']) retrieved from /home/airflow/.local/lib/python3.8/site-packages/airflow/example_dags/example_external_task_marker_dag.py
[2023-11-10T18:57:14.765+0000] {logging_mixin.py:154} INFO - [2023-11-10T18:57:14.765+0000] {dag.py:2941} INFO - Sync 2 DAGs
[2023-11-10T18:57:14.770+0000] {logging_mixin.py:154} INFO - [2023-11-10T18:57:14.770+0000] {dag.py:3722} INFO - Setting next_dagrun for example_external_task_marker_child to None, run_after=None
[2023-11-10T18:57:14.772+0000] {logging_mixin.py:154} INFO - [2023-11-10T18:57:14.772+0000] {dag.py:3722} INFO - Setting next_dagrun for example_external_task_marker_parent to None, run_after=None
[2023-11-10T18:57:14.778+0000] {processor.py:179} INFO - Processing /home/airflow/.local/lib/python3.8/site-packages/airflow/example_dags/example_external_task_marker_dag.py took 0.030 seconds
[2023-11-10T18:57:45.200+0000] {processor.py:157} INFO - Started process (PID=4083) to work on /home/airflow/.local/lib/python3.8/site-packages/airflow/example_dags/example_external_task_marker_dag.py
[2023-11-10T18:57:45.200+0000] {processor.py:829} INFO - Processing file /home/airflow/.local/lib/python3.8/site-packages/airflow/example_dags/example_external_task_marker_dag.py for tasks to queue
[2023-11-10T18:57:45.200+0000] {logging_mixin.py:154} INFO - [2023-11-10T18:57:45.200+0000] {dagbag.py:536} INFO - Filling up the DagBag from /home/airflow/.local/lib/python3.8/site-packages/airflow/example_dags/example_external_task_marker_dag.py
[2023-11-10T18:57:45.204+0000] {processor.py:839} INFO - DAG(s) dict_keys(['example_external_task_marker_parent', 'example_external_task_marker_child']) retrieved from /home/airflow/.local/lib/python3.8/site-packages/airflow/example_dags/example_external_task_marker_dag.py
[2023-11-10T18:57:45.215+0000] {logging_mixin.py:154} INFO - [2023-11-10T18:57:45.215+0000] {dag.py:2941} INFO - Sync 2 DAGs
[2023-11-10T18:57:45.221+0000] {logging_mixin.py:154} INFO - [2023-11-10T18:57:45.221+0000] {dag.py:3722} INFO - Setting next_dagrun for example_external_task_marker_child to None, run_after=None
[2023-11-10T18:57:45.222+0000] {logging_mixin.py:154} INFO - [2023-11-10T18:57:45.222+0000] {dag.py:3722} INFO - Setting next_dagrun for example_external_task_marker_parent to None, run_after=None
[2023-11-10T18:57:45.229+0000] {processor.py:179} INFO - Processing /home/airflow/.local/lib/python3.8/site-packages/airflow/example_dags/example_external_task_marker_dag.py took 0.031 seconds
[2023-11-10T18:58:15.673+0000] {processor.py:157} INFO - Started process (PID=4321) to work on /home/airflow/.local/lib/python3.8/site-packages/airflow/example_dags/example_external_task_marker_dag.py
[2023-11-10T18:58:15.673+0000] {processor.py:829} INFO - Processing file /home/airflow/.local/lib/python3.8/site-packages/airflow/example_dags/example_external_task_marker_dag.py for tasks to queue
[2023-11-10T18:58:15.674+0000] {logging_mixin.py:154} INFO - [2023-11-10T18:58:15.673+0000] {dagbag.py:536} INFO - Filling up the DagBag from /home/airflow/.local/lib/python3.8/site-packages/airflow/example_dags/example_external_task_marker_dag.py
[2023-11-10T18:58:15.676+0000] {processor.py:839} INFO - DAG(s) dict_keys(['example_external_task_marker_parent', 'example_external_task_marker_child']) retrieved from /home/airflow/.local/lib/python3.8/site-packages/airflow/example_dags/example_external_task_marker_dag.py
[2023-11-10T18:58:15.688+0000] {logging_mixin.py:154} INFO - [2023-11-10T18:58:15.688+0000] {dag.py:2941} INFO - Sync 2 DAGs
[2023-11-10T18:58:15.693+0000] {logging_mixin.py:154} INFO - [2023-11-10T18:58:15.693+0000] {dag.py:3722} INFO - Setting next_dagrun for example_external_task_marker_child to None, run_after=None
[2023-11-10T18:58:15.695+0000] {logging_mixin.py:154} INFO - [2023-11-10T18:58:15.695+0000] {dag.py:3722} INFO - Setting next_dagrun for example_external_task_marker_parent to None, run_after=None
[2023-11-10T18:58:15.701+0000] {processor.py:179} INFO - Processing /home/airflow/.local/lib/python3.8/site-packages/airflow/example_dags/example_external_task_marker_dag.py took 0.030 seconds
[2023-11-10T18:58:46.227+0000] {processor.py:157} INFO - Started process (PID=4561) to work on /home/airflow/.local/lib/python3.8/site-packages/airflow/example_dags/example_external_task_marker_dag.py
[2023-11-10T18:58:46.227+0000] {processor.py:829} INFO - Processing file /home/airflow/.local/lib/python3.8/site-packages/airflow/example_dags/example_external_task_marker_dag.py for tasks to queue
[2023-11-10T18:58:46.228+0000] {logging_mixin.py:154} INFO - [2023-11-10T18:58:46.228+0000] {dagbag.py:536} INFO - Filling up the DagBag from /home/airflow/.local/lib/python3.8/site-packages/airflow/example_dags/example_external_task_marker_dag.py
[2023-11-10T18:58:46.231+0000] {processor.py:839} INFO - DAG(s) dict_keys(['example_external_task_marker_parent', 'example_external_task_marker_child']) retrieved from /home/airflow/.local/lib/python3.8/site-packages/airflow/example_dags/example_external_task_marker_dag.py
[2023-11-10T18:58:46.242+0000] {logging_mixin.py:154} INFO - [2023-11-10T18:58:46.242+0000] {dag.py:2941} INFO - Sync 2 DAGs
[2023-11-10T18:58:46.248+0000] {logging_mixin.py:154} INFO - [2023-11-10T18:58:46.248+0000] {dag.py:3722} INFO - Setting next_dagrun for example_external_task_marker_child to None, run_after=None
[2023-11-10T18:58:46.249+0000] {logging_mixin.py:154} INFO - [2023-11-10T18:58:46.249+0000] {dag.py:3722} INFO - Setting next_dagrun for example_external_task_marker_parent to None, run_after=None
[2023-11-10T18:58:46.255+0000] {processor.py:179} INFO - Processing /home/airflow/.local/lib/python3.8/site-packages/airflow/example_dags/example_external_task_marker_dag.py took 0.030 seconds
[2023-11-10T18:59:16.778+0000] {processor.py:157} INFO - Started process (PID=4797) to work on /home/airflow/.local/lib/python3.8/site-packages/airflow/example_dags/example_external_task_marker_dag.py
[2023-11-10T18:59:16.779+0000] {processor.py:829} INFO - Processing file /home/airflow/.local/lib/python3.8/site-packages/airflow/example_dags/example_external_task_marker_dag.py for tasks to queue
[2023-11-10T18:59:16.779+0000] {logging_mixin.py:154} INFO - [2023-11-10T18:59:16.779+0000] {dagbag.py:536} INFO - Filling up the DagBag from /home/airflow/.local/lib/python3.8/site-packages/airflow/example_dags/example_external_task_marker_dag.py
[2023-11-10T18:59:16.782+0000] {processor.py:839} INFO - DAG(s) dict_keys(['example_external_task_marker_parent', 'example_external_task_marker_child']) retrieved from /home/airflow/.local/lib/python3.8/site-packages/airflow/example_dags/example_external_task_marker_dag.py
[2023-11-10T18:59:16.794+0000] {logging_mixin.py:154} INFO - [2023-11-10T18:59:16.794+0000] {dag.py:2941} INFO - Sync 2 DAGs
[2023-11-10T18:59:16.800+0000] {logging_mixin.py:154} INFO - [2023-11-10T18:59:16.800+0000] {dag.py:3722} INFO - Setting next_dagrun for example_external_task_marker_child to None, run_after=None
[2023-11-10T18:59:16.801+0000] {logging_mixin.py:154} INFO - [2023-11-10T18:59:16.801+0000] {dag.py:3722} INFO - Setting next_dagrun for example_external_task_marker_parent to None, run_after=None
[2023-11-10T18:59:16.808+0000] {processor.py:179} INFO - Processing /home/airflow/.local/lib/python3.8/site-packages/airflow/example_dags/example_external_task_marker_dag.py took 0.032 seconds
[2023-11-10T18:59:47.338+0000] {processor.py:157} INFO - Started process (PID=5037) to work on /home/airflow/.local/lib/python3.8/site-packages/airflow/example_dags/example_external_task_marker_dag.py
[2023-11-10T18:59:47.338+0000] {processor.py:829} INFO - Processing file /home/airflow/.local/lib/python3.8/site-packages/airflow/example_dags/example_external_task_marker_dag.py for tasks to queue
[2023-11-10T18:59:47.339+0000] {logging_mixin.py:154} INFO - [2023-11-10T18:59:47.339+0000] {dagbag.py:536} INFO - Filling up the DagBag from /home/airflow/.local/lib/python3.8/site-packages/airflow/example_dags/example_external_task_marker_dag.py
[2023-11-10T18:59:47.342+0000] {processor.py:839} INFO - DAG(s) dict_keys(['example_external_task_marker_parent', 'example_external_task_marker_child']) retrieved from /home/airflow/.local/lib/python3.8/site-packages/airflow/example_dags/example_external_task_marker_dag.py
[2023-11-10T18:59:47.354+0000] {logging_mixin.py:154} INFO - [2023-11-10T18:59:47.354+0000] {dag.py:2941} INFO - Sync 2 DAGs
[2023-11-10T18:59:47.360+0000] {logging_mixin.py:154} INFO - [2023-11-10T18:59:47.360+0000] {dag.py:3722} INFO - Setting next_dagrun for example_external_task_marker_child to None, run_after=None
[2023-11-10T18:59:47.361+0000] {logging_mixin.py:154} INFO - [2023-11-10T18:59:47.361+0000] {dag.py:3722} INFO - Setting next_dagrun for example_external_task_marker_parent to None, run_after=None
[2023-11-10T18:59:47.367+0000] {processor.py:179} INFO - Processing /home/airflow/.local/lib/python3.8/site-packages/airflow/example_dags/example_external_task_marker_dag.py took 0.031 seconds
[2023-11-10T19:00:17.822+0000] {processor.py:157} INFO - Started process (PID=5273) to work on /home/airflow/.local/lib/python3.8/site-packages/airflow/example_dags/example_external_task_marker_dag.py
[2023-11-10T19:00:17.822+0000] {processor.py:829} INFO - Processing file /home/airflow/.local/lib/python3.8/site-packages/airflow/example_dags/example_external_task_marker_dag.py for tasks to queue
[2023-11-10T19:00:17.823+0000] {logging_mixin.py:154} INFO - [2023-11-10T19:00:17.823+0000] {dagbag.py:536} INFO - Filling up the DagBag from /home/airflow/.local/lib/python3.8/site-packages/airflow/example_dags/example_external_task_marker_dag.py
[2023-11-10T19:00:17.826+0000] {processor.py:839} INFO - DAG(s) dict_keys(['example_external_task_marker_parent', 'example_external_task_marker_child']) retrieved from /home/airflow/.local/lib/python3.8/site-packages/airflow/example_dags/example_external_task_marker_dag.py
[2023-11-10T19:00:17.838+0000] {logging_mixin.py:154} INFO - [2023-11-10T19:00:17.838+0000] {dag.py:2941} INFO - Sync 2 DAGs
[2023-11-10T19:00:17.844+0000] {logging_mixin.py:154} INFO - [2023-11-10T19:00:17.844+0000] {dag.py:3722} INFO - Setting next_dagrun for example_external_task_marker_child to None, run_after=None
[2023-11-10T19:00:17.845+0000] {logging_mixin.py:154} INFO - [2023-11-10T19:00:17.845+0000] {dag.py:3722} INFO - Setting next_dagrun for example_external_task_marker_parent to None, run_after=None
[2023-11-10T19:00:17.852+0000] {processor.py:179} INFO - Processing /home/airflow/.local/lib/python3.8/site-packages/airflow/example_dags/example_external_task_marker_dag.py took 0.032 seconds
[2023-11-10T19:00:48.377+0000] {processor.py:157} INFO - Started process (PID=5511) to work on /home/airflow/.local/lib/python3.8/site-packages/airflow/example_dags/example_external_task_marker_dag.py
[2023-11-10T19:00:48.377+0000] {processor.py:829} INFO - Processing file /home/airflow/.local/lib/python3.8/site-packages/airflow/example_dags/example_external_task_marker_dag.py for tasks to queue
[2023-11-10T19:00:48.378+0000] {logging_mixin.py:154} INFO - [2023-11-10T19:00:48.377+0000] {dagbag.py:536} INFO - Filling up the DagBag from /home/airflow/.local/lib/python3.8/site-packages/airflow/example_dags/example_external_task_marker_dag.py
[2023-11-10T19:00:48.381+0000] {processor.py:839} INFO - DAG(s) dict_keys(['example_external_task_marker_parent', 'example_external_task_marker_child']) retrieved from /home/airflow/.local/lib/python3.8/site-packages/airflow/example_dags/example_external_task_marker_dag.py
[2023-11-10T19:00:48.392+0000] {logging_mixin.py:154} INFO - [2023-11-10T19:00:48.392+0000] {dag.py:2941} INFO - Sync 2 DAGs
[2023-11-10T19:00:48.398+0000] {logging_mixin.py:154} INFO - [2023-11-10T19:00:48.398+0000] {dag.py:3722} INFO - Setting next_dagrun for example_external_task_marker_child to None, run_after=None
[2023-11-10T19:00:48.399+0000] {logging_mixin.py:154} INFO - [2023-11-10T19:00:48.399+0000] {dag.py:3722} INFO - Setting next_dagrun for example_external_task_marker_parent to None, run_after=None
[2023-11-10T19:00:48.407+0000] {processor.py:179} INFO - Processing /home/airflow/.local/lib/python3.8/site-packages/airflow/example_dags/example_external_task_marker_dag.py took 0.031 seconds
[2023-11-10T19:01:18.841+0000] {processor.py:157} INFO - Started process (PID=5749) to work on /home/airflow/.local/lib/python3.8/site-packages/airflow/example_dags/example_external_task_marker_dag.py
[2023-11-10T19:01:18.842+0000] {processor.py:829} INFO - Processing file /home/airflow/.local/lib/python3.8/site-packages/airflow/example_dags/example_external_task_marker_dag.py for tasks to queue
[2023-11-10T19:01:18.842+0000] {logging_mixin.py:154} INFO - [2023-11-10T19:01:18.842+0000] {dagbag.py:536} INFO - Filling up the DagBag from /home/airflow/.local/lib/python3.8/site-packages/airflow/example_dags/example_external_task_marker_dag.py
[2023-11-10T19:01:18.845+0000] {processor.py:839} INFO - DAG(s) dict_keys(['example_external_task_marker_child', 'example_external_task_marker_parent']) retrieved from /home/airflow/.local/lib/python3.8/site-packages/airflow/example_dags/example_external_task_marker_dag.py
[2023-11-10T19:01:18.857+0000] {logging_mixin.py:154} INFO - [2023-11-10T19:01:18.857+0000] {dag.py:2941} INFO - Sync 2 DAGs
[2023-11-10T19:01:18.863+0000] {logging_mixin.py:154} INFO - [2023-11-10T19:01:18.863+0000] {dag.py:3722} INFO - Setting next_dagrun for example_external_task_marker_child to None, run_after=None
[2023-11-10T19:01:18.865+0000] {logging_mixin.py:154} INFO - [2023-11-10T19:01:18.865+0000] {dag.py:3722} INFO - Setting next_dagrun for example_external_task_marker_parent to None, run_after=None
[2023-11-10T19:01:18.871+0000] {processor.py:179} INFO - Processing /home/airflow/.local/lib/python3.8/site-packages/airflow/example_dags/example_external_task_marker_dag.py took 0.032 seconds
[2023-11-10T19:01:49.246+0000] {processor.py:157} INFO - Started process (PID=5987) to work on /home/airflow/.local/lib/python3.8/site-packages/airflow/example_dags/example_external_task_marker_dag.py
[2023-11-10T19:01:49.247+0000] {processor.py:829} INFO - Processing file /home/airflow/.local/lib/python3.8/site-packages/airflow/example_dags/example_external_task_marker_dag.py for tasks to queue
[2023-11-10T19:01:49.247+0000] {logging_mixin.py:154} INFO - [2023-11-10T19:01:49.247+0000] {dagbag.py:536} INFO - Filling up the DagBag from /home/airflow/.local/lib/python3.8/site-packages/airflow/example_dags/example_external_task_marker_dag.py
[2023-11-10T19:01:49.251+0000] {processor.py:839} INFO - DAG(s) dict_keys(['example_external_task_marker_parent', 'example_external_task_marker_child']) retrieved from /home/airflow/.local/lib/python3.8/site-packages/airflow/example_dags/example_external_task_marker_dag.py
[2023-11-10T19:01:49.263+0000] {logging_mixin.py:154} INFO - [2023-11-10T19:01:49.263+0000] {dag.py:2941} INFO - Sync 2 DAGs
[2023-11-10T19:01:49.270+0000] {logging_mixin.py:154} INFO - [2023-11-10T19:01:49.270+0000] {dag.py:3722} INFO - Setting next_dagrun for example_external_task_marker_child to None, run_after=None
[2023-11-10T19:01:49.271+0000] {logging_mixin.py:154} INFO - [2023-11-10T19:01:49.271+0000] {dag.py:3722} INFO - Setting next_dagrun for example_external_task_marker_parent to None, run_after=None
[2023-11-10T19:01:49.278+0000] {processor.py:179} INFO - Processing /home/airflow/.local/lib/python3.8/site-packages/airflow/example_dags/example_external_task_marker_dag.py took 0.034 seconds
[2023-11-10T19:02:19.680+0000] {processor.py:157} INFO - Started process (PID=6225) to work on /home/airflow/.local/lib/python3.8/site-packages/airflow/example_dags/example_external_task_marker_dag.py
[2023-11-10T19:02:19.681+0000] {processor.py:829} INFO - Processing file /home/airflow/.local/lib/python3.8/site-packages/airflow/example_dags/example_external_task_marker_dag.py for tasks to queue
[2023-11-10T19:02:19.681+0000] {logging_mixin.py:154} INFO - [2023-11-10T19:02:19.681+0000] {dagbag.py:536} INFO - Filling up the DagBag from /home/airflow/.local/lib/python3.8/site-packages/airflow/example_dags/example_external_task_marker_dag.py
[2023-11-10T19:02:19.684+0000] {processor.py:839} INFO - DAG(s) dict_keys(['example_external_task_marker_parent', 'example_external_task_marker_child']) retrieved from /home/airflow/.local/lib/python3.8/site-packages/airflow/example_dags/example_external_task_marker_dag.py
[2023-11-10T19:02:19.698+0000] {logging_mixin.py:154} INFO - [2023-11-10T19:02:19.698+0000] {dag.py:2941} INFO - Sync 2 DAGs
[2023-11-10T19:02:19.705+0000] {logging_mixin.py:154} INFO - [2023-11-10T19:02:19.705+0000] {dag.py:3722} INFO - Setting next_dagrun for example_external_task_marker_child to None, run_after=None
[2023-11-10T19:02:19.706+0000] {logging_mixin.py:154} INFO - [2023-11-10T19:02:19.706+0000] {dag.py:3722} INFO - Setting next_dagrun for example_external_task_marker_parent to None, run_after=None
[2023-11-10T19:02:19.714+0000] {processor.py:179} INFO - Processing /home/airflow/.local/lib/python3.8/site-packages/airflow/example_dags/example_external_task_marker_dag.py took 0.036 seconds
[2023-11-10T19:02:50.216+0000] {processor.py:157} INFO - Started process (PID=6465) to work on /home/airflow/.local/lib/python3.8/site-packages/airflow/example_dags/example_external_task_marker_dag.py
[2023-11-10T19:02:50.216+0000] {processor.py:829} INFO - Processing file /home/airflow/.local/lib/python3.8/site-packages/airflow/example_dags/example_external_task_marker_dag.py for tasks to queue
[2023-11-10T19:02:50.217+0000] {logging_mixin.py:154} INFO - [2023-11-10T19:02:50.217+0000] {dagbag.py:536} INFO - Filling up the DagBag from /home/airflow/.local/lib/python3.8/site-packages/airflow/example_dags/example_external_task_marker_dag.py
[2023-11-10T19:02:50.220+0000] {processor.py:839} INFO - DAG(s) dict_keys(['example_external_task_marker_parent', 'example_external_task_marker_child']) retrieved from /home/airflow/.local/lib/python3.8/site-packages/airflow/example_dags/example_external_task_marker_dag.py
[2023-11-10T19:02:50.233+0000] {logging_mixin.py:154} INFO - [2023-11-10T19:02:50.233+0000] {dag.py:2941} INFO - Sync 2 DAGs
[2023-11-10T19:02:50.238+0000] {logging_mixin.py:154} INFO - [2023-11-10T19:02:50.238+0000] {dag.py:3722} INFO - Setting next_dagrun for example_external_task_marker_child to None, run_after=None
[2023-11-10T19:02:50.240+0000] {logging_mixin.py:154} INFO - [2023-11-10T19:02:50.240+0000] {dag.py:3722} INFO - Setting next_dagrun for example_external_task_marker_parent to None, run_after=None
[2023-11-10T19:02:50.246+0000] {processor.py:179} INFO - Processing /home/airflow/.local/lib/python3.8/site-packages/airflow/example_dags/example_external_task_marker_dag.py took 0.032 seconds
[2023-11-10T19:03:20.867+0000] {processor.py:157} INFO - Started process (PID=6757) to work on /home/airflow/.local/lib/python3.8/site-packages/airflow/example_dags/example_external_task_marker_dag.py
[2023-11-10T19:03:20.868+0000] {processor.py:829} INFO - Processing file /home/airflow/.local/lib/python3.8/site-packages/airflow/example_dags/example_external_task_marker_dag.py for tasks to queue
[2023-11-10T19:03:20.868+0000] {logging_mixin.py:154} INFO - [2023-11-10T19:03:20.868+0000] {dagbag.py:536} INFO - Filling up the DagBag from /home/airflow/.local/lib/python3.8/site-packages/airflow/example_dags/example_external_task_marker_dag.py
[2023-11-10T19:03:20.874+0000] {processor.py:839} INFO - DAG(s) dict_keys(['example_external_task_marker_child', 'example_external_task_marker_parent']) retrieved from /home/airflow/.local/lib/python3.8/site-packages/airflow/example_dags/example_external_task_marker_dag.py
[2023-11-10T19:03:20.888+0000] {logging_mixin.py:154} INFO - [2023-11-10T19:03:20.888+0000] {dag.py:2941} INFO - Sync 2 DAGs
[2023-11-10T19:03:20.896+0000] {logging_mixin.py:154} INFO - [2023-11-10T19:03:20.896+0000] {dag.py:3722} INFO - Setting next_dagrun for example_external_task_marker_child to None, run_after=None
[2023-11-10T19:03:20.898+0000] {logging_mixin.py:154} INFO - [2023-11-10T19:03:20.898+0000] {dag.py:3722} INFO - Setting next_dagrun for example_external_task_marker_parent to None, run_after=None
[2023-11-10T19:03:20.906+0000] {processor.py:179} INFO - Processing /home/airflow/.local/lib/python3.8/site-packages/airflow/example_dags/example_external_task_marker_dag.py took 0.043 seconds
