[2023-11-10T18:49:37.155+0000] {processor.py:157} INFO - Started process (PID=260) to work on /home/airflow/.local/lib/python3.8/site-packages/airflow/example_dags/example_sensors.py
[2023-11-10T18:49:37.155+0000] {processor.py:829} INFO - Processing file /home/airflow/.local/lib/python3.8/site-packages/airflow/example_dags/example_sensors.py for tasks to queue
[2023-11-10T18:49:37.156+0000] {logging_mixin.py:154} INFO - [2023-11-10T18:49:37.156+0000] {dagbag.py:536} INFO - Filling up the DagBag from /home/airflow/.local/lib/python3.8/site-packages/airflow/example_dags/example_sensors.py
[2023-11-10T18:49:37.163+0000] {processor.py:839} INFO - DAG(s) dict_keys(['example_sensors']) retrieved from /home/airflow/.local/lib/python3.8/site-packages/airflow/example_dags/example_sensors.py
[2023-11-10T18:49:37.169+0000] {logging_mixin.py:154} INFO - [2023-11-10T18:49:37.169+0000] {dag.py:2941} INFO - Sync 1 DAGs
[2023-11-10T18:49:37.175+0000] {logging_mixin.py:154} INFO - [2023-11-10T18:49:37.175+0000] {dag.py:3722} INFO - Setting next_dagrun for example_sensors to None, run_after=None
[2023-11-10T18:49:37.182+0000] {processor.py:179} INFO - Processing /home/airflow/.local/lib/python3.8/site-packages/airflow/example_dags/example_sensors.py took 0.029 seconds
[2023-11-10T18:50:07.605+0000] {processor.py:157} INFO - Started process (PID=498) to work on /home/airflow/.local/lib/python3.8/site-packages/airflow/example_dags/example_sensors.py
[2023-11-10T18:50:07.605+0000] {processor.py:829} INFO - Processing file /home/airflow/.local/lib/python3.8/site-packages/airflow/example_dags/example_sensors.py for tasks to queue
[2023-11-10T18:50:07.606+0000] {logging_mixin.py:154} INFO - [2023-11-10T18:50:07.605+0000] {dagbag.py:536} INFO - Filling up the DagBag from /home/airflow/.local/lib/python3.8/site-packages/airflow/example_dags/example_sensors.py
[2023-11-10T18:50:07.610+0000] {processor.py:839} INFO - DAG(s) dict_keys(['example_sensors']) retrieved from /home/airflow/.local/lib/python3.8/site-packages/airflow/example_dags/example_sensors.py
[2023-11-10T18:50:07.622+0000] {logging_mixin.py:154} INFO - [2023-11-10T18:50:07.622+0000] {dag.py:2941} INFO - Sync 1 DAGs
[2023-11-10T18:50:07.627+0000] {logging_mixin.py:154} INFO - [2023-11-10T18:50:07.627+0000] {dag.py:3722} INFO - Setting next_dagrun for example_sensors to None, run_after=None
[2023-11-10T18:50:07.634+0000] {processor.py:179} INFO - Processing /home/airflow/.local/lib/python3.8/site-packages/airflow/example_dags/example_sensors.py took 0.031 seconds
[2023-11-10T18:50:38.045+0000] {processor.py:157} INFO - Started process (PID=736) to work on /home/airflow/.local/lib/python3.8/site-packages/airflow/example_dags/example_sensors.py
[2023-11-10T18:50:38.046+0000] {processor.py:829} INFO - Processing file /home/airflow/.local/lib/python3.8/site-packages/airflow/example_dags/example_sensors.py for tasks to queue
[2023-11-10T18:50:38.046+0000] {logging_mixin.py:154} INFO - [2023-11-10T18:50:38.046+0000] {dagbag.py:536} INFO - Filling up the DagBag from /home/airflow/.local/lib/python3.8/site-packages/airflow/example_dags/example_sensors.py
[2023-11-10T18:50:38.051+0000] {processor.py:839} INFO - DAG(s) dict_keys(['example_sensors']) retrieved from /home/airflow/.local/lib/python3.8/site-packages/airflow/example_dags/example_sensors.py
[2023-11-10T18:50:38.063+0000] {logging_mixin.py:154} INFO - [2023-11-10T18:50:38.063+0000] {dag.py:2941} INFO - Sync 1 DAGs
[2023-11-10T18:50:38.068+0000] {logging_mixin.py:154} INFO - [2023-11-10T18:50:38.068+0000] {dag.py:3722} INFO - Setting next_dagrun for example_sensors to None, run_after=None
[2023-11-10T18:50:38.075+0000] {processor.py:179} INFO - Processing /home/airflow/.local/lib/python3.8/site-packages/airflow/example_dags/example_sensors.py took 0.031 seconds
[2023-11-10T18:51:08.614+0000] {processor.py:157} INFO - Started process (PID=974) to work on /home/airflow/.local/lib/python3.8/site-packages/airflow/example_dags/example_sensors.py
[2023-11-10T18:51:08.615+0000] {processor.py:829} INFO - Processing file /home/airflow/.local/lib/python3.8/site-packages/airflow/example_dags/example_sensors.py for tasks to queue
[2023-11-10T18:51:08.615+0000] {logging_mixin.py:154} INFO - [2023-11-10T18:51:08.615+0000] {dagbag.py:536} INFO - Filling up the DagBag from /home/airflow/.local/lib/python3.8/site-packages/airflow/example_dags/example_sensors.py
[2023-11-10T18:51:08.621+0000] {processor.py:839} INFO - DAG(s) dict_keys(['example_sensors']) retrieved from /home/airflow/.local/lib/python3.8/site-packages/airflow/example_dags/example_sensors.py
[2023-11-10T18:51:08.634+0000] {logging_mixin.py:154} INFO - [2023-11-10T18:51:08.634+0000] {dag.py:2941} INFO - Sync 1 DAGs
[2023-11-10T18:51:08.640+0000] {logging_mixin.py:154} INFO - [2023-11-10T18:51:08.640+0000] {dag.py:3722} INFO - Setting next_dagrun for example_sensors to None, run_after=None
[2023-11-10T18:51:08.648+0000] {processor.py:179} INFO - Processing /home/airflow/.local/lib/python3.8/site-packages/airflow/example_dags/example_sensors.py took 0.036 seconds
[2023-11-10T18:51:39.102+0000] {processor.py:157} INFO - Started process (PID=1212) to work on /home/airflow/.local/lib/python3.8/site-packages/airflow/example_dags/example_sensors.py
[2023-11-10T18:51:39.103+0000] {processor.py:829} INFO - Processing file /home/airflow/.local/lib/python3.8/site-packages/airflow/example_dags/example_sensors.py for tasks to queue
[2023-11-10T18:51:39.103+0000] {logging_mixin.py:154} INFO - [2023-11-10T18:51:39.103+0000] {dagbag.py:536} INFO - Filling up the DagBag from /home/airflow/.local/lib/python3.8/site-packages/airflow/example_dags/example_sensors.py
[2023-11-10T18:51:39.108+0000] {processor.py:839} INFO - DAG(s) dict_keys(['example_sensors']) retrieved from /home/airflow/.local/lib/python3.8/site-packages/airflow/example_dags/example_sensors.py
[2023-11-10T18:51:39.120+0000] {logging_mixin.py:154} INFO - [2023-11-10T18:51:39.120+0000] {dag.py:2941} INFO - Sync 1 DAGs
[2023-11-10T18:51:39.125+0000] {logging_mixin.py:154} INFO - [2023-11-10T18:51:39.125+0000] {dag.py:3722} INFO - Setting next_dagrun for example_sensors to None, run_after=None
[2023-11-10T18:51:39.132+0000] {processor.py:179} INFO - Processing /home/airflow/.local/lib/python3.8/site-packages/airflow/example_dags/example_sensors.py took 0.032 seconds
[2023-11-10T18:52:09.588+0000] {processor.py:157} INFO - Started process (PID=1452) to work on /home/airflow/.local/lib/python3.8/site-packages/airflow/example_dags/example_sensors.py
[2023-11-10T18:52:09.589+0000] {processor.py:829} INFO - Processing file /home/airflow/.local/lib/python3.8/site-packages/airflow/example_dags/example_sensors.py for tasks to queue
[2023-11-10T18:52:09.589+0000] {logging_mixin.py:154} INFO - [2023-11-10T18:52:09.589+0000] {dagbag.py:536} INFO - Filling up the DagBag from /home/airflow/.local/lib/python3.8/site-packages/airflow/example_dags/example_sensors.py
[2023-11-10T18:52:09.595+0000] {processor.py:839} INFO - DAG(s) dict_keys(['example_sensors']) retrieved from /home/airflow/.local/lib/python3.8/site-packages/airflow/example_dags/example_sensors.py
[2023-11-10T18:52:09.609+0000] {logging_mixin.py:154} INFO - [2023-11-10T18:52:09.608+0000] {dag.py:2941} INFO - Sync 1 DAGs
[2023-11-10T18:52:09.614+0000] {logging_mixin.py:154} INFO - [2023-11-10T18:52:09.614+0000] {dag.py:3722} INFO - Setting next_dagrun for example_sensors to None, run_after=None
[2023-11-10T18:52:09.623+0000] {processor.py:179} INFO - Processing /home/airflow/.local/lib/python3.8/site-packages/airflow/example_dags/example_sensors.py took 0.037 seconds
[2023-11-10T18:52:40.071+0000] {processor.py:157} INFO - Started process (PID=1688) to work on /home/airflow/.local/lib/python3.8/site-packages/airflow/example_dags/example_sensors.py
[2023-11-10T18:52:40.071+0000] {processor.py:829} INFO - Processing file /home/airflow/.local/lib/python3.8/site-packages/airflow/example_dags/example_sensors.py for tasks to queue
[2023-11-10T18:52:40.072+0000] {logging_mixin.py:154} INFO - [2023-11-10T18:52:40.072+0000] {dagbag.py:536} INFO - Filling up the DagBag from /home/airflow/.local/lib/python3.8/site-packages/airflow/example_dags/example_sensors.py
[2023-11-10T18:52:40.076+0000] {processor.py:839} INFO - DAG(s) dict_keys(['example_sensors']) retrieved from /home/airflow/.local/lib/python3.8/site-packages/airflow/example_dags/example_sensors.py
[2023-11-10T18:52:40.088+0000] {logging_mixin.py:154} INFO - [2023-11-10T18:52:40.088+0000] {dag.py:2941} INFO - Sync 1 DAGs
[2023-11-10T18:52:40.095+0000] {logging_mixin.py:154} INFO - [2023-11-10T18:52:40.095+0000] {dag.py:3722} INFO - Setting next_dagrun for example_sensors to None, run_after=None
[2023-11-10T18:52:40.106+0000] {processor.py:179} INFO - Processing /home/airflow/.local/lib/python3.8/site-packages/airflow/example_dags/example_sensors.py took 0.036 seconds
[2023-11-10T18:53:10.545+0000] {processor.py:157} INFO - Started process (PID=1926) to work on /home/airflow/.local/lib/python3.8/site-packages/airflow/example_dags/example_sensors.py
[2023-11-10T18:53:10.545+0000] {processor.py:829} INFO - Processing file /home/airflow/.local/lib/python3.8/site-packages/airflow/example_dags/example_sensors.py for tasks to queue
[2023-11-10T18:53:10.546+0000] {logging_mixin.py:154} INFO - [2023-11-10T18:53:10.545+0000] {dagbag.py:536} INFO - Filling up the DagBag from /home/airflow/.local/lib/python3.8/site-packages/airflow/example_dags/example_sensors.py
[2023-11-10T18:53:10.551+0000] {processor.py:839} INFO - DAG(s) dict_keys(['example_sensors']) retrieved from /home/airflow/.local/lib/python3.8/site-packages/airflow/example_dags/example_sensors.py
[2023-11-10T18:53:10.562+0000] {logging_mixin.py:154} INFO - [2023-11-10T18:53:10.562+0000] {dag.py:2941} INFO - Sync 1 DAGs
[2023-11-10T18:53:10.568+0000] {logging_mixin.py:154} INFO - [2023-11-10T18:53:10.568+0000] {dag.py:3722} INFO - Setting next_dagrun for example_sensors to None, run_after=None
[2023-11-10T18:53:10.574+0000] {processor.py:179} INFO - Processing /home/airflow/.local/lib/python3.8/site-packages/airflow/example_dags/example_sensors.py took 0.032 seconds
[2023-11-10T18:53:41.116+0000] {processor.py:157} INFO - Started process (PID=2164) to work on /home/airflow/.local/lib/python3.8/site-packages/airflow/example_dags/example_sensors.py
[2023-11-10T18:53:41.117+0000] {processor.py:829} INFO - Processing file /home/airflow/.local/lib/python3.8/site-packages/airflow/example_dags/example_sensors.py for tasks to queue
[2023-11-10T18:53:41.117+0000] {logging_mixin.py:154} INFO - [2023-11-10T18:53:41.117+0000] {dagbag.py:536} INFO - Filling up the DagBag from /home/airflow/.local/lib/python3.8/site-packages/airflow/example_dags/example_sensors.py
[2023-11-10T18:53:41.122+0000] {processor.py:839} INFO - DAG(s) dict_keys(['example_sensors']) retrieved from /home/airflow/.local/lib/python3.8/site-packages/airflow/example_dags/example_sensors.py
[2023-11-10T18:53:41.132+0000] {logging_mixin.py:154} INFO - [2023-11-10T18:53:41.132+0000] {dag.py:2941} INFO - Sync 1 DAGs
[2023-11-10T18:53:41.137+0000] {logging_mixin.py:154} INFO - [2023-11-10T18:53:41.137+0000] {dag.py:3722} INFO - Setting next_dagrun for example_sensors to None, run_after=None
[2023-11-10T18:53:41.144+0000] {processor.py:179} INFO - Processing /home/airflow/.local/lib/python3.8/site-packages/airflow/example_dags/example_sensors.py took 0.030 seconds
[2023-11-10T18:54:11.558+0000] {processor.py:157} INFO - Started process (PID=2402) to work on /home/airflow/.local/lib/python3.8/site-packages/airflow/example_dags/example_sensors.py
[2023-11-10T18:54:11.559+0000] {processor.py:829} INFO - Processing file /home/airflow/.local/lib/python3.8/site-packages/airflow/example_dags/example_sensors.py for tasks to queue
[2023-11-10T18:54:11.559+0000] {logging_mixin.py:154} INFO - [2023-11-10T18:54:11.559+0000] {dagbag.py:536} INFO - Filling up the DagBag from /home/airflow/.local/lib/python3.8/site-packages/airflow/example_dags/example_sensors.py
[2023-11-10T18:54:11.564+0000] {processor.py:839} INFO - DAG(s) dict_keys(['example_sensors']) retrieved from /home/airflow/.local/lib/python3.8/site-packages/airflow/example_dags/example_sensors.py
[2023-11-10T18:54:11.577+0000] {logging_mixin.py:154} INFO - [2023-11-10T18:54:11.576+0000] {dag.py:2941} INFO - Sync 1 DAGs
[2023-11-10T18:54:11.582+0000] {logging_mixin.py:154} INFO - [2023-11-10T18:54:11.582+0000] {dag.py:3722} INFO - Setting next_dagrun for example_sensors to None, run_after=None
[2023-11-10T18:54:11.590+0000] {processor.py:179} INFO - Processing /home/airflow/.local/lib/python3.8/site-packages/airflow/example_dags/example_sensors.py took 0.034 seconds
[2023-11-10T18:54:42.045+0000] {processor.py:157} INFO - Started process (PID=2640) to work on /home/airflow/.local/lib/python3.8/site-packages/airflow/example_dags/example_sensors.py
[2023-11-10T18:54:42.045+0000] {processor.py:829} INFO - Processing file /home/airflow/.local/lib/python3.8/site-packages/airflow/example_dags/example_sensors.py for tasks to queue
[2023-11-10T18:54:42.046+0000] {logging_mixin.py:154} INFO - [2023-11-10T18:54:42.045+0000] {dagbag.py:536} INFO - Filling up the DagBag from /home/airflow/.local/lib/python3.8/site-packages/airflow/example_dags/example_sensors.py
[2023-11-10T18:54:42.050+0000] {processor.py:839} INFO - DAG(s) dict_keys(['example_sensors']) retrieved from /home/airflow/.local/lib/python3.8/site-packages/airflow/example_dags/example_sensors.py
[2023-11-10T18:54:42.062+0000] {logging_mixin.py:154} INFO - [2023-11-10T18:54:42.062+0000] {dag.py:2941} INFO - Sync 1 DAGs
[2023-11-10T18:54:42.067+0000] {logging_mixin.py:154} INFO - [2023-11-10T18:54:42.067+0000] {dag.py:3722} INFO - Setting next_dagrun for example_sensors to None, run_after=None
[2023-11-10T18:54:42.074+0000] {processor.py:179} INFO - Processing /home/airflow/.local/lib/python3.8/site-packages/airflow/example_dags/example_sensors.py took 0.031 seconds
[2023-11-10T18:55:12.523+0000] {processor.py:157} INFO - Started process (PID=2878) to work on /home/airflow/.local/lib/python3.8/site-packages/airflow/example_dags/example_sensors.py
[2023-11-10T18:55:12.524+0000] {processor.py:829} INFO - Processing file /home/airflow/.local/lib/python3.8/site-packages/airflow/example_dags/example_sensors.py for tasks to queue
[2023-11-10T18:55:12.524+0000] {logging_mixin.py:154} INFO - [2023-11-10T18:55:12.524+0000] {dagbag.py:536} INFO - Filling up the DagBag from /home/airflow/.local/lib/python3.8/site-packages/airflow/example_dags/example_sensors.py
[2023-11-10T18:55:12.529+0000] {processor.py:839} INFO - DAG(s) dict_keys(['example_sensors']) retrieved from /home/airflow/.local/lib/python3.8/site-packages/airflow/example_dags/example_sensors.py
[2023-11-10T18:55:12.541+0000] {logging_mixin.py:154} INFO - [2023-11-10T18:55:12.541+0000] {dag.py:2941} INFO - Sync 1 DAGs
[2023-11-10T18:55:12.546+0000] {logging_mixin.py:154} INFO - [2023-11-10T18:55:12.546+0000] {dag.py:3722} INFO - Setting next_dagrun for example_sensors to None, run_after=None
[2023-11-10T18:55:12.554+0000] {processor.py:179} INFO - Processing /home/airflow/.local/lib/python3.8/site-packages/airflow/example_dags/example_sensors.py took 0.032 seconds
[2023-11-10T18:55:43.105+0000] {processor.py:157} INFO - Started process (PID=3116) to work on /home/airflow/.local/lib/python3.8/site-packages/airflow/example_dags/example_sensors.py
[2023-11-10T18:55:43.105+0000] {processor.py:829} INFO - Processing file /home/airflow/.local/lib/python3.8/site-packages/airflow/example_dags/example_sensors.py for tasks to queue
[2023-11-10T18:55:43.106+0000] {logging_mixin.py:154} INFO - [2023-11-10T18:55:43.106+0000] {dagbag.py:536} INFO - Filling up the DagBag from /home/airflow/.local/lib/python3.8/site-packages/airflow/example_dags/example_sensors.py
[2023-11-10T18:55:43.111+0000] {processor.py:839} INFO - DAG(s) dict_keys(['example_sensors']) retrieved from /home/airflow/.local/lib/python3.8/site-packages/airflow/example_dags/example_sensors.py
[2023-11-10T18:55:43.122+0000] {logging_mixin.py:154} INFO - [2023-11-10T18:55:43.122+0000] {dag.py:2941} INFO - Sync 1 DAGs
[2023-11-10T18:55:43.127+0000] {logging_mixin.py:154} INFO - [2023-11-10T18:55:43.127+0000] {dag.py:3722} INFO - Setting next_dagrun for example_sensors to None, run_after=None
[2023-11-10T18:55:43.135+0000] {processor.py:179} INFO - Processing /home/airflow/.local/lib/python3.8/site-packages/airflow/example_dags/example_sensors.py took 0.032 seconds
[2023-11-10T18:56:13.667+0000] {processor.py:157} INFO - Started process (PID=3354) to work on /home/airflow/.local/lib/python3.8/site-packages/airflow/example_dags/example_sensors.py
[2023-11-10T18:56:13.668+0000] {processor.py:829} INFO - Processing file /home/airflow/.local/lib/python3.8/site-packages/airflow/example_dags/example_sensors.py for tasks to queue
[2023-11-10T18:56:13.668+0000] {logging_mixin.py:154} INFO - [2023-11-10T18:56:13.668+0000] {dagbag.py:536} INFO - Filling up the DagBag from /home/airflow/.local/lib/python3.8/site-packages/airflow/example_dags/example_sensors.py
[2023-11-10T18:56:13.673+0000] {processor.py:839} INFO - DAG(s) dict_keys(['example_sensors']) retrieved from /home/airflow/.local/lib/python3.8/site-packages/airflow/example_dags/example_sensors.py
[2023-11-10T18:56:13.684+0000] {logging_mixin.py:154} INFO - [2023-11-10T18:56:13.684+0000] {dag.py:2941} INFO - Sync 1 DAGs
[2023-11-10T18:56:13.689+0000] {logging_mixin.py:154} INFO - [2023-11-10T18:56:13.689+0000] {dag.py:3722} INFO - Setting next_dagrun for example_sensors to None, run_after=None
[2023-11-10T18:56:13.697+0000] {processor.py:179} INFO - Processing /home/airflow/.local/lib/python3.8/site-packages/airflow/example_dags/example_sensors.py took 0.031 seconds
[2023-11-10T18:56:44.234+0000] {processor.py:157} INFO - Started process (PID=3592) to work on /home/airflow/.local/lib/python3.8/site-packages/airflow/example_dags/example_sensors.py
[2023-11-10T18:56:44.234+0000] {processor.py:829} INFO - Processing file /home/airflow/.local/lib/python3.8/site-packages/airflow/example_dags/example_sensors.py for tasks to queue
[2023-11-10T18:56:44.235+0000] {logging_mixin.py:154} INFO - [2023-11-10T18:56:44.234+0000] {dagbag.py:536} INFO - Filling up the DagBag from /home/airflow/.local/lib/python3.8/site-packages/airflow/example_dags/example_sensors.py
[2023-11-10T18:56:44.239+0000] {processor.py:839} INFO - DAG(s) dict_keys(['example_sensors']) retrieved from /home/airflow/.local/lib/python3.8/site-packages/airflow/example_dags/example_sensors.py
[2023-11-10T18:56:44.251+0000] {logging_mixin.py:154} INFO - [2023-11-10T18:56:44.251+0000] {dag.py:2941} INFO - Sync 1 DAGs
[2023-11-10T18:56:44.256+0000] {logging_mixin.py:154} INFO - [2023-11-10T18:56:44.256+0000] {dag.py:3722} INFO - Setting next_dagrun for example_sensors to None, run_after=None
[2023-11-10T18:56:44.264+0000] {processor.py:179} INFO - Processing /home/airflow/.local/lib/python3.8/site-packages/airflow/example_dags/example_sensors.py took 0.032 seconds
[2023-11-10T18:57:14.654+0000] {processor.py:157} INFO - Started process (PID=3830) to work on /home/airflow/.local/lib/python3.8/site-packages/airflow/example_dags/example_sensors.py
[2023-11-10T18:57:14.655+0000] {processor.py:829} INFO - Processing file /home/airflow/.local/lib/python3.8/site-packages/airflow/example_dags/example_sensors.py for tasks to queue
[2023-11-10T18:57:14.655+0000] {logging_mixin.py:154} INFO - [2023-11-10T18:57:14.655+0000] {dagbag.py:536} INFO - Filling up the DagBag from /home/airflow/.local/lib/python3.8/site-packages/airflow/example_dags/example_sensors.py
[2023-11-10T18:57:14.659+0000] {processor.py:839} INFO - DAG(s) dict_keys(['example_sensors']) retrieved from /home/airflow/.local/lib/python3.8/site-packages/airflow/example_dags/example_sensors.py
[2023-11-10T18:57:14.671+0000] {logging_mixin.py:154} INFO - [2023-11-10T18:57:14.671+0000] {dag.py:2941} INFO - Sync 1 DAGs
[2023-11-10T18:57:14.676+0000] {logging_mixin.py:154} INFO - [2023-11-10T18:57:14.676+0000] {dag.py:3722} INFO - Setting next_dagrun for example_sensors to None, run_after=None
[2023-11-10T18:57:14.683+0000] {processor.py:179} INFO - Processing /home/airflow/.local/lib/python3.8/site-packages/airflow/example_dags/example_sensors.py took 0.031 seconds
[2023-11-10T18:57:45.103+0000] {processor.py:157} INFO - Started process (PID=4068) to work on /home/airflow/.local/lib/python3.8/site-packages/airflow/example_dags/example_sensors.py
[2023-11-10T18:57:45.103+0000] {processor.py:829} INFO - Processing file /home/airflow/.local/lib/python3.8/site-packages/airflow/example_dags/example_sensors.py for tasks to queue
[2023-11-10T18:57:45.104+0000] {logging_mixin.py:154} INFO - [2023-11-10T18:57:45.104+0000] {dagbag.py:536} INFO - Filling up the DagBag from /home/airflow/.local/lib/python3.8/site-packages/airflow/example_dags/example_sensors.py
[2023-11-10T18:57:45.108+0000] {processor.py:839} INFO - DAG(s) dict_keys(['example_sensors']) retrieved from /home/airflow/.local/lib/python3.8/site-packages/airflow/example_dags/example_sensors.py
[2023-11-10T18:57:45.120+0000] {logging_mixin.py:154} INFO - [2023-11-10T18:57:45.120+0000] {dag.py:2941} INFO - Sync 1 DAGs
[2023-11-10T18:57:45.125+0000] {logging_mixin.py:154} INFO - [2023-11-10T18:57:45.125+0000] {dag.py:3722} INFO - Setting next_dagrun for example_sensors to None, run_after=None
[2023-11-10T18:57:45.132+0000] {processor.py:179} INFO - Processing /home/airflow/.local/lib/python3.8/site-packages/airflow/example_dags/example_sensors.py took 0.031 seconds
[2023-11-10T18:58:15.580+0000] {processor.py:157} INFO - Started process (PID=4306) to work on /home/airflow/.local/lib/python3.8/site-packages/airflow/example_dags/example_sensors.py
[2023-11-10T18:58:15.580+0000] {processor.py:829} INFO - Processing file /home/airflow/.local/lib/python3.8/site-packages/airflow/example_dags/example_sensors.py for tasks to queue
[2023-11-10T18:58:15.581+0000] {logging_mixin.py:154} INFO - [2023-11-10T18:58:15.580+0000] {dagbag.py:536} INFO - Filling up the DagBag from /home/airflow/.local/lib/python3.8/site-packages/airflow/example_dags/example_sensors.py
[2023-11-10T18:58:15.585+0000] {processor.py:839} INFO - DAG(s) dict_keys(['example_sensors']) retrieved from /home/airflow/.local/lib/python3.8/site-packages/airflow/example_dags/example_sensors.py
[2023-11-10T18:58:15.597+0000] {logging_mixin.py:154} INFO - [2023-11-10T18:58:15.597+0000] {dag.py:2941} INFO - Sync 1 DAGs
[2023-11-10T18:58:15.602+0000] {logging_mixin.py:154} INFO - [2023-11-10T18:58:15.602+0000] {dag.py:3722} INFO - Setting next_dagrun for example_sensors to None, run_after=None
[2023-11-10T18:58:15.609+0000] {processor.py:179} INFO - Processing /home/airflow/.local/lib/python3.8/site-packages/airflow/example_dags/example_sensors.py took 0.031 seconds
[2023-11-10T18:58:46.132+0000] {processor.py:157} INFO - Started process (PID=4544) to work on /home/airflow/.local/lib/python3.8/site-packages/airflow/example_dags/example_sensors.py
[2023-11-10T18:58:46.132+0000] {processor.py:829} INFO - Processing file /home/airflow/.local/lib/python3.8/site-packages/airflow/example_dags/example_sensors.py for tasks to queue
[2023-11-10T18:58:46.133+0000] {logging_mixin.py:154} INFO - [2023-11-10T18:58:46.132+0000] {dagbag.py:536} INFO - Filling up the DagBag from /home/airflow/.local/lib/python3.8/site-packages/airflow/example_dags/example_sensors.py
[2023-11-10T18:58:46.137+0000] {processor.py:839} INFO - DAG(s) dict_keys(['example_sensors']) retrieved from /home/airflow/.local/lib/python3.8/site-packages/airflow/example_dags/example_sensors.py
[2023-11-10T18:58:46.149+0000] {logging_mixin.py:154} INFO - [2023-11-10T18:58:46.149+0000] {dag.py:2941} INFO - Sync 1 DAGs
[2023-11-10T18:58:46.154+0000] {logging_mixin.py:154} INFO - [2023-11-10T18:58:46.154+0000] {dag.py:3722} INFO - Setting next_dagrun for example_sensors to None, run_after=None
[2023-11-10T18:58:46.161+0000] {processor.py:179} INFO - Processing /home/airflow/.local/lib/python3.8/site-packages/airflow/example_dags/example_sensors.py took 0.031 seconds
[2023-11-10T18:59:16.682+0000] {processor.py:157} INFO - Started process (PID=4782) to work on /home/airflow/.local/lib/python3.8/site-packages/airflow/example_dags/example_sensors.py
[2023-11-10T18:59:16.683+0000] {processor.py:829} INFO - Processing file /home/airflow/.local/lib/python3.8/site-packages/airflow/example_dags/example_sensors.py for tasks to queue
[2023-11-10T18:59:16.683+0000] {logging_mixin.py:154} INFO - [2023-11-10T18:59:16.683+0000] {dagbag.py:536} INFO - Filling up the DagBag from /home/airflow/.local/lib/python3.8/site-packages/airflow/example_dags/example_sensors.py
[2023-11-10T18:59:16.688+0000] {processor.py:839} INFO - DAG(s) dict_keys(['example_sensors']) retrieved from /home/airflow/.local/lib/python3.8/site-packages/airflow/example_dags/example_sensors.py
[2023-11-10T18:59:16.699+0000] {logging_mixin.py:154} INFO - [2023-11-10T18:59:16.699+0000] {dag.py:2941} INFO - Sync 1 DAGs
[2023-11-10T18:59:16.704+0000] {logging_mixin.py:154} INFO - [2023-11-10T18:59:16.704+0000] {dag.py:3722} INFO - Setting next_dagrun for example_sensors to None, run_after=None
[2023-11-10T18:59:16.711+0000] {processor.py:179} INFO - Processing /home/airflow/.local/lib/python3.8/site-packages/airflow/example_dags/example_sensors.py took 0.031 seconds
[2023-11-10T18:59:47.246+0000] {processor.py:157} INFO - Started process (PID=5020) to work on /home/airflow/.local/lib/python3.8/site-packages/airflow/example_dags/example_sensors.py
[2023-11-10T18:59:47.247+0000] {processor.py:829} INFO - Processing file /home/airflow/.local/lib/python3.8/site-packages/airflow/example_dags/example_sensors.py for tasks to queue
[2023-11-10T18:59:47.247+0000] {logging_mixin.py:154} INFO - [2023-11-10T18:59:47.247+0000] {dagbag.py:536} INFO - Filling up the DagBag from /home/airflow/.local/lib/python3.8/site-packages/airflow/example_dags/example_sensors.py
[2023-11-10T18:59:47.252+0000] {processor.py:839} INFO - DAG(s) dict_keys(['example_sensors']) retrieved from /home/airflow/.local/lib/python3.8/site-packages/airflow/example_dags/example_sensors.py
[2023-11-10T18:59:47.264+0000] {logging_mixin.py:154} INFO - [2023-11-10T18:59:47.264+0000] {dag.py:2941} INFO - Sync 1 DAGs
[2023-11-10T18:59:47.269+0000] {logging_mixin.py:154} INFO - [2023-11-10T18:59:47.269+0000] {dag.py:3722} INFO - Setting next_dagrun for example_sensors to None, run_after=None
[2023-11-10T18:59:47.277+0000] {processor.py:179} INFO - Processing /home/airflow/.local/lib/python3.8/site-packages/airflow/example_dags/example_sensors.py took 0.032 seconds
[2023-11-10T19:00:17.726+0000] {processor.py:157} INFO - Started process (PID=5258) to work on /home/airflow/.local/lib/python3.8/site-packages/airflow/example_dags/example_sensors.py
[2023-11-10T19:00:17.726+0000] {processor.py:829} INFO - Processing file /home/airflow/.local/lib/python3.8/site-packages/airflow/example_dags/example_sensors.py for tasks to queue
[2023-11-10T19:00:17.727+0000] {logging_mixin.py:154} INFO - [2023-11-10T19:00:17.727+0000] {dagbag.py:536} INFO - Filling up the DagBag from /home/airflow/.local/lib/python3.8/site-packages/airflow/example_dags/example_sensors.py
[2023-11-10T19:00:17.732+0000] {processor.py:839} INFO - DAG(s) dict_keys(['example_sensors']) retrieved from /home/airflow/.local/lib/python3.8/site-packages/airflow/example_dags/example_sensors.py
[2023-11-10T19:00:17.743+0000] {logging_mixin.py:154} INFO - [2023-11-10T19:00:17.743+0000] {dag.py:2941} INFO - Sync 1 DAGs
[2023-11-10T19:00:17.749+0000] {logging_mixin.py:154} INFO - [2023-11-10T19:00:17.749+0000] {dag.py:3722} INFO - Setting next_dagrun for example_sensors to None, run_after=None
[2023-11-10T19:00:17.756+0000] {processor.py:179} INFO - Processing /home/airflow/.local/lib/python3.8/site-packages/airflow/example_dags/example_sensors.py took 0.032 seconds
[2023-11-10T19:00:48.279+0000] {processor.py:157} INFO - Started process (PID=5496) to work on /home/airflow/.local/lib/python3.8/site-packages/airflow/example_dags/example_sensors.py
[2023-11-10T19:00:48.280+0000] {processor.py:829} INFO - Processing file /home/airflow/.local/lib/python3.8/site-packages/airflow/example_dags/example_sensors.py for tasks to queue
[2023-11-10T19:00:48.280+0000] {logging_mixin.py:154} INFO - [2023-11-10T19:00:48.280+0000] {dagbag.py:536} INFO - Filling up the DagBag from /home/airflow/.local/lib/python3.8/site-packages/airflow/example_dags/example_sensors.py
[2023-11-10T19:00:48.285+0000] {processor.py:839} INFO - DAG(s) dict_keys(['example_sensors']) retrieved from /home/airflow/.local/lib/python3.8/site-packages/airflow/example_dags/example_sensors.py
[2023-11-10T19:00:48.296+0000] {logging_mixin.py:154} INFO - [2023-11-10T19:00:48.296+0000] {dag.py:2941} INFO - Sync 1 DAGs
[2023-11-10T19:00:48.301+0000] {logging_mixin.py:154} INFO - [2023-11-10T19:00:48.301+0000] {dag.py:3722} INFO - Setting next_dagrun for example_sensors to None, run_after=None
[2023-11-10T19:00:48.309+0000] {processor.py:179} INFO - Processing /home/airflow/.local/lib/python3.8/site-packages/airflow/example_dags/example_sensors.py took 0.032 seconds
[2023-11-10T19:01:18.769+0000] {processor.py:157} INFO - Started process (PID=5734) to work on /home/airflow/.local/lib/python3.8/site-packages/airflow/example_dags/example_sensors.py
[2023-11-10T19:01:18.769+0000] {processor.py:829} INFO - Processing file /home/airflow/.local/lib/python3.8/site-packages/airflow/example_dags/example_sensors.py for tasks to queue
[2023-11-10T19:01:18.770+0000] {logging_mixin.py:154} INFO - [2023-11-10T19:01:18.770+0000] {dagbag.py:536} INFO - Filling up the DagBag from /home/airflow/.local/lib/python3.8/site-packages/airflow/example_dags/example_sensors.py
[2023-11-10T19:01:18.775+0000] {processor.py:839} INFO - DAG(s) dict_keys(['example_sensors']) retrieved from /home/airflow/.local/lib/python3.8/site-packages/airflow/example_dags/example_sensors.py
[2023-11-10T19:01:18.787+0000] {logging_mixin.py:154} INFO - [2023-11-10T19:01:18.787+0000] {dag.py:2941} INFO - Sync 1 DAGs
[2023-11-10T19:01:18.793+0000] {logging_mixin.py:154} INFO - [2023-11-10T19:01:18.793+0000] {dag.py:3722} INFO - Setting next_dagrun for example_sensors to None, run_after=None
[2023-11-10T19:01:18.801+0000] {processor.py:179} INFO - Processing /home/airflow/.local/lib/python3.8/site-packages/airflow/example_dags/example_sensors.py took 0.034 seconds
[2023-11-10T19:01:49.134+0000] {processor.py:157} INFO - Started process (PID=5972) to work on /home/airflow/.local/lib/python3.8/site-packages/airflow/example_dags/example_sensors.py
[2023-11-10T19:01:49.135+0000] {processor.py:829} INFO - Processing file /home/airflow/.local/lib/python3.8/site-packages/airflow/example_dags/example_sensors.py for tasks to queue
[2023-11-10T19:01:49.135+0000] {logging_mixin.py:154} INFO - [2023-11-10T19:01:49.135+0000] {dagbag.py:536} INFO - Filling up the DagBag from /home/airflow/.local/lib/python3.8/site-packages/airflow/example_dags/example_sensors.py
[2023-11-10T19:01:49.141+0000] {processor.py:839} INFO - DAG(s) dict_keys(['example_sensors']) retrieved from /home/airflow/.local/lib/python3.8/site-packages/airflow/example_dags/example_sensors.py
[2023-11-10T19:01:49.159+0000] {logging_mixin.py:154} INFO - [2023-11-10T19:01:49.159+0000] {dag.py:2941} INFO - Sync 1 DAGs
[2023-11-10T19:01:49.166+0000] {logging_mixin.py:154} INFO - [2023-11-10T19:01:49.166+0000] {dag.py:3722} INFO - Setting next_dagrun for example_sensors to None, run_after=None
[2023-11-10T19:01:49.175+0000] {processor.py:179} INFO - Processing /home/airflow/.local/lib/python3.8/site-packages/airflow/example_dags/example_sensors.py took 0.042 seconds
[2023-11-10T19:02:19.574+0000] {processor.py:157} INFO - Started process (PID=6210) to work on /home/airflow/.local/lib/python3.8/site-packages/airflow/example_dags/example_sensors.py
[2023-11-10T19:02:19.575+0000] {processor.py:829} INFO - Processing file /home/airflow/.local/lib/python3.8/site-packages/airflow/example_dags/example_sensors.py for tasks to queue
[2023-11-10T19:02:19.575+0000] {logging_mixin.py:154} INFO - [2023-11-10T19:02:19.575+0000] {dagbag.py:536} INFO - Filling up the DagBag from /home/airflow/.local/lib/python3.8/site-packages/airflow/example_dags/example_sensors.py
[2023-11-10T19:02:19.581+0000] {processor.py:839} INFO - DAG(s) dict_keys(['example_sensors']) retrieved from /home/airflow/.local/lib/python3.8/site-packages/airflow/example_dags/example_sensors.py
[2023-11-10T19:02:19.593+0000] {logging_mixin.py:154} INFO - [2023-11-10T19:02:19.593+0000] {dag.py:2941} INFO - Sync 1 DAGs
[2023-11-10T19:02:19.599+0000] {logging_mixin.py:154} INFO - [2023-11-10T19:02:19.599+0000] {dag.py:3722} INFO - Setting next_dagrun for example_sensors to None, run_after=None
[2023-11-10T19:02:19.606+0000] {processor.py:179} INFO - Processing /home/airflow/.local/lib/python3.8/site-packages/airflow/example_dags/example_sensors.py took 0.034 seconds
[2023-11-10T19:02:50.117+0000] {processor.py:157} INFO - Started process (PID=6448) to work on /home/airflow/.local/lib/python3.8/site-packages/airflow/example_dags/example_sensors.py
[2023-11-10T19:02:50.118+0000] {processor.py:829} INFO - Processing file /home/airflow/.local/lib/python3.8/site-packages/airflow/example_dags/example_sensors.py for tasks to queue
[2023-11-10T19:02:50.118+0000] {logging_mixin.py:154} INFO - [2023-11-10T19:02:50.118+0000] {dagbag.py:536} INFO - Filling up the DagBag from /home/airflow/.local/lib/python3.8/site-packages/airflow/example_dags/example_sensors.py
[2023-11-10T19:02:50.123+0000] {processor.py:839} INFO - DAG(s) dict_keys(['example_sensors']) retrieved from /home/airflow/.local/lib/python3.8/site-packages/airflow/example_dags/example_sensors.py
[2023-11-10T19:02:50.135+0000] {logging_mixin.py:154} INFO - [2023-11-10T19:02:50.135+0000] {dag.py:2941} INFO - Sync 1 DAGs
[2023-11-10T19:02:50.140+0000] {logging_mixin.py:154} INFO - [2023-11-10T19:02:50.140+0000] {dag.py:3722} INFO - Setting next_dagrun for example_sensors to None, run_after=None
[2023-11-10T19:02:50.147+0000] {processor.py:179} INFO - Processing /home/airflow/.local/lib/python3.8/site-packages/airflow/example_dags/example_sensors.py took 0.032 seconds
[2023-11-10T19:03:20.741+0000] {processor.py:157} INFO - Started process (PID=6750) to work on /home/airflow/.local/lib/python3.8/site-packages/airflow/example_dags/example_sensors.py
[2023-11-10T19:03:20.742+0000] {processor.py:829} INFO - Processing file /home/airflow/.local/lib/python3.8/site-packages/airflow/example_dags/example_sensors.py for tasks to queue
[2023-11-10T19:03:20.743+0000] {logging_mixin.py:154} INFO - [2023-11-10T19:03:20.743+0000] {dagbag.py:536} INFO - Filling up the DagBag from /home/airflow/.local/lib/python3.8/site-packages/airflow/example_dags/example_sensors.py
[2023-11-10T19:03:20.750+0000] {processor.py:839} INFO - DAG(s) dict_keys(['example_sensors']) retrieved from /home/airflow/.local/lib/python3.8/site-packages/airflow/example_dags/example_sensors.py
[2023-11-10T19:03:20.770+0000] {logging_mixin.py:154} INFO - [2023-11-10T19:03:20.770+0000] {dag.py:2941} INFO - Sync 1 DAGs
[2023-11-10T19:03:20.779+0000] {logging_mixin.py:154} INFO - [2023-11-10T19:03:20.779+0000] {dag.py:3722} INFO - Setting next_dagrun for example_sensors to None, run_after=None
[2023-11-10T19:03:20.790+0000] {processor.py:179} INFO - Processing /home/airflow/.local/lib/python3.8/site-packages/airflow/example_dags/example_sensors.py took 0.051 seconds
