[2023-11-10T18:49:37.529+0000] {processor.py:157} INFO - Started process (PID=320) to work on /home/airflow/.local/lib/python3.8/site-packages/airflow/example_dags/example_trigger_target_dag.py
[2023-11-10T18:49:37.529+0000] {processor.py:829} INFO - Processing file /home/airflow/.local/lib/python3.8/site-packages/airflow/example_dags/example_trigger_target_dag.py for tasks to queue
[2023-11-10T18:49:37.529+0000] {logging_mixin.py:154} INFO - [2023-11-10T18:49:37.529+0000] {dagbag.py:536} INFO - Filling up the DagBag from /home/airflow/.local/lib/python3.8/site-packages/airflow/example_dags/example_trigger_target_dag.py
[2023-11-10T18:49:37.533+0000] {processor.py:839} INFO - DAG(s) dict_keys(['example_trigger_target_dag']) retrieved from /home/airflow/.local/lib/python3.8/site-packages/airflow/example_dags/example_trigger_target_dag.py
[2023-11-10T18:49:37.541+0000] {logging_mixin.py:154} INFO - [2023-11-10T18:49:37.541+0000] {dag.py:2941} INFO - Sync 1 DAGs
[2023-11-10T18:49:37.549+0000] {logging_mixin.py:154} INFO - [2023-11-10T18:49:37.549+0000] {dag.py:3722} INFO - Setting next_dagrun for example_trigger_target_dag to None, run_after=None
[2023-11-10T18:49:37.559+0000] {processor.py:179} INFO - Processing /home/airflow/.local/lib/python3.8/site-packages/airflow/example_dags/example_trigger_target_dag.py took 0.032 seconds
[2023-11-10T18:50:07.866+0000] {processor.py:157} INFO - Started process (PID=558) to work on /home/airflow/.local/lib/python3.8/site-packages/airflow/example_dags/example_trigger_target_dag.py
[2023-11-10T18:50:07.867+0000] {processor.py:829} INFO - Processing file /home/airflow/.local/lib/python3.8/site-packages/airflow/example_dags/example_trigger_target_dag.py for tasks to queue
[2023-11-10T18:50:07.867+0000] {logging_mixin.py:154} INFO - [2023-11-10T18:50:07.867+0000] {dagbag.py:536} INFO - Filling up the DagBag from /home/airflow/.local/lib/python3.8/site-packages/airflow/example_dags/example_trigger_target_dag.py
[2023-11-10T18:50:07.870+0000] {processor.py:839} INFO - DAG(s) dict_keys(['example_trigger_target_dag']) retrieved from /home/airflow/.local/lib/python3.8/site-packages/airflow/example_dags/example_trigger_target_dag.py
[2023-11-10T18:50:07.880+0000] {logging_mixin.py:154} INFO - [2023-11-10T18:50:07.880+0000] {dag.py:2941} INFO - Sync 1 DAGs
[2023-11-10T18:50:07.885+0000] {logging_mixin.py:154} INFO - [2023-11-10T18:50:07.885+0000] {dag.py:3722} INFO - Setting next_dagrun for example_trigger_target_dag to None, run_after=None
[2023-11-10T18:50:07.892+0000] {processor.py:179} INFO - Processing /home/airflow/.local/lib/python3.8/site-packages/airflow/example_dags/example_trigger_target_dag.py took 0.028 seconds
[2023-11-10T18:50:38.387+0000] {processor.py:157} INFO - Started process (PID=798) to work on /home/airflow/.local/lib/python3.8/site-packages/airflow/example_dags/example_trigger_target_dag.py
[2023-11-10T18:50:38.387+0000] {processor.py:829} INFO - Processing file /home/airflow/.local/lib/python3.8/site-packages/airflow/example_dags/example_trigger_target_dag.py for tasks to queue
[2023-11-10T18:50:38.387+0000] {logging_mixin.py:154} INFO - [2023-11-10T18:50:38.387+0000] {dagbag.py:536} INFO - Filling up the DagBag from /home/airflow/.local/lib/python3.8/site-packages/airflow/example_dags/example_trigger_target_dag.py
[2023-11-10T18:50:38.391+0000] {processor.py:839} INFO - DAG(s) dict_keys(['example_trigger_target_dag']) retrieved from /home/airflow/.local/lib/python3.8/site-packages/airflow/example_dags/example_trigger_target_dag.py
[2023-11-10T18:50:38.400+0000] {logging_mixin.py:154} INFO - [2023-11-10T18:50:38.400+0000] {dag.py:2941} INFO - Sync 1 DAGs
[2023-11-10T18:50:38.405+0000] {logging_mixin.py:154} INFO - [2023-11-10T18:50:38.405+0000] {dag.py:3722} INFO - Setting next_dagrun for example_trigger_target_dag to None, run_after=None
[2023-11-10T18:50:38.412+0000] {processor.py:179} INFO - Processing /home/airflow/.local/lib/python3.8/site-packages/airflow/example_dags/example_trigger_target_dag.py took 0.027 seconds
[2023-11-10T18:51:08.924+0000] {processor.py:157} INFO - Started process (PID=1034) to work on /home/airflow/.local/lib/python3.8/site-packages/airflow/example_dags/example_trigger_target_dag.py
[2023-11-10T18:51:08.925+0000] {processor.py:829} INFO - Processing file /home/airflow/.local/lib/python3.8/site-packages/airflow/example_dags/example_trigger_target_dag.py for tasks to queue
[2023-11-10T18:51:08.926+0000] {logging_mixin.py:154} INFO - [2023-11-10T18:51:08.925+0000] {dagbag.py:536} INFO - Filling up the DagBag from /home/airflow/.local/lib/python3.8/site-packages/airflow/example_dags/example_trigger_target_dag.py
[2023-11-10T18:51:08.929+0000] {processor.py:839} INFO - DAG(s) dict_keys(['example_trigger_target_dag']) retrieved from /home/airflow/.local/lib/python3.8/site-packages/airflow/example_dags/example_trigger_target_dag.py
[2023-11-10T18:51:08.939+0000] {logging_mixin.py:154} INFO - [2023-11-10T18:51:08.939+0000] {dag.py:2941} INFO - Sync 1 DAGs
[2023-11-10T18:51:08.944+0000] {logging_mixin.py:154} INFO - [2023-11-10T18:51:08.944+0000] {dag.py:3722} INFO - Setting next_dagrun for example_trigger_target_dag to None, run_after=None
[2023-11-10T18:51:08.951+0000] {processor.py:179} INFO - Processing /home/airflow/.local/lib/python3.8/site-packages/airflow/example_dags/example_trigger_target_dag.py took 0.029 seconds
[2023-11-10T18:51:39.415+0000] {processor.py:157} INFO - Started process (PID=1272) to work on /home/airflow/.local/lib/python3.8/site-packages/airflow/example_dags/example_trigger_target_dag.py
[2023-11-10T18:51:39.416+0000] {processor.py:829} INFO - Processing file /home/airflow/.local/lib/python3.8/site-packages/airflow/example_dags/example_trigger_target_dag.py for tasks to queue
[2023-11-10T18:51:39.416+0000] {logging_mixin.py:154} INFO - [2023-11-10T18:51:39.416+0000] {dagbag.py:536} INFO - Filling up the DagBag from /home/airflow/.local/lib/python3.8/site-packages/airflow/example_dags/example_trigger_target_dag.py
[2023-11-10T18:51:39.419+0000] {processor.py:839} INFO - DAG(s) dict_keys(['example_trigger_target_dag']) retrieved from /home/airflow/.local/lib/python3.8/site-packages/airflow/example_dags/example_trigger_target_dag.py
[2023-11-10T18:51:39.429+0000] {logging_mixin.py:154} INFO - [2023-11-10T18:51:39.429+0000] {dag.py:2941} INFO - Sync 1 DAGs
[2023-11-10T18:51:39.435+0000] {logging_mixin.py:154} INFO - [2023-11-10T18:51:39.435+0000] {dag.py:3722} INFO - Setting next_dagrun for example_trigger_target_dag to None, run_after=None
[2023-11-10T18:51:39.442+0000] {processor.py:179} INFO - Processing /home/airflow/.local/lib/python3.8/site-packages/airflow/example_dags/example_trigger_target_dag.py took 0.028 seconds
[2023-11-10T18:52:09.931+0000] {processor.py:157} INFO - Started process (PID=1510) to work on /home/airflow/.local/lib/python3.8/site-packages/airflow/example_dags/example_trigger_target_dag.py
[2023-11-10T18:52:09.932+0000] {processor.py:829} INFO - Processing file /home/airflow/.local/lib/python3.8/site-packages/airflow/example_dags/example_trigger_target_dag.py for tasks to queue
[2023-11-10T18:52:09.932+0000] {logging_mixin.py:154} INFO - [2023-11-10T18:52:09.932+0000] {dagbag.py:536} INFO - Filling up the DagBag from /home/airflow/.local/lib/python3.8/site-packages/airflow/example_dags/example_trigger_target_dag.py
[2023-11-10T18:52:09.935+0000] {processor.py:839} INFO - DAG(s) dict_keys(['example_trigger_target_dag']) retrieved from /home/airflow/.local/lib/python3.8/site-packages/airflow/example_dags/example_trigger_target_dag.py
[2023-11-10T18:52:09.946+0000] {logging_mixin.py:154} INFO - [2023-11-10T18:52:09.946+0000] {dag.py:2941} INFO - Sync 1 DAGs
[2023-11-10T18:52:09.952+0000] {logging_mixin.py:154} INFO - [2023-11-10T18:52:09.952+0000] {dag.py:3722} INFO - Setting next_dagrun for example_trigger_target_dag to None, run_after=None
[2023-11-10T18:52:09.960+0000] {processor.py:179} INFO - Processing /home/airflow/.local/lib/python3.8/site-packages/airflow/example_dags/example_trigger_target_dag.py took 0.030 seconds
[2023-11-10T18:52:40.414+0000] {processor.py:157} INFO - Started process (PID=1748) to work on /home/airflow/.local/lib/python3.8/site-packages/airflow/example_dags/example_trigger_target_dag.py
[2023-11-10T18:52:40.415+0000] {processor.py:829} INFO - Processing file /home/airflow/.local/lib/python3.8/site-packages/airflow/example_dags/example_trigger_target_dag.py for tasks to queue
[2023-11-10T18:52:40.415+0000] {logging_mixin.py:154} INFO - [2023-11-10T18:52:40.415+0000] {dagbag.py:536} INFO - Filling up the DagBag from /home/airflow/.local/lib/python3.8/site-packages/airflow/example_dags/example_trigger_target_dag.py
[2023-11-10T18:52:40.419+0000] {processor.py:839} INFO - DAG(s) dict_keys(['example_trigger_target_dag']) retrieved from /home/airflow/.local/lib/python3.8/site-packages/airflow/example_dags/example_trigger_target_dag.py
[2023-11-10T18:52:40.429+0000] {logging_mixin.py:154} INFO - [2023-11-10T18:52:40.429+0000] {dag.py:2941} INFO - Sync 1 DAGs
[2023-11-10T18:52:40.435+0000] {logging_mixin.py:154} INFO - [2023-11-10T18:52:40.435+0000] {dag.py:3722} INFO - Setting next_dagrun for example_trigger_target_dag to None, run_after=None
[2023-11-10T18:52:40.442+0000] {processor.py:179} INFO - Processing /home/airflow/.local/lib/python3.8/site-packages/airflow/example_dags/example_trigger_target_dag.py took 0.029 seconds
