[2023-11-10T18:49:36.815+0000] {processor.py:157} INFO - Started process (PID=195) to work on /home/airflow/.local/lib/python3.8/site-packages/airflow/example_dags/example_datasets.py
[2023-11-10T18:49:36.816+0000] {processor.py:829} INFO - Processing file /home/airflow/.local/lib/python3.8/site-packages/airflow/example_dags/example_datasets.py for tasks to queue
[2023-11-10T18:49:36.816+0000] {logging_mixin.py:154} INFO - [2023-11-10T18:49:36.816+0000] {dagbag.py:536} INFO - Filling up the DagBag from /home/airflow/.local/lib/python3.8/site-packages/airflow/example_dags/example_datasets.py
[2023-11-10T18:49:36.822+0000] {processor.py:839} INFO - DAG(s) dict_keys(['dataset_produces_2', 'dataset_consumes_1', 'dataset_produces_1', 'dataset_consumes_unknown_never_scheduled', 'dataset_consumes_1_never_scheduled', 'dataset_consumes_1_and_2']) retrieved from /home/airflow/.local/lib/python3.8/site-packages/airflow/example_dags/example_datasets.py
[2023-11-10T18:49:36.829+0000] {logging_mixin.py:154} INFO - [2023-11-10T18:49:36.829+0000] {dag.py:2941} INFO - Sync 6 DAGs
[2023-11-10T18:49:36.841+0000] {logging_mixin.py:154} INFO - [2023-11-10T18:49:36.841+0000] {dag.py:3722} INFO - Setting next_dagrun for dataset_consumes_1 to None, run_after=None
[2023-11-10T18:49:36.843+0000] {logging_mixin.py:154} INFO - [2023-11-10T18:49:36.843+0000] {dag.py:3722} INFO - Setting next_dagrun for dataset_consumes_1_and_2 to None, run_after=None
[2023-11-10T18:49:36.843+0000] {logging_mixin.py:154} INFO - [2023-11-10T18:49:36.843+0000] {dag.py:3722} INFO - Setting next_dagrun for dataset_consumes_1_never_scheduled to None, run_after=None
[2023-11-10T18:49:36.844+0000] {logging_mixin.py:154} INFO - [2023-11-10T18:49:36.844+0000] {dag.py:3722} INFO - Setting next_dagrun for dataset_consumes_unknown_never_scheduled to None, run_after=None
[2023-11-10T18:49:36.845+0000] {logging_mixin.py:154} INFO - [2023-11-10T18:49:36.845+0000] {dag.py:3722} INFO - Setting next_dagrun for dataset_produces_1 to 2023-11-09T00:00:00+00:00, run_after=2023-11-10T00:00:00+00:00
[2023-11-10T18:49:36.845+0000] {logging_mixin.py:154} INFO - [2023-11-10T18:49:36.845+0000] {dag.py:3722} INFO - Setting next_dagrun for dataset_produces_2 to None, run_after=None
[2023-11-10T18:49:36.858+0000] {processor.py:179} INFO - Processing /home/airflow/.local/lib/python3.8/site-packages/airflow/example_dags/example_datasets.py took 0.045 seconds
[2023-11-10T18:50:07.253+0000] {processor.py:157} INFO - Started process (PID=433) to work on /home/airflow/.local/lib/python3.8/site-packages/airflow/example_dags/example_datasets.py
[2023-11-10T18:50:07.253+0000] {processor.py:829} INFO - Processing file /home/airflow/.local/lib/python3.8/site-packages/airflow/example_dags/example_datasets.py for tasks to queue
[2023-11-10T18:50:07.254+0000] {logging_mixin.py:154} INFO - [2023-11-10T18:50:07.254+0000] {dagbag.py:536} INFO - Filling up the DagBag from /home/airflow/.local/lib/python3.8/site-packages/airflow/example_dags/example_datasets.py
[2023-11-10T18:50:07.258+0000] {processor.py:839} INFO - DAG(s) dict_keys(['dataset_consumes_unknown_never_scheduled', 'dataset_consumes_1', 'dataset_consumes_1_and_2', 'dataset_produces_2', 'dataset_produces_1', 'dataset_consumes_1_never_scheduled']) retrieved from /home/airflow/.local/lib/python3.8/site-packages/airflow/example_dags/example_datasets.py
[2023-11-10T18:50:07.274+0000] {logging_mixin.py:154} INFO - [2023-11-10T18:50:07.273+0000] {dag.py:2941} INFO - Sync 6 DAGs
[2023-11-10T18:50:07.283+0000] {logging_mixin.py:154} INFO - [2023-11-10T18:50:07.283+0000] {dag.py:3722} INFO - Setting next_dagrun for dataset_consumes_1 to None, run_after=None
[2023-11-10T18:50:07.284+0000] {logging_mixin.py:154} INFO - [2023-11-10T18:50:07.284+0000] {dag.py:3722} INFO - Setting next_dagrun for dataset_consumes_1_and_2 to None, run_after=None
[2023-11-10T18:50:07.285+0000] {logging_mixin.py:154} INFO - [2023-11-10T18:50:07.285+0000] {dag.py:3722} INFO - Setting next_dagrun for dataset_consumes_1_never_scheduled to None, run_after=None
[2023-11-10T18:50:07.286+0000] {logging_mixin.py:154} INFO - [2023-11-10T18:50:07.285+0000] {dag.py:3722} INFO - Setting next_dagrun for dataset_consumes_unknown_never_scheduled to None, run_after=None
[2023-11-10T18:50:07.287+0000] {logging_mixin.py:154} INFO - [2023-11-10T18:50:07.287+0000] {dag.py:3722} INFO - Setting next_dagrun for dataset_produces_1 to 2023-11-09T00:00:00+00:00, run_after=2023-11-10T00:00:00+00:00
[2023-11-10T18:50:07.287+0000] {logging_mixin.py:154} INFO - [2023-11-10T18:50:07.287+0000] {dag.py:3722} INFO - Setting next_dagrun for dataset_produces_2 to None, run_after=None
[2023-11-10T18:50:07.299+0000] {processor.py:179} INFO - Processing /home/airflow/.local/lib/python3.8/site-packages/airflow/example_dags/example_datasets.py took 0.048 seconds
[2023-11-10T18:50:37.719+0000] {processor.py:157} INFO - Started process (PID=671) to work on /home/airflow/.local/lib/python3.8/site-packages/airflow/example_dags/example_datasets.py
[2023-11-10T18:50:37.719+0000] {processor.py:829} INFO - Processing file /home/airflow/.local/lib/python3.8/site-packages/airflow/example_dags/example_datasets.py for tasks to queue
[2023-11-10T18:50:37.720+0000] {logging_mixin.py:154} INFO - [2023-11-10T18:50:37.719+0000] {dagbag.py:536} INFO - Filling up the DagBag from /home/airflow/.local/lib/python3.8/site-packages/airflow/example_dags/example_datasets.py
[2023-11-10T18:50:37.724+0000] {processor.py:839} INFO - DAG(s) dict_keys(['dataset_consumes_1_never_scheduled', 'dataset_consumes_1_and_2', 'dataset_consumes_1', 'dataset_consumes_unknown_never_scheduled', 'dataset_produces_1', 'dataset_produces_2']) retrieved from /home/airflow/.local/lib/python3.8/site-packages/airflow/example_dags/example_datasets.py
[2023-11-10T18:50:37.739+0000] {logging_mixin.py:154} INFO - [2023-11-10T18:50:37.739+0000] {dag.py:2941} INFO - Sync 6 DAGs
[2023-11-10T18:50:37.749+0000] {logging_mixin.py:154} INFO - [2023-11-10T18:50:37.749+0000] {dag.py:3722} INFO - Setting next_dagrun for dataset_consumes_1 to None, run_after=None
[2023-11-10T18:50:37.750+0000] {logging_mixin.py:154} INFO - [2023-11-10T18:50:37.750+0000] {dag.py:3722} INFO - Setting next_dagrun for dataset_consumes_1_and_2 to None, run_after=None
[2023-11-10T18:50:37.751+0000] {logging_mixin.py:154} INFO - [2023-11-10T18:50:37.751+0000] {dag.py:3722} INFO - Setting next_dagrun for dataset_consumes_1_never_scheduled to None, run_after=None
[2023-11-10T18:50:37.751+0000] {logging_mixin.py:154} INFO - [2023-11-10T18:50:37.751+0000] {dag.py:3722} INFO - Setting next_dagrun for dataset_consumes_unknown_never_scheduled to None, run_after=None
[2023-11-10T18:50:37.753+0000] {logging_mixin.py:154} INFO - [2023-11-10T18:50:37.753+0000] {dag.py:3722} INFO - Setting next_dagrun for dataset_produces_1 to 2023-11-09T00:00:00+00:00, run_after=2023-11-10T00:00:00+00:00
[2023-11-10T18:50:37.753+0000] {logging_mixin.py:154} INFO - [2023-11-10T18:50:37.753+0000] {dag.py:3722} INFO - Setting next_dagrun for dataset_produces_2 to None, run_after=None
[2023-11-10T18:50:37.765+0000] {processor.py:179} INFO - Processing /home/airflow/.local/lib/python3.8/site-packages/airflow/example_dags/example_datasets.py took 0.048 seconds
[2023-11-10T18:51:08.257+0000] {processor.py:157} INFO - Started process (PID=909) to work on /home/airflow/.local/lib/python3.8/site-packages/airflow/example_dags/example_datasets.py
[2023-11-10T18:51:08.258+0000] {processor.py:829} INFO - Processing file /home/airflow/.local/lib/python3.8/site-packages/airflow/example_dags/example_datasets.py for tasks to queue
[2023-11-10T18:51:08.258+0000] {logging_mixin.py:154} INFO - [2023-11-10T18:51:08.258+0000] {dagbag.py:536} INFO - Filling up the DagBag from /home/airflow/.local/lib/python3.8/site-packages/airflow/example_dags/example_datasets.py
[2023-11-10T18:51:08.263+0000] {processor.py:839} INFO - DAG(s) dict_keys(['dataset_produces_2', 'dataset_consumes_1', 'dataset_produces_1', 'dataset_consumes_1_never_scheduled', 'dataset_consumes_unknown_never_scheduled', 'dataset_consumes_1_and_2']) retrieved from /home/airflow/.local/lib/python3.8/site-packages/airflow/example_dags/example_datasets.py
[2023-11-10T18:51:08.281+0000] {logging_mixin.py:154} INFO - [2023-11-10T18:51:08.281+0000] {dag.py:2941} INFO - Sync 6 DAGs
[2023-11-10T18:51:08.292+0000] {logging_mixin.py:154} INFO - [2023-11-10T18:51:08.292+0000] {dag.py:3722} INFO - Setting next_dagrun for dataset_consumes_1 to None, run_after=None
[2023-11-10T18:51:08.294+0000] {logging_mixin.py:154} INFO - [2023-11-10T18:51:08.294+0000] {dag.py:3722} INFO - Setting next_dagrun for dataset_consumes_1_and_2 to None, run_after=None
[2023-11-10T18:51:08.294+0000] {logging_mixin.py:154} INFO - [2023-11-10T18:51:08.294+0000] {dag.py:3722} INFO - Setting next_dagrun for dataset_consumes_1_never_scheduled to None, run_after=None
[2023-11-10T18:51:08.295+0000] {logging_mixin.py:154} INFO - [2023-11-10T18:51:08.295+0000] {dag.py:3722} INFO - Setting next_dagrun for dataset_consumes_unknown_never_scheduled to None, run_after=None
[2023-11-10T18:51:08.296+0000] {logging_mixin.py:154} INFO - [2023-11-10T18:51:08.296+0000] {dag.py:3722} INFO - Setting next_dagrun for dataset_produces_1 to 2023-11-09T00:00:00+00:00, run_after=2023-11-10T00:00:00+00:00
[2023-11-10T18:51:08.297+0000] {logging_mixin.py:154} INFO - [2023-11-10T18:51:08.297+0000] {dag.py:3722} INFO - Setting next_dagrun for dataset_produces_2 to None, run_after=None
[2023-11-10T18:51:08.310+0000] {processor.py:179} INFO - Processing /home/airflow/.local/lib/python3.8/site-packages/airflow/example_dags/example_datasets.py took 0.055 seconds
[2023-11-10T18:51:38.782+0000] {processor.py:157} INFO - Started process (PID=1147) to work on /home/airflow/.local/lib/python3.8/site-packages/airflow/example_dags/example_datasets.py
[2023-11-10T18:51:38.782+0000] {processor.py:829} INFO - Processing file /home/airflow/.local/lib/python3.8/site-packages/airflow/example_dags/example_datasets.py for tasks to queue
[2023-11-10T18:51:38.783+0000] {logging_mixin.py:154} INFO - [2023-11-10T18:51:38.783+0000] {dagbag.py:536} INFO - Filling up the DagBag from /home/airflow/.local/lib/python3.8/site-packages/airflow/example_dags/example_datasets.py
[2023-11-10T18:51:38.788+0000] {processor.py:839} INFO - DAG(s) dict_keys(['dataset_consumes_1_and_2', 'dataset_consumes_1', 'dataset_consumes_1_never_scheduled', 'dataset_consumes_unknown_never_scheduled', 'dataset_produces_1', 'dataset_produces_2']) retrieved from /home/airflow/.local/lib/python3.8/site-packages/airflow/example_dags/example_datasets.py
[2023-11-10T18:51:38.804+0000] {logging_mixin.py:154} INFO - [2023-11-10T18:51:38.804+0000] {dag.py:2941} INFO - Sync 6 DAGs
[2023-11-10T18:51:38.815+0000] {logging_mixin.py:154} INFO - [2023-11-10T18:51:38.815+0000] {dag.py:3722} INFO - Setting next_dagrun for dataset_consumes_1 to None, run_after=None
[2023-11-10T18:51:38.816+0000] {logging_mixin.py:154} INFO - [2023-11-10T18:51:38.816+0000] {dag.py:3722} INFO - Setting next_dagrun for dataset_consumes_1_and_2 to None, run_after=None
[2023-11-10T18:51:38.817+0000] {logging_mixin.py:154} INFO - [2023-11-10T18:51:38.817+0000] {dag.py:3722} INFO - Setting next_dagrun for dataset_consumes_1_never_scheduled to None, run_after=None
[2023-11-10T18:51:38.817+0000] {logging_mixin.py:154} INFO - [2023-11-10T18:51:38.817+0000] {dag.py:3722} INFO - Setting next_dagrun for dataset_consumes_unknown_never_scheduled to None, run_after=None
[2023-11-10T18:51:38.819+0000] {logging_mixin.py:154} INFO - [2023-11-10T18:51:38.819+0000] {dag.py:3722} INFO - Setting next_dagrun for dataset_produces_1 to 2023-11-09T00:00:00+00:00, run_after=2023-11-10T00:00:00+00:00
[2023-11-10T18:51:38.819+0000] {logging_mixin.py:154} INFO - [2023-11-10T18:51:38.819+0000] {dag.py:3722} INFO - Setting next_dagrun for dataset_produces_2 to None, run_after=None
[2023-11-10T18:51:38.830+0000] {processor.py:179} INFO - Processing /home/airflow/.local/lib/python3.8/site-packages/airflow/example_dags/example_datasets.py took 0.051 seconds
[2023-11-10T18:52:09.186+0000] {processor.py:157} INFO - Started process (PID=1385) to work on /home/airflow/.local/lib/python3.8/site-packages/airflow/example_dags/example_datasets.py
[2023-11-10T18:52:09.187+0000] {processor.py:829} INFO - Processing file /home/airflow/.local/lib/python3.8/site-packages/airflow/example_dags/example_datasets.py for tasks to queue
[2023-11-10T18:52:09.187+0000] {logging_mixin.py:154} INFO - [2023-11-10T18:52:09.187+0000] {dagbag.py:536} INFO - Filling up the DagBag from /home/airflow/.local/lib/python3.8/site-packages/airflow/example_dags/example_datasets.py
[2023-11-10T18:52:09.192+0000] {processor.py:839} INFO - DAG(s) dict_keys(['dataset_consumes_unknown_never_scheduled', 'dataset_consumes_1_and_2', 'dataset_consumes_1_never_scheduled', 'dataset_produces_2', 'dataset_produces_1', 'dataset_consumes_1']) retrieved from /home/airflow/.local/lib/python3.8/site-packages/airflow/example_dags/example_datasets.py
[2023-11-10T18:52:09.207+0000] {logging_mixin.py:154} INFO - [2023-11-10T18:52:09.207+0000] {dag.py:2941} INFO - Sync 6 DAGs
[2023-11-10T18:52:09.216+0000] {logging_mixin.py:154} INFO - [2023-11-10T18:52:09.216+0000] {dag.py:3722} INFO - Setting next_dagrun for dataset_consumes_1 to None, run_after=None
[2023-11-10T18:52:09.217+0000] {logging_mixin.py:154} INFO - [2023-11-10T18:52:09.217+0000] {dag.py:3722} INFO - Setting next_dagrun for dataset_consumes_1_and_2 to None, run_after=None
[2023-11-10T18:52:09.218+0000] {logging_mixin.py:154} INFO - [2023-11-10T18:52:09.218+0000] {dag.py:3722} INFO - Setting next_dagrun for dataset_consumes_1_never_scheduled to None, run_after=None
[2023-11-10T18:52:09.219+0000] {logging_mixin.py:154} INFO - [2023-11-10T18:52:09.219+0000] {dag.py:3722} INFO - Setting next_dagrun for dataset_consumes_unknown_never_scheduled to None, run_after=None
[2023-11-10T18:52:09.220+0000] {logging_mixin.py:154} INFO - [2023-11-10T18:52:09.220+0000] {dag.py:3722} INFO - Setting next_dagrun for dataset_produces_1 to 2023-11-09T00:00:00+00:00, run_after=2023-11-10T00:00:00+00:00
[2023-11-10T18:52:09.221+0000] {logging_mixin.py:154} INFO - [2023-11-10T18:52:09.220+0000] {dag.py:3722} INFO - Setting next_dagrun for dataset_produces_2 to None, run_after=None
[2023-11-10T18:52:09.232+0000] {processor.py:179} INFO - Processing /home/airflow/.local/lib/python3.8/site-packages/airflow/example_dags/example_datasets.py took 0.047 seconds
[2023-11-10T18:52:39.759+0000] {processor.py:157} INFO - Started process (PID=1623) to work on /home/airflow/.local/lib/python3.8/site-packages/airflow/example_dags/example_datasets.py
[2023-11-10T18:52:39.760+0000] {processor.py:829} INFO - Processing file /home/airflow/.local/lib/python3.8/site-packages/airflow/example_dags/example_datasets.py for tasks to queue
[2023-11-10T18:52:39.760+0000] {logging_mixin.py:154} INFO - [2023-11-10T18:52:39.760+0000] {dagbag.py:536} INFO - Filling up the DagBag from /home/airflow/.local/lib/python3.8/site-packages/airflow/example_dags/example_datasets.py
[2023-11-10T18:52:39.765+0000] {processor.py:839} INFO - DAG(s) dict_keys(['dataset_produces_1', 'dataset_consumes_unknown_never_scheduled', 'dataset_consumes_1', 'dataset_produces_2', 'dataset_consumes_1_never_scheduled', 'dataset_consumes_1_and_2']) retrieved from /home/airflow/.local/lib/python3.8/site-packages/airflow/example_dags/example_datasets.py
[2023-11-10T18:52:39.781+0000] {logging_mixin.py:154} INFO - [2023-11-10T18:52:39.781+0000] {dag.py:2941} INFO - Sync 6 DAGs
[2023-11-10T18:52:39.791+0000] {logging_mixin.py:154} INFO - [2023-11-10T18:52:39.791+0000] {dag.py:3722} INFO - Setting next_dagrun for dataset_consumes_1 to None, run_after=None
[2023-11-10T18:52:39.792+0000] {logging_mixin.py:154} INFO - [2023-11-10T18:52:39.792+0000] {dag.py:3722} INFO - Setting next_dagrun for dataset_consumes_1_and_2 to None, run_after=None
[2023-11-10T18:52:39.793+0000] {logging_mixin.py:154} INFO - [2023-11-10T18:52:39.793+0000] {dag.py:3722} INFO - Setting next_dagrun for dataset_consumes_1_never_scheduled to None, run_after=None
[2023-11-10T18:52:39.793+0000] {logging_mixin.py:154} INFO - [2023-11-10T18:52:39.793+0000] {dag.py:3722} INFO - Setting next_dagrun for dataset_consumes_unknown_never_scheduled to None, run_after=None
[2023-11-10T18:52:39.794+0000] {logging_mixin.py:154} INFO - [2023-11-10T18:52:39.794+0000] {dag.py:3722} INFO - Setting next_dagrun for dataset_produces_1 to 2023-11-09T00:00:00+00:00, run_after=2023-11-10T00:00:00+00:00
[2023-11-10T18:52:39.795+0000] {logging_mixin.py:154} INFO - [2023-11-10T18:52:39.795+0000] {dag.py:3722} INFO - Setting next_dagrun for dataset_produces_2 to None, run_after=None
[2023-11-10T18:52:39.806+0000] {processor.py:179} INFO - Processing /home/airflow/.local/lib/python3.8/site-packages/airflow/example_dags/example_datasets.py took 0.049 seconds
