[2023-11-10T18:49:37.515+0000] {processor.py:157} INFO - Started process (PID=315) to work on /home/airflow/.local/lib/python3.8/site-packages/airflow/example_dags/example_bash_operator.py
[2023-11-10T18:49:37.515+0000] {processor.py:829} INFO - Processing file /home/airflow/.local/lib/python3.8/site-packages/airflow/example_dags/example_bash_operator.py for tasks to queue
[2023-11-10T18:49:37.516+0000] {logging_mixin.py:154} INFO - [2023-11-10T18:49:37.516+0000] {dagbag.py:536} INFO - Filling up the DagBag from /home/airflow/.local/lib/python3.8/site-packages/airflow/example_dags/example_bash_operator.py
[2023-11-10T18:49:37.522+0000] {processor.py:839} INFO - DAG(s) dict_keys(['example_bash_operator']) retrieved from /home/airflow/.local/lib/python3.8/site-packages/airflow/example_dags/example_bash_operator.py
[2023-11-10T18:49:37.528+0000] {logging_mixin.py:154} INFO - [2023-11-10T18:49:37.528+0000] {dag.py:2941} INFO - Sync 1 DAGs
[2023-11-10T18:49:37.541+0000] {logging_mixin.py:154} INFO - [2023-11-10T18:49:37.541+0000] {dag.py:3722} INFO - Setting next_dagrun for example_bash_operator to 2023-11-09T00:00:00+00:00, run_after=2023-11-10T00:00:00+00:00
[2023-11-10T18:49:37.549+0000] {processor.py:179} INFO - Processing /home/airflow/.local/lib/python3.8/site-packages/airflow/example_dags/example_bash_operator.py took 0.035 seconds
[2023-11-10T18:50:07.854+0000] {processor.py:157} INFO - Started process (PID=553) to work on /home/airflow/.local/lib/python3.8/site-packages/airflow/example_dags/example_bash_operator.py
[2023-11-10T18:50:07.855+0000] {processor.py:829} INFO - Processing file /home/airflow/.local/lib/python3.8/site-packages/airflow/example_dags/example_bash_operator.py for tasks to queue
[2023-11-10T18:50:07.855+0000] {logging_mixin.py:154} INFO - [2023-11-10T18:50:07.855+0000] {dagbag.py:536} INFO - Filling up the DagBag from /home/airflow/.local/lib/python3.8/site-packages/airflow/example_dags/example_bash_operator.py
[2023-11-10T18:50:07.861+0000] {processor.py:839} INFO - DAG(s) dict_keys(['example_bash_operator']) retrieved from /home/airflow/.local/lib/python3.8/site-packages/airflow/example_dags/example_bash_operator.py
[2023-11-10T18:50:07.874+0000] {logging_mixin.py:154} INFO - [2023-11-10T18:50:07.874+0000] {dag.py:2941} INFO - Sync 1 DAGs
[2023-11-10T18:50:07.884+0000] {logging_mixin.py:154} INFO - [2023-11-10T18:50:07.884+0000] {dag.py:3722} INFO - Setting next_dagrun for example_bash_operator to 2023-11-09T00:00:00+00:00, run_after=2023-11-10T00:00:00+00:00
[2023-11-10T18:50:07.891+0000] {processor.py:179} INFO - Processing /home/airflow/.local/lib/python3.8/site-packages/airflow/example_dags/example_bash_operator.py took 0.038 seconds
[2023-11-10T18:50:38.343+0000] {processor.py:157} INFO - Started process (PID=791) to work on /home/airflow/.local/lib/python3.8/site-packages/airflow/example_dags/example_bash_operator.py
[2023-11-10T18:50:38.344+0000] {processor.py:829} INFO - Processing file /home/airflow/.local/lib/python3.8/site-packages/airflow/example_dags/example_bash_operator.py for tasks to queue
[2023-11-10T18:50:38.344+0000] {logging_mixin.py:154} INFO - [2023-11-10T18:50:38.344+0000] {dagbag.py:536} INFO - Filling up the DagBag from /home/airflow/.local/lib/python3.8/site-packages/airflow/example_dags/example_bash_operator.py
[2023-11-10T18:50:38.350+0000] {processor.py:839} INFO - DAG(s) dict_keys(['example_bash_operator']) retrieved from /home/airflow/.local/lib/python3.8/site-packages/airflow/example_dags/example_bash_operator.py
[2023-11-10T18:50:38.362+0000] {logging_mixin.py:154} INFO - [2023-11-10T18:50:38.362+0000] {dag.py:2941} INFO - Sync 1 DAGs
[2023-11-10T18:50:38.371+0000] {logging_mixin.py:154} INFO - [2023-11-10T18:50:38.371+0000] {dag.py:3722} INFO - Setting next_dagrun for example_bash_operator to 2023-11-09T00:00:00+00:00, run_after=2023-11-10T00:00:00+00:00
[2023-11-10T18:50:38.378+0000] {processor.py:179} INFO - Processing /home/airflow/.local/lib/python3.8/site-packages/airflow/example_dags/example_bash_operator.py took 0.037 seconds
[2023-11-10T18:51:08.913+0000] {processor.py:157} INFO - Started process (PID=1029) to work on /home/airflow/.local/lib/python3.8/site-packages/airflow/example_dags/example_bash_operator.py
[2023-11-10T18:51:08.913+0000] {processor.py:829} INFO - Processing file /home/airflow/.local/lib/python3.8/site-packages/airflow/example_dags/example_bash_operator.py for tasks to queue
[2023-11-10T18:51:08.914+0000] {logging_mixin.py:154} INFO - [2023-11-10T18:51:08.913+0000] {dagbag.py:536} INFO - Filling up the DagBag from /home/airflow/.local/lib/python3.8/site-packages/airflow/example_dags/example_bash_operator.py
[2023-11-10T18:51:08.920+0000] {processor.py:839} INFO - DAG(s) dict_keys(['example_bash_operator']) retrieved from /home/airflow/.local/lib/python3.8/site-packages/airflow/example_dags/example_bash_operator.py
[2023-11-10T18:51:08.933+0000] {logging_mixin.py:154} INFO - [2023-11-10T18:51:08.933+0000] {dag.py:2941} INFO - Sync 1 DAGs
[2023-11-10T18:51:08.944+0000] {logging_mixin.py:154} INFO - [2023-11-10T18:51:08.944+0000] {dag.py:3722} INFO - Setting next_dagrun for example_bash_operator to 2023-11-09T00:00:00+00:00, run_after=2023-11-10T00:00:00+00:00
[2023-11-10T18:51:08.951+0000] {processor.py:179} INFO - Processing /home/airflow/.local/lib/python3.8/site-packages/airflow/example_dags/example_bash_operator.py took 0.040 seconds
[2023-11-10T18:51:39.413+0000] {processor.py:157} INFO - Started process (PID=1269) to work on /home/airflow/.local/lib/python3.8/site-packages/airflow/example_dags/example_bash_operator.py
[2023-11-10T18:51:39.414+0000] {processor.py:829} INFO - Processing file /home/airflow/.local/lib/python3.8/site-packages/airflow/example_dags/example_bash_operator.py for tasks to queue
[2023-11-10T18:51:39.414+0000] {logging_mixin.py:154} INFO - [2023-11-10T18:51:39.414+0000] {dagbag.py:536} INFO - Filling up the DagBag from /home/airflow/.local/lib/python3.8/site-packages/airflow/example_dags/example_bash_operator.py
[2023-11-10T18:51:39.420+0000] {processor.py:839} INFO - DAG(s) dict_keys(['example_bash_operator']) retrieved from /home/airflow/.local/lib/python3.8/site-packages/airflow/example_dags/example_bash_operator.py
[2023-11-10T18:51:39.433+0000] {logging_mixin.py:154} INFO - [2023-11-10T18:51:39.432+0000] {dag.py:2941} INFO - Sync 1 DAGs
[2023-11-10T18:51:39.442+0000] {logging_mixin.py:154} INFO - [2023-11-10T18:51:39.442+0000] {dag.py:3722} INFO - Setting next_dagrun for example_bash_operator to 2023-11-09T00:00:00+00:00, run_after=2023-11-10T00:00:00+00:00
[2023-11-10T18:51:39.449+0000] {processor.py:179} INFO - Processing /home/airflow/.local/lib/python3.8/site-packages/airflow/example_dags/example_bash_operator.py took 0.037 seconds
[2023-11-10T18:52:09.929+0000] {processor.py:157} INFO - Started process (PID=1507) to work on /home/airflow/.local/lib/python3.8/site-packages/airflow/example_dags/example_bash_operator.py
[2023-11-10T18:52:09.930+0000] {processor.py:829} INFO - Processing file /home/airflow/.local/lib/python3.8/site-packages/airflow/example_dags/example_bash_operator.py for tasks to queue
[2023-11-10T18:52:09.930+0000] {logging_mixin.py:154} INFO - [2023-11-10T18:52:09.930+0000] {dagbag.py:536} INFO - Filling up the DagBag from /home/airflow/.local/lib/python3.8/site-packages/airflow/example_dags/example_bash_operator.py
[2023-11-10T18:52:09.936+0000] {processor.py:839} INFO - DAG(s) dict_keys(['example_bash_operator']) retrieved from /home/airflow/.local/lib/python3.8/site-packages/airflow/example_dags/example_bash_operator.py
[2023-11-10T18:52:09.949+0000] {logging_mixin.py:154} INFO - [2023-11-10T18:52:09.949+0000] {dag.py:2941} INFO - Sync 1 DAGs
[2023-11-10T18:52:09.959+0000] {logging_mixin.py:154} INFO - [2023-11-10T18:52:09.959+0000] {dag.py:3722} INFO - Setting next_dagrun for example_bash_operator to 2023-11-09T00:00:00+00:00, run_after=2023-11-10T00:00:00+00:00
[2023-11-10T18:52:09.966+0000] {processor.py:179} INFO - Processing /home/airflow/.local/lib/python3.8/site-packages/airflow/example_dags/example_bash_operator.py took 0.039 seconds
[2023-11-10T18:52:40.373+0000] {processor.py:157} INFO - Started process (PID=1743) to work on /home/airflow/.local/lib/python3.8/site-packages/airflow/example_dags/example_bash_operator.py
[2023-11-10T18:52:40.374+0000] {processor.py:829} INFO - Processing file /home/airflow/.local/lib/python3.8/site-packages/airflow/example_dags/example_bash_operator.py for tasks to queue
[2023-11-10T18:52:40.374+0000] {logging_mixin.py:154} INFO - [2023-11-10T18:52:40.374+0000] {dagbag.py:536} INFO - Filling up the DagBag from /home/airflow/.local/lib/python3.8/site-packages/airflow/example_dags/example_bash_operator.py
[2023-11-10T18:52:40.380+0000] {processor.py:839} INFO - DAG(s) dict_keys(['example_bash_operator']) retrieved from /home/airflow/.local/lib/python3.8/site-packages/airflow/example_dags/example_bash_operator.py
[2023-11-10T18:52:40.393+0000] {logging_mixin.py:154} INFO - [2023-11-10T18:52:40.393+0000] {dag.py:2941} INFO - Sync 1 DAGs
[2023-11-10T18:52:40.403+0000] {logging_mixin.py:154} INFO - [2023-11-10T18:52:40.403+0000] {dag.py:3722} INFO - Setting next_dagrun for example_bash_operator to 2023-11-09T00:00:00+00:00, run_after=2023-11-10T00:00:00+00:00
[2023-11-10T18:52:40.410+0000] {processor.py:179} INFO - Processing /home/airflow/.local/lib/python3.8/site-packages/airflow/example_dags/example_bash_operator.py took 0.038 seconds
