[2023-11-10T18:49:36.773+0000] {processor.py:157} INFO - Started process (PID=185) to work on /home/airflow/.local/lib/python3.8/site-packages/airflow/example_dags/tutorial.py
[2023-11-10T18:49:36.774+0000] {processor.py:829} INFO - Processing file /home/airflow/.local/lib/python3.8/site-packages/airflow/example_dags/tutorial.py for tasks to queue
[2023-11-10T18:49:36.774+0000] {logging_mixin.py:154} INFO - [2023-11-10T18:49:36.774+0000] {dagbag.py:536} INFO - Filling up the DagBag from /home/airflow/.local/lib/python3.8/site-packages/airflow/example_dags/tutorial.py
[2023-11-10T18:49:36.779+0000] {processor.py:839} INFO - DAG(s) dict_keys(['tutorial']) retrieved from /home/airflow/.local/lib/python3.8/site-packages/airflow/example_dags/tutorial.py
[2023-11-10T18:49:36.785+0000] {logging_mixin.py:154} INFO - [2023-11-10T18:49:36.785+0000] {dag.py:2941} INFO - Sync 1 DAGs
[2023-11-10T18:49:36.796+0000] {logging_mixin.py:154} INFO - [2023-11-10T18:49:36.796+0000] {dag.py:3722} INFO - Setting next_dagrun for tutorial to 2023-11-09T18:49:36.796150+00:00, run_after=2023-11-10T18:49:36.796150+00:00
[2023-11-10T18:49:36.803+0000] {processor.py:179} INFO - Processing /home/airflow/.local/lib/python3.8/site-packages/airflow/example_dags/tutorial.py took 0.031 seconds
[2023-11-10T18:50:07.211+0000] {processor.py:157} INFO - Started process (PID=423) to work on /home/airflow/.local/lib/python3.8/site-packages/airflow/example_dags/tutorial.py
[2023-11-10T18:50:07.211+0000] {processor.py:829} INFO - Processing file /home/airflow/.local/lib/python3.8/site-packages/airflow/example_dags/tutorial.py for tasks to queue
[2023-11-10T18:50:07.212+0000] {logging_mixin.py:154} INFO - [2023-11-10T18:50:07.211+0000] {dagbag.py:536} INFO - Filling up the DagBag from /home/airflow/.local/lib/python3.8/site-packages/airflow/example_dags/tutorial.py
[2023-11-10T18:50:07.215+0000] {processor.py:839} INFO - DAG(s) dict_keys(['tutorial']) retrieved from /home/airflow/.local/lib/python3.8/site-packages/airflow/example_dags/tutorial.py
[2023-11-10T18:50:07.224+0000] {logging_mixin.py:154} INFO - [2023-11-10T18:50:07.224+0000] {dag.py:2941} INFO - Sync 1 DAGs
[2023-11-10T18:50:07.234+0000] {logging_mixin.py:154} INFO - [2023-11-10T18:50:07.234+0000] {dag.py:3722} INFO - Setting next_dagrun for tutorial to 2023-11-09T18:50:07.234230+00:00, run_after=2023-11-10T18:50:07.234230+00:00
[2023-11-10T18:50:07.241+0000] {processor.py:179} INFO - Processing /home/airflow/.local/lib/python3.8/site-packages/airflow/example_dags/tutorial.py took 0.032 seconds
[2023-11-10T18:50:37.677+0000] {processor.py:157} INFO - Started process (PID=661) to work on /home/airflow/.local/lib/python3.8/site-packages/airflow/example_dags/tutorial.py
[2023-11-10T18:50:37.678+0000] {processor.py:829} INFO - Processing file /home/airflow/.local/lib/python3.8/site-packages/airflow/example_dags/tutorial.py for tasks to queue
[2023-11-10T18:50:37.678+0000] {logging_mixin.py:154} INFO - [2023-11-10T18:50:37.678+0000] {dagbag.py:536} INFO - Filling up the DagBag from /home/airflow/.local/lib/python3.8/site-packages/airflow/example_dags/tutorial.py
[2023-11-10T18:50:37.682+0000] {processor.py:839} INFO - DAG(s) dict_keys(['tutorial']) retrieved from /home/airflow/.local/lib/python3.8/site-packages/airflow/example_dags/tutorial.py
[2023-11-10T18:50:37.691+0000] {logging_mixin.py:154} INFO - [2023-11-10T18:50:37.691+0000] {dag.py:2941} INFO - Sync 1 DAGs
[2023-11-10T18:50:37.700+0000] {logging_mixin.py:154} INFO - [2023-11-10T18:50:37.700+0000] {dag.py:3722} INFO - Setting next_dagrun for tutorial to 2023-11-09T18:50:37.700372+00:00, run_after=2023-11-10T18:50:37.700372+00:00
[2023-11-10T18:50:37.707+0000] {processor.py:179} INFO - Processing /home/airflow/.local/lib/python3.8/site-packages/airflow/example_dags/tutorial.py took 0.031 seconds
[2023-11-10T18:51:08.207+0000] {processor.py:157} INFO - Started process (PID=901) to work on /home/airflow/.local/lib/python3.8/site-packages/airflow/example_dags/tutorial.py
[2023-11-10T18:51:08.207+0000] {processor.py:829} INFO - Processing file /home/airflow/.local/lib/python3.8/site-packages/airflow/example_dags/tutorial.py for tasks to queue
[2023-11-10T18:51:08.208+0000] {logging_mixin.py:154} INFO - [2023-11-10T18:51:08.208+0000] {dagbag.py:536} INFO - Filling up the DagBag from /home/airflow/.local/lib/python3.8/site-packages/airflow/example_dags/tutorial.py
[2023-11-10T18:51:08.212+0000] {processor.py:839} INFO - DAG(s) dict_keys(['tutorial']) retrieved from /home/airflow/.local/lib/python3.8/site-packages/airflow/example_dags/tutorial.py
[2023-11-10T18:51:08.224+0000] {logging_mixin.py:154} INFO - [2023-11-10T18:51:08.223+0000] {dag.py:2941} INFO - Sync 1 DAGs
[2023-11-10T18:51:08.235+0000] {logging_mixin.py:154} INFO - [2023-11-10T18:51:08.234+0000] {dag.py:3722} INFO - Setting next_dagrun for tutorial to 2023-11-09T18:51:08.234841+00:00, run_after=2023-11-10T18:51:08.234841+00:00
[2023-11-10T18:51:08.243+0000] {processor.py:179} INFO - Processing /home/airflow/.local/lib/python3.8/site-packages/airflow/example_dags/tutorial.py took 0.038 seconds
[2023-11-10T18:51:38.738+0000] {processor.py:157} INFO - Started process (PID=1139) to work on /home/airflow/.local/lib/python3.8/site-packages/airflow/example_dags/tutorial.py
[2023-11-10T18:51:38.738+0000] {processor.py:829} INFO - Processing file /home/airflow/.local/lib/python3.8/site-packages/airflow/example_dags/tutorial.py for tasks to queue
[2023-11-10T18:51:38.739+0000] {logging_mixin.py:154} INFO - [2023-11-10T18:51:38.739+0000] {dagbag.py:536} INFO - Filling up the DagBag from /home/airflow/.local/lib/python3.8/site-packages/airflow/example_dags/tutorial.py
[2023-11-10T18:51:38.742+0000] {processor.py:839} INFO - DAG(s) dict_keys(['tutorial']) retrieved from /home/airflow/.local/lib/python3.8/site-packages/airflow/example_dags/tutorial.py
[2023-11-10T18:51:38.752+0000] {logging_mixin.py:154} INFO - [2023-11-10T18:51:38.752+0000] {dag.py:2941} INFO - Sync 1 DAGs
[2023-11-10T18:51:38.762+0000] {logging_mixin.py:154} INFO - [2023-11-10T18:51:38.762+0000] {dag.py:3722} INFO - Setting next_dagrun for tutorial to 2023-11-09T18:51:38.762022+00:00, run_after=2023-11-10T18:51:38.762022+00:00
[2023-11-10T18:51:38.769+0000] {processor.py:179} INFO - Processing /home/airflow/.local/lib/python3.8/site-packages/airflow/example_dags/tutorial.py took 0.033 seconds
[2023-11-10T18:52:09.144+0000] {processor.py:157} INFO - Started process (PID=1375) to work on /home/airflow/.local/lib/python3.8/site-packages/airflow/example_dags/tutorial.py
[2023-11-10T18:52:09.145+0000] {processor.py:829} INFO - Processing file /home/airflow/.local/lib/python3.8/site-packages/airflow/example_dags/tutorial.py for tasks to queue
[2023-11-10T18:52:09.145+0000] {logging_mixin.py:154} INFO - [2023-11-10T18:52:09.145+0000] {dagbag.py:536} INFO - Filling up the DagBag from /home/airflow/.local/lib/python3.8/site-packages/airflow/example_dags/tutorial.py
[2023-11-10T18:52:09.149+0000] {processor.py:839} INFO - DAG(s) dict_keys(['tutorial']) retrieved from /home/airflow/.local/lib/python3.8/site-packages/airflow/example_dags/tutorial.py
[2023-11-10T18:52:09.158+0000] {logging_mixin.py:154} INFO - [2023-11-10T18:52:09.158+0000] {dag.py:2941} INFO - Sync 1 DAGs
[2023-11-10T18:52:09.167+0000] {logging_mixin.py:154} INFO - [2023-11-10T18:52:09.167+0000] {dag.py:3722} INFO - Setting next_dagrun for tutorial to 2023-11-09T18:52:09.167394+00:00, run_after=2023-11-10T18:52:09.167394+00:00
[2023-11-10T18:52:09.174+0000] {processor.py:179} INFO - Processing /home/airflow/.local/lib/python3.8/site-packages/airflow/example_dags/tutorial.py took 0.032 seconds
[2023-11-10T18:52:39.716+0000] {processor.py:157} INFO - Started process (PID=1615) to work on /home/airflow/.local/lib/python3.8/site-packages/airflow/example_dags/tutorial.py
[2023-11-10T18:52:39.717+0000] {processor.py:829} INFO - Processing file /home/airflow/.local/lib/python3.8/site-packages/airflow/example_dags/tutorial.py for tasks to queue
[2023-11-10T18:52:39.717+0000] {logging_mixin.py:154} INFO - [2023-11-10T18:52:39.717+0000] {dagbag.py:536} INFO - Filling up the DagBag from /home/airflow/.local/lib/python3.8/site-packages/airflow/example_dags/tutorial.py
[2023-11-10T18:52:39.721+0000] {processor.py:839} INFO - DAG(s) dict_keys(['tutorial']) retrieved from /home/airflow/.local/lib/python3.8/site-packages/airflow/example_dags/tutorial.py
[2023-11-10T18:52:39.731+0000] {logging_mixin.py:154} INFO - [2023-11-10T18:52:39.731+0000] {dag.py:2941} INFO - Sync 1 DAGs
[2023-11-10T18:52:39.740+0000] {logging_mixin.py:154} INFO - [2023-11-10T18:52:39.740+0000] {dag.py:3722} INFO - Setting next_dagrun for tutorial to 2023-11-09T18:52:39.740552+00:00, run_after=2023-11-10T18:52:39.740552+00:00
[2023-11-10T18:52:39.747+0000] {processor.py:179} INFO - Processing /home/airflow/.local/lib/python3.8/site-packages/airflow/example_dags/tutorial.py took 0.032 seconds
