[2023-11-10T18:49:37.410+0000] {processor.py:157} INFO - Started process (PID=298) to work on /home/airflow/.local/lib/python3.8/site-packages/airflow/example_dags/tutorial_dag.py
[2023-11-10T18:49:37.415+0000] {processor.py:829} INFO - Processing file /home/airflow/.local/lib/python3.8/site-packages/airflow/example_dags/tutorial_dag.py for tasks to queue
[2023-11-10T18:49:37.416+0000] {logging_mixin.py:154} INFO - [2023-11-10T18:49:37.415+0000] {dagbag.py:536} INFO - Filling up the DagBag from /home/airflow/.local/lib/python3.8/site-packages/airflow/example_dags/tutorial_dag.py
[2023-11-10T18:49:37.427+0000] {processor.py:839} INFO - DAG(s) dict_keys(['tutorial_dag']) retrieved from /home/airflow/.local/lib/python3.8/site-packages/airflow/example_dags/tutorial_dag.py
[2023-11-10T18:49:37.439+0000] {logging_mixin.py:154} INFO - [2023-11-10T18:49:37.439+0000] {dag.py:2941} INFO - Sync 1 DAGs
[2023-11-10T18:49:37.446+0000] {logging_mixin.py:154} INFO - [2023-11-10T18:49:37.446+0000] {dag.py:3722} INFO - Setting next_dagrun for tutorial_dag to None, run_after=None
[2023-11-10T18:49:37.462+0000] {processor.py:179} INFO - Processing /home/airflow/.local/lib/python3.8/site-packages/airflow/example_dags/tutorial_dag.py took 0.054 seconds
[2023-11-10T18:50:07.784+0000] {processor.py:157} INFO - Started process (PID=538) to work on /home/airflow/.local/lib/python3.8/site-packages/airflow/example_dags/tutorial_dag.py
[2023-11-10T18:50:07.785+0000] {processor.py:829} INFO - Processing file /home/airflow/.local/lib/python3.8/site-packages/airflow/example_dags/tutorial_dag.py for tasks to queue
[2023-11-10T18:50:07.785+0000] {logging_mixin.py:154} INFO - [2023-11-10T18:50:07.785+0000] {dagbag.py:536} INFO - Filling up the DagBag from /home/airflow/.local/lib/python3.8/site-packages/airflow/example_dags/tutorial_dag.py
[2023-11-10T18:50:07.788+0000] {processor.py:839} INFO - DAG(s) dict_keys(['tutorial_dag']) retrieved from /home/airflow/.local/lib/python3.8/site-packages/airflow/example_dags/tutorial_dag.py
[2023-11-10T18:50:07.798+0000] {logging_mixin.py:154} INFO - [2023-11-10T18:50:07.798+0000] {dag.py:2941} INFO - Sync 1 DAGs
[2023-11-10T18:50:07.803+0000] {logging_mixin.py:154} INFO - [2023-11-10T18:50:07.803+0000] {dag.py:3722} INFO - Setting next_dagrun for tutorial_dag to None, run_after=None
[2023-11-10T18:50:07.811+0000] {processor.py:179} INFO - Processing /home/airflow/.local/lib/python3.8/site-packages/airflow/example_dags/tutorial_dag.py took 0.028 seconds
[2023-11-10T18:50:38.268+0000] {processor.py:157} INFO - Started process (PID=776) to work on /home/airflow/.local/lib/python3.8/site-packages/airflow/example_dags/tutorial_dag.py
[2023-11-10T18:50:38.269+0000] {processor.py:829} INFO - Processing file /home/airflow/.local/lib/python3.8/site-packages/airflow/example_dags/tutorial_dag.py for tasks to queue
[2023-11-10T18:50:38.269+0000] {logging_mixin.py:154} INFO - [2023-11-10T18:50:38.269+0000] {dagbag.py:536} INFO - Filling up the DagBag from /home/airflow/.local/lib/python3.8/site-packages/airflow/example_dags/tutorial_dag.py
[2023-11-10T18:50:38.271+0000] {processor.py:839} INFO - DAG(s) dict_keys(['tutorial_dag']) retrieved from /home/airflow/.local/lib/python3.8/site-packages/airflow/example_dags/tutorial_dag.py
[2023-11-10T18:50:38.282+0000] {logging_mixin.py:154} INFO - [2023-11-10T18:50:38.282+0000] {dag.py:2941} INFO - Sync 1 DAGs
[2023-11-10T18:50:38.287+0000] {logging_mixin.py:154} INFO - [2023-11-10T18:50:38.287+0000] {dag.py:3722} INFO - Setting next_dagrun for tutorial_dag to None, run_after=None
[2023-11-10T18:50:38.294+0000] {processor.py:179} INFO - Processing /home/airflow/.local/lib/python3.8/site-packages/airflow/example_dags/tutorial_dag.py took 0.028 seconds
[2023-11-10T18:51:08.834+0000] {processor.py:157} INFO - Started process (PID=1014) to work on /home/airflow/.local/lib/python3.8/site-packages/airflow/example_dags/tutorial_dag.py
[2023-11-10T18:51:08.834+0000] {processor.py:829} INFO - Processing file /home/airflow/.local/lib/python3.8/site-packages/airflow/example_dags/tutorial_dag.py for tasks to queue
[2023-11-10T18:51:08.835+0000] {logging_mixin.py:154} INFO - [2023-11-10T18:51:08.835+0000] {dagbag.py:536} INFO - Filling up the DagBag from /home/airflow/.local/lib/python3.8/site-packages/airflow/example_dags/tutorial_dag.py
[2023-11-10T18:51:08.838+0000] {processor.py:839} INFO - DAG(s) dict_keys(['tutorial_dag']) retrieved from /home/airflow/.local/lib/python3.8/site-packages/airflow/example_dags/tutorial_dag.py
[2023-11-10T18:51:08.849+0000] {logging_mixin.py:154} INFO - [2023-11-10T18:51:08.849+0000] {dag.py:2941} INFO - Sync 1 DAGs
[2023-11-10T18:51:08.855+0000] {logging_mixin.py:154} INFO - [2023-11-10T18:51:08.855+0000] {dag.py:3722} INFO - Setting next_dagrun for tutorial_dag to None, run_after=None
[2023-11-10T18:51:08.863+0000] {processor.py:179} INFO - Processing /home/airflow/.local/lib/python3.8/site-packages/airflow/example_dags/tutorial_dag.py took 0.031 seconds
[2023-11-10T18:51:39.331+0000] {processor.py:157} INFO - Started process (PID=1254) to work on /home/airflow/.local/lib/python3.8/site-packages/airflow/example_dags/tutorial_dag.py
[2023-11-10T18:51:39.331+0000] {processor.py:829} INFO - Processing file /home/airflow/.local/lib/python3.8/site-packages/airflow/example_dags/tutorial_dag.py for tasks to queue
[2023-11-10T18:51:39.331+0000] {logging_mixin.py:154} INFO - [2023-11-10T18:51:39.331+0000] {dagbag.py:536} INFO - Filling up the DagBag from /home/airflow/.local/lib/python3.8/site-packages/airflow/example_dags/tutorial_dag.py
[2023-11-10T18:51:39.334+0000] {processor.py:839} INFO - DAG(s) dict_keys(['tutorial_dag']) retrieved from /home/airflow/.local/lib/python3.8/site-packages/airflow/example_dags/tutorial_dag.py
[2023-11-10T18:51:39.344+0000] {logging_mixin.py:154} INFO - [2023-11-10T18:51:39.344+0000] {dag.py:2941} INFO - Sync 1 DAGs
[2023-11-10T18:51:39.350+0000] {logging_mixin.py:154} INFO - [2023-11-10T18:51:39.350+0000] {dag.py:3722} INFO - Setting next_dagrun for tutorial_dag to None, run_after=None
[2023-11-10T18:51:39.358+0000] {processor.py:179} INFO - Processing /home/airflow/.local/lib/python3.8/site-packages/airflow/example_dags/tutorial_dag.py took 0.029 seconds
[2023-11-10T18:52:09.839+0000] {processor.py:157} INFO - Started process (PID=1492) to work on /home/airflow/.local/lib/python3.8/site-packages/airflow/example_dags/tutorial_dag.py
[2023-11-10T18:52:09.840+0000] {processor.py:829} INFO - Processing file /home/airflow/.local/lib/python3.8/site-packages/airflow/example_dags/tutorial_dag.py for tasks to queue
[2023-11-10T18:52:09.840+0000] {logging_mixin.py:154} INFO - [2023-11-10T18:52:09.840+0000] {dagbag.py:536} INFO - Filling up the DagBag from /home/airflow/.local/lib/python3.8/site-packages/airflow/example_dags/tutorial_dag.py
[2023-11-10T18:52:09.843+0000] {processor.py:839} INFO - DAG(s) dict_keys(['tutorial_dag']) retrieved from /home/airflow/.local/lib/python3.8/site-packages/airflow/example_dags/tutorial_dag.py
[2023-11-10T18:52:09.854+0000] {logging_mixin.py:154} INFO - [2023-11-10T18:52:09.854+0000] {dag.py:2941} INFO - Sync 1 DAGs
[2023-11-10T18:52:09.860+0000] {logging_mixin.py:154} INFO - [2023-11-10T18:52:09.860+0000] {dag.py:3722} INFO - Setting next_dagrun for tutorial_dag to None, run_after=None
[2023-11-10T18:52:09.868+0000] {processor.py:179} INFO - Processing /home/airflow/.local/lib/python3.8/site-packages/airflow/example_dags/tutorial_dag.py took 0.030 seconds
[2023-11-10T18:52:40.327+0000] {processor.py:157} INFO - Started process (PID=1728) to work on /home/airflow/.local/lib/python3.8/site-packages/airflow/example_dags/tutorial_dag.py
[2023-11-10T18:52:40.327+0000] {processor.py:829} INFO - Processing file /home/airflow/.local/lib/python3.8/site-packages/airflow/example_dags/tutorial_dag.py for tasks to queue
[2023-11-10T18:52:40.328+0000] {logging_mixin.py:154} INFO - [2023-11-10T18:52:40.328+0000] {dagbag.py:536} INFO - Filling up the DagBag from /home/airflow/.local/lib/python3.8/site-packages/airflow/example_dags/tutorial_dag.py
[2023-11-10T18:52:40.331+0000] {processor.py:839} INFO - DAG(s) dict_keys(['tutorial_dag']) retrieved from /home/airflow/.local/lib/python3.8/site-packages/airflow/example_dags/tutorial_dag.py
[2023-11-10T18:52:40.341+0000] {logging_mixin.py:154} INFO - [2023-11-10T18:52:40.341+0000] {dag.py:2941} INFO - Sync 1 DAGs
[2023-11-10T18:52:40.347+0000] {logging_mixin.py:154} INFO - [2023-11-10T18:52:40.346+0000] {dag.py:3722} INFO - Setting next_dagrun for tutorial_dag to None, run_after=None
[2023-11-10T18:52:40.354+0000] {processor.py:179} INFO - Processing /home/airflow/.local/lib/python3.8/site-packages/airflow/example_dags/tutorial_dag.py took 0.029 seconds
